2025-04-28 08:03:09.426 [info] [main] Log level: Info
2025-04-28 08:03:09.426 [info] [main] Validating found git in: "git"
2025-04-28 08:03:09.847 [info] [main] Using git "2.49.0" from "git"
2025-04-28 08:03:09.847 [info] [Model][doInitialScan] Initial repository scan started
2025-04-28 08:03:10.203 [info] > git rev-parse --show-toplevel [338ms]
2025-04-28 08:03:10.203 [info] fatal: not a git repository (or any of the parent directories): .git
2025-04-28 08:03:10.215 [info] > git rev-parse --show-toplevel [3ms]
2025-04-28 08:03:10.215 [info] fatal: not a git repository (or any of the parent directories): .git
2025-04-28 08:03:10.274 [info] > git rev-parse --show-toplevel [1ms]
2025-04-28 08:03:10.274 [info] fatal: not a git repository (or any of the parent directories): .git
2025-04-28 08:03:10.280 [info] > git rev-parse --show-toplevel [1ms]
2025-04-28 08:03:10.280 [info] fatal: not a git repository (or any of the parent directories): .git
2025-04-28 08:03:10.370 [info] > git rev-parse --show-toplevel [85ms]
2025-04-28 08:03:10.391 [info] > git rev-parse --git-dir --git-common-dir [5ms]
2025-04-28 08:03:10.434 [info] [Model][openRepository] Opened repository: /home/max/.dotfiles
2025-04-28 08:03:10.460 [info] > git rev-parse --show-toplevel [10ms]
2025-04-28 08:03:10.460 [info] fatal: not a git repository (or any of the parent directories): .git
2025-04-28 08:03:10.491 [info] > git config --get commit.template [48ms]
2025-04-28 08:03:10.492 [info] > git rev-parse --show-toplevel [18ms]
2025-04-28 08:03:10.492 [info] fatal: not a git repository (or any of the parent directories): .git
2025-04-28 08:03:10.509 [info] > git rev-parse --show-toplevel [8ms]
2025-04-28 08:03:10.509 [info] fatal: not a git repository (or any of the parent directories): .git
2025-04-28 08:03:10.524 [info] > git rev-parse --show-toplevel [1ms]
2025-04-28 08:03:10.524 [info] fatal: not a git repository (or any of the parent directories): .git
2025-04-28 08:03:10.532 [info] > git rev-parse --show-toplevel [2ms]
2025-04-28 08:03:10.532 [info] fatal: not a git repository (or any of the parent directories): .git
2025-04-28 08:03:10.548 [info] > git rev-parse --show-toplevel [11ms]
2025-04-28 08:03:10.548 [info] fatal: not a git repository (or any of the parent directories): .git
2025-04-28 08:03:10.557 [info] > git rev-parse --show-toplevel [2ms]
2025-04-28 08:03:10.557 [info] fatal: not a git repository (or any of the parent directories): .git
2025-04-28 08:03:10.565 [info] > git rev-parse --show-toplevel [2ms]
2025-04-28 08:03:10.565 [info] fatal: not a git repository (or any of the parent directories): .git
2025-04-28 08:03:10.572 [info] > git rev-parse --show-toplevel [1ms]
2025-04-28 08:03:10.572 [info] fatal: not a git repository (or any of the parent directories): .git
2025-04-28 08:03:10.579 [info] > git rev-parse --show-toplevel [1ms]
2025-04-28 08:03:10.579 [info] fatal: not a git repository (or any of the parent directories): .git
2025-04-28 08:03:10.585 [info] > git rev-parse --show-toplevel [2ms]
2025-04-28 08:03:10.585 [info] fatal: not a git repository (or any of the parent directories): .git
2025-04-28 08:03:10.591 [info] > git rev-parse --show-toplevel [2ms]
2025-04-28 08:03:10.591 [info] fatal: not a git repository (or any of the parent directories): .git
2025-04-28 08:03:10.598 [info] > git rev-parse --show-toplevel [2ms]
2025-04-28 08:03:10.598 [info] fatal: not a git repository (or any of the parent directories): .git
2025-04-28 08:03:10.605 [info] > git rev-parse --show-toplevel [1ms]
2025-04-28 08:03:10.605 [info] fatal: not a git repository (or any of the parent directories): .git
2025-04-28 08:03:10.611 [info] > git rev-parse --show-toplevel [1ms]
2025-04-28 08:03:10.611 [info] fatal: not a git repository (or any of the parent directories): .git
2025-04-28 08:03:10.665 [info] > git rev-parse --show-toplevel [48ms]
2025-04-28 08:03:10.676 [info] > git rev-parse --git-dir --git-common-dir [2ms]
2025-04-28 08:03:10.690 [info] [Model][openRepository] Opened repository: /home/max/yay
2025-04-28 08:03:10.692 [info] [Model][doInitialScan] Initial repository scan completed - repositories (2), closed repositories (0), parent repositories (0), unsafe repositories (0)
2025-04-28 08:03:10.710 [info] > git config --get commit.template [5ms]
2025-04-28 08:03:10.879 [info] > git for-each-ref --format=%(refname)%00%(upstream:short)%00%(objectname)%00%(upstream:track)%00%(upstream:remotename)%00%(upstream:remoteref) refs/heads/main refs/remotes/main [389ms]
2025-04-28 08:03:10.895 [info] > git for-each-ref --format=%(refname)%00%(upstream:short)%00%(objectname)%00%(upstream:track)%00%(upstream:remotename)%00%(upstream:remoteref) refs/heads/master refs/remotes/master [170ms]
2025-04-28 08:03:10.901 [warning] [Git][revParse] Unable to read file: ENOENT: no such file or directory, open '/home/max/yay/.git/refs/remotes/origin/master'
2025-04-28 08:03:10.903 [info] > git rev-parse refs/remotes/origin/master [2ms]
2025-04-28 08:03:10.915 [info] > git for-each-ref --sort -committerdate --format %(refname)%00%(objectname)%00%(*objectname) [21ms]
2025-04-28 08:03:10.917 [info] > git for-each-ref --sort -committerdate --format %(refname)%00%(objectname)%00%(*objectname) [3ms]
2025-04-28 08:03:10.981 [info] > git status -z -uall [73ms]
2025-04-28 08:03:11.025 [info] > git for-each-ref --format=%(refname)%00%(upstream:short)%00%(objectname)%00%(upstream:track)%00%(upstream:remotename)%00%(upstream:remoteref) refs/heads/master refs/remotes/master [14ms]
2025-04-28 08:03:11.032 [info] > git config --get --local branch.master.vscode-merge-base [2ms]
2025-04-28 08:03:11.036 [info] > git config --get commit.template [12ms]
2025-04-28 08:03:11.037 [info] > git check-ignore -v -z --stdin [18ms]
2025-04-28 08:03:11.042 [info] > git for-each-ref --format=%(refname)%00%(upstream:short)%00%(objectname)%00%(upstream:track)%00%(upstream:remotename)%00%(upstream:remoteref) refs/heads/origin/master refs/remotes/origin/master [6ms]
2025-04-28 08:03:11.050 [info] > git for-each-ref --format=%(refname)%00%(upstream:short)%00%(objectname)%00%(upstream:track)%00%(upstream:remotename)%00%(upstream:remoteref) refs/heads/master refs/remotes/master [8ms]
2025-04-28 08:03:11.055 [warning] [Git][revParse] Unable to read file: ENOENT: no such file or directory, open '/home/max/yay/.git/refs/remotes/origin/master'
2025-04-28 08:03:11.056 [info] > git rev-parse refs/remotes/origin/master [1ms]
2025-04-28 08:03:11.067 [info] > git status -z -uall [5ms]
2025-04-28 08:03:11.068 [info] > git for-each-ref --sort -committerdate --format %(refname)%00%(objectname)%00%(*objectname) [2ms]
2025-04-28 08:03:11.094 [info] > git merge-base refs/heads/master refs/remotes/origin/master [45ms]
2025-04-28 08:03:11.099 [info] > git merge-base refs/heads/master refs/remotes/origin/master [22ms]
2025-04-28 08:03:11.106 [info] > git diff --name-status -z --diff-filter=ADMR 179b744dec6648ff7c7b051c692ba20c906f348e...refs/remotes/origin/master [7ms]
2025-04-28 08:03:11.107 [info] > git diff --name-status -z --diff-filter=ADMR 179b744dec6648ff7c7b051c692ba20c906f348e...refs/remotes/origin/master [1ms]
2025-04-28 08:03:11.260 [info] > git status -z -uall [373ms]
2025-04-28 08:03:11.282 [info] > git for-each-ref --format=%(refname)%00%(upstream:short)%00%(objectname)%00%(upstream:track)%00%(upstream:remotename)%00%(upstream:remoteref) refs/heads/main refs/remotes/main [9ms]
2025-04-28 08:03:11.290 [info] > git config --get --local branch.main.vscode-merge-base [3ms]
2025-04-28 08:03:11.294 [info] > git config --get commit.template [13ms]
2025-04-28 08:03:11.295 [info] > git for-each-ref --format=%(refname)%00%(upstream:short)%00%(objectname)%00%(upstream:track)%00%(upstream:remotename)%00%(upstream:remoteref) refs/heads/origin/main refs/remotes/origin/main [1ms]
2025-04-28 08:03:11.361 [info] > git merge-base refs/heads/main refs/remotes/origin/main [61ms]
2025-04-28 08:03:11.389 [info] > git diff --name-status -z --diff-filter=ADMR a6f395c3e8f3e17039217cb160a72dfcc9bb5ab1...refs/remotes/origin/main [24ms]
2025-04-28 08:03:11.389 [info] > git for-each-ref --format=%(refname)%00%(upstream:short)%00%(objectname)%00%(upstream:track)%00%(upstream:remotename)%00%(upstream:remoteref) refs/heads/main refs/remotes/main [29ms]
2025-04-28 08:03:11.402 [info] > git for-each-ref --sort -committerdate --format %(refname)%00%(objectname)%00%(*objectname) [2ms]
2025-04-28 08:03:11.416 [info] > git status -z -uall [21ms]
2025-04-28 08:03:29.469 [info] > git config --get commit.template [19ms]
2025-04-28 08:03:29.473 [info] > git for-each-ref --format=%(refname)%00%(upstream:short)%00%(objectname)%00%(upstream:track)%00%(upstream:remotename)%00%(upstream:remoteref) refs/heads/main refs/remotes/main [7ms]
2025-04-28 08:03:29.508 [info] > git for-each-ref --sort -committerdate --format %(refname)%00%(objectname)%00%(*objectname) [3ms]
2025-04-28 08:03:29.525 [info] > git status -z -uall [35ms]
2025-04-28 08:04:04.478 [info] > git config --get commit.template [17ms]
2025-04-28 08:04:04.482 [info] > git for-each-ref --format=%(refname)%00%(upstream:short)%00%(objectname)%00%(upstream:track)%00%(upstream:remotename)%00%(upstream:remoteref) refs/heads/main refs/remotes/main [6ms]
2025-04-28 08:04:04.525 [info] > git for-each-ref --sort -committerdate --format %(refname)%00%(objectname)%00%(*objectname) [8ms]
2025-04-28 08:04:04.576 [info] > git status -z -uall [76ms]
2025-04-28 08:05:23.480 [info] > git check-ignore -v -z --stdin [2ms]
2025-04-28 08:05:28.673 [info] > git config --get commit.template [17ms]
2025-04-28 08:05:28.674 [info] > git for-each-ref --format=%(refname)%00%(upstream:short)%00%(objectname)%00%(upstream:track)%00%(upstream:remotename)%00%(upstream:remoteref) refs/heads/main refs/remotes/main [3ms]
2025-04-28 08:05:28.689 [info] > git for-each-ref --sort -committerdate --format %(refname)%00%(objectname)%00%(*objectname) [2ms]
2025-04-28 08:05:28.703 [info] > git status -z -uall [22ms]
2025-04-28 08:05:33.752 [info] > git config --get commit.template [21ms]
2025-04-28 08:05:33.756 [info] > git for-each-ref --format=%(refname)%00%(upstream:short)%00%(objectname)%00%(upstream:track)%00%(upstream:remotename)%00%(upstream:remoteref) refs/heads/main refs/remotes/main [7ms]
2025-04-28 08:05:33.792 [info] > git for-each-ref --sort -committerdate --format %(refname)%00%(objectname)%00%(*objectname) [3ms]
2025-04-28 08:05:33.810 [info] > git status -z -uall [32ms]
2025-04-28 08:05:38.856 [info] > git config --get commit.template [19ms]
2025-04-28 08:05:38.859 [info] > git for-each-ref --format=%(refname)%00%(upstream:short)%00%(objectname)%00%(upstream:track)%00%(upstream:remotename)%00%(upstream:remoteref) refs/heads/main refs/remotes/main [6ms]
2025-04-28 08:05:38.888 [info] > git for-each-ref --sort -committerdate --format %(refname)%00%(objectname)%00%(*objectname) [3ms]
2025-04-28 08:05:38.908 [info] > git status -z -uall [34ms]
2025-04-28 08:05:43.930 [info] > git config --get commit.template [8ms]
2025-04-28 08:05:43.931 [info] > git for-each-ref --format=%(refname)%00%(upstream:short)%00%(objectname)%00%(upstream:track)%00%(upstream:remotename)%00%(upstream:remoteref) refs/heads/main refs/remotes/main [1ms]
2025-04-28 08:05:43.951 [info] > git for-each-ref --sort -committerdate --format %(refname)%00%(objectname)%00%(*objectname) [3ms]
2025-04-28 08:05:43.970 [info] > git status -z -uall [30ms]
2025-04-28 08:05:44.479 [info] > git check-ignore -v -z --stdin [7ms]
2025-04-28 08:05:49.023 [info] > git config --get commit.template [20ms]
2025-04-28 08:05:49.028 [info] > git for-each-ref --format=%(refname)%00%(upstream:short)%00%(objectname)%00%(upstream:track)%00%(upstream:remotename)%00%(upstream:remoteref) refs/heads/main refs/remotes/main [7ms]
2025-04-28 08:05:49.046 [info] > git for-each-ref --sort -committerdate --format %(refname)%00%(objectname)%00%(*objectname) [2ms]
2025-04-28 08:05:49.061 [info] > git status -z -uall [24ms]
2025-04-28 08:05:52.059 [info] > git check-ignore -v -z --stdin [5ms]
2025-04-28 08:05:54.108 [info] > git config --get commit.template [20ms]
2025-04-28 08:05:54.111 [info] > git for-each-ref --format=%(refname)%00%(upstream:short)%00%(objectname)%00%(upstream:track)%00%(upstream:remotename)%00%(upstream:remoteref) refs/heads/main refs/remotes/main [6ms]
2025-04-28 08:05:54.130 [info] > git for-each-ref --sort -committerdate --format %(refname)%00%(objectname)%00%(*objectname) [3ms]
2025-04-28 08:05:54.146 [info] > git status -z -uall [25ms]
2025-04-28 08:05:59.191 [info] > git config --get commit.template [21ms]
2025-04-28 08:05:59.195 [info] > git for-each-ref --format=%(refname)%00%(upstream:short)%00%(objectname)%00%(upstream:track)%00%(upstream:remotename)%00%(upstream:remoteref) refs/heads/main refs/remotes/main [6ms]
2025-04-28 08:05:59.221 [info] > git for-each-ref --sort -committerdate --format %(refname)%00%(objectname)%00%(*objectname) [2ms]
2025-04-28 08:05:59.238 [info] > git status -z -uall [29ms]
2025-04-28 08:06:03.868 [info] > git rev-parse --show-toplevel [1ms]
2025-04-28 08:06:03.876 [info] > git rev-parse --path-format=relative --show-toplevel [3ms]
2025-04-28 08:06:03.883 [info] > git rev-parse --git-dir --git-common-dir [1ms]
2025-04-28 08:06:03.883 [info] fatal: not a git repository (or any of the parent directories): .git
2025-04-28 08:06:04.282 [info] > git config --get commit.template [20ms]
2025-04-28 08:06:04.285 [info] > git for-each-ref --format=%(refname)%00%(upstream:short)%00%(objectname)%00%(upstream:track)%00%(upstream:remotename)%00%(upstream:remoteref) refs/heads/main refs/remotes/main [5ms]
2025-04-28 08:06:04.319 [info] > git for-each-ref --sort -committerdate --format %(refname)%00%(objectname)%00%(*objectname) [2ms]
2025-04-28 08:06:04.335 [info] > git status -z -uall [33ms]
2025-04-28 08:06:09.379 [info] > git config --get commit.template [18ms]
2025-04-28 08:06:09.382 [info] > git for-each-ref --format=%(refname)%00%(upstream:short)%00%(objectname)%00%(upstream:track)%00%(upstream:remotename)%00%(upstream:remoteref) refs/heads/main refs/remotes/main [6ms]
2025-04-28 08:06:09.416 [info] > git for-each-ref --sort -committerdate --format %(refname)%00%(objectname)%00%(*objectname) [2ms]
2025-04-28 08:06:09.434 [info] > git status -z -uall [35ms]
2025-04-28 08:06:14.479 [info] > git config --get commit.template [20ms]
2025-04-28 08:06:14.482 [info] > git for-each-ref --format=%(refname)%00%(upstream:short)%00%(objectname)%00%(upstream:track)%00%(upstream:remotename)%00%(upstream:remoteref) refs/heads/main refs/remotes/main [6ms]
2025-04-28 08:06:14.519 [info] > git for-each-ref --sort -committerdate --format %(refname)%00%(objectname)%00%(*objectname) [3ms]
2025-04-28 08:06:14.538 [info] > git status -z -uall [39ms]
2025-04-28 08:06:22.574 [info] > git config --get commit.template [14ms]
2025-04-28 08:06:22.576 [info] > git for-each-ref --format=%(refname)%00%(upstream:short)%00%(objectname)%00%(upstream:track)%00%(upstream:remotename)%00%(upstream:remoteref) refs/heads/main refs/remotes/main [3ms]
2025-04-28 08:06:22.593 [info] > git for-each-ref --sort -committerdate --format %(refname)%00%(objectname)%00%(*objectname) [2ms]
2025-04-28 08:06:22.609 [info] > git status -z -uall [25ms]
2025-04-28 08:06:27.653 [info] > git config --get commit.template [17ms]
2025-04-28 08:06:27.659 [info] > git for-each-ref --format=%(refname)%00%(upstream:short)%00%(objectname)%00%(upstream:track)%00%(upstream:remotename)%00%(upstream:remoteref) refs/heads/main refs/remotes/main [8ms]
2025-04-28 08:06:27.692 [info] > git for-each-ref --sort -committerdate --format %(refname)%00%(objectname)%00%(*objectname) [4ms]
2025-04-28 08:06:27.709 [info] > git status -z -uall [33ms]
2025-04-28 08:07:04.376 [info] > git config --get commit.template [20ms]
2025-04-28 08:07:04.379 [info] > git for-each-ref --format=%(refname)%00%(upstream:short)%00%(objectname)%00%(upstream:track)%00%(upstream:remotename)%00%(upstream:remoteref) refs/heads/main refs/remotes/main [5ms]
2025-04-28 08:07:04.407 [info] > git for-each-ref --sort -committerdate --format %(refname)%00%(objectname)%00%(*objectname) [3ms]
2025-04-28 08:07:04.428 [info] > git status -z -uall [36ms]
2025-04-28 08:07:27.108 [info] > git config --get commit.template [19ms]
2025-04-28 08:07:27.112 [info] > git for-each-ref --format=%(refname)%00%(upstream:short)%00%(objectname)%00%(upstream:track)%00%(upstream:remotename)%00%(upstream:remoteref) refs/heads/main refs/remotes/main [6ms]
2025-04-28 08:07:27.151 [info] > git for-each-ref --sort -committerdate --format %(refname)%00%(objectname)%00%(*objectname) [5ms]
2025-04-28 08:07:27.171 [info] > git status -z -uall [42ms]
2025-04-28 08:07:55.490 [info] > git config --get commit.template [19ms]
2025-04-28 08:07:55.495 [info] > git for-each-ref --format=%(refname)%00%(upstream:short)%00%(objectname)%00%(upstream:track)%00%(upstream:remotename)%00%(upstream:remoteref) refs/heads/main refs/remotes/main [6ms]
2025-04-28 08:07:55.537 [info] > git for-each-ref --sort -committerdate --format %(refname)%00%(objectname)%00%(*objectname) [5ms]
2025-04-28 08:07:55.556 [info] > git status -z -uall [43ms]
2025-04-28 08:08:00.604 [info] > git config --get commit.template [21ms]
2025-04-28 08:08:00.608 [info] > git for-each-ref --format=%(refname)%00%(upstream:short)%00%(objectname)%00%(upstream:track)%00%(upstream:remotename)%00%(upstream:remoteref) refs/heads/main refs/remotes/main [7ms]
2025-04-28 08:08:00.631 [info] > git for-each-ref --sort -committerdate --format %(refname)%00%(objectname)%00%(*objectname) [2ms]
2025-04-28 08:08:00.647 [info] > git status -z -uall [27ms]
2025-04-28 08:08:05.690 [info] > git config --get commit.template [19ms]
2025-04-28 08:08:05.695 [info] > git for-each-ref --format=%(refname)%00%(upstream:short)%00%(objectname)%00%(upstream:track)%00%(upstream:remotename)%00%(upstream:remoteref) refs/heads/main refs/remotes/main [7ms]
2025-04-28 08:08:05.724 [info] > git for-each-ref --sort -committerdate --format %(refname)%00%(objectname)%00%(*objectname) [3ms]
2025-04-28 08:08:05.741 [info] > git status -z -uall [29ms]
2025-04-28 08:09:38.942 [info] > git config --get commit.template [19ms]
2025-04-28 08:09:38.946 [info] > git for-each-ref --format=%(refname)%00%(upstream:short)%00%(objectname)%00%(upstream:track)%00%(upstream:remotename)%00%(upstream:remoteref) refs/heads/main refs/remotes/main [6ms]
2025-04-28 08:09:38.979 [info] > git for-each-ref --sort -committerdate --format %(refname)%00%(objectname)%00%(*objectname) [3ms]
2025-04-28 08:09:38.998 [info] > git status -z -uall [35ms]
2025-04-28 08:09:44.188 [info] > git config --get commit.template [4ms]
2025-04-28 08:09:44.195 [info] > git for-each-ref --format=%(refname)%00%(upstream:short)%00%(objectname)%00%(upstream:track)%00%(upstream:remotename)%00%(upstream:remoteref) refs/heads/main refs/remotes/main [2ms]
2025-04-28 08:09:44.209 [info] > git for-each-ref --sort -committerdate --format %(refname)%00%(objectname)%00%(*objectname) [1ms]
2025-04-28 08:09:44.225 [info] > git status -z -uall [23ms]
2025-04-28 08:09:52.358 [info] > git config --get commit.template [20ms]
2025-04-28 08:09:52.361 [info] > git for-each-ref --format=%(refname)%00%(upstream:short)%00%(objectname)%00%(upstream:track)%00%(upstream:remotename)%00%(upstream:remoteref) refs/heads/main refs/remotes/main [6ms]
2025-04-28 08:09:52.398 [info] > git for-each-ref --sort -committerdate --format %(refname)%00%(objectname)%00%(*objectname) [4ms]
2025-04-28 08:09:52.415 [info] > git status -z -uall [35ms]
2025-04-28 08:10:20.534 [info] > git config --get commit.template [19ms]
2025-04-28 08:10:20.538 [info] > git for-each-ref --format=%(refname)%00%(upstream:short)%00%(objectname)%00%(upstream:track)%00%(upstream:remotename)%00%(upstream:remoteref) refs/heads/main refs/remotes/main [6ms]
2025-04-28 08:10:20.573 [info] > git for-each-ref --sort -committerdate --format %(refname)%00%(objectname)%00%(*objectname) [3ms]
2025-04-28 08:10:20.589 [info] > git status -z -uall [33ms]
2025-04-28 08:10:25.638 [info] > git config --get commit.template [22ms]
2025-04-28 08:10:25.641 [info] > git for-each-ref --format=%(refname)%00%(upstream:short)%00%(objectname)%00%(upstream:track)%00%(upstream:remotename)%00%(upstream:remoteref) refs/heads/main refs/remotes/main [5ms]
2025-04-28 08:10:25.683 [info] > git for-each-ref --sort -committerdate --format %(refname)%00%(objectname)%00%(*objectname) [6ms]
2025-04-28 08:10:25.704 [info] > git status -z -uall [44ms]
2025-04-28 08:10:30.739 [info] > git config --get commit.template [7ms]
2025-04-28 08:10:30.740 [info] > git for-each-ref --format=%(refname)%00%(upstream:short)%00%(objectname)%00%(upstream:track)%00%(upstream:remotename)%00%(upstream:remoteref) refs/heads/main refs/remotes/main [2ms]
2025-04-28 08:10:30.754 [info] > git for-each-ref --sort -committerdate --format %(refname)%00%(objectname)%00%(*objectname) [2ms]
2025-04-28 08:10:30.772 [info] > git status -z -uall [25ms]
2025-04-28 08:10:42.643 [info] > git config --get commit.template [8ms]
2025-04-28 08:10:42.645 [info] > git for-each-ref --format=%(refname)%00%(upstream:short)%00%(objectname)%00%(upstream:track)%00%(upstream:remotename)%00%(upstream:remoteref) refs/heads/main refs/remotes/main [1ms]
2025-04-28 08:10:42.659 [info] > git for-each-ref --sort -committerdate --format %(refname)%00%(objectname)%00%(*objectname) [3ms]
2025-04-28 08:10:42.673 [info] > git status -z -uall [23ms]
2025-04-28 08:10:53.803 [info] > git config --get commit.template [7ms]
2025-04-28 08:10:53.806 [info] > git for-each-ref --format=%(refname)%00%(upstream:short)%00%(objectname)%00%(upstream:track)%00%(upstream:remotename)%00%(upstream:remoteref) refs/heads/main refs/remotes/main [3ms]
2025-04-28 08:10:53.820 [info] > git for-each-ref --sort -committerdate --format %(refname)%00%(objectname)%00%(*objectname) [2ms]
2025-04-28 08:10:53.835 [info] > git status -z -uall [23ms]
2025-04-28 08:11:04.337 [info] > git config --get commit.template [1ms]
2025-04-28 08:11:04.348 [info] > git for-each-ref --format=%(refname)%00%(upstream:short)%00%(objectname)%00%(upstream:track)%00%(upstream:remotename)%00%(upstream:remoteref) refs/heads/main refs/remotes/main [2ms]
2025-04-28 08:11:04.362 [info] > git for-each-ref --sort -committerdate --format %(refname)%00%(objectname)%00%(*objectname) [1ms]
2025-04-28 08:11:04.378 [info] > git status -z -uall [24ms]
2025-04-28 11:07:58.225 [info] > git config --get commit.template [21ms]
2025-04-28 11:07:58.228 [info] > git for-each-ref --format=%(refname)%00%(upstream:short)%00%(objectname)%00%(upstream:track)%00%(upstream:remotename)%00%(upstream:remoteref) refs/heads/main refs/remotes/main [5ms]
2025-04-28 11:07:58.245 [info] > git for-each-ref --sort -committerdate --format %(refname)%00%(objectname)%00%(*objectname) [2ms]
2025-04-28 11:07:58.260 [info] > git status -z -uall [23ms]
2025-04-28 11:08:03.277 [info] > git config --get commit.template [6ms]
2025-04-28 11:08:03.279 [info] > git for-each-ref --format=%(refname)%00%(upstream:short)%00%(objectname)%00%(upstream:track)%00%(upstream:remotename)%00%(upstream:remoteref) refs/heads/main refs/remotes/main [2ms]
2025-04-28 11:08:03.291 [info] > git for-each-ref --sort -committerdate --format %(refname)%00%(objectname)%00%(*objectname) [1ms]
2025-04-28 11:08:03.309 [info] > git status -z -uall [25ms]
2025-04-28 11:09:18.733 [info] > git config --get commit.template [7ms]
2025-04-28 11:09:18.734 [info] > git for-each-ref --format=%(refname)%00%(upstream:short)%00%(objectname)%00%(upstream:track)%00%(upstream:remotename)%00%(upstream:remoteref) refs/heads/main refs/remotes/main [2ms]
2025-04-28 11:09:18.754 [info] > git for-each-ref --sort -committerdate --format %(refname)%00%(objectname)%00%(*objectname) [2ms]
2025-04-28 11:09:18.767 [info] > git status -z -uall [25ms]
2025-04-28 11:09:34.342 [info] > git config --get commit.template [7ms]
2025-04-28 11:09:34.343 [info] > git for-each-ref --format=%(refname)%00%(upstream:short)%00%(objectname)%00%(upstream:track)%00%(upstream:remotename)%00%(upstream:remoteref) refs/heads/main refs/remotes/main [2ms]
2025-04-28 11:09:34.357 [info] > git for-each-ref --sort -committerdate --format %(refname)%00%(objectname)%00%(*objectname) [2ms]
2025-04-28 11:09:34.372 [info] > git status -z -uall [23ms]
2025-04-28 11:14:34.479 [info] > git config --get commit.template [7ms]
2025-04-28 11:14:34.481 [info] > git for-each-ref --format=%(refname)%00%(upstream:short)%00%(objectname)%00%(upstream:track)%00%(upstream:remotename)%00%(upstream:remoteref) refs/heads/main refs/remotes/main [3ms]
2025-04-28 11:14:34.495 [info] > git for-each-ref --sort -committerdate --format %(refname)%00%(objectname)%00%(*objectname) [2ms]
2025-04-28 11:14:34.511 [info] > git status -z -uall [24ms]
2025-04-28 11:15:08.126 [info] > git check-ignore -v -z --stdin [6ms]
2025-04-28 11:15:13.521 [info] > git config --get commit.template [7ms]
2025-04-28 11:15:13.523 [info] > git for-each-ref --format=%(refname)%00%(upstream:short)%00%(objectname)%00%(upstream:track)%00%(upstream:remotename)%00%(upstream:remoteref) refs/heads/main refs/remotes/main [2ms]
2025-04-28 11:15:13.538 [info] > git for-each-ref --sort -committerdate --format %(refname)%00%(objectname)%00%(*objectname) [1ms]
2025-04-28 11:15:13.553 [info] > git status -z -uall [23ms]
2025-04-28 11:18:01.107 [info] > git check-ignore -v -z --stdin [6ms]
2025-04-28 11:18:01.899 [info] > git config --get commit.template [13ms]
2025-04-28 11:18:01.900 [info] > git for-each-ref --format=%(refname)%00%(upstream:short)%00%(objectname)%00%(upstream:track)%00%(upstream:remotename)%00%(upstream:remoteref) refs/heads/main refs/remotes/main [2ms]
2025-04-28 11:18:01.915 [info] > git for-each-ref --sort -committerdate --format %(refname)%00%(objectname)%00%(*objectname) [2ms]
2025-04-28 11:18:01.930 [info] > git status -z -uall [23ms]
2025-04-28 11:19:34.603 [info] > git config --get commit.template [7ms]
2025-04-28 11:19:34.605 [info] > git for-each-ref --format=%(refname)%00%(upstream:short)%00%(objectname)%00%(upstream:track)%00%(upstream:remotename)%00%(upstream:remoteref) refs/heads/main refs/remotes/main [3ms]
2025-04-28 11:19:34.617 [info] > git for-each-ref --sort -committerdate --format %(refname)%00%(objectname)%00%(*objectname) [2ms]
2025-04-28 11:19:34.631 [info] > git status -z -uall [21ms]
2025-04-28 11:24:34.708 [info] > git config --get commit.template [7ms]
2025-04-28 11:24:34.709 [info] > git for-each-ref --format=%(refname)%00%(upstream:short)%00%(objectname)%00%(upstream:track)%00%(upstream:remotename)%00%(upstream:remoteref) refs/heads/main refs/remotes/main [2ms]
2025-04-28 11:24:34.722 [info] > git for-each-ref --sort -committerdate --format %(refname)%00%(objectname)%00%(*objectname) [2ms]
2025-04-28 11:24:34.736 [info] > git status -z -uall [21ms]
2025-04-28 11:29:34.744 [info] > git config --get commit.template [7ms]
2025-04-28 11:29:34.746 [info] > git for-each-ref --format=%(refname)%00%(upstream:short)%00%(objectname)%00%(upstream:track)%00%(upstream:remotename)%00%(upstream:remoteref) refs/heads/main refs/remotes/main [2ms]
2025-04-28 11:29:34.761 [info] > git for-each-ref --sort -committerdate --format %(refname)%00%(objectname)%00%(*objectname) [1ms]
2025-04-28 11:29:34.774 [info] > git status -z -uall [21ms]
2025-04-28 11:34:34.957 [info] > git config --get commit.template [8ms]
2025-04-28 11:34:34.958 [info] > git for-each-ref --format=%(refname)%00%(upstream:short)%00%(objectname)%00%(upstream:track)%00%(upstream:remotename)%00%(upstream:remoteref) refs/heads/main refs/remotes/main [2ms]
2025-04-28 11:34:34.972 [info] > git for-each-ref --sort -committerdate --format %(refname)%00%(objectname)%00%(*objectname) [2ms]
2025-04-28 11:34:34.987 [info] > git status -z -uall [23ms]
2025-04-28 11:39:35.056 [info] > git config --get commit.template [7ms]
2025-04-28 11:39:35.058 [info] > git for-each-ref --format=%(refname)%00%(upstream:short)%00%(objectname)%00%(upstream:track)%00%(upstream:remotename)%00%(upstream:remoteref) refs/heads/main refs/remotes/main [3ms]
2025-04-28 11:39:35.071 [info] > git for-each-ref --sort -committerdate --format %(refname)%00%(objectname)%00%(*objectname) [2ms]
2025-04-28 11:39:35.085 [info] > git status -z -uall [21ms]
2025-04-28 11:44:35.249 [info] > git config --get commit.template [6ms]
2025-04-28 11:44:35.250 [info] > git for-each-ref --format=%(refname)%00%(upstream:short)%00%(objectname)%00%(upstream:track)%00%(upstream:remotename)%00%(upstream:remoteref) refs/heads/main refs/remotes/main [2ms]
2025-04-28 11:44:35.263 [info] > git for-each-ref --sort -committerdate --format %(refname)%00%(objectname)%00%(*objectname) [1ms]
2025-04-28 11:44:35.274 [info] > git status -z -uall [19ms]
2025-04-28 11:49:35.355 [info] > git config --get commit.template [2ms]
2025-04-28 11:49:35.363 [info] > git for-each-ref --format=%(refname)%00%(upstream:short)%00%(objectname)%00%(upstream:track)%00%(upstream:remotename)%00%(upstream:remoteref) refs/heads/main refs/remotes/main [3ms]
2025-04-28 11:49:35.379 [info] > git for-each-ref --sort -committerdate --format %(refname)%00%(objectname)%00%(*objectname) [3ms]
2025-04-28 11:49:35.399 [info] > git status -z -uall [29ms]
2025-04-28 11:54:35.530 [info] > git config --get commit.template [7ms]
2025-04-28 11:54:35.531 [info] > git for-each-ref --format=%(refname)%00%(upstream:short)%00%(objectname)%00%(upstream:track)%00%(upstream:remotename)%00%(upstream:remoteref) refs/heads/main refs/remotes/main [2ms]
2025-04-28 11:54:35.547 [info] > git for-each-ref --sort -committerdate --format %(refname)%00%(objectname)%00%(*objectname) [2ms]
2025-04-28 11:54:35.566 [info] > git status -z -uall [28ms]
2025-04-28 11:59:35.618 [info] > git config --get commit.template [6ms]
2025-04-28 11:59:35.620 [info] > git for-each-ref --format=%(refname)%00%(upstream:short)%00%(objectname)%00%(upstream:track)%00%(upstream:remotename)%00%(upstream:remoteref) refs/heads/main refs/remotes/main [2ms]
2025-04-28 11:59:35.635 [info] > git for-each-ref --sort -committerdate --format %(refname)%00%(objectname)%00%(*objectname) [2ms]
2025-04-28 11:59:35.647 [info] > git status -z -uall [20ms]
2025-04-28 12:04:35.807 [info] > git config --get commit.template [7ms]
2025-04-28 12:04:35.809 [info] > git for-each-ref --format=%(refname)%00%(upstream:short)%00%(objectname)%00%(upstream:track)%00%(upstream:remotename)%00%(upstream:remoteref) refs/heads/main refs/remotes/main [3ms]
2025-04-28 12:04:35.825 [info] > git for-each-ref --sort -committerdate --format %(refname)%00%(objectname)%00%(*objectname) [2ms]
2025-04-28 12:04:35.839 [info] > git status -z -uall [23ms]
2025-04-28 12:09:35.904 [info] > git config --get commit.template [7ms]
2025-04-28 12:09:35.906 [info] > git for-each-ref --format=%(refname)%00%(upstream:short)%00%(objectname)%00%(upstream:track)%00%(upstream:remotename)%00%(upstream:remoteref) refs/heads/main refs/remotes/main [3ms]
2025-04-28 12:09:35.920 [info] > git for-each-ref --sort -committerdate --format %(refname)%00%(objectname)%00%(*objectname) [1ms]
2025-04-28 12:09:35.933 [info] > git status -z -uall [19ms]
2025-04-28 12:14:36.115 [info] > git config --get commit.template [7ms]
2025-04-28 12:14:36.117 [info] > git for-each-ref --format=%(refname)%00%(upstream:short)%00%(objectname)%00%(upstream:track)%00%(upstream:remotename)%00%(upstream:remoteref) refs/heads/main refs/remotes/main [2ms]
2025-04-28 12:14:36.131 [info] > git for-each-ref --sort -committerdate --format %(refname)%00%(objectname)%00%(*objectname) [1ms]
2025-04-28 12:14:36.143 [info] > git status -z -uall [19ms]
2025-04-28 12:19:36.210 [info] > git config --get commit.template [8ms]
2025-04-28 12:19:36.212 [info] > git for-each-ref --format=%(refname)%00%(upstream:short)%00%(objectname)%00%(upstream:track)%00%(upstream:remotename)%00%(upstream:remoteref) refs/heads/main refs/remotes/main [3ms]
2025-04-28 12:19:36.228 [info] > git for-each-ref --sort -committerdate --format %(refname)%00%(objectname)%00%(*objectname) [2ms]
2025-04-28 12:19:36.240 [info] > git status -z -uall [20ms]
2025-04-28 12:24:36.398 [info] > git config --get commit.template [7ms]
2025-04-28 12:24:36.400 [info] > git for-each-ref --format=%(refname)%00%(upstream:short)%00%(objectname)%00%(upstream:track)%00%(upstream:remotename)%00%(upstream:remoteref) refs/heads/main refs/remotes/main [3ms]
2025-04-28 12:24:36.415 [info] > git for-each-ref --sort -committerdate --format %(refname)%00%(objectname)%00%(*objectname) [1ms]
2025-04-28 12:24:36.428 [info] > git status -z -uall [20ms]
2025-04-28 12:29:36.521 [info] > git config --get commit.template [7ms]
2025-04-28 12:29:36.522 [info] > git for-each-ref --format=%(refname)%00%(upstream:short)%00%(objectname)%00%(upstream:track)%00%(upstream:remotename)%00%(upstream:remoteref) refs/heads/main refs/remotes/main [2ms]
2025-04-28 12:29:36.537 [info] > git for-each-ref --sort -committerdate --format %(refname)%00%(objectname)%00%(*objectname) [2ms]
2025-04-28 12:29:36.550 [info] > git status -z -uall [20ms]
2025-04-28 12:34:36.641 [info] > git config --get commit.template [7ms]
2025-04-28 12:34:36.642 [info] > git for-each-ref --format=%(refname)%00%(upstream:short)%00%(objectname)%00%(upstream:track)%00%(upstream:remotename)%00%(upstream:remoteref) refs/heads/main refs/remotes/main [2ms]
2025-04-28 12:34:36.657 [info] > git for-each-ref --sort -committerdate --format %(refname)%00%(objectname)%00%(*objectname) [1ms]
2025-04-28 12:34:36.670 [info] > git status -z -uall [20ms]
2025-04-28 12:39:36.850 [info] > git config --get commit.template [8ms]
2025-04-28 12:39:36.851 [info] > git for-each-ref --format=%(refname)%00%(upstream:short)%00%(objectname)%00%(upstream:track)%00%(upstream:remotename)%00%(upstream:remoteref) refs/heads/main refs/remotes/main [2ms]
2025-04-28 12:39:36.867 [info] > git for-each-ref --sort -committerdate --format %(refname)%00%(objectname)%00%(*objectname) [2ms]
2025-04-28 12:39:36.879 [info] > git status -z -uall [20ms]
2025-04-28 12:44:36.933 [info] > git config --get commit.template [8ms]
2025-04-28 12:44:36.935 [info] > git for-each-ref --format=%(refname)%00%(upstream:short)%00%(objectname)%00%(upstream:track)%00%(upstream:remotename)%00%(upstream:remoteref) refs/heads/main refs/remotes/main [3ms]
2025-04-28 12:44:36.948 [info] > git for-each-ref --sort -committerdate --format %(refname)%00%(objectname)%00%(*objectname) [2ms]
2025-04-28 12:44:36.961 [info] > git status -z -uall [20ms]
2025-04-28 12:49:37.139 [info] > git config --get commit.template [8ms]
2025-04-28 12:49:37.140 [info] > git for-each-ref --format=%(refname)%00%(upstream:short)%00%(objectname)%00%(upstream:track)%00%(upstream:remotename)%00%(upstream:remoteref) refs/heads/main refs/remotes/main [3ms]
2025-04-28 12:49:37.153 [info] > git for-each-ref --sort -committerdate --format %(refname)%00%(objectname)%00%(*objectname) [1ms]
2025-04-28 12:49:37.167 [info] > git status -z -uall [21ms]
2025-04-28 12:54:37.237 [info] > git config --get commit.template [8ms]
2025-04-28 12:54:37.239 [info] > git for-each-ref --format=%(refname)%00%(upstream:short)%00%(objectname)%00%(upstream:track)%00%(upstream:remotename)%00%(upstream:remoteref) refs/heads/main refs/remotes/main [3ms]
2025-04-28 12:54:37.252 [info] > git for-each-ref --sort -committerdate --format %(refname)%00%(objectname)%00%(*objectname) [2ms]
2025-04-28 12:54:37.266 [info] > git status -z -uall [22ms]
2025-04-28 12:59:37.441 [info] > git config --get commit.template [9ms]
2025-04-28 12:59:37.442 [info] > git for-each-ref --format=%(refname)%00%(upstream:short)%00%(objectname)%00%(upstream:track)%00%(upstream:remotename)%00%(upstream:remoteref) refs/heads/main refs/remotes/main [2ms]
2025-04-28 12:59:37.456 [info] > git for-each-ref --sort -committerdate --format %(refname)%00%(objectname)%00%(*objectname) [2ms]
2025-04-28 12:59:37.470 [info] > git status -z -uall [22ms]
2025-04-28 13:04:37.589 [info] > git config --get commit.template [7ms]
2025-04-28 13:04:37.591 [info] > git for-each-ref --format=%(refname)%00%(upstream:short)%00%(objectname)%00%(upstream:track)%00%(upstream:remotename)%00%(upstream:remoteref) refs/heads/main refs/remotes/main [3ms]
2025-04-28 13:04:37.607 [info] > git for-each-ref --sort -committerdate --format %(refname)%00%(objectname)%00%(*objectname) [1ms]
2025-04-28 13:04:37.620 [info] > git status -z -uall [21ms]
2025-04-28 13:09:37.652 [info] > git config --get commit.template [7ms]
2025-04-28 13:09:37.654 [info] > git for-each-ref --format=%(refname)%00%(upstream:short)%00%(objectname)%00%(upstream:track)%00%(upstream:remotename)%00%(upstream:remoteref) refs/heads/main refs/remotes/main [2ms]
2025-04-28 13:09:37.667 [info] > git for-each-ref --sort -committerdate --format %(refname)%00%(objectname)%00%(*objectname) [2ms]
2025-04-28 13:09:37.681 [info] > git status -z -uall [21ms]
2025-04-28 13:14:37.848 [info] > git config --get commit.template [7ms]
2025-04-28 13:14:37.849 [info] > git for-each-ref --format=%(refname)%00%(upstream:short)%00%(objectname)%00%(upstream:track)%00%(upstream:remotename)%00%(upstream:remoteref) refs/heads/main refs/remotes/main [2ms]
2025-04-28 13:14:37.868 [info] > git for-each-ref --sort -committerdate --format %(refname)%00%(objectname)%00%(*objectname) [2ms]
2025-04-28 13:14:37.881 [info] > git status -z -uall [24ms]
2025-04-28 13:19:38.004 [info] > git config --get commit.template [7ms]
2025-04-28 13:19:38.005 [info] > git for-each-ref --format=%(refname)%00%(upstream:short)%00%(objectname)%00%(upstream:track)%00%(upstream:remotename)%00%(upstream:remoteref) refs/heads/main refs/remotes/main [2ms]
2025-04-28 13:19:38.021 [info] > git for-each-ref --sort -committerdate --format %(refname)%00%(objectname)%00%(*objectname) [2ms]
2025-04-28 13:19:38.033 [info] > git status -z -uall [20ms]
2025-04-28 13:24:38.063 [info] > git config --get commit.template [7ms]
2025-04-28 13:24:38.064 [info] > git for-each-ref --format=%(refname)%00%(upstream:short)%00%(objectname)%00%(upstream:track)%00%(upstream:remotename)%00%(upstream:remoteref) refs/heads/main refs/remotes/main [2ms]
2025-04-28 13:24:38.077 [info] > git for-each-ref --sort -committerdate --format %(refname)%00%(objectname)%00%(*objectname) [1ms]
2025-04-28 13:24:38.092 [info] > git status -z -uall [22ms]
2025-04-28 13:29:38.275 [info] > git config --get commit.template [7ms]
2025-04-28 13:29:38.276 [info] > git for-each-ref --format=%(refname)%00%(upstream:short)%00%(objectname)%00%(upstream:track)%00%(upstream:remotename)%00%(upstream:remoteref) refs/heads/main refs/remotes/main [2ms]
2025-04-28 13:29:38.291 [info] > git for-each-ref --sort -committerdate --format %(refname)%00%(objectname)%00%(*objectname) [2ms]
2025-04-28 13:29:38.303 [info] > git status -z -uall [19ms]
2025-04-28 13:34:38.385 [info] > git config --get commit.template [8ms]
2025-04-28 13:34:38.386 [info] > git for-each-ref --format=%(refname)%00%(upstream:short)%00%(objectname)%00%(upstream:track)%00%(upstream:remotename)%00%(upstream:remoteref) refs/heads/main refs/remotes/main [2ms]
2025-04-28 13:34:38.399 [info] > git for-each-ref --sort -committerdate --format %(refname)%00%(objectname)%00%(*objectname) [1ms]
2025-04-28 13:34:38.413 [info] > git status -z -uall [21ms]
2025-04-28 13:39:38.547 [info] > git config --get commit.template [7ms]
2025-04-28 13:39:38.549 [info] > git for-each-ref --format=%(refname)%00%(upstream:short)%00%(objectname)%00%(upstream:track)%00%(upstream:remotename)%00%(upstream:remoteref) refs/heads/main refs/remotes/main [3ms]
2025-04-28 13:39:38.562 [info] > git for-each-ref --sort -committerdate --format %(refname)%00%(objectname)%00%(*objectname) [2ms]
2025-04-28 13:39:38.574 [info] > git status -z -uall [20ms]
2025-04-28 13:44:38.766 [info] > git config --get commit.template [7ms]
2025-04-28 13:44:38.768 [info] > git for-each-ref --format=%(refname)%00%(upstream:short)%00%(objectname)%00%(upstream:track)%00%(upstream:remotename)%00%(upstream:remoteref) refs/heads/main refs/remotes/main [3ms]
2025-04-28 13:44:38.780 [info] > git for-each-ref --sort -committerdate --format %(refname)%00%(objectname)%00%(*objectname) [1ms]
2025-04-28 13:44:38.793 [info] > git status -z -uall [20ms]
2025-04-28 13:49:38.873 [info] > git config --get commit.template [7ms]
2025-04-28 13:49:38.875 [info] > git for-each-ref --format=%(refname)%00%(upstream:short)%00%(objectname)%00%(upstream:track)%00%(upstream:remotename)%00%(upstream:remoteref) refs/heads/main refs/remotes/main [2ms]
2025-04-28 13:49:38.890 [info] > git for-each-ref --sort -committerdate --format %(refname)%00%(objectname)%00%(*objectname) [2ms]
2025-04-28 13:49:38.902 [info] > git status -z -uall [20ms]
2025-04-28 13:54:39.054 [info] > git config --get commit.template [8ms]
2025-04-28 13:54:39.056 [info] > git for-each-ref --format=%(refname)%00%(upstream:short)%00%(objectname)%00%(upstream:track)%00%(upstream:remotename)%00%(upstream:remoteref) refs/heads/main refs/remotes/main [3ms]
2025-04-28 13:54:39.068 [info] > git for-each-ref --sort -committerdate --format %(refname)%00%(objectname)%00%(*objectname) [2ms]
2025-04-28 13:54:39.081 [info] > git status -z -uall [20ms]
2025-04-28 13:59:39.158 [info] > git config --get commit.template [7ms]
2025-04-28 13:59:39.159 [info] > git for-each-ref --format=%(refname)%00%(upstream:short)%00%(objectname)%00%(upstream:track)%00%(upstream:remotename)%00%(upstream:remoteref) refs/heads/main refs/remotes/main [3ms]
2025-04-28 13:59:39.172 [info] > git for-each-ref --sort -committerdate --format %(refname)%00%(objectname)%00%(*objectname) [2ms]
2025-04-28 13:59:39.184 [info] > git status -z -uall [19ms]
2025-04-28 14:04:39.287 [info] > git config --get commit.template [7ms]
2025-04-28 14:04:39.288 [info] > git for-each-ref --format=%(refname)%00%(upstream:short)%00%(objectname)%00%(upstream:track)%00%(upstream:remotename)%00%(upstream:remoteref) refs/heads/main refs/remotes/main [2ms]
2025-04-28 14:04:39.305 [info] > git for-each-ref --sort -committerdate --format %(refname)%00%(objectname)%00%(*objectname) [2ms]
2025-04-28 14:04:39.317 [info] > git status -z -uall [20ms]
2025-04-28 14:09:39.453 [info] > git config --get commit.template [8ms]
2025-04-28 14:09:39.454 [info] > git for-each-ref --format=%(refname)%00%(upstream:short)%00%(objectname)%00%(upstream:track)%00%(upstream:remotename)%00%(upstream:remoteref) refs/heads/main refs/remotes/main [2ms]
2025-04-28 14:09:39.467 [info] > git for-each-ref --sort -committerdate --format %(refname)%00%(objectname)%00%(*objectname) [2ms]
2025-04-28 14:09:39.481 [info] > git status -z -uall [21ms]
2025-04-28 14:14:39.669 [info] > git config --get commit.template [7ms]
2025-04-28 14:14:39.669 [info] > git for-each-ref --format=%(refname)%00%(upstream:short)%00%(objectname)%00%(upstream:track)%00%(upstream:remotename)%00%(upstream:remoteref) refs/heads/main refs/remotes/main [2ms]
2025-04-28 14:14:39.682 [info] > git for-each-ref --sort -committerdate --format %(refname)%00%(objectname)%00%(*objectname) [1ms]
2025-04-28 14:14:39.697 [info] > git status -z -uall [22ms]
2025-04-28 14:19:39.757 [info] > git config --get commit.template [7ms]
2025-04-28 14:19:39.759 [info] > git for-each-ref --format=%(refname)%00%(upstream:short)%00%(objectname)%00%(upstream:track)%00%(upstream:remotename)%00%(upstream:remoteref) refs/heads/main refs/remotes/main [3ms]
2025-04-28 14:19:39.773 [info] > git for-each-ref --sort -committerdate --format %(refname)%00%(objectname)%00%(*objectname) [1ms]
2025-04-28 14:19:39.786 [info] > git status -z -uall [20ms]
2025-04-28 14:24:39.946 [info] > git config --get commit.template [7ms]
2025-04-28 14:24:39.948 [info] > git for-each-ref --format=%(refname)%00%(upstream:short)%00%(objectname)%00%(upstream:track)%00%(upstream:remotename)%00%(upstream:remoteref) refs/heads/main refs/remotes/main [3ms]
2025-04-28 14:24:39.963 [info] > git for-each-ref --sort -committerdate --format %(refname)%00%(objectname)%00%(*objectname) [1ms]
2025-04-28 14:24:39.975 [info] > git status -z -uall [20ms]
2025-04-28 14:29:40.163 [info] > git config --get commit.template [7ms]
2025-04-28 14:29:40.165 [info] > git for-each-ref --format=%(refname)%00%(upstream:short)%00%(objectname)%00%(upstream:track)%00%(upstream:remotename)%00%(upstream:remoteref) refs/heads/main refs/remotes/main [2ms]
2025-04-28 14:29:40.181 [info] > git for-each-ref --sort -committerdate --format %(refname)%00%(objectname)%00%(*objectname) [1ms]
2025-04-28 14:29:40.194 [info] > git status -z -uall [20ms]
2025-04-28 14:34:40.281 [info] > git config --get commit.template [7ms]
2025-04-28 14:34:40.283 [info] > git for-each-ref --format=%(refname)%00%(upstream:short)%00%(objectname)%00%(upstream:track)%00%(upstream:remotename)%00%(upstream:remoteref) refs/heads/main refs/remotes/main [3ms]
2025-04-28 14:34:40.298 [info] > git for-each-ref --sort -committerdate --format %(refname)%00%(objectname)%00%(*objectname) [1ms]
2025-04-28 14:34:40.310 [info] > git status -z -uall [19ms]
2025-04-28 14:39:40.456 [info] > git config --get commit.template [7ms]
2025-04-28 14:39:40.457 [info] > git for-each-ref --format=%(refname)%00%(upstream:short)%00%(objectname)%00%(upstream:track)%00%(upstream:remotename)%00%(upstream:remoteref) refs/heads/main refs/remotes/main [3ms]
2025-04-28 14:39:40.470 [info] > git for-each-ref --sort -committerdate --format %(refname)%00%(objectname)%00%(*objectname) [2ms]
2025-04-28 14:39:40.484 [info] > git status -z -uall [21ms]
2025-04-28 14:44:40.688 [info] > git config --get commit.template [7ms]
2025-04-28 14:44:40.690 [info] > git for-each-ref --format=%(refname)%00%(upstream:short)%00%(objectname)%00%(upstream:track)%00%(upstream:remotename)%00%(upstream:remoteref) refs/heads/main refs/remotes/main [3ms]
2025-04-28 14:44:40.705 [info] > git for-each-ref --sort -committerdate --format %(refname)%00%(objectname)%00%(*objectname) [2ms]
2025-04-28 14:44:40.717 [info] > git status -z -uall [20ms]
2025-04-28 14:49:40.840 [info] > git config --get commit.template [7ms]
2025-04-28 14:49:40.842 [info] > git for-each-ref --format=%(refname)%00%(upstream:short)%00%(objectname)%00%(upstream:track)%00%(upstream:remotename)%00%(upstream:remoteref) refs/heads/main refs/remotes/main [2ms]
2025-04-28 14:49:40.857 [info] > git for-each-ref --sort -committerdate --format %(refname)%00%(objectname)%00%(*objectname) [2ms]
2025-04-28 14:49:40.869 [info] > git status -z -uall [20ms]
2025-04-28 14:54:40.940 [info] > git config --get commit.template [7ms]
2025-04-28 14:54:40.942 [info] > git for-each-ref --format=%(refname)%00%(upstream:short)%00%(objectname)%00%(upstream:track)%00%(upstream:remotename)%00%(upstream:remoteref) refs/heads/main refs/remotes/main [2ms]
2025-04-28 14:54:40.955 [info] > git for-each-ref --sort -committerdate --format %(refname)%00%(objectname)%00%(*objectname) [1ms]
2025-04-28 14:54:40.970 [info] > git status -z -uall [22ms]
2025-04-28 14:59:41.081 [info] > git config --get commit.template [7ms]
2025-04-28 14:59:41.083 [info] > git for-each-ref --format=%(refname)%00%(upstream:short)%00%(objectname)%00%(upstream:track)%00%(upstream:remotename)%00%(upstream:remoteref) refs/heads/main refs/remotes/main [3ms]
2025-04-28 14:59:41.096 [info] > git for-each-ref --sort -committerdate --format %(refname)%00%(objectname)%00%(*objectname) [2ms]
2025-04-28 14:59:41.110 [info] > git status -z -uall [22ms]
2025-04-28 15:04:41.246 [info] > git config --get commit.template [7ms]
2025-04-28 15:04:41.248 [info] > git for-each-ref --format=%(refname)%00%(upstream:short)%00%(objectname)%00%(upstream:track)%00%(upstream:remotename)%00%(upstream:remoteref) refs/heads/main refs/remotes/main [3ms]
2025-04-28 15:04:41.264 [info] > git for-each-ref --sort -committerdate --format %(refname)%00%(objectname)%00%(*objectname) [1ms]
2025-04-28 15:04:41.276 [info] > git status -z -uall [20ms]
2025-04-28 15:09:41.325 [info] > git config --get commit.template [7ms]
2025-04-28 15:09:41.327 [info] > git for-each-ref --format=%(refname)%00%(upstream:short)%00%(objectname)%00%(upstream:track)%00%(upstream:remotename)%00%(upstream:remoteref) refs/heads/main refs/remotes/main [2ms]
2025-04-28 15:09:41.342 [info] > git for-each-ref --sort -committerdate --format %(refname)%00%(objectname)%00%(*objectname) [2ms]
2025-04-28 15:09:41.355 [info] > git status -z -uall [21ms]
2025-04-28 15:14:41.547 [info] > git config --get commit.template [7ms]
2025-04-28 15:14:41.548 [info] > git for-each-ref --format=%(refname)%00%(upstream:short)%00%(objectname)%00%(upstream:track)%00%(upstream:remotename)%00%(upstream:remoteref) refs/heads/main refs/remotes/main [2ms]
2025-04-28 15:14:41.564 [info] > git for-each-ref --sort -committerdate --format %(refname)%00%(objectname)%00%(*objectname) [2ms]
2025-04-28 15:14:41.576 [info] > git status -z -uall [20ms]
2025-04-28 15:19:41.653 [info] > git config --get commit.template [7ms]
2025-04-28 15:19:41.654 [info] > git for-each-ref --format=%(refname)%00%(upstream:short)%00%(objectname)%00%(upstream:track)%00%(upstream:remotename)%00%(upstream:remoteref) refs/heads/main refs/remotes/main [2ms]
2025-04-28 15:19:41.669 [info] > git for-each-ref --sort -committerdate --format %(refname)%00%(objectname)%00%(*objectname) [2ms]
2025-04-28 15:19:41.685 [info] > git status -z -uall [24ms]
2025-04-28 15:24:41.852 [info] > git config --get commit.template [7ms]
2025-04-28 15:24:41.854 [info] > git for-each-ref --format=%(refname)%00%(upstream:short)%00%(objectname)%00%(upstream:track)%00%(upstream:remotename)%00%(upstream:remoteref) refs/heads/main refs/remotes/main [2ms]
2025-04-28 15:24:41.867 [info] > git for-each-ref --sort -committerdate --format %(refname)%00%(objectname)%00%(*objectname) [2ms]
2025-04-28 15:24:41.881 [info] > git status -z -uall [21ms]
2025-04-28 15:29:41.993 [info] > git config --get commit.template [9ms]
2025-04-28 15:29:41.994 [info] > git for-each-ref --format=%(refname)%00%(upstream:short)%00%(objectname)%00%(upstream:track)%00%(upstream:remotename)%00%(upstream:remoteref) refs/heads/main refs/remotes/main [3ms]
2025-04-28 15:29:42.009 [info] > git for-each-ref --sort -committerdate --format %(refname)%00%(objectname)%00%(*objectname) [2ms]
2025-04-28 15:29:42.021 [info] > git status -z -uall [19ms]
2025-04-28 15:31:28.447 [info] > git config --get commit.template [8ms]
2025-04-28 15:31:28.448 [info] > git for-each-ref --format=%(refname)%00%(upstream:short)%00%(objectname)%00%(upstream:track)%00%(upstream:remotename)%00%(upstream:remoteref) refs/heads/main refs/remotes/main [2ms]
2025-04-28 15:31:28.464 [info] > git for-each-ref --sort -committerdate --format %(refname)%00%(objectname)%00%(*objectname) [2ms]
2025-04-28 15:31:28.477 [info] > git status -z -uall [23ms]
2025-04-28 15:34:42.126 [info] > git config --get commit.template [8ms]
2025-04-28 15:34:42.127 [info] > git for-each-ref --format=%(refname)%00%(upstream:short)%00%(objectname)%00%(upstream:track)%00%(upstream:remotename)%00%(upstream:remoteref) refs/heads/main refs/remotes/main [2ms]
2025-04-28 15:34:42.141 [info] > git for-each-ref --sort -committerdate --format %(refname)%00%(objectname)%00%(*objectname) [2ms]
2025-04-28 15:34:42.155 [info] > git status -z -uall [22ms]
2025-04-28 15:38:37.404 [info] > git config --get commit.template [7ms]
2025-04-28 15:38:37.405 [info] > git for-each-ref --format=%(refname)%00%(upstream:short)%00%(objectname)%00%(upstream:track)%00%(upstream:remotename)%00%(upstream:remoteref) refs/heads/main refs/remotes/main [2ms]
2025-04-28 15:38:37.419 [info] > git for-each-ref --sort -committerdate --format %(refname)%00%(objectname)%00%(*objectname) [1ms]
2025-04-28 15:38:37.433 [info] > git status -z -uall [22ms]
2025-04-28 15:39:42.310 [info] > git config --get commit.template [8ms]
2025-04-28 15:39:42.312 [info] > git for-each-ref --format=%(refname)%00%(upstream:short)%00%(objectname)%00%(upstream:track)%00%(upstream:remotename)%00%(upstream:remoteref) refs/heads/main refs/remotes/main [2ms]
2025-04-28 15:39:42.325 [info] > git for-each-ref --sort -committerdate --format %(refname)%00%(objectname)%00%(*objectname) [1ms]
2025-04-28 15:39:42.337 [info] > git status -z -uall [19ms]
2025-04-28 15:44:42.514 [info] > git config --get commit.template [7ms]
2025-04-28 15:44:42.516 [info] > git for-each-ref --format=%(refname)%00%(upstream:short)%00%(objectname)%00%(upstream:track)%00%(upstream:remotename)%00%(upstream:remoteref) refs/heads/main refs/remotes/main [2ms]
2025-04-28 15:44:42.529 [info] > git for-each-ref --sort -committerdate --format %(refname)%00%(objectname)%00%(*objectname) [2ms]
2025-04-28 15:44:42.541 [info] > git status -z -uall [20ms]
2025-04-28 15:48:31.955 [info] > git check-ignore -v -z --stdin [2ms]
2025-04-28 15:48:32.220 [info] > git config --get commit.template [7ms]
2025-04-28 15:48:32.221 [info] > git for-each-ref --format=%(refname)%00%(upstream:short)%00%(objectname)%00%(upstream:track)%00%(upstream:remotename)%00%(upstream:remoteref) refs/heads/main refs/remotes/main [2ms]
2025-04-28 15:48:32.235 [info] > git for-each-ref --sort -committerdate --format %(refname)%00%(objectname)%00%(*objectname) [2ms]
2025-04-28 15:48:32.249 [info] > git status -z -uall [22ms]
2025-04-28 15:48:42.142 [info] > git config --get commit.template [8ms]
2025-04-28 15:48:42.143 [info] > git for-each-ref --format=%(refname)%00%(upstream:short)%00%(objectname)%00%(upstream:track)%00%(upstream:remotename)%00%(upstream:remoteref) refs/heads/main refs/remotes/main [2ms]
2025-04-28 15:48:42.160 [info] > git for-each-ref --sort -committerdate --format %(refname)%00%(objectname)%00%(*objectname) [2ms]
2025-04-28 15:48:42.179 [info] > git status -z -uall [29ms]
2025-04-28 15:49:18.924 [info] > git check-ignore -v -z --stdin [2ms]
2025-04-28 15:49:19.015 [info] > git config --get commit.template [6ms]
2025-04-28 15:49:19.016 [info] > git for-each-ref --format=%(refname)%00%(upstream:short)%00%(objectname)%00%(upstream:track)%00%(upstream:remotename)%00%(upstream:remoteref) refs/heads/main refs/remotes/main [1ms]
2025-04-28 15:49:19.031 [info] > git for-each-ref --sort -committerdate --format %(refname)%00%(objectname)%00%(*objectname) [2ms]
2025-04-28 15:49:19.059 [info] > git status -z -uall [36ms]
2025-04-28 15:49:35.400 [info] > git check-ignore -v -z --stdin [1ms]
2025-04-28 15:49:35.595 [info] > git config --get commit.template [19ms]
2025-04-28 15:49:35.597 [info] > git for-each-ref --format=%(refname)%00%(upstream:short)%00%(objectname)%00%(upstream:track)%00%(upstream:remotename)%00%(upstream:remoteref) refs/heads/main refs/remotes/main [3ms]
2025-04-28 15:49:35.614 [info] > git for-each-ref --sort -committerdate --format %(refname)%00%(objectname)%00%(*objectname) [2ms]
2025-04-28 15:49:35.626 [info] > git status -z -uall [20ms]
2025-04-28 15:49:42.653 [info] > git config --get commit.template [2ms]
2025-04-28 15:49:42.661 [info] > git for-each-ref --format=%(refname)%00%(upstream:short)%00%(objectname)%00%(upstream:track)%00%(upstream:remotename)%00%(upstream:remoteref) refs/heads/main refs/remotes/main [2ms]
2025-04-28 15:49:42.678 [info] > git for-each-ref --sort -committerdate --format %(refname)%00%(objectname)%00%(*objectname) [2ms]
2025-04-28 15:49:42.690 [info] > git status -z -uall [20ms]
2025-04-28 15:50:47.178 [info] > git config --get commit.template [8ms]
2025-04-28 15:50:47.179 [info] > git for-each-ref --format=%(refname)%00%(upstream:short)%00%(objectname)%00%(upstream:track)%00%(upstream:remotename)%00%(upstream:remoteref) refs/heads/main refs/remotes/main [2ms]
2025-04-28 15:50:47.193 [info] > git for-each-ref --sort -committerdate --format %(refname)%00%(objectname)%00%(*objectname) [1ms]
2025-04-28 15:50:47.207 [info] > git status -z -uall [22ms]
2025-04-28 15:54:42.740 [info] > git config --get commit.template [7ms]
2025-04-28 15:54:42.742 [info] > git for-each-ref --format=%(refname)%00%(upstream:short)%00%(objectname)%00%(upstream:track)%00%(upstream:remotename)%00%(upstream:remoteref) refs/heads/main refs/remotes/main [2ms]
2025-04-28 15:54:42.756 [info] > git for-each-ref --sort -committerdate --format %(refname)%00%(objectname)%00%(*objectname) [2ms]
2025-04-28 15:54:42.768 [info] > git status -z -uall [20ms]
2025-04-28 15:59:42.931 [info] > git config --get commit.template [7ms]
2025-04-28 15:59:42.933 [info] > git for-each-ref --format=%(refname)%00%(upstream:short)%00%(objectname)%00%(upstream:track)%00%(upstream:remotename)%00%(upstream:remoteref) refs/heads/main refs/remotes/main [3ms]
2025-04-28 15:59:42.946 [info] > git for-each-ref --sort -committerdate --format %(refname)%00%(objectname)%00%(*objectname) [2ms]
2025-04-28 15:59:42.961 [info] > git status -z -uall [22ms]
2025-04-28 16:04:43.115 [info] > git config --get commit.template [7ms]
2025-04-28 16:04:43.117 [info] > git for-each-ref --format=%(refname)%00%(upstream:short)%00%(objectname)%00%(upstream:track)%00%(upstream:remotename)%00%(upstream:remoteref) refs/heads/main refs/remotes/main [2ms]
2025-04-28 16:04:43.132 [info] > git for-each-ref --sort -committerdate --format %(refname)%00%(objectname)%00%(*objectname) [2ms]
2025-04-28 16:04:43.144 [info] > git status -z -uall [20ms]
2025-04-28 16:08:57.753 [info] > git config --get commit.template [2ms]
2025-04-28 16:08:57.762 [info] > git for-each-ref --format=%(refname)%00%(upstream:short)%00%(objectname)%00%(upstream:track)%00%(upstream:remotename)%00%(upstream:remoteref) refs/heads/main refs/remotes/main [2ms]
2025-04-28 16:08:57.776 [info] > git for-each-ref --sort -committerdate --format %(refname)%00%(objectname)%00%(*objectname) [1ms]
2025-04-28 16:08:57.791 [info] > git status -z -uall [22ms]
2025-04-28 16:09:43.228 [info] > git config --get commit.template [8ms]
2025-04-28 16:09:43.229 [info] > git for-each-ref --format=%(refname)%00%(upstream:short)%00%(objectname)%00%(upstream:track)%00%(upstream:remotename)%00%(upstream:remoteref) refs/heads/main refs/remotes/main [2ms]
2025-04-28 16:09:43.243 [info] > git for-each-ref --sort -committerdate --format %(refname)%00%(objectname)%00%(*objectname) [2ms]
2025-04-28 16:09:43.257 [info] > git status -z -uall [22ms]
2025-04-28 16:14:43.442 [info] > git config --get commit.template [2ms]
2025-04-28 16:14:43.451 [info] > git for-each-ref --format=%(refname)%00%(upstream:short)%00%(objectname)%00%(upstream:track)%00%(upstream:remotename)%00%(upstream:remoteref) refs/heads/main refs/remotes/main [3ms]
2025-04-28 16:14:43.471 [info] > git for-each-ref --sort -committerdate --format %(refname)%00%(objectname)%00%(*objectname) [2ms]
2025-04-28 16:14:43.484 [info] > git status -z -uall [24ms]
2025-04-28 16:18:01.814 [info] > git config --get commit.template [8ms]
2025-04-28 16:18:01.815 [info] > git for-each-ref --format=%(refname)%00%(upstream:short)%00%(objectname)%00%(upstream:track)%00%(upstream:remotename)%00%(upstream:remoteref) refs/heads/main refs/remotes/main [2ms]
2025-04-28 16:18:01.830 [info] > git for-each-ref --sort -committerdate --format %(refname)%00%(objectname)%00%(*objectname) [1ms]
2025-04-28 16:18:01.843 [info] > git status -z -uall [21ms]
2025-04-28 16:19:43.600 [info] > git config --get commit.template [8ms]
2025-04-28 16:19:43.601 [info] > git for-each-ref --format=%(refname)%00%(upstream:short)%00%(objectname)%00%(upstream:track)%00%(upstream:remotename)%00%(upstream:remoteref) refs/heads/main refs/remotes/main [3ms]
2025-04-28 16:19:43.614 [info] > git for-each-ref --sort -committerdate --format %(refname)%00%(objectname)%00%(*objectname) [2ms]
2025-04-28 16:19:43.628 [info] > git status -z -uall [21ms]
2025-04-28 16:24:43.758 [info] > git config --get commit.template [8ms]
2025-04-28 16:24:43.758 [info] > git for-each-ref --format=%(refname)%00%(upstream:short)%00%(objectname)%00%(upstream:track)%00%(upstream:remotename)%00%(upstream:remoteref) refs/heads/main refs/remotes/main [2ms]
2025-04-28 16:24:43.773 [info] > git for-each-ref --sort -committerdate --format %(refname)%00%(objectname)%00%(*objectname) [2ms]
2025-04-28 16:24:43.785 [info] > git status -z -uall [19ms]
2025-04-28 16:29:43.941 [info] > git config --get commit.template [8ms]
2025-04-28 16:29:43.942 [info] > git for-each-ref --format=%(refname)%00%(upstream:short)%00%(objectname)%00%(upstream:track)%00%(upstream:remotename)%00%(upstream:remoteref) refs/heads/main refs/remotes/main [3ms]
2025-04-28 16:29:43.955 [info] > git for-each-ref --sort -committerdate --format %(refname)%00%(objectname)%00%(*objectname) [2ms]
2025-04-28 16:29:43.969 [info] > git status -z -uall [21ms]
2025-04-28 16:34:44.132 [info] > git config --get commit.template [7ms]
2025-04-28 16:34:44.133 [info] > git for-each-ref --format=%(refname)%00%(upstream:short)%00%(objectname)%00%(upstream:track)%00%(upstream:remotename)%00%(upstream:remoteref) refs/heads/main refs/remotes/main [2ms]
2025-04-28 16:34:44.149 [info] > git for-each-ref --sort -committerdate --format %(refname)%00%(objectname)%00%(*objectname) [2ms]
2025-04-28 16:34:44.161 [info] > git status -z -uall [20ms]
2025-04-28 16:39:44.355 [info] > git config --get commit.template [7ms]
2025-04-28 16:39:44.356 [info] > git for-each-ref --format=%(refname)%00%(upstream:short)%00%(objectname)%00%(upstream:track)%00%(upstream:remotename)%00%(upstream:remoteref) refs/heads/main refs/remotes/main [2ms]
2025-04-28 16:39:44.376 [info] > git for-each-ref --sort -committerdate --format %(refname)%00%(objectname)%00%(*objectname) [3ms]
2025-04-28 16:39:44.388 [info] > git status -z -uall [23ms]
2025-04-28 16:44:44.536 [info] > git config --get commit.template [2ms]
2025-04-28 16:44:44.546 [info] > git for-each-ref --format=%(refname)%00%(upstream:short)%00%(objectname)%00%(upstream:track)%00%(upstream:remotename)%00%(upstream:remoteref) refs/heads/main refs/remotes/main [3ms]
2025-04-28 16:44:44.559 [info] > git for-each-ref --sort -committerdate --format %(refname)%00%(objectname)%00%(*objectname) [1ms]
2025-04-28 16:44:44.573 [info] > git status -z -uall [21ms]
2025-04-28 16:49:44.719 [info] > git config --get commit.template [8ms]
2025-04-28 16:49:44.721 [info] > git for-each-ref --format=%(refname)%00%(upstream:short)%00%(objectname)%00%(upstream:track)%00%(upstream:remotename)%00%(upstream:remoteref) refs/heads/main refs/remotes/main [2ms]
2025-04-28 16:49:44.734 [info] > git for-each-ref --sort -committerdate --format %(refname)%00%(objectname)%00%(*objectname) [2ms]
2025-04-28 16:49:44.748 [info] > git status -z -uall [22ms]
2025-04-28 16:54:44.894 [info] > git config --get commit.template [2ms]
2025-04-28 16:54:44.902 [info] > git for-each-ref --format=%(refname)%00%(upstream:short)%00%(objectname)%00%(upstream:track)%00%(upstream:remotename)%00%(upstream:remoteref) refs/heads/main refs/remotes/main [2ms]
2025-04-28 16:54:44.919 [info] > git for-each-ref --sort -committerdate --format %(refname)%00%(objectname)%00%(*objectname) [1ms]
2025-04-28 16:54:44.932 [info] > git status -z -uall [20ms]
2025-04-28 16:59:45.079 [info] > git config --get commit.template [8ms]
2025-04-28 16:59:45.081 [info] > git for-each-ref --format=%(refname)%00%(upstream:short)%00%(objectname)%00%(upstream:track)%00%(upstream:remotename)%00%(upstream:remoteref) refs/heads/main refs/remotes/main [3ms]
2025-04-28 16:59:45.096 [info] > git for-each-ref --sort -committerdate --format %(refname)%00%(objectname)%00%(*objectname) [1ms]
2025-04-28 16:59:45.109 [info] > git status -z -uall [21ms]
2025-04-28 17:04:45.172 [info] > git config --get commit.template [8ms]
2025-04-28 17:04:45.173 [info] > git for-each-ref --format=%(refname)%00%(upstream:short)%00%(objectname)%00%(upstream:track)%00%(upstream:remotename)%00%(upstream:remoteref) refs/heads/main refs/remotes/main [2ms]
2025-04-28 17:04:45.188 [info] > git for-each-ref --sort -committerdate --format %(refname)%00%(objectname)%00%(*objectname) [2ms]
2025-04-28 17:04:45.201 [info] > git status -z -uall [21ms]
2025-04-28 17:09:45.356 [info] > git config --get commit.template [2ms]
2025-04-28 17:09:45.365 [info] > git for-each-ref --format=%(refname)%00%(upstream:short)%00%(objectname)%00%(upstream:track)%00%(upstream:remotename)%00%(upstream:remoteref) refs/heads/main refs/remotes/main [2ms]
2025-04-28 17:09:45.378 [info] > git for-each-ref --sort -committerdate --format %(refname)%00%(objectname)%00%(*objectname) [2ms]
2025-04-28 17:09:45.393 [info] > git status -z -uall [22ms]
2025-04-28 17:14:45.494 [info] > git config --get commit.template [2ms]
2025-04-28 17:14:45.503 [info] > git for-each-ref --format=%(refname)%00%(upstream:short)%00%(objectname)%00%(upstream:track)%00%(upstream:remotename)%00%(upstream:remoteref) refs/heads/main refs/remotes/main [3ms]
2025-04-28 17:14:45.519 [info] > git for-each-ref --sort -committerdate --format %(refname)%00%(objectname)%00%(*objectname) [1ms]
2025-04-28 17:14:45.531 [info] > git status -z -uall [19ms]
2025-04-28 17:19:45.654 [info] > git config --get commit.template [7ms]
2025-04-28 17:19:45.656 [info] > git for-each-ref --format=%(refname)%00%(upstream:short)%00%(objectname)%00%(upstream:track)%00%(upstream:remotename)%00%(upstream:remoteref) refs/heads/main refs/remotes/main [3ms]
2025-04-28 17:19:45.671 [info] > git for-each-ref --sort -committerdate --format %(refname)%00%(objectname)%00%(*objectname) [1ms]
2025-04-28 17:19:45.684 [info] > git status -z -uall [21ms]
2025-04-28 17:24:45.881 [info] > git config --get commit.template [2ms]
2025-04-28 17:24:45.890 [info] > git for-each-ref --format=%(refname)%00%(upstream:short)%00%(objectname)%00%(upstream:track)%00%(upstream:remotename)%00%(upstream:remoteref) refs/heads/main refs/remotes/main [3ms]
2025-04-28 17:24:45.903 [info] > git for-each-ref --sort -committerdate --format %(refname)%00%(objectname)%00%(*objectname) [2ms]
2025-04-28 17:24:45.917 [info] > git status -z -uall [21ms]
2025-04-28 17:29:46.108 [info] > git config --get commit.template [8ms]
2025-04-28 17:29:46.108 [info] > git for-each-ref --format=%(refname)%00%(upstream:short)%00%(objectname)%00%(upstream:track)%00%(upstream:remotename)%00%(upstream:remoteref) refs/heads/main refs/remotes/main [2ms]
2025-04-28 17:29:46.122 [info] > git for-each-ref --sort -committerdate --format %(refname)%00%(objectname)%00%(*objectname) [2ms]
2025-04-28 17:29:46.136 [info] > git status -z -uall [22ms]
2025-04-28 17:34:46.299 [info] > git config --get commit.template [7ms]
2025-04-28 17:34:46.301 [info] > git for-each-ref --format=%(refname)%00%(upstream:short)%00%(objectname)%00%(upstream:track)%00%(upstream:remotename)%00%(upstream:remoteref) refs/heads/main refs/remotes/main [3ms]
2025-04-28 17:34:46.315 [info] > git for-each-ref --sort -committerdate --format %(refname)%00%(objectname)%00%(*objectname) [1ms]
2025-04-28 17:34:46.328 [info] > git status -z -uall [20ms]
2025-04-28 17:39:46.481 [info] > git config --get commit.template [8ms]
2025-04-28 17:39:46.482 [info] > git for-each-ref --format=%(refname)%00%(upstream:short)%00%(objectname)%00%(upstream:track)%00%(upstream:remotename)%00%(upstream:remoteref) refs/heads/main refs/remotes/main [3ms]
2025-04-28 17:39:46.495 [info] > git for-each-ref --sort -committerdate --format %(refname)%00%(objectname)%00%(*objectname) [2ms]
2025-04-28 17:39:46.509 [info] > git status -z -uall [21ms]
2025-04-28 17:44:46.691 [info] > git config --get commit.template [8ms]
2025-04-28 17:44:46.692 [info] > git for-each-ref --format=%(refname)%00%(upstream:short)%00%(objectname)%00%(upstream:track)%00%(upstream:remotename)%00%(upstream:remoteref) refs/heads/main refs/remotes/main [2ms]
2025-04-28 17:44:46.707 [info] > git for-each-ref --sort -committerdate --format %(refname)%00%(objectname)%00%(*objectname) [1ms]
2025-04-28 17:44:46.720 [info] > git status -z -uall [20ms]
2025-04-28 17:49:46.805 [info] > git config --get commit.template [8ms]
2025-04-28 17:49:46.806 [info] > git for-each-ref --format=%(refname)%00%(upstream:short)%00%(objectname)%00%(upstream:track)%00%(upstream:remotename)%00%(upstream:remoteref) refs/heads/main refs/remotes/main [2ms]
2025-04-28 17:49:46.819 [info] > git for-each-ref --sort -committerdate --format %(refname)%00%(objectname)%00%(*objectname) [1ms]
2025-04-28 17:49:46.832 [info] > git status -z -uall [20ms]
2025-04-28 17:54:46.984 [info] > git config --get commit.template [8ms]
2025-04-28 17:54:46.986 [info] > git for-each-ref --format=%(refname)%00%(upstream:short)%00%(objectname)%00%(upstream:track)%00%(upstream:remotename)%00%(upstream:remoteref) refs/heads/main refs/remotes/main [2ms]
2025-04-28 17:54:47.000 [info] > git for-each-ref --sort -committerdate --format %(refname)%00%(objectname)%00%(*objectname) [2ms]
2025-04-28 17:54:47.014 [info] > git status -z -uall [21ms]
2025-04-28 17:59:47.190 [info] > git config --get commit.template [8ms]
2025-04-28 17:59:47.191 [info] > git for-each-ref --format=%(refname)%00%(upstream:short)%00%(objectname)%00%(upstream:track)%00%(upstream:remotename)%00%(upstream:remoteref) refs/heads/main refs/remotes/main [3ms]
2025-04-28 17:59:47.204 [info] > git for-each-ref --sort -committerdate --format %(refname)%00%(objectname)%00%(*objectname) [1ms]
2025-04-28 17:59:47.217 [info] > git status -z -uall [20ms]
2025-04-28 18:04:47.352 [info] > git config --get commit.template [7ms]
2025-04-28 18:04:47.353 [info] > git for-each-ref --format=%(refname)%00%(upstream:short)%00%(objectname)%00%(upstream:track)%00%(upstream:remotename)%00%(upstream:remoteref) refs/heads/main refs/remotes/main [2ms]
2025-04-28 18:04:47.368 [info] > git for-each-ref --sort -committerdate --format %(refname)%00%(objectname)%00%(*objectname) [2ms]
2025-04-28 18:04:47.380 [info] > git status -z -uall [20ms]
2025-04-28 18:09:47.552 [info] > git config --get commit.template [2ms]
2025-04-28 18:09:47.560 [info] > git for-each-ref --format=%(refname)%00%(upstream:short)%00%(objectname)%00%(upstream:track)%00%(upstream:remotename)%00%(upstream:remoteref) refs/heads/main refs/remotes/main [2ms]
2025-04-28 18:09:47.575 [info] > git for-each-ref --sort -committerdate --format %(refname)%00%(objectname)%00%(*objectname) [1ms]
2025-04-28 18:09:47.587 [info] > git status -z -uall [19ms]
2025-04-28 18:14:47.787 [info] > git config --get commit.template [7ms]
2025-04-28 18:14:47.788 [info] > git for-each-ref --format=%(refname)%00%(upstream:short)%00%(objectname)%00%(upstream:track)%00%(upstream:remotename)%00%(upstream:remoteref) refs/heads/main refs/remotes/main [2ms]
2025-04-28 18:14:47.803 [info] > git for-each-ref --sort -committerdate --format %(refname)%00%(objectname)%00%(*objectname) [2ms]
2025-04-28 18:14:47.815 [info] > git status -z -uall [20ms]
2025-04-28 18:19:47.987 [info] > git config --get commit.template [8ms]
2025-04-28 18:19:47.988 [info] > git for-each-ref --format=%(refname)%00%(upstream:short)%00%(objectname)%00%(upstream:track)%00%(upstream:remotename)%00%(upstream:remoteref) refs/heads/main refs/remotes/main [2ms]
2025-04-28 18:19:48.003 [info] > git for-each-ref --sort -committerdate --format %(refname)%00%(objectname)%00%(*objectname) [2ms]
2025-04-28 18:19:48.015 [info] > git status -z -uall [19ms]
2025-04-28 18:24:48.189 [info] > git config --get commit.template [8ms]
2025-04-28 18:24:48.190 [info] > git for-each-ref --format=%(refname)%00%(upstream:short)%00%(objectname)%00%(upstream:track)%00%(upstream:remotename)%00%(upstream:remoteref) refs/heads/main refs/remotes/main [2ms]
2025-04-28 18:24:48.203 [info] > git for-each-ref --sort -committerdate --format %(refname)%00%(objectname)%00%(*objectname) [2ms]
2025-04-28 18:24:48.218 [info] > git status -z -uall [22ms]
2025-04-28 18:29:48.372 [info] > git config --get commit.template [8ms]
2025-04-28 18:29:48.374 [info] > git for-each-ref --format=%(refname)%00%(upstream:short)%00%(objectname)%00%(upstream:track)%00%(upstream:remotename)%00%(upstream:remoteref) refs/heads/main refs/remotes/main [3ms]
2025-04-28 18:29:48.390 [info] > git for-each-ref --sort -committerdate --format %(refname)%00%(objectname)%00%(*objectname) [1ms]
2025-04-28 18:29:48.403 [info] > git status -z -uall [21ms]
2025-04-28 18:34:48.556 [info] > git config --get commit.template [7ms]
2025-04-28 18:34:48.557 [info] > git for-each-ref --format=%(refname)%00%(upstream:short)%00%(objectname)%00%(upstream:track)%00%(upstream:remotename)%00%(upstream:remoteref) refs/heads/main refs/remotes/main [2ms]
2025-04-28 18:34:48.575 [info] > git for-each-ref --sort -committerdate --format %(refname)%00%(objectname)%00%(*objectname) [3ms]
2025-04-28 18:34:48.592 [info] > git status -z -uall [27ms]
2025-04-28 18:39:48.734 [info] > git config --get commit.template [2ms]
2025-04-28 18:39:48.742 [info] > git for-each-ref --format=%(refname)%00%(upstream:short)%00%(objectname)%00%(upstream:track)%00%(upstream:remotename)%00%(upstream:remoteref) refs/heads/main refs/remotes/main [2ms]
2025-04-28 18:39:48.757 [info] > git for-each-ref --sort -committerdate --format %(refname)%00%(objectname)%00%(*objectname) [2ms]
2025-04-28 18:39:48.769 [info] > git status -z -uall [20ms]
2025-04-28 18:44:48.927 [info] > git config --get commit.template [7ms]
2025-04-28 18:44:48.928 [info] > git for-each-ref --format=%(refname)%00%(upstream:short)%00%(objectname)%00%(upstream:track)%00%(upstream:remotename)%00%(upstream:remoteref) refs/heads/main refs/remotes/main [2ms]
2025-04-28 18:44:48.944 [info] > git for-each-ref --sort -committerdate --format %(refname)%00%(objectname)%00%(*objectname) [2ms]
2025-04-28 18:44:48.956 [info] > git status -z -uall [20ms]
2025-04-28 18:49:49.076 [info] > git config --get commit.template [9ms]
2025-04-28 18:49:49.076 [info] > git for-each-ref --format=%(refname)%00%(upstream:short)%00%(objectname)%00%(upstream:track)%00%(upstream:remotename)%00%(upstream:remoteref) refs/heads/main refs/remotes/main [2ms]
2025-04-28 18:49:49.090 [info] > git for-each-ref --sort -committerdate --format %(refname)%00%(objectname)%00%(*objectname) [2ms]
2025-04-28 18:49:49.102 [info] > git status -z -uall [20ms]
2025-04-28 18:54:49.263 [info] > git config --get commit.template [1ms]
2025-04-28 18:54:49.272 [info] > git for-each-ref --format=%(refname)%00%(upstream:short)%00%(objectname)%00%(upstream:track)%00%(upstream:remotename)%00%(upstream:remoteref) refs/heads/main refs/remotes/main [2ms]
2025-04-28 18:54:49.288 [info] > git for-each-ref --sort -committerdate --format %(refname)%00%(objectname)%00%(*objectname) [2ms]
2025-04-28 18:54:49.300 [info] > git status -z -uall [20ms]
2025-04-28 18:59:49.512 [info] > git config --get commit.template [2ms]
2025-04-28 18:59:49.521 [info] > git for-each-ref --format=%(refname)%00%(upstream:short)%00%(objectname)%00%(upstream:track)%00%(upstream:remotename)%00%(upstream:remoteref) refs/heads/main refs/remotes/main [2ms]
2025-04-28 18:59:49.537 [info] > git for-each-ref --sort -committerdate --format %(refname)%00%(objectname)%00%(*objectname) [1ms]
2025-04-28 18:59:49.550 [info] > git status -z -uall [20ms]
2025-04-28 19:04:49.750 [info] > git config --get commit.template [8ms]
2025-04-28 19:04:49.751 [info] > git for-each-ref --format=%(refname)%00%(upstream:short)%00%(objectname)%00%(upstream:track)%00%(upstream:remotename)%00%(upstream:remoteref) refs/heads/main refs/remotes/main [2ms]
2025-04-28 19:04:49.766 [info] > git for-each-ref --sort -committerdate --format %(refname)%00%(objectname)%00%(*objectname) [1ms]
2025-04-28 19:04:49.779 [info] > git status -z -uall [20ms]
2025-04-28 19:09:49.937 [info] > git config --get commit.template [7ms]
2025-04-28 19:09:49.939 [info] > git for-each-ref --format=%(refname)%00%(upstream:short)%00%(objectname)%00%(upstream:track)%00%(upstream:remotename)%00%(upstream:remoteref) refs/heads/main refs/remotes/main [3ms]
2025-04-28 19:09:49.960 [info] > git for-each-ref --sort -committerdate --format %(refname)%00%(objectname)%00%(*objectname) [2ms]
2025-04-28 19:09:49.973 [info] > git status -z -uall [23ms]
2025-04-28 19:14:50.152 [info] > git config --get commit.template [8ms]
2025-04-28 19:14:50.153 [info] > git for-each-ref --format=%(refname)%00%(upstream:short)%00%(objectname)%00%(upstream:track)%00%(upstream:remotename)%00%(upstream:remoteref) refs/heads/main refs/remotes/main [3ms]
2025-04-28 19:14:50.166 [info] > git for-each-ref --sort -committerdate --format %(refname)%00%(objectname)%00%(*objectname) [2ms]
2025-04-28 19:14:50.178 [info] > git status -z -uall [19ms]
2025-04-28 19:19:50.353 [info] > git config --get commit.template [8ms]
2025-04-28 19:19:50.354 [info] > git for-each-ref --format=%(refname)%00%(upstream:short)%00%(objectname)%00%(upstream:track)%00%(upstream:remotename)%00%(upstream:remoteref) refs/heads/main refs/remotes/main [2ms]
2025-04-28 19:19:50.369 [info] > git for-each-ref --sort -committerdate --format %(refname)%00%(objectname)%00%(*objectname) [2ms]
2025-04-28 19:19:50.382 [info] > git status -z -uall [20ms]
2025-04-28 19:24:50.499 [info] > git config --get commit.template [7ms]
2025-04-28 19:24:50.500 [info] > git for-each-ref --format=%(refname)%00%(upstream:short)%00%(objectname)%00%(upstream:track)%00%(upstream:remotename)%00%(upstream:remoteref) refs/heads/main refs/remotes/main [2ms]
2025-04-28 19:24:50.515 [info] > git for-each-ref --sort -committerdate --format %(refname)%00%(objectname)%00%(*objectname) [2ms]
2025-04-28 19:24:50.527 [info] > git status -z -uall [19ms]
2025-04-28 19:29:50.782 [info] > git config --get commit.template [10ms]
2025-04-28 19:29:50.784 [info] > git for-each-ref --format=%(refname)%00%(upstream:short)%00%(objectname)%00%(upstream:track)%00%(upstream:remotename)%00%(upstream:remoteref) refs/heads/main refs/remotes/main [2ms]
2025-04-28 19:29:50.810 [info] > git for-each-ref --sort -committerdate --format %(refname)%00%(objectname)%00%(*objectname) [0ms]
2025-04-28 19:29:50.823 [info] > git status -z -uall [22ms]
2025-04-28 19:30:32.543 [info] > git rev-parse --show-toplevel [1ms]
2025-04-28 19:30:32.551 [info] > git rev-parse --git-dir --git-common-dir [1ms]
2025-04-28 19:30:32.561 [info] [Model][openRepository] Opened repository: /home/max/picom
2025-04-28 19:30:32.572 [info] > git config --get commit.template [4ms]
2025-04-28 19:30:32.578 [warning] [Git][getHEAD] Failed to parse HEAD file: Repository is using reftable format.
2025-04-28 19:30:32.626 [info] > git symbolic-ref --short HEAD [48ms]
2025-04-28 19:30:32.626 [info] fatal: No such ref: HEAD
2025-04-28 19:30:32.634 [info] > git rev-parse HEAD [2ms]
2025-04-28 19:30:32.634 [info] fatal: ambiguous argument 'HEAD': unknown revision or path not in the working tree.
Use '--' to separate paths from revisions, like this:
'git <command> [<revision>...] -- [<file>...]'
2025-04-28 19:30:32.652 [info] > git status -z -uall [10ms]
2025-04-28 19:30:32.653 [info] > git for-each-ref --sort -committerdate --format %(refname)%00%(objectname)%00%(*objectname) [2ms]
2025-04-28 19:30:32.667 [info] > git config --get commit.template [2ms]
2025-04-28 19:30:32.667 [info] > git symbolic-ref --short HEAD [7ms]
2025-04-28 19:30:32.667 [info] fatal: No such ref: HEAD
2025-04-28 19:30:32.674 [info] > git rev-parse HEAD [1ms]
2025-04-28 19:30:32.675 [info] fatal: ambiguous argument 'HEAD': unknown revision or path not in the working tree.
Use '--' to separate paths from revisions, like this:
'git <command> [<revision>...] -- [<file>...]'
2025-04-28 19:30:32.689 [info] > git status -z -uall [9ms]
2025-04-28 19:30:32.689 [info] > git for-each-ref --sort -committerdate --format %(refname)%00%(objectname)%00%(*objectname) [2ms]
2025-04-28 19:30:33.110 [info] > git check-ignore -v -z --stdin [4ms]
2025-04-28 19:30:33.829 [info] > git config --get commit.template [6ms]
2025-04-28 19:30:33.830 [info] > git for-each-ref --format=%(refname)%00%(upstream:short)%00%(objectname)%00%(upstream:track)%00%(upstream:remotename)%00%(upstream:remoteref) refs/heads/main refs/remotes/main [2ms]
2025-04-28 19:30:33.843 [info] > git for-each-ref --sort -committerdate --format %(refname)%00%(objectname)%00%(*objectname) [2ms]
2025-04-28 19:30:33.855 [info] > git status -z -uall [20ms]
2025-04-28 19:30:34.700 [info] > git symbolic-ref --short HEAD [9ms]
2025-04-28 19:30:34.706 [info] > git config --get commit.template [8ms]
2025-04-28 19:30:34.707 [info] > git for-each-ref --format=%(refname)%00%(upstream:short)%00%(objectname)%00%(upstream:track)%00%(upstream:remotename)%00%(upstream:remoteref) refs/heads/next refs/remotes/next [2ms]
2025-04-28 19:30:34.713 [warning] [Git][revParse] Unable to read file: ENOENT: no such file or directory, open '/home/max/picom/.git/refs/remotes/origin/next'
2025-04-28 19:30:34.715 [info] > git rev-parse refs/remotes/origin/next [2ms]
2025-04-28 19:30:34.732 [info] > git for-each-ref --sort -committerdate --format %(refname)%00%(objectname)%00%(*objectname) [3ms]
2025-04-28 19:30:34.738 [info] > git status -z -uall [16ms]
2025-04-28 19:30:34.753 [info] > git for-each-ref --format=%(refname)%00%(upstream:short)%00%(objectname)%00%(upstream:track)%00%(upstream:remotename)%00%(upstream:remoteref) refs/heads/next refs/remotes/next [1ms]
2025-04-28 19:30:34.760 [info] > git config --get --local branch.next.vscode-merge-base [1ms]
2025-04-28 19:30:34.760 [warning] [Git][config] git config failed: Failed to execute git
2025-04-28 19:30:34.767 [info] > git reflog next --grep-reflog=branch: Created from *. [2ms]
2025-04-28 19:30:34.774 [info] > git symbolic-ref --short refs/remotes/origin/HEAD [1ms]
2025-04-28 19:30:34.780 [info] > git for-each-ref --format=%(refname)%00%(upstream:short)%00%(objectname)%00%(upstream:track)%00%(upstream:remotename)%00%(upstream:remoteref) refs/heads/origin/next refs/remotes/origin/next [1ms]
2025-04-28 19:30:34.787 [info] > git config --add --local branch.next.vscode-merge-base origin/next [2ms]
2025-04-28 19:30:34.797 [info] > git symbolic-ref --short HEAD [6ms]
2025-04-28 19:30:34.802 [info] > git config --get commit.template [6ms]
2025-04-28 19:30:34.803 [info] > git for-each-ref --format=%(refname)%00%(upstream:short)%00%(objectname)%00%(upstream:track)%00%(upstream:remotename)%00%(upstream:remoteref) refs/heads/next refs/remotes/next [2ms]
2025-04-28 19:30:34.808 [warning] [Git][revParse] Unable to read file: ENOENT: no such file or directory, open '/home/max/picom/.git/refs/remotes/origin/next'
2025-04-28 19:30:34.809 [info] > git rev-parse refs/remotes/origin/next [1ms]
2025-04-28 19:30:34.822 [info] > git for-each-ref --sort -committerdate --format %(refname)%00%(objectname)%00%(*objectname) [3ms]
2025-04-28 19:30:34.827 [info] > git status -z -uall [13ms]
2025-04-28 19:30:34.844 [info] > git for-each-ref --format=%(refname)%00%(upstream:short)%00%(objectname)%00%(upstream:track)%00%(upstream:remotename)%00%(upstream:remoteref) refs/heads/next refs/remotes/next [7ms]
2025-04-28 19:30:34.849 [info] > git merge-base refs/heads/next refs/remotes/origin/next [7ms]
2025-04-28 19:30:34.855 [info] > git config --get --local branch.next.vscode-merge-base [7ms]
2025-04-28 19:30:34.860 [info] > git diff --name-status -z --diff-filter=ADMR e9834631b85da58d1f9cb258a0e020eedda58100...refs/remotes/origin/next [6ms]
2025-04-28 19:30:34.861 [info] > git for-each-ref --format=%(refname)%00%(upstream:short)%00%(objectname)%00%(upstream:track)%00%(upstream:remotename)%00%(upstream:remoteref) refs/heads/origin/next refs/remotes/origin/next [1ms]
2025-04-28 19:30:39.767 [info] > git symbolic-ref --short HEAD [8ms]
2025-04-28 19:30:39.772 [info] > git config --get commit.template [6ms]
2025-04-28 19:30:39.773 [info] > git for-each-ref --format=%(refname)%00%(upstream:short)%00%(objectname)%00%(upstream:track)%00%(upstream:remotename)%00%(upstream:remoteref) refs/heads/next refs/remotes/next [1ms]
2025-04-28 19:30:39.779 [warning] [Git][revParse] Unable to read file: ENOENT: no such file or directory, open '/home/max/picom/.git/refs/remotes/origin/next'
2025-04-28 19:30:39.780 [info] > git rev-parse refs/remotes/origin/next [1ms]
2025-04-28 19:30:39.794 [info] > git for-each-ref --sort -committerdate --format %(refname)%00%(objectname)%00%(*objectname) [3ms]
2025-04-28 19:30:39.801 [info] > git status -z -uall [15ms]
2025-04-28 19:30:45.032 [info] > git config --get commit.template [9ms]
2025-04-28 19:30:45.033 [info] > git for-each-ref --format=%(refname)%00%(upstream:short)%00%(objectname)%00%(upstream:track)%00%(upstream:remotename)%00%(upstream:remoteref) refs/heads/main refs/remotes/main [2ms]
2025-04-28 19:30:45.046 [info] > git for-each-ref --sort -committerdate --format %(refname)%00%(objectname)%00%(*objectname) [1ms]
2025-04-28 19:30:45.062 [info] > git status -z -uall [23ms]
2025-04-28 19:31:35.549 [info] > git symbolic-ref --short HEAD [8ms]
2025-04-28 19:31:35.556 [info] > git config --get commit.template [7ms]
2025-04-28 19:31:35.557 [info] > git for-each-ref --format=%(refname)%00%(upstream:short)%00%(objectname)%00%(upstream:track)%00%(upstream:remotename)%00%(upstream:remoteref) refs/heads/next refs/remotes/next [2ms]
2025-04-28 19:31:35.562 [warning] [Git][revParse] Unable to read file: ENOENT: no such file or directory, open '/home/max/picom/.git/refs/remotes/origin/next'
2025-04-28 19:31:35.564 [info] > git rev-parse refs/remotes/origin/next [2ms]
2025-04-28 19:31:35.578 [info] > git for-each-ref --sort -committerdate --format %(refname)%00%(objectname)%00%(*objectname) [3ms]
2025-04-28 19:31:35.589 [info] > git status -z -uall [20ms]
2025-04-28 19:31:40.616 [info] > git symbolic-ref --short HEAD [7ms]
2025-04-28 19:31:40.624 [info] > git config --get commit.template [8ms]
2025-04-28 19:31:40.626 [info] > git for-each-ref --format=%(refname)%00%(upstream:short)%00%(objectname)%00%(upstream:track)%00%(upstream:remotename)%00%(upstream:remoteref) refs/heads/next refs/remotes/next [2ms]
2025-04-28 19:31:40.631 [warning] [Git][revParse] Unable to read file: ENOENT: no such file or directory, open '/home/max/picom/.git/refs/remotes/origin/next'
2025-04-28 19:31:40.633 [info] > git rev-parse refs/remotes/origin/next [2ms]
2025-04-28 19:31:40.647 [info] > git for-each-ref --sort -committerdate --format %(refname)%00%(objectname)%00%(*objectname) [3ms]
2025-04-28 19:31:40.654 [info] > git status -z -uall [16ms]
2025-04-28 19:31:54.706 [info] > git symbolic-ref --short HEAD [7ms]
2025-04-28 19:31:54.713 [info] > git config --get commit.template [7ms]
2025-04-28 19:31:54.714 [info] > git for-each-ref --format=%(refname)%00%(upstream:short)%00%(objectname)%00%(upstream:track)%00%(upstream:remotename)%00%(upstream:remoteref) refs/heads/next refs/remotes/next [2ms]
2025-04-28 19:31:54.720 [warning] [Git][revParse] Unable to read file: ENOENT: no such file or directory, open '/home/max/picom/.git/refs/remotes/origin/next'
2025-04-28 19:31:54.721 [info] > git rev-parse refs/remotes/origin/next [1ms]
2025-04-28 19:31:54.734 [info] > git for-each-ref --sort -committerdate --format %(refname)%00%(objectname)%00%(*objectname) [3ms]
2025-04-28 19:31:54.740 [info] > git status -z -uall [14ms]
2025-04-28 19:32:09.672 [info] > git symbolic-ref --short HEAD [8ms]
2025-04-28 19:32:09.681 [info] > git config --get commit.template [10ms]
2025-04-28 19:32:09.683 [info] > git for-each-ref --format=%(refname)%00%(upstream:short)%00%(objectname)%00%(upstream:track)%00%(upstream:remotename)%00%(upstream:remoteref) refs/heads/next refs/remotes/next [3ms]
2025-04-28 19:32:09.689 [warning] [Git][revParse] Unable to read file: ENOENT: no such file or directory, open '/home/max/picom/.git/refs/remotes/origin/next'
2025-04-28 19:32:09.690 [info] > git rev-parse refs/remotes/origin/next [1ms]
2025-04-28 19:32:09.705 [info] > git for-each-ref --sort -committerdate --format %(refname)%00%(objectname)%00%(*objectname) [3ms]
2025-04-28 19:32:09.711 [info] > git status -z -uall [15ms]
2025-04-28 19:32:16.066 [info] > git symbolic-ref --short HEAD [9ms]
2025-04-28 19:32:16.075 [info] > git config --get commit.template [10ms]
2025-04-28 19:32:16.077 [info] > git for-each-ref --format=%(refname)%00%(upstream:short)%00%(objectname)%00%(upstream:track)%00%(upstream:remotename)%00%(upstream:remoteref) refs/heads/next refs/remotes/next [3ms]
2025-04-28 19:32:16.091 [warning] [Git][revParse] Unable to read file: ENOENT: no such file or directory, open '/home/max/picom/.git/refs/remotes/origin/next'
2025-04-28 19:32:16.095 [info] > git rev-parse refs/remotes/origin/next [4ms]
2025-04-28 19:32:16.143 [info] > git for-each-ref --sort -committerdate --format %(refname)%00%(objectname)%00%(*objectname) [12ms]
2025-04-28 19:32:16.164 [info] > git status -z -uall [54ms]
2025-04-28 19:32:21.835 [info] > git symbolic-ref --short HEAD [5ms]
2025-04-28 19:32:21.840 [info] > git config --get commit.template [5ms]
2025-04-28 19:32:21.841 [info] > git for-each-ref --format=%(refname)%00%(upstream:short)%00%(objectname)%00%(upstream:track)%00%(upstream:remotename)%00%(upstream:remoteref) refs/heads/next refs/remotes/next [1ms]
2025-04-28 19:32:21.846 [warning] [Git][revParse] Unable to read file: ENOENT: no such file or directory, open '/home/max/picom/.git/refs/remotes/origin/next'
2025-04-28 19:32:21.847 [info] > git rev-parse refs/remotes/origin/next [1ms]
2025-04-28 19:32:21.860 [info] > git for-each-ref --sort -committerdate --format %(refname)%00%(objectname)%00%(*objectname) [3ms]
2025-04-28 19:32:21.866 [info] > git status -z -uall [14ms]
2025-04-28 19:32:26.891 [info] > git symbolic-ref --short HEAD [8ms]
2025-04-28 19:32:26.898 [info] > git config --get commit.template [8ms]
2025-04-28 19:32:26.900 [info] > git for-each-ref --format=%(refname)%00%(upstream:short)%00%(objectname)%00%(upstream:track)%00%(upstream:remotename)%00%(upstream:remoteref) refs/heads/next refs/remotes/next [2ms]
2025-04-28 19:32:26.908 [warning] [Git][revParse] Unable to read file: ENOENT: no such file or directory, open '/home/max/picom/.git/refs/remotes/origin/next'
2025-04-28 19:32:26.909 [info] > git rev-parse refs/remotes/origin/next [1ms]
2025-04-28 19:32:26.923 [info] > git for-each-ref --sort -committerdate --format %(refname)%00%(objectname)%00%(*objectname) [3ms]
2025-04-28 19:32:26.929 [info] > git status -z -uall [14ms]
2025-04-28 19:32:31.956 [info] > git symbolic-ref --short HEAD [9ms]
2025-04-28 19:32:31.964 [info] > git config --get commit.template [10ms]
2025-04-28 19:32:31.966 [info] > git for-each-ref --format=%(refname)%00%(upstream:short)%00%(objectname)%00%(upstream:track)%00%(upstream:remotename)%00%(upstream:remoteref) refs/heads/next refs/remotes/next [3ms]
2025-04-28 19:32:31.973 [warning] [Git][revParse] Unable to read file: ENOENT: no such file or directory, open '/home/max/picom/.git/refs/remotes/origin/next'
2025-04-28 19:32:31.974 [info] > git rev-parse refs/remotes/origin/next [1ms]
2025-04-28 19:32:31.989 [info] > git for-each-ref --sort -committerdate --format %(refname)%00%(objectname)%00%(*objectname) [3ms]
2025-04-28 19:32:31.996 [info] > git status -z -uall [16ms]
2025-04-28 19:32:37.015 [info] > git symbolic-ref --short HEAD [7ms]
2025-04-28 19:32:37.021 [info] > git config --get commit.template [6ms]
2025-04-28 19:32:37.022 [info] > git for-each-ref --format=%(refname)%00%(upstream:short)%00%(objectname)%00%(upstream:track)%00%(upstream:remotename)%00%(upstream:remoteref) refs/heads/next refs/remotes/next [1ms]
2025-04-28 19:32:37.027 [warning] [Git][revParse] Unable to read file: ENOENT: no such file or directory, open '/home/max/picom/.git/refs/remotes/origin/next'
2025-04-28 19:32:37.029 [info] > git rev-parse refs/remotes/origin/next [2ms]
2025-04-28 19:32:37.041 [info] > git for-each-ref --sort -committerdate --format %(refname)%00%(objectname)%00%(*objectname) [2ms]
2025-04-28 19:32:37.047 [info] > git status -z -uall [13ms]
2025-04-28 19:32:42.070 [info] > git symbolic-ref --short HEAD [7ms]
2025-04-28 19:32:42.076 [info] > git config --get commit.template [6ms]
2025-04-28 19:32:42.077 [info] > git for-each-ref --format=%(refname)%00%(upstream:short)%00%(objectname)%00%(upstream:track)%00%(upstream:remotename)%00%(upstream:remoteref) refs/heads/next refs/remotes/next [2ms]
2025-04-28 19:32:42.082 [warning] [Git][revParse] Unable to read file: ENOENT: no such file or directory, open '/home/max/picom/.git/refs/remotes/origin/next'
2025-04-28 19:32:42.083 [info] > git rev-parse refs/remotes/origin/next [1ms]
2025-04-28 19:32:42.096 [info] > git for-each-ref --sort -committerdate --format %(refname)%00%(objectname)%00%(*objectname) [3ms]
2025-04-28 19:32:42.102 [info] > git status -z -uall [14ms]
2025-04-28 19:34:50.996 [info] > git config --get commit.template [8ms]
2025-04-28 19:34:50.997 [info] > git for-each-ref --format=%(refname)%00%(upstream:short)%00%(objectname)%00%(upstream:track)%00%(upstream:remotename)%00%(upstream:remoteref) refs/heads/main refs/remotes/main [2ms]
2025-04-28 19:34:51.012 [info] > git for-each-ref --sort -committerdate --format %(refname)%00%(objectname)%00%(*objectname) [2ms]
2025-04-28 19:34:51.025 [info] > git status -z -uall [22ms]
2025-04-28 19:34:58.354 [info] > git config --get commit.template [8ms]
2025-04-28 19:34:58.355 [info] > git for-each-ref --format=%(refname)%00%(upstream:short)%00%(objectname)%00%(upstream:track)%00%(upstream:remotename)%00%(upstream:remoteref) refs/heads/main refs/remotes/main [2ms]
2025-04-28 19:34:58.375 [info] > git for-each-ref --sort -committerdate --format %(refname)%00%(objectname)%00%(*objectname) [2ms]
2025-04-28 19:34:58.391 [info] > git status -z -uall [28ms]
2025-04-28 19:35:03.412 [info] > git config --get commit.template [7ms]
2025-04-28 19:35:03.414 [info] > git for-each-ref --format=%(refname)%00%(upstream:short)%00%(objectname)%00%(upstream:track)%00%(upstream:remotename)%00%(upstream:remoteref) refs/heads/main refs/remotes/main [3ms]
2025-04-28 19:35:03.427 [info] > git for-each-ref --sort -committerdate --format %(refname)%00%(objectname)%00%(*objectname) [2ms]
2025-04-28 19:35:03.440 [info] > git status -z -uall [21ms]
