2025-04-26 14:43:53.189 [info] Reading sessions from keychain...
2025-04-26 14:43:53.189 [info] Getting sessions for all scopes...
2025-04-26 14:43:53.189 [info] Getting sessions for all scopes...
2025-04-26 14:43:53.189 [info] Got 0 sessions for ...
2025-04-26 14:43:53.189 [info] Got 0 sessions for ...
2025-04-26 14:43:53.189 [info] Getting sessions for read:user,repo,user:email,workflow...
2025-04-26 14:43:53.189 [info] Got 0 sessions for read:user,repo,user:email,workflow...
2025-04-26 14:44:14.587 [info] Reading sessions from keychain...
2025-04-26 14:44:14.587 [info] Getting sessions for all scopes...
2025-04-26 14:44:14.587 [info] Getting sessions for all scopes...
2025-04-26 14:44:14.587 [info] Got 0 sessions for ...
2025-04-26 14:44:14.587 [info] Got 0 sessions for ...
2025-04-26 14:44:14.587 [info] Getting sessions for read:user,repo,user:email,workflow...
2025-04-26 14:44:14.587 [info] Got 0 sessions for read:user,repo,user:email,workflow...
2025-04-26 14:44:15.409 [info] Getting sessions for all scopes...
2025-04-26 14:44:15.409 [info] Got 0 sessions for ...
2025-04-26 14:53:09.818 [info] Reading sessions from keychain...
2025-04-26 14:53:09.818 [info] Getting sessions for all scopes...
2025-04-26 14:53:09.818 [info] Getting sessions for all scopes...
2025-04-26 14:53:09.818 [info] Got 0 sessions for ...
2025-04-26 14:53:09.818 [info] Got 0 sessions for ...
2025-04-26 14:53:09.818 [info] Getting sessions for read:user,repo,user:email,workflow...
2025-04-26 14:53:09.818 [info] Got 0 sessions for read:user,repo,user:email,workflow...
