2025-05-07 19:01:51.157 [info] [main] Log level: Info
2025-05-07 19:01:51.157 [info] [main] Validating found git in: "git"
2025-05-07 19:01:51.499 [info] [main] Using git "2.49.0" from "git"
2025-05-07 19:01:51.499 [info] [Model][doInitialScan] Initial repository scan started
2025-05-07 19:01:51.623 [info] > git rev-parse --show-toplevel [59ms]
2025-05-07 19:01:52.200 [info] > git rev-parse --git-dir --git-common-dir [7ms]
2025-05-07 19:01:52.243 [info] [Model][openRepository] Opened repository: /home/max/Code/ux_portfolio_2025
2025-05-07 19:01:52.291 [info] > git rev-parse --show-toplevel [7ms]
2025-05-07 19:01:52.339 [info] > git rev-parse --show-toplevel [26ms]
2025-05-07 19:01:52.340 [info] [Model][doInitialScan] Initial repository scan completed - repositories (1), closed repositories (0), parent repositories (0), unsafe repositories (0)
2025-05-07 19:01:52.661 [info] > git config --get commit.template [390ms]
2025-05-07 19:01:53.195 [info] > git for-each-ref --format=%(refname)%00%(upstream:short)%00%(objectname)%00%(upstream:track)%00%(upstream:remotename)%00%(upstream:remoteref) refs/heads/main refs/remotes/main [862ms]
2025-05-07 19:01:53.211 [warning] [Git][revParse] Unable to read file: ENOENT: no such file or directory, open '/home/max/Code/ux_portfolio_2025/.git/refs/remotes/origin/main'
2025-05-07 19:01:53.215 [info] > git rev-parse refs/remotes/origin/main [5ms]
2025-05-07 19:01:53.255 [info] > git check-ignore -v -z --stdin [394ms]
2025-05-07 19:01:53.260 [info] > git for-each-ref --sort -committerdate --format %(refname)%00%(objectname)%00%(*objectname) [10ms]
2025-05-07 19:01:53.456 [info] > git status -z -uall [224ms]
2025-05-07 19:01:53.571 [info] > git for-each-ref --format=%(refname)%00%(upstream:short)%00%(objectname)%00%(upstream:track)%00%(upstream:remotename)%00%(upstream:remoteref) refs/heads/main refs/remotes/main [25ms]
2025-05-07 19:01:53.634 [info] > git config --get --local branch.main.vscode-merge-base [46ms]
2025-05-07 19:01:53.645 [info] > git config --get commit.template [75ms]
2025-05-07 19:01:53.647 [info] > git for-each-ref --format=%(refname)%00%(upstream:short)%00%(objectname)%00%(upstream:track)%00%(upstream:remotename)%00%(upstream:remoteref) refs/heads/origin/main refs/remotes/origin/main [4ms]
2025-05-07 19:01:53.979 [info] > git merge-base refs/heads/main refs/remotes/origin/main [324ms]
2025-05-07 19:01:54.002 [info] > git diff --name-status -z --diff-filter=ADMR 4831e9ab94f53a64c6483270de7d3c465033e1e2...refs/remotes/origin/main [8ms]
2025-05-07 19:01:54.004 [info] > git for-each-ref --format=%(refname)%00%(upstream:short)%00%(objectname)%00%(upstream:track)%00%(upstream:remotename)%00%(upstream:remoteref) refs/heads/main refs/remotes/main [28ms]
2025-05-07 19:01:54.015 [warning] [Git][revParse] Unable to read file: ENOENT: no such file or directory, open '/home/max/Code/ux_portfolio_2025/.git/refs/remotes/origin/main'
2025-05-07 19:01:54.019 [info] > git rev-parse refs/remotes/origin/main [4ms]
2025-05-07 19:01:54.043 [info] > git status -z -uall [13ms]
2025-05-07 19:01:54.046 [info] > git for-each-ref --sort -committerdate --format %(refname)%00%(objectname)%00%(*objectname) [5ms]
2025-05-07 19:02:29.991 [info] > git check-ignore -v -z --stdin [5ms]
2025-05-07 19:45:00.414 [info] > git config --get commit.template [4ms]
2025-05-07 19:45:00.431 [info] > git for-each-ref --format=%(refname)%00%(upstream:short)%00%(objectname)%00%(upstream:track)%00%(upstream:remotename)%00%(upstream:remoteref) refs/heads/main refs/remotes/main [3ms]
2025-05-07 19:45:00.447 [warning] [Git][revParse] Unable to read file: ENOENT: no such file or directory, open '/home/max/Code/ux_portfolio_2025/.git/refs/remotes/origin/main'
2025-05-07 19:45:00.448 [info] > git rev-parse refs/remotes/origin/main [3ms]
2025-05-07 19:45:00.477 [info] > git status -z -uall [19ms]
2025-05-07 19:45:00.480 [info] > git for-each-ref --sort -committerdate --format %(refname)%00%(objectname)%00%(*objectname) [8ms]
2025-05-07 19:45:10.261 [info] > git config --get commit.template [9ms]
2025-05-07 19:45:10.262 [info] > git for-each-ref --format=%(refname)%00%(upstream:short)%00%(objectname)%00%(upstream:track)%00%(upstream:remotename)%00%(upstream:remoteref) refs/heads/main refs/remotes/main [3ms]
2025-05-07 19:45:10.268 [warning] [Git][revParse] Unable to read file: ENOENT: no such file or directory, open '/home/max/Code/ux_portfolio_2025/.git/refs/remotes/origin/main'
2025-05-07 19:45:10.269 [info] > git rev-parse refs/remotes/origin/main [1ms]
2025-05-07 19:45:10.284 [info] > git status -z -uall [8ms]
2025-05-07 19:45:10.285 [info] > git for-each-ref --sort -committerdate --format %(refname)%00%(objectname)%00%(*objectname) [2ms]
2025-05-07 20:55:08.823 [info] > git rev-parse --show-toplevel [2ms]
2025-05-07 20:55:08.829 [info] > git rev-parse --path-format=relative --show-toplevel [1ms]
2025-05-07 20:59:46.752 [info] > git rev-parse --show-toplevel [1ms]
2025-05-07 20:59:46.758 [info] > git rev-parse --path-format=relative --show-toplevel [2ms]
2025-05-07 22:14:12.630 [info] > git check-ignore -v -z --stdin [8ms]
2025-05-07 22:14:23.545 [info] > git ls-files --stage -- src/styles/colors.scss [2ms]
2025-05-07 22:14:23.556 [info] > git hash-object -t tree /dev/null [2ms]
2025-05-07 22:14:23.556 [warning] [GitFileSystemProvider][stat] File not found - git:/home/max/Code/ux_portfolio_2025/src/styles/colors.scss.git?%7B%22path%22%3A%22%2Fhome%2Fmax%2FCode%2Fux_portfolio_2025%2Fsrc%2Fstyles%2Fcolors.scss%22%2C%22ref%22%3A%22%22%7D
2025-05-07 22:14:23.559 [info] > git show --textconv :src/styles/colors.scss [24ms]
2025-05-07 22:14:23.560 [warning] [GitFileSystemProvider][readFile] File not found - git:/home/max/Code/ux_portfolio_2025/src/styles/colors.scss.git?%7B%22path%22%3A%22%2Fhome%2Fmax%2FCode%2Fux_portfolio_2025%2Fsrc%2Fstyles%2Fcolors.scss%22%2C%22ref%22%3A%22%22%7D
2025-05-07 22:14:23.810 [info] > git check-ignore -v -z --stdin [3ms]
2025-05-07 22:14:24.336 [info] > git config --get commit.template [21ms]
2025-05-07 22:14:24.342 [info] > git for-each-ref --format=%(refname)%00%(upstream:short)%00%(objectname)%00%(upstream:track)%00%(upstream:remotename)%00%(upstream:remoteref) refs/heads/main refs/remotes/main [8ms]
2025-05-07 22:14:24.361 [warning] [Git][revParse] Unable to read file: ENOENT: no such file or directory, open '/home/max/Code/ux_portfolio_2025/.git/refs/remotes/origin/main'
2025-05-07 22:14:24.368 [info] > git rev-parse refs/remotes/origin/main [7ms]
2025-05-07 22:14:24.407 [info] > git status -z -uall [21ms]
2025-05-07 22:14:24.412 [info] > git for-each-ref --sort -committerdate --format %(refname)%00%(objectname)%00%(*objectname) [8ms]
2025-05-07 22:14:29.442 [info] > git config --get commit.template [9ms]
2025-05-07 22:14:29.443 [info] > git for-each-ref --format=%(refname)%00%(upstream:short)%00%(objectname)%00%(upstream:track)%00%(upstream:remotename)%00%(upstream:remoteref) refs/heads/main refs/remotes/main [2ms]
2025-05-07 22:14:29.450 [warning] [Git][revParse] Unable to read file: ENOENT: no such file or directory, open '/home/max/Code/ux_portfolio_2025/.git/refs/remotes/origin/main'
2025-05-07 22:14:29.451 [info] > git rev-parse refs/remotes/origin/main [1ms]
2025-05-07 22:14:29.466 [info] > git status -z -uall [8ms]
2025-05-07 22:14:29.468 [info] > git for-each-ref --sort -committerdate --format %(refname)%00%(objectname)%00%(*objectname) [2ms]
2025-05-07 22:14:36.962 [info] > git config --get commit.template [27ms]
2025-05-07 22:14:36.967 [info] > git for-each-ref --format=%(refname)%00%(upstream:short)%00%(objectname)%00%(upstream:track)%00%(upstream:remotename)%00%(upstream:remoteref) refs/heads/main refs/remotes/main [9ms]
2025-05-07 22:14:36.986 [warning] [Git][revParse] Unable to read file: ENOENT: no such file or directory, open '/home/max/Code/ux_portfolio_2025/.git/refs/remotes/origin/main'
2025-05-07 22:14:36.992 [info] > git rev-parse refs/remotes/origin/main [7ms]
2025-05-07 22:14:37.034 [info] > git status -z -uall [24ms]
2025-05-07 22:14:37.038 [info] > git for-each-ref --sort -committerdate --format %(refname)%00%(objectname)%00%(*objectname) [6ms]
2025-05-07 22:15:42.359 [info] > git config --get commit.template [23ms]
2025-05-07 22:15:42.365 [info] > git for-each-ref --format=%(refname)%00%(upstream:short)%00%(objectname)%00%(upstream:track)%00%(upstream:remotename)%00%(upstream:remoteref) refs/heads/main refs/remotes/main [7ms]
2025-05-07 22:15:42.389 [warning] [Git][revParse] Unable to read file: ENOENT: no such file or directory, open '/home/max/Code/ux_portfolio_2025/.git/refs/remotes/origin/main'
2025-05-07 22:15:42.394 [info] > git rev-parse refs/remotes/origin/main [6ms]
2025-05-07 22:15:42.433 [info] > git status -z -uall [23ms]
2025-05-07 22:15:42.438 [info] > git for-each-ref --sort -committerdate --format %(refname)%00%(objectname)%00%(*objectname) [8ms]
2025-05-07 22:18:50.174 [info] > git config --get commit.template [7ms]
2025-05-07 22:18:50.175 [info] > git for-each-ref --format=%(refname)%00%(upstream:short)%00%(objectname)%00%(upstream:track)%00%(upstream:remotename)%00%(upstream:remoteref) refs/heads/main refs/remotes/main [2ms]
2025-05-07 22:18:50.183 [warning] [Git][revParse] Unable to read file: ENOENT: no such file or directory, open '/home/max/Code/ux_portfolio_2025/.git/refs/remotes/origin/main'
2025-05-07 22:18:50.186 [info] > git rev-parse refs/remotes/origin/main [3ms]
2025-05-07 22:18:50.207 [info] > git status -z -uall [14ms]
2025-05-07 22:18:50.208 [info] > git for-each-ref --sort -committerdate --format %(refname)%00%(objectname)%00%(*objectname) [5ms]
2025-05-07 22:18:55.221 [info] > git config --get commit.template [2ms]
2025-05-07 22:18:55.227 [info] > git for-each-ref --format=%(refname)%00%(upstream:short)%00%(objectname)%00%(upstream:track)%00%(upstream:remotename)%00%(upstream:remoteref) refs/heads/main refs/remotes/main [1ms]
2025-05-07 22:18:55.232 [warning] [Git][revParse] Unable to read file: ENOENT: no such file or directory, open '/home/max/Code/ux_portfolio_2025/.git/refs/remotes/origin/main'
2025-05-07 22:18:55.233 [info] > git rev-parse refs/remotes/origin/main [1ms]
2025-05-07 22:18:55.245 [info] > git status -z -uall [7ms]
2025-05-07 22:18:55.246 [info] > git for-each-ref --sort -committerdate --format %(refname)%00%(objectname)%00%(*objectname) [2ms]
2025-05-07 22:19:04.305 [info] > git config --get commit.template [9ms]
2025-05-07 22:19:04.306 [info] > git for-each-ref --format=%(refname)%00%(upstream:short)%00%(objectname)%00%(upstream:track)%00%(upstream:remotename)%00%(upstream:remoteref) refs/heads/main refs/remotes/main [2ms]
2025-05-07 22:19:04.314 [warning] [Git][revParse] Unable to read file: ENOENT: no such file or directory, open '/home/max/Code/ux_portfolio_2025/.git/refs/remotes/origin/main'
2025-05-07 22:19:04.315 [info] > git rev-parse refs/remotes/origin/main [2ms]
2025-05-07 22:19:04.332 [info] > git status -z -uall [10ms]
2025-05-07 22:19:04.334 [info] > git for-each-ref --sort -committerdate --format %(refname)%00%(objectname)%00%(*objectname) [3ms]
2025-05-08 06:50:56.001 [info] > git config --get commit.template [20ms]
2025-05-08 06:50:56.005 [info] > git for-each-ref --format=%(refname)%00%(upstream:short)%00%(objectname)%00%(upstream:track)%00%(upstream:remotename)%00%(upstream:remoteref) refs/heads/main refs/remotes/main [6ms]
2025-05-08 06:50:56.023 [warning] [Git][revParse] Unable to read file: ENOENT: no such file or directory, open '/home/max/Code/ux_portfolio_2025/.git/refs/remotes/origin/main'
2025-05-08 06:50:56.028 [info] > git rev-parse refs/remotes/origin/main [5ms]
2025-05-08 06:50:56.070 [info] > git status -z -uall [23ms]
2025-05-08 06:50:56.075 [info] > git for-each-ref --sort -committerdate --format %(refname)%00%(objectname)%00%(*objectname) [8ms]
2025-05-08 06:57:48.063 [info] > git show --textconv :src/styles/typography.scss [10ms]
2025-05-08 06:57:48.064 [warning] [GitFileSystemProvider][readFile] File not found - git:/home/max/Code/ux_portfolio_2025/src/styles/typography.scss.git?%7B%22path%22%3A%22%2Fhome%2Fmax%2FCode%2Fux_portfolio_2025%2Fsrc%2Fstyles%2Ftypography.scss%22%2C%22ref%22%3A%22%22%7D
2025-05-08 06:57:48.065 [info] > git ls-files --stage -- src/styles/typography.scss [3ms]
2025-05-08 06:57:48.066 [warning] [GitFileSystemProvider][stat] File not found - git:/home/max/Code/ux_portfolio_2025/src/styles/typography.scss.git?%7B%22path%22%3A%22%2Fhome%2Fmax%2FCode%2Fux_portfolio_2025%2Fsrc%2Fstyles%2Ftypography.scss%22%2C%22ref%22%3A%22%22%7D
2025-05-08 06:57:48.327 [info] > git check-ignore -v -z --stdin [6ms]
2025-05-08 06:57:48.826 [info] > git config --get commit.template [5ms]
2025-05-08 06:57:48.846 [info] > git for-each-ref --format=%(refname)%00%(upstream:short)%00%(objectname)%00%(upstream:track)%00%(upstream:remotename)%00%(upstream:remoteref) refs/heads/main refs/remotes/main [5ms]
2025-05-08 06:57:48.862 [warning] [Git][revParse] Unable to read file: ENOENT: no such file or directory, open '/home/max/Code/ux_portfolio_2025/.git/refs/remotes/origin/main'
2025-05-08 06:57:48.867 [info] > git rev-parse refs/remotes/origin/main [4ms]
2025-05-08 06:57:48.902 [info] > git status -z -uall [19ms]
2025-05-08 06:57:48.906 [info] > git for-each-ref --sort -committerdate --format %(refname)%00%(objectname)%00%(*objectname) [6ms]
2025-05-08 06:57:53.941 [info] > git config --get commit.template [11ms]
2025-05-08 06:57:53.943 [info] > git for-each-ref --format=%(refname)%00%(upstream:short)%00%(objectname)%00%(upstream:track)%00%(upstream:remotename)%00%(upstream:remoteref) refs/heads/main refs/remotes/main [3ms]
2025-05-08 06:57:53.953 [warning] [Git][revParse] Unable to read file: ENOENT: no such file or directory, open '/home/max/Code/ux_portfolio_2025/.git/refs/remotes/origin/main'
2025-05-08 06:57:53.956 [info] > git rev-parse refs/remotes/origin/main [3ms]
2025-05-08 06:57:53.977 [info] > git status -z -uall [10ms]
2025-05-08 06:57:53.980 [info] > git for-each-ref --sort -committerdate --format %(refname)%00%(objectname)%00%(*objectname) [4ms]
2025-05-08 06:58:57.129 [info] > git config --get commit.template [25ms]
2025-05-08 06:58:57.134 [info] > git for-each-ref --format=%(refname)%00%(upstream:short)%00%(objectname)%00%(upstream:track)%00%(upstream:remotename)%00%(upstream:remoteref) refs/heads/main refs/remotes/main [7ms]
2025-05-08 06:58:57.156 [warning] [Git][revParse] Unable to read file: ENOENT: no such file or directory, open '/home/max/Code/ux_portfolio_2025/.git/refs/remotes/origin/main'
2025-05-08 06:58:57.162 [info] > git rev-parse refs/remotes/origin/main [7ms]
2025-05-08 06:58:57.209 [info] > git status -z -uall [27ms]
2025-05-08 06:58:57.214 [info] > git for-each-ref --sort -committerdate --format %(refname)%00%(objectname)%00%(*objectname) [7ms]
2025-05-08 06:59:58.018 [info] > git config --get commit.template [20ms]
2025-05-08 06:59:58.020 [info] > git for-each-ref --format=%(refname)%00%(upstream:short)%00%(objectname)%00%(upstream:track)%00%(upstream:remotename)%00%(upstream:remoteref) refs/heads/main refs/remotes/main [6ms]
2025-05-08 06:59:58.036 [warning] [Git][revParse] Unable to read file: ENOENT: no such file or directory, open '/home/max/Code/ux_portfolio_2025/.git/refs/remotes/origin/main'
2025-05-08 06:59:58.040 [info] > git rev-parse refs/remotes/origin/main [5ms]
2025-05-08 06:59:58.072 [info] > git status -z -uall [17ms]
2025-05-08 06:59:58.077 [info] > git for-each-ref --sort -committerdate --format %(refname)%00%(objectname)%00%(*objectname) [5ms]
2025-05-08 07:00:49.810 [info] > git config --get commit.template [20ms]
2025-05-08 07:00:49.814 [info] > git for-each-ref --format=%(refname)%00%(upstream:short)%00%(objectname)%00%(upstream:track)%00%(upstream:remotename)%00%(upstream:remoteref) refs/heads/main refs/remotes/main [5ms]
2025-05-08 07:00:49.829 [warning] [Git][revParse] Unable to read file: ENOENT: no such file or directory, open '/home/max/Code/ux_portfolio_2025/.git/refs/remotes/origin/main'
2025-05-08 07:00:49.833 [info] > git rev-parse refs/remotes/origin/main [4ms]
2025-05-08 07:00:49.867 [info] > git status -z -uall [18ms]
2025-05-08 07:00:49.872 [info] > git for-each-ref --sort -committerdate --format %(refname)%00%(objectname)%00%(*objectname) [5ms]
2025-05-08 12:21:39.197 [info] > git config --get commit.template [18ms]
2025-05-08 12:21:39.200 [info] > git for-each-ref --format=%(refname)%00%(upstream:short)%00%(objectname)%00%(upstream:track)%00%(upstream:remotename)%00%(upstream:remoteref) refs/heads/main refs/remotes/main [5ms]
2025-05-08 12:21:39.215 [warning] [Git][revParse] Unable to read file: ENOENT: no such file or directory, open '/home/max/Code/ux_portfolio_2025/.git/refs/remotes/origin/main'
2025-05-08 12:21:39.219 [info] > git rev-parse refs/remotes/origin/main [4ms]
2025-05-08 12:21:39.251 [info] > git status -z -uall [18ms]
2025-05-08 12:21:39.254 [info] > git for-each-ref --sort -committerdate --format %(refname)%00%(objectname)%00%(*objectname) [5ms]
2025-05-08 12:21:39.648 [info] > git show --textconv :src/styles/typography.scss [51ms]
2025-05-08 12:21:39.648 [info] > git show --textconv HEAD:src/styles/typography.scss [35ms]
2025-05-08 12:21:39.648 [info] > git ls-files --stage -- src/styles/typography.scss [20ms]
2025-05-08 12:21:39.666 [warning] [GitFileSystemProvider][readFile] File not found - git:/home/max/Code/ux_portfolio_2025/src/styles/typography.scss.git?%7B%22path%22%3A%22%2Fhome%2Fmax%2FCode%2Fux_portfolio_2025%2Fsrc%2Fstyles%2Ftypography.scss%22%2C%22ref%22%3A%22HEAD%22%7D
2025-05-08 12:21:39.672 [info] > git cat-file -s 6c27aabe762517d88d2b7ac6943de1037265ead0 [9ms]
2025-05-08 12:21:39.673 [info] > git ls-tree -l HEAD -- src/styles/typography.scss [28ms]
2025-05-08 12:21:39.675 [warning] [GitFileSystemProvider][stat] File not found - git:/home/max/Code/ux_portfolio_2025/src/styles/typography.scss.git?%7B%22path%22%3A%22%2Fhome%2Fmax%2FCode%2Fux_portfolio_2025%2Fsrc%2Fstyles%2Ftypography.scss%22%2C%22ref%22%3A%22HEAD%22%7D
2025-05-08 12:21:39.951 [info] > git blame --root --incremental 4831e9ab94f53a64c6483270de7d3c465033e1e2 -- src/styles/typography.scss [5ms]
2025-05-08 12:21:39.951 [info] fatal: no such path src/styles/typography.scss in 4831e9ab94f53a64c6483270de7d3c465033e1e2
2025-05-08 12:22:01.228 [info] > git config --get commit.template [17ms]
2025-05-08 12:22:01.232 [info] > git for-each-ref --format=%(refname)%00%(upstream:short)%00%(objectname)%00%(upstream:track)%00%(upstream:remotename)%00%(upstream:remoteref) refs/heads/main refs/remotes/main [6ms]
2025-05-08 12:22:01.246 [warning] [Git][revParse] Unable to read file: ENOENT: no such file or directory, open '/home/max/Code/ux_portfolio_2025/.git/refs/remotes/origin/main'
2025-05-08 12:22:01.250 [info] > git rev-parse refs/remotes/origin/main [4ms]
2025-05-08 12:22:01.284 [info] > git status -z -uall [20ms]
2025-05-08 12:22:01.289 [info] > git for-each-ref --sort -committerdate --format %(refname)%00%(objectname)%00%(*objectname) [8ms]
2025-05-08 12:22:01.342 [info] > git blame --root --incremental 795f286d172f5f9e5ab734d08651a8aa34a34dfa -- src/styles/typography.scss [27ms]
2025-05-08 12:22:01.384 [info] > git merge-base refs/heads/main refs/remotes/origin/main [48ms]
2025-05-08 12:22:01.406 [info] > git diff --name-status -z --diff-filter=ADMR 4831e9ab94f53a64c6483270de7d3c465033e1e2...refs/remotes/origin/main [12ms]
2025-05-08 12:22:01.410 [info] > git ls-files --stage -- src/styles/typography.scss [6ms]
2025-05-08 12:22:01.419 [info] > git cat-file -s 6c27aabe762517d88d2b7ac6943de1037265ead0 [2ms]
2025-05-08 12:22:01.430 [info] > git show --textconv :src/styles/typography.scss [3ms]
2025-05-08 12:22:07.583 [info] > git config --get commit.template [18ms]
2025-05-08 12:22:07.587 [info] > git for-each-ref --format=%(refname)%00%(upstream:short)%00%(objectname)%00%(upstream:track)%00%(upstream:remotename)%00%(upstream:remoteref) refs/heads/main refs/remotes/main [5ms]
2025-05-08 12:22:07.621 [info] > git status -z -uall [18ms]
2025-05-08 12:22:07.626 [info] > git for-each-ref --sort -committerdate --format %(refname)%00%(objectname)%00%(*objectname) [7ms]
2025-05-08 12:22:07.661 [info] > git merge-base refs/heads/main refs/remotes/origin/main [7ms]
2025-05-08 12:22:07.699 [info] > git diff --name-status -z --diff-filter=ADMR 795f286d172f5f9e5ab734d08651a8aa34a34dfa...refs/remotes/origin/main [23ms]
2025-05-08 12:22:07.702 [info] > git ls-files --stage -- src/styles/typography.scss [8ms]
2025-05-08 12:22:07.721 [info] > git cat-file -s 6c27aabe762517d88d2b7ac6943de1037265ead0 [5ms]
2025-05-08 12:22:07.745 [info] > git show --textconv :src/styles/typography.scss [6ms]
