[5/5/2025, 8:19:14 PM]:[INFO] - [wm] already signed in?,true
[5/5/2025, 8:19:22 PM]:[WARN] - [From web content: 2],[desktop] Unhandled message,setThemePreference
[5/5/2025, 8:19:31 PM]:[WARN] - [From web content: 2],[desktop] Unhandled message,setThemePreference
[5/5/2025, 8:19:32 PM]:[WARN] - [From web content: 2],[desktop] Unhandled message,setWorkspaceProperties
[5/5/2025, 8:19:32 PM]:[WARN] - [From web content: 2],[desktop] Unhandled message,setWorkspaceProperties
[5/5/2025, 8:19:32 PM]:[WARN] - [From web content: 2],[desktop] Unhandled message,setLocales
[5/5/2025, 8:19:32 PM]:[WARN] - [From web content: 2],[desktop] Unhandled message,getKeyboardLayout
[5/5/2025, 8:19:33 PM]:[WARN] - [From web content: 2],[desktop] Unhandled message,getActiveNSScreens
[5/6/2025, 5:44:55 PM]:[WARN] - [From web content: 2],[desktop] Unhandled message,setWorkspaceProperties
[5/6/2025, 5:47:39 PM]:[WARN] - [From web content: 2],[desktop] Unhandled message,setWorkspaceProperties
[5/6/2025, 6:01:37 PM]:[WARN] - [From web content: 8],[desktop] Unhandled message,setThemePreference
[5/6/2025, 6:01:38 PM]:[WARN] - [From web content: 8],[desktop] Unhandled message,setTabPreviewData
[5/6/2025, 6:01:38 PM]:[WARN] - [From web content: 2],[desktop] Unhandled message,setWorkspaceProperties
[5/6/2025, 6:01:44 PM]:[WARN] - [From web content: 8],[desktop] Unhandled message,setLocales
[5/6/2025, 6:01:44 PM]:[WARN] - [From web content: 8],[desktop] Unhandled message,setEditorType
[5/6/2025, 6:01:44 PM]:[WARN] - [From web content: 8],[desktop] Unhandled message,getKeyboardLayout
[5/6/2025, 6:01:44 PM]:[WARN] - [From web content: 8],[desktop] Unhandled message,spellingGetLanguages
[5/6/2025, 6:01:45 PM]:[WARN] - [From web content: 8],[desktop] Unhandled message,setIsLibrary
[5/6/2025, 6:01:45 PM]:[WARN] - [From web content: 8],[desktop] Unhandled message,setIsTeamTemplate
[5/6/2025, 6:01:46 PM]:[WARN] - [From web content: 8],[desktop] Unhandled message,setRealtimeToken
[5/6/2025, 6:01:46 PM]:[WARN] - [From web content: 8],[desktop] Unhandled message,setRealtimeToken
[5/6/2025, 6:01:46 PM]:[WARN] - [From web content: 8],[desktop] Unhandled message,updateViewport
[5/6/2025, 6:01:47 PM]:[WARN] - [From web content: 8],[desktop] Unhandled message,getActiveNSScreens
[5/6/2025, 6:01:47 PM]:[WARN] - [From web content: 8],[desktop] Unhandled message,setTabColor
[5/6/2025, 6:01:52 PM]:[WARN] - [From web content: 8],[desktop] Unhandled message,getActiveNSScreens
[5/6/2025, 6:01:52 PM]:[WARN] - [From web content: 8],[desktop] Unhandled message,setEditFilePermissions
[5/6/2025, 6:01:52 PM]:[WARN] - [From web content: 8],[desktop] Unhandled message,getActiveNSScreens
[5/6/2025, 6:01:52 PM]:[WARN] - [From web content: 8],[desktop] Unhandled message,getKeyboardLayout
[5/6/2025, 6:01:53 PM]:[WARN] - [From web content: 8],[desktop] Unhandled message,getActiveNSScreens
[5/6/2025, 6:01:53 PM]:[WARN] - [From web content: 8],[desktop] Unhandled message,setEditFilePermissions
[5/6/2025, 6:01:53 PM]:[WARN] - [From web content: 8],[desktop] Unhandled message,setTabPreviewData
[5/6/2025, 6:01:54 PM]:[WARN] - [From web content: 8],[desktop] Unhandled message,updateViewport
[5/6/2025, 6:01:59 PM]:[WARN] - [From web content: 8],[desktop] Unhandled message,updateViewport
[5/6/2025, 6:02:06 PM]:[WARN] - [From web content: 8],[desktop] Unhandled message,updateViewport
[5/6/2025, 6:02:15 PM]:[WARN] - [From web content: 8],[desktop] Unhandled message,updateViewport
[5/6/2025, 6:02:21 PM]:[WARN] - [From web content: 8],[desktop] Unhandled message,updateViewport
[5/6/2025, 6:02:23 PM]:[WARN] - [From web content: 8],[desktop] Unhandled message,updateViewport
[5/6/2025, 6:06:51 PM]:[WARN] - [From web content: 8],[desktop] Unhandled message,updateViewport
[5/6/2025, 6:06:59 PM]:[WARN] - [From web content: 8],[desktop] Unhandled message,updateViewport
[5/6/2025, 6:07:17 PM]:[WARN] - [From web content: 8],[desktop] Unhandled message,updateViewport
[5/6/2025, 6:07:26 PM]:[WARN] - [From web content: 8],[desktop] Unhandled message,updateViewport
[5/6/2025, 6:10:15 PM]:[WARN] - [From web content: 8],[desktop] Unhandled message,setTabPreviewData
[5/6/2025, 6:10:15 PM]:[WARN] - [From web content: 8],[desktop] Unhandled message,setTabPreviewData
[5/6/2025, 6:10:35 PM]:[WARN] - [From web content: 8],[desktop] Unhandled message,updateViewport
[5/6/2025, 6:10:35 PM]:[WARN] - [From web content: 8],[desktop] Unhandled message,spellingGetLanguages
[5/6/2025, 6:10:37 PM]:[WARN] - [From web content: 8],[desktop] Unhandled message,setTabPreviewData
[5/6/2025, 6:10:37 PM]:[WARN] - [From web content: 8],[desktop] Unhandled message,setTabPreviewData
[5/6/2025, 6:10:43 PM]:[WARN] - [From web content: 8],[desktop] Unhandled message,updateViewport
[5/6/2025, 6:10:50 PM]:[WARN] - [From web content: 8],[desktop] Unhandled message,updateViewport
[5/6/2025, 6:18:28 PM]:[WARN] - [From web content: 8],[desktop] Unhandled message,setTabPreviewData
[5/6/2025, 6:18:29 PM]:[WARN] - [From web content: 8],[desktop] Unhandled message,setTabPreviewData
[5/6/2025, 6:47:22 PM]:[WARN] - [From web content: 8],[desktop] Unhandled message,setTabPreviewData
[5/6/2025, 7:04:57 PM]:[WARN] - [From web content: 8],[desktop] Unhandled message,updateViewport
[5/6/2025, 7:06:17 PM]:[WARN] - [From web content: 8],[desktop] Unhandled message,updateViewport
[5/6/2025, 7:06:33 PM]:[WARN] - [From web content: 8],[desktop] Unhandled message,updateViewport
[5/6/2025, 7:06:36 PM]:[WARN] - [From web content: 8],[desktop] Unhandled message,updateViewport
[5/6/2025, 7:06:41 PM]:[WARN] - [From web content: 8],[desktop] Unhandled message,updateViewport
[5/6/2025, 7:06:55 PM]:[WARN] - [From web content: 8],[desktop] Unhandled message,triggerHaptic
[5/6/2025, 7:06:55 PM]:[WARN] - [From web content: 8],[desktop] Unhandled message,triggerHaptic
[5/6/2025, 7:06:55 PM]:[WARN] - [From web content: 8],[desktop] Unhandled message,triggerHaptic
[5/6/2025, 7:06:55 PM]:[WARN] - [From web content: 8],[desktop] Unhandled message,triggerHaptic
[5/6/2025, 7:06:55 PM]:[WARN] - [From web content: 8],[desktop] Unhandled message,triggerHaptic
[5/6/2025, 7:06:55 PM]:[WARN] - [From web content: 8],[desktop] Unhandled message,triggerHaptic
[5/6/2025, 7:06:55 PM]:[WARN] - [From web content: 8],[desktop] Unhandled message,triggerHaptic
[5/6/2025, 7:06:56 PM]:[WARN] - [From web content: 8],[desktop] Unhandled message,triggerHaptic
[5/6/2025, 7:06:56 PM]:[WARN] - [From web content: 8],[desktop] Unhandled message,triggerHaptic
[5/6/2025, 7:06:56 PM]:[WARN] - [From web content: 8],[desktop] Unhandled message,triggerHaptic
[5/6/2025, 7:06:56 PM]:[WARN] - [From web content: 8],[desktop] Unhandled message,triggerHaptic
[5/6/2025, 7:06:57 PM]:[WARN] - [From web content: 8],[desktop] Unhandled message,triggerHaptic
[5/6/2025, 7:06:57 PM]:[WARN] - [From web content: 8],[desktop] Unhandled message,triggerHaptic
[5/6/2025, 7:06:58 PM]:[WARN] - [From web content: 8],[desktop] Unhandled message,triggerHaptic
[5/6/2025, 7:06:58 PM]:[WARN] - [From web content: 8],[desktop] Unhandled message,triggerHaptic
[5/6/2025, 7:06:58 PM]:[WARN] - [From web content: 8],[desktop] Unhandled message,triggerHaptic
[5/6/2025, 7:06:58 PM]:[WARN] - [From web content: 8],[desktop] Unhandled message,triggerHaptic
[5/6/2025, 7:06:59 PM]:[WARN] - [From web content: 8],[desktop] Unhandled message,triggerHaptic
[5/6/2025, 7:07:16 PM]:[WARN] - [From web content: 8],[desktop] Unhandled message,updateViewport
[5/6/2025, 7:08:14 PM]:[WARN] - [From web content: 8],[desktop] Unhandled message,updateViewport
[5/6/2025, 7:08:53 PM]:[WARN] - [From web content: 8],[desktop] Unhandled message,updateViewport
[5/6/2025, 7:08:56 PM]:[WARN] - [From web content: 8],[desktop] Unhandled message,updateViewport
[5/6/2025, 7:09:00 PM]:[WARN] - [From web content: 8],[desktop] Unhandled message,updateViewport
[5/6/2025, 7:09:32 PM]:[WARN] - [From web content: 8],[desktop] Unhandled message,updateViewport
[5/6/2025, 7:37:29 PM]:[WARN] - [From web content: 8],[desktop] Unhandled message,setTabPreviewData
[5/6/2025, 8:00:39 PM]:[WARN] - [From web content: 8],[desktop] Unhandled message,updateViewport
[5/6/2025, 8:30:41 PM]:[WARN] - [From web content: 8],[desktop] Unhandled message,updateViewport
[5/6/2025, 8:32:33 PM]:[WARN] - [From web content: 8],[desktop] Unhandled message,updateViewport
[5/6/2025, 8:32:38 PM]:[WARN] - [From web content: 8],[desktop] Unhandled message,updateViewport
[5/6/2025, 8:32:41 PM]:[WARN] - [From web content: 8],[desktop] Unhandled message,updateViewport
[5/6/2025, 8:32:52 PM]:[WARN] - [From web content: 8],[desktop] Unhandled message,updateViewport
[5/6/2025, 8:33:00 PM]:[WARN] - [From web content: 8],[desktop] Unhandled message,updateViewport
[5/6/2025, 8:33:03 PM]:[WARN] - [From web content: 8],[desktop] Unhandled message,updateViewport
[5/6/2025, 8:33:07 PM]:[WARN] - [From web content: 8],[desktop] Unhandled message,updateViewport
[5/6/2025, 8:33:15 PM]:[WARN] - [From web content: 8],[desktop] Unhandled message,updateViewport
[5/6/2025, 8:34:00 PM]:[WARN] - [From web content: 8],[desktop] Unhandled message,updateViewport
[5/6/2025, 8:34:01 PM]:[WARN] - [From web content: 8],[desktop] Unhandled message,updateViewport
[5/6/2025, 8:34:03 PM]:[WARN] - [From web content: 8],[desktop] Unhandled message,updateViewport
[5/6/2025, 8:34:06 PM]:[WARN] - [From web content: 8],[desktop] Unhandled message,updateViewport
[5/6/2025, 8:34:10 PM]:[WARN] - [From web content: 8],[desktop] Unhandled message,updateViewport
[5/6/2025, 8:34:12 PM]:[WARN] - [From web content: 8],[desktop] Unhandled message,updateViewport
[5/6/2025, 8:34:25 PM]:[WARN] - [From web content: 8],[desktop] Unhandled message,updateViewport
[5/6/2025, 8:34:26 PM]:[WARN] - [From web content: 8],[desktop] Unhandled message,updateViewport
[5/6/2025, 8:34:30 PM]:[WARN] - [From web content: 8],[desktop] Unhandled message,updateViewport
[5/6/2025, 8:37:07 PM]:[WARN] - [From web content: 8],[desktop] Unhandled message,updateViewport
[5/6/2025, 8:37:15 PM]:[WARN] - [From web content: 8],[desktop] Unhandled message,updateViewport
[5/6/2025, 8:37:22 PM]:[WARN] - [From web content: 8],[desktop] Unhandled message,updateViewport
[5/6/2025, 8:37:24 PM]:[WARN] - [From web content: 8],[desktop] Unhandled message,updateViewport
[5/6/2025, 8:37:49 PM]:[WARN] - [From web content: 8],[desktop] Unhandled message,updateViewport
[5/6/2025, 8:37:54 PM]:[WARN] - [From web content: 8],[desktop] Unhandled message,updateViewport
[5/6/2025, 8:38:14 PM]:[WARN] - [From web content: 8],[desktop] Unhandled message,updateViewport
[5/6/2025, 8:38:17 PM]:[WARN] - [From web content: 8],[desktop] Unhandled message,updateViewport
[5/6/2025, 8:38:20 PM]:[WARN] - [From web content: 8],[desktop] Unhandled message,updateViewport
[5/6/2025, 8:38:48 PM]:[WARN] - [From web content: 8],[desktop] Unhandled message,setTabPreviewData
[5/6/2025, 8:38:48 PM]:[WARN] - [From web content: 8],[desktop] Unhandled message,setTabPreviewData
[5/6/2025, 8:41:08 PM]:[WARN] - [From web content: 8],[desktop] Unhandled message,triggerHaptic
[5/6/2025, 8:41:08 PM]:[WARN] - [From web content: 8],[desktop] Unhandled message,triggerHaptic
[5/6/2025, 8:41:08 PM]:[WARN] - [From web content: 8],[desktop] Unhandled message,triggerHaptic
[5/6/2025, 8:41:09 PM]:[WARN] - [From web content: 8],[desktop] Unhandled message,triggerHaptic
[5/6/2025, 8:41:09 PM]:[WARN] - [From web content: 8],[desktop] Unhandled message,triggerHaptic
[5/6/2025, 8:41:09 PM]:[WARN] - [From web content: 8],[desktop] Unhandled message,triggerHaptic
[5/6/2025, 8:41:09 PM]:[WARN] - [From web content: 8],[desktop] Unhandled message,triggerHaptic
[5/6/2025, 8:41:09 PM]:[WARN] - [From web content: 8],[desktop] Unhandled message,triggerHaptic
[5/6/2025, 8:41:09 PM]:[WARN] - [From web content: 8],[desktop] Unhandled message,triggerHaptic
[5/6/2025, 8:41:15 PM]:[WARN] - [From web content: 8],[desktop] Unhandled message,updateViewport
[5/6/2025, 8:41:16 PM]:[WARN] - [From web content: 8],[desktop] Unhandled message,updateViewport
[5/6/2025, 8:41:18 PM]:[WARN] - [From web content: 8],[desktop] Unhandled message,updateViewport
[5/6/2025, 8:41:27 PM]:[WARN] - [From web content: 8],[desktop] Unhandled message,updateViewport
[5/6/2025, 8:41:34 PM]:[WARN] - [From web content: 8],[desktop] Unhandled message,updateViewport
[5/6/2025, 8:41:38 PM]:[WARN] - [From web content: 8],[desktop] Unhandled message,updateViewport
[5/6/2025, 8:41:40 PM]:[WARN] - [From web content: 8],[desktop] Unhandled message,updateViewport
[5/6/2025, 8:41:45 PM]:[WARN] - [From web content: 8],[desktop] Unhandled message,updateViewport
[5/6/2025, 8:42:06 PM]:[WARN] - [From web content: 8],[desktop] Unhandled message,updateViewport
[5/6/2025, 8:42:20 PM]:[WARN] - [From web content: 8],[desktop] Unhandled message,updateViewport
[5/6/2025, 8:42:21 PM]:[WARN] - [From web content: 8],[desktop] Unhandled message,updateViewport
[5/6/2025, 8:42:30 PM]:[WARN] - [From web content: 8],[desktop] Unhandled message,updateViewport
[5/6/2025, 8:42:39 PM]:[WARN] - [From web content: 8],[desktop] Unhandled message,updateViewport
[5/6/2025, 8:42:41 PM]:[WARN] - [From web content: 8],[desktop] Unhandled message,updateViewport
[5/6/2025, 8:42:44 PM]:[WARN] - [From web content: 8],[desktop] Unhandled message,updateViewport
[5/6/2025, 8:43:35 PM]:[WARN] - [From web content: 8],[desktop] Unhandled message,updateViewport
[5/6/2025, 8:43:39 PM]:[WARN] - [From web content: 8],[desktop] Unhandled message,updateViewport
[5/6/2025, 8:44:25 PM]:[WARN] - [From web content: 8],[desktop] Unhandled message,updateViewport
[5/6/2025, 8:45:58 PM]:[WARN] - [From web content: 8],[desktop] Unhandled message,updateViewport
[5/6/2025, 8:46:04 PM]:[WARN] - [From web content: 8],[desktop] Unhandled message,updateViewport
[5/6/2025, 8:46:16 PM]:[WARN] - [From web content: 8],[desktop] Unhandled message,updateViewport
[5/6/2025, 8:46:19 PM]:[WARN] - [From web content: 8],[desktop] Unhandled message,updateViewport
[5/6/2025, 8:46:53 PM]:[WARN] - [From web content: 8],[desktop] Unhandled message,updateViewport
[5/6/2025, 8:46:55 PM]:[WARN] - [From web content: 8],[desktop] Unhandled message,updateViewport
[5/6/2025, 8:46:57 PM]:[WARN] - [From web content: 8],[desktop] Unhandled message,updateViewport
[5/6/2025, 8:47:53 PM]:[WARN] - [From web content: 8],[desktop] Unhandled message,updateViewport
[5/6/2025, 8:47:55 PM]:[WARN] - [From web content: 8],[desktop] Unhandled message,updateViewport
[5/6/2025, 8:48:51 PM]:[WARN] - [From web content: 8],[desktop] Unhandled message,updateViewport
[5/6/2025, 8:48:59 PM]:[WARN] - [From web content: 8],[desktop] Unhandled message,setTabPreviewData
[5/6/2025, 8:48:59 PM]:[WARN] - [From web content: 8],[desktop] Unhandled message,setTabPreviewData
[5/6/2025, 8:48:59 PM]:[WARN] - [From web content: 8],[desktop] Unhandled message,updateViewport
[5/6/2025, 8:49:02 PM]:[WARN] - [From web content: 8],[desktop] Unhandled message,updateViewport
[5/6/2025, 8:49:03 PM]:[WARN] - [From web content: 8],[desktop] Unhandled message,updateViewport
[5/6/2025, 8:49:58 PM]:[WARN] - [From web content: 8],[desktop] Unhandled message,updateViewport
[5/6/2025, 8:50:00 PM]:[WARN] - [From web content: 8],[desktop] Unhandled message,updateViewport
[5/6/2025, 8:50:14 PM]:[WARN] - [From web content: 8],[desktop] Unhandled message,updateViewport
[5/6/2025, 8:50:17 PM]:[WARN] - [From web content: 8],[desktop] Unhandled message,updateViewport
[5/6/2025, 8:50:18 PM]:[WARN] - [From web content: 8],[desktop] Unhandled message,updateViewport
[5/6/2025, 8:50:24 PM]:[WARN] - [From web content: 8],[desktop] Unhandled message,updateViewport
[5/6/2025, 8:50:28 PM]:[WARN] - [From web content: 8],[desktop] Unhandled message,updateViewport
[5/6/2025, 8:50:44 PM]:[WARN] - [From web content: 8],[desktop] Unhandled message,updateViewport
[5/6/2025, 8:50:45 PM]:[WARN] - [From web content: 8],[desktop] Unhandled message,updateViewport
[5/6/2025, 8:52:12 PM]:[WARN] - [From web content: 8],[desktop] Unhandled message,updateViewport
[5/6/2025, 8:52:15 PM]:[WARN] - [From web content: 8],[desktop] Unhandled message,updateViewport
[5/6/2025, 8:52:58 PM]:[WARN] - [From web content: 8],[desktop] Unhandled message,updateViewport
[5/6/2025, 8:53:00 PM]:[WARN] - [From web content: 8],[desktop] Unhandled message,updateViewport
[5/6/2025, 8:54:00 PM]:[WARN] - [From web content: 8],[desktop] Unhandled message,updateViewport
[5/6/2025, 8:54:12 PM]:[WARN] - [From web content: 8],[desktop] Unhandled message,updateViewport
[5/6/2025, 8:54:14 PM]:[WARN] - [From web content: 8],[desktop] Unhandled message,updateViewport
[5/6/2025, 8:54:20 PM]:[WARN] - [From web content: 8],[desktop] Unhandled message,updateViewport
[5/6/2025, 8:54:22 PM]:[WARN] - [From web content: 8],[desktop] Unhandled message,updateViewport
[5/6/2025, 8:54:25 PM]:[WARN] - [From web content: 8],[desktop] Unhandled message,updateViewport
[5/6/2025, 8:55:22 PM]:[WARN] - [From web content: 8],[desktop] Unhandled message,updateViewport
[5/6/2025, 8:55:26 PM]:[WARN] - [From web content: 8],[desktop] Unhandled message,updateViewport
[5/6/2025, 8:55:56 PM]:[WARN] - [From web content: 8],[desktop] Unhandled message,updateViewport
[5/6/2025, 8:56:01 PM]:[WARN] - [From web content: 8],[desktop] Unhandled message,updateViewport
[5/6/2025, 8:56:42 PM]:[WARN] - [From web content: 8],[desktop] Unhandled message,setTabPreviewData
[5/6/2025, 8:56:43 PM]:[WARN] - [From web content: 8],[desktop] Unhandled message,setTabPreviewData
[5/6/2025, 8:56:46 PM]:[WARN] - [From web content: 8],[desktop] Unhandled message,updateViewport
[5/6/2025, 8:57:14 PM]:[WARN] - [From web content: 8],[desktop] Unhandled message,updateViewport
[5/6/2025, 8:57:17 PM]:[WARN] - [From web content: 8],[desktop] Unhandled message,updateViewport
[5/6/2025, 8:57:22 PM]:[WARN] - [From web content: 8],[desktop] Unhandled message,updateViewport
[5/6/2025, 8:57:37 PM]:[WARN] - [From web content: 8],[desktop] Unhandled message,updateViewport
[5/6/2025, 8:57:42 PM]:[WARN] - [From web content: 8],[desktop] Unhandled message,updateViewport
[5/6/2025, 8:58:31 PM]:[WARN] - [From web content: 8],[desktop] Unhandled message,updateViewport
[5/6/2025, 8:58:59 PM]:[WARN] - [From web content: 8],[desktop] Unhandled message,updateViewport
[5/6/2025, 8:59:08 PM]:[WARN] - [From web content: 8],[desktop] Unhandled message,updateViewport
[5/6/2025, 8:59:16 PM]:[WARN] - [From web content: 8],[desktop] Unhandled message,updateViewport
[5/6/2025, 8:59:27 PM]:[WARN] - [From web content: 8],[desktop] Unhandled message,updateViewport
[5/6/2025, 8:59:31 PM]:[WARN] - [From web content: 8],[desktop] Unhandled message,updateViewport
[5/6/2025, 8:59:45 PM]:[WARN] - [From web content: 8],[desktop] Unhandled message,updateViewport
[5/6/2025, 8:59:46 PM]:[WARN] - [From web content: 8],[desktop] Unhandled message,updateViewport
[5/6/2025, 8:59:55 PM]:[WARN] - [From web content: 8],[desktop] Unhandled message,updateViewport
[5/6/2025, 9:00:17 PM]:[WARN] - [From web content: 8],[desktop] Unhandled message,updateViewport
[5/6/2025, 9:00:25 PM]:[WARN] - [From web content: 8],[desktop] Unhandled message,updateViewport
[5/6/2025, 9:01:10 PM]:[WARN] - [From web content: 8],[desktop] Unhandled message,updateViewport
[5/6/2025, 9:02:03 PM]:[WARN] - [From web content: 8],[desktop] Unhandled message,updateViewport
[5/6/2025, 9:02:04 PM]:[WARN] - [From web content: 8],[desktop] Unhandled message,updateViewport
[5/6/2025, 9:02:17 PM]:[WARN] - [From web content: 8],[desktop] Unhandled message,updateViewport
[5/6/2025, 9:02:31 PM]:[WARN] - [From web content: 8],[desktop] Unhandled message,updateViewport
[5/6/2025, 9:03:22 PM]:[WARN] - [From web content: 8],[desktop] Unhandled message,updateViewport
[5/6/2025, 9:03:40 PM]:[WARN] - [From web content: 8],[desktop] Unhandled message,updateViewport
[5/6/2025, 9:04:07 PM]:[WARN] - [From web content: 8],[desktop] Unhandled message,updateViewport
[5/6/2025, 9:04:14 PM]:[WARN] - [From web content: 8],[desktop] Unhandled message,updateViewport
[5/6/2025, 9:04:17 PM]:[WARN] - [From web content: 8],[desktop] Unhandled message,setTabPreviewData
[5/6/2025, 9:04:18 PM]:[WARN] - [From web content: 8],[desktop] Unhandled message,setTabPreviewData
[5/6/2025, 9:04:19 PM]:[WARN] - [From web content: 8],[desktop] Unhandled message,updateViewport
[5/6/2025, 9:04:26 PM]:[WARN] - [From web content: 8],[desktop] Unhandled message,updateViewport
[5/6/2025, 9:04:28 PM]:[WARN] - [From web content: 8],[desktop] Unhandled message,updateViewport
[5/6/2025, 9:05:17 PM]:[WARN] - [From web content: 8],[desktop] Unhandled message,updateViewport
[5/6/2025, 9:05:22 PM]:[WARN] - [From web content: 8],[desktop] Unhandled message,updateViewport
[5/6/2025, 9:05:24 PM]:[WARN] - [From web content: 8],[desktop] Unhandled message,updateViewport
[5/6/2025, 9:05:29 PM]:[WARN] - [From web content: 8],[desktop] Unhandled message,updateViewport
[5/6/2025, 9:05:37 PM]:[WARN] - [From web content: 8],[desktop] Unhandled message,updateViewport
[5/6/2025, 9:05:39 PM]:[WARN] - [From web content: 8],[desktop] Unhandled message,updateViewport
[5/6/2025, 9:06:15 PM]:[WARN] - [From web content: 8],[desktop] Unhandled message,updateViewport
[5/6/2025, 9:07:15 PM]:[WARN] - [From web content: 8],[desktop] Unhandled message,updateViewport
[5/6/2025, 9:07:17 PM]:[WARN] - [From web content: 8],[desktop] Unhandled message,updateViewport
[5/6/2025, 9:08:24 PM]:[WARN] - [From web content: 8],[desktop] Unhandled message,updateViewport
[5/6/2025, 9:08:36 PM]:[WARN] - [From web content: 8],[desktop] Unhandled message,updateViewport
[5/6/2025, 9:08:39 PM]:[WARN] - [From web content: 8],[desktop] Unhandled message,updateViewport
[5/6/2025, 9:09:07 PM]:[WARN] - [From web content: 8],[desktop] Unhandled message,updateViewport
[5/6/2025, 9:09:11 PM]:[WARN] - [From web content: 8],[desktop] Unhandled message,updateViewport
[5/6/2025, 9:10:42 PM]:[WARN] - [From web content: 8],[desktop] Unhandled message,updateViewport
[5/6/2025, 9:11:10 PM]:[WARN] - [From web content: 8],[desktop] Unhandled message,triggerHaptic
[5/6/2025, 9:11:10 PM]:[WARN] - [From web content: 8],[desktop] Unhandled message,triggerHaptic
[5/6/2025, 9:11:10 PM]:[WARN] - [From web content: 8],[desktop] Unhandled message,triggerHaptic
[5/6/2025, 9:11:18 PM]:[WARN] - [From web content: 8],[desktop] Unhandled message,triggerHaptic
[5/6/2025, 9:11:18 PM]:[WARN] - [From web content: 8],[desktop] Unhandled message,triggerHaptic
[5/6/2025, 9:12:00 PM]:[WARN] - [From web content: 8],[desktop] Unhandled message,setTabPreviewData
[5/6/2025, 9:12:00 PM]:[WARN] - [From web content: 8],[desktop] Unhandled message,setTabPreviewData
[5/6/2025, 9:14:30 PM]:[WARN] - [From web content: 8],[desktop] Unhandled message,triggerHaptic
[5/6/2025, 9:14:30 PM]:[WARN] - [From web content: 8],[desktop] Unhandled message,triggerHaptic
[5/6/2025, 9:14:30 PM]:[WARN] - [From web content: 8],[desktop] Unhandled message,triggerHaptic
[5/6/2025, 9:14:31 PM]:[WARN] - [From web content: 8],[desktop] Unhandled message,triggerHaptic
[5/6/2025, 9:14:31 PM]:[WARN] - [From web content: 8],[desktop] Unhandled message,triggerHaptic
[5/6/2025, 9:14:31 PM]:[WARN] - [From web content: 8],[desktop] Unhandled message,triggerHaptic
[5/6/2025, 9:14:31 PM]:[WARN] - [From web content: 8],[desktop] Unhandled message,triggerHaptic
[5/6/2025, 9:14:31 PM]:[WARN] - [From web content: 8],[desktop] Unhandled message,triggerHaptic
[5/6/2025, 9:14:31 PM]:[WARN] - [From web content: 8],[desktop] Unhandled message,triggerHaptic
[5/6/2025, 9:14:32 PM]:[WARN] - [From web content: 8],[desktop] Unhandled message,triggerHaptic
[5/6/2025, 9:15:22 PM]:[WARN] - [From web content: 8],[desktop] Unhandled message,updateViewport
[5/6/2025, 9:15:52 PM]:[WARN] - [From web content: 8],[desktop] Unhandled message,updateViewport
[5/6/2025, 9:15:56 PM]:[WARN] - [From web content: 8],[desktop] Unhandled message,updateViewport
[5/6/2025, 9:16:04 PM]:[WARN] - [From web content: 8],[desktop] Unhandled message,updateViewport
[5/6/2025, 9:16:15 PM]:[WARN] - [From web content: 8],[desktop] Unhandled message,updateViewport
[5/6/2025, 9:16:24 PM]:[WARN] - [From web content: 8],[desktop] Unhandled message,updateViewport
[5/6/2025, 9:16:33 PM]:[WARN] - [From web content: 8],[desktop] Unhandled message,updateViewport
[5/6/2025, 9:16:35 PM]:[WARN] - [From web content: 8],[desktop] Unhandled message,updateViewport
[5/6/2025, 9:16:47 PM]:[WARN] - [From web content: 8],[desktop] Unhandled message,updateViewport
[5/6/2025, 9:16:49 PM]:[WARN] - [From web content: 8],[desktop] Unhandled message,updateViewport
[5/6/2025, 9:16:56 PM]:[WARN] - [From web content: 8],[desktop] Unhandled message,updateViewport
[5/6/2025, 9:17:05 PM]:[WARN] - [From web content: 8],[desktop] Unhandled message,updateViewport
[5/6/2025, 9:17:33 PM]:[WARN] - [From web content: 8],[desktop] Unhandled message,updateViewport
[5/6/2025, 9:18:10 PM]:[WARN] - [From web content: 8],[desktop] Unhandled message,triggerHaptic
[5/6/2025, 9:18:10 PM]:[WARN] - [From web content: 8],[desktop] Unhandled message,triggerHaptic
[5/6/2025, 9:18:10 PM]:[WARN] - [From web content: 8],[desktop] Unhandled message,triggerHaptic
[5/6/2025, 9:18:26 PM]:[WARN] - [From web content: 8],[desktop] Unhandled message,updateViewport
[5/6/2025, 9:18:33 PM]:[WARN] - [From web content: 8],[desktop] Unhandled message,triggerHaptic
[5/6/2025, 9:18:33 PM]:[WARN] - [From web content: 8],[desktop] Unhandled message,triggerHaptic
[5/6/2025, 9:18:33 PM]:[WARN] - [From web content: 8],[desktop] Unhandled message,triggerHaptic
[5/6/2025, 9:19:07 PM]:[WARN] - [From web content: 8],[desktop] Unhandled message,setTabPreviewData
[5/6/2025, 9:19:07 PM]:[WARN] - [From web content: 8],[desktop] Unhandled message,setTabPreviewData
[5/6/2025, 9:19:09 PM]:[WARN] - [From web content: 8],[desktop] Unhandled message,updateViewport
[5/6/2025, 9:19:31 PM]:[WARN] - [From web content: 8],[desktop] Unhandled message,updateViewport
[5/6/2025, 9:19:58 PM]:[WARN] - [From web content: 8],[desktop] Unhandled message,updateViewport
[5/6/2025, 9:20:00 PM]:[WARN] - [From web content: 8],[desktop] Unhandled message,updateViewport
[5/6/2025, 9:20:03 PM]:[WARN] - [From web content: 8],[desktop] Unhandled message,updateViewport
[5/6/2025, 9:20:10 PM]:[WARN] - [From web content: 8],[desktop] Unhandled message,updateViewport
[5/6/2025, 9:20:15 PM]:[WARN] - [From web content: 8],[desktop] Unhandled message,updateViewport
[5/6/2025, 9:20:17 PM]:[WARN] - [From web content: 8],[desktop] Unhandled message,updateViewport
[5/6/2025, 9:20:24 PM]:[WARN] - [From web content: 8],[desktop] Unhandled message,updateViewport
[5/6/2025, 9:21:16 PM]:[WARN] - [From web content: 8],[desktop] Unhandled message,triggerHaptic
[5/6/2025, 9:21:16 PM]:[WARN] - [From web content: 8],[desktop] Unhandled message,triggerHaptic
[5/6/2025, 9:21:16 PM]:[WARN] - [From web content: 8],[desktop] Unhandled message,triggerHaptic
[5/6/2025, 9:21:17 PM]:[WARN] - [From web content: 8],[desktop] Unhandled message,triggerHaptic
[5/6/2025, 9:21:17 PM]:[WARN] - [From web content: 8],[desktop] Unhandled message,triggerHaptic
[5/6/2025, 9:21:17 PM]:[WARN] - [From web content: 8],[desktop] Unhandled message,triggerHaptic
[5/6/2025, 9:21:17 PM]:[WARN] - [From web content: 8],[desktop] Unhandled message,triggerHaptic
[5/6/2025, 9:21:17 PM]:[WARN] - [From web content: 8],[desktop] Unhandled message,triggerHaptic
[5/6/2025, 9:21:17 PM]:[WARN] - [From web content: 8],[desktop] Unhandled message,triggerHaptic
[5/6/2025, 9:21:17 PM]:[WARN] - [From web content: 8],[desktop] Unhandled message,triggerHaptic
[5/6/2025, 9:21:18 PM]:[WARN] - [From web content: 8],[desktop] Unhandled message,triggerHaptic
[5/6/2025, 9:21:19 PM]:[WARN] - [From web content: 8],[desktop] Unhandled message,triggerHaptic
[5/6/2025, 9:21:19 PM]:[WARN] - [From web content: 8],[desktop] Unhandled message,triggerHaptic
[5/6/2025, 9:21:20 PM]:[WARN] - [From web content: 8],[desktop] Unhandled message,triggerHaptic
[5/6/2025, 9:21:20 PM]:[WARN] - [From web content: 8],[desktop] Unhandled message,triggerHaptic
[5/6/2025, 9:21:20 PM]:[WARN] - [From web content: 8],[desktop] Unhandled message,triggerHaptic
[5/6/2025, 9:21:20 PM]:[WARN] - [From web content: 8],[desktop] Unhandled message,triggerHaptic
[5/6/2025, 9:21:20 PM]:[WARN] - [From web content: 8],[desktop] Unhandled message,triggerHaptic
[5/6/2025, 9:21:20 PM]:[WARN] - [From web content: 8],[desktop] Unhandled message,triggerHaptic
[5/6/2025, 9:21:20 PM]:[WARN] - [From web content: 8],[desktop] Unhandled message,triggerHaptic
[5/6/2025, 9:21:20 PM]:[WARN] - [From web content: 8],[desktop] Unhandled message,triggerHaptic
[5/6/2025, 9:21:20 PM]:[WARN] - [From web content: 8],[desktop] Unhandled message,triggerHaptic
[5/6/2025, 9:21:21 PM]:[WARN] - [From web content: 8],[desktop] Unhandled message,triggerHaptic
[5/6/2025, 9:21:21 PM]:[WARN] - [From web content: 8],[desktop] Unhandled message,triggerHaptic
[5/6/2025, 9:21:44 PM]:[WARN] - [From web content: 8],[desktop] Unhandled message,triggerHaptic
[5/6/2025, 9:21:44 PM]:[WARN] - [From web content: 8],[desktop] Unhandled message,triggerHaptic
[5/6/2025, 9:21:51 PM]:[WARN] - [From web content: 8],[desktop] Unhandled message,updateViewport
[5/6/2025, 9:22:01 PM]:[WARN] - [From web content: 8],[desktop] Unhandled message,updateViewport
[5/6/2025, 9:22:08 PM]:[WARN] - [From web content: 8],[desktop] Unhandled message,updateViewport
[5/6/2025, 9:22:12 PM]:[WARN] - [From web content: 8],[desktop] Unhandled message,updateViewport
[5/6/2025, 9:22:35 PM]:[WARN] - [From web content: 8],[desktop] Unhandled message,updateViewport
[5/6/2025, 9:22:36 PM]:[WARN] - [From web content: 8],[desktop] Unhandled message,updateViewport
[5/6/2025, 9:22:42 PM]:[WARN] - [From web content: 8],[desktop] Unhandled message,updateViewport
[5/6/2025, 9:23:11 PM]:[WARN] - [From web content: 8],[desktop] Unhandled message,updateViewport
[5/6/2025, 9:23:18 PM]:[WARN] - [From web content: 8],[desktop] Unhandled message,updateViewport
[5/6/2025, 9:23:26 PM]:[WARN] - [From web content: 8],[desktop] Unhandled message,updateViewport
[5/6/2025, 9:23:45 PM]:[WARN] - [From web content: 8],[desktop] Unhandled message,updateViewport
[5/6/2025, 9:23:49 PM]:[WARN] - [From web content: 8],[desktop] Unhandled message,updateViewport
[5/6/2025, 9:23:52 PM]:[WARN] - [From web content: 8],[desktop] Unhandled message,updateViewport
[5/6/2025, 9:23:59 PM]:[WARN] - [From web content: 8],[desktop] Unhandled message,triggerHaptic
[5/6/2025, 9:23:59 PM]:[WARN] - [From web content: 8],[desktop] Unhandled message,triggerHaptic
[5/6/2025, 9:24:20 PM]:[WARN] - [From web content: 8],[desktop] Unhandled message,updateViewport
[5/6/2025, 9:24:35 PM]:[WARN] - [From web content: 8],[desktop] Unhandled message,updateViewport
[5/6/2025, 9:25:22 PM]:[WARN] - [From web content: 8],[desktop] Unhandled message,updateViewport
[5/6/2025, 9:25:29 PM]:[WARN] - [From web content: 8],[desktop] Unhandled message,updateViewport
[5/6/2025, 9:26:21 PM]:[WARN] - [From web content: 8],[desktop] Unhandled message,updateViewport
[5/6/2025, 9:26:32 PM]:[WARN] - [From web content: 8],[desktop] Unhandled message,updateViewport
[5/6/2025, 9:26:44 PM]:[WARN] - [From web content: 8],[desktop] Unhandled message,updateViewport
[5/6/2025, 9:26:49 PM]:[WARN] - [From web content: 8],[desktop] Unhandled message,updateViewport
[5/6/2025, 9:26:49 PM]:[WARN] - [From web content: 8],[desktop] Unhandled message,setTabPreviewData
[5/6/2025, 9:26:49 PM]:[WARN] - [From web content: 8],[desktop] Unhandled message,setTabPreviewData
[5/6/2025, 9:27:25 PM]:[WARN] - [From web content: 8],[desktop] Unhandled message,updateViewport
[5/6/2025, 9:27:26 PM]:[WARN] - [From web content: 8],[desktop] Unhandled message,updateViewport
[5/6/2025, 9:27:57 PM]:[WARN] - [From web content: 8],[desktop] Unhandled message,updateViewport
[5/6/2025, 9:28:36 PM]:[WARN] - [From web content: 8],[desktop] Unhandled message,updateViewport
[5/6/2025, 9:28:59 PM]:[WARN] - [From web content: 8],[desktop] Unhandled message,updateViewport
[5/6/2025, 9:29:08 PM]:[WARN] - [From web content: 8],[desktop] Unhandled message,updateViewport
[5/6/2025, 9:29:13 PM]:[WARN] - [From web content: 8],[desktop] Unhandled message,updateViewport
[5/6/2025, 9:29:16 PM]:[WARN] - [From web content: 8],[desktop] Unhandled message,updateViewport
[5/6/2025, 9:29:17 PM]:[WARN] - [From web content: 8],[desktop] Unhandled message,updateViewport
[5/6/2025, 9:29:40 PM]:[WARN] - [From web content: 8],[desktop] Unhandled message,updateViewport
[5/6/2025, 9:29:53 PM]:[WARN] - [From web content: 8],[desktop] Unhandled message,updateViewport
[5/6/2025, 9:29:54 PM]:[WARN] - [From web content: 8],[desktop] Unhandled message,updateViewport
[5/6/2025, 9:29:56 PM]:[WARN] - [From web content: 8],[desktop] Unhandled message,updateViewport
[5/6/2025, 9:30:17 PM]:[WARN] - [From web content: 8],[desktop] Unhandled message,updateViewport
[5/6/2025, 9:30:56 PM]:[WARN] - [From web content: 8],[desktop] Unhandled message,updateViewport
[5/6/2025, 9:30:57 PM]:[WARN] - [From web content: 8],[desktop] Unhandled message,updateViewport
[5/6/2025, 9:31:18 PM]:[WARN] - [From web content: 8],[desktop] Unhandled message,updateViewport
[5/6/2025, 9:31:20 PM]:[WARN] - [From web content: 8],[desktop] Unhandled message,updateViewport
[5/6/2025, 9:31:29 PM]:[WARN] - [From web content: 8],[desktop] Unhandled message,updateViewport
[5/6/2025, 9:31:52 PM]:[WARN] - [From web content: 8],[desktop] Unhandled message,updateViewport
[5/6/2025, 9:31:58 PM]:[WARN] - [From web content: 8],[desktop] Unhandled message,updateViewport
[5/6/2025, 9:32:06 PM]:[WARN] - [From web content: 8],[desktop] Unhandled message,updateViewport
[5/6/2025, 9:32:09 PM]:[WARN] - [From web content: 8],[desktop] Unhandled message,updateViewport
[5/6/2025, 9:32:14 PM]:[WARN] - [From web content: 8],[desktop] Unhandled message,updateViewport
[5/6/2025, 9:32:19 PM]:[WARN] - [From web content: 8],[desktop] Unhandled message,updateViewport
[5/6/2025, 9:32:24 PM]:[WARN] - [From web content: 8],[desktop] Unhandled message,updateViewport
[5/6/2025, 9:32:26 PM]:[WARN] - [From web content: 8],[desktop] Unhandled message,updateViewport
[5/6/2025, 9:32:34 PM]:[WARN] - [From web content: 8],[desktop] Unhandled message,updateViewport
[5/6/2025, 9:32:52 PM]:[WARN] - [From web content: 8],[desktop] Unhandled message,updateViewport
[5/6/2025, 9:33:20 PM]:[WARN] - [From web content: 8],[desktop] Unhandled message,updateViewport
[5/6/2025, 9:33:22 PM]:[WARN] - [From web content: 8],[desktop] Unhandled message,updateViewport
[5/6/2025, 9:34:20 PM]:[WARN] - [From web content: 8],[desktop] Unhandled message,setTabPreviewData
[5/6/2025, 9:34:20 PM]:[WARN] - [From web content: 8],[desktop] Unhandled message,setTabPreviewData
[5/6/2025, 9:34:26 PM]:[WARN] - [From web content: 8],[desktop] Unhandled message,updateViewport
[5/6/2025, 9:35:00 PM]:[WARN] - [From web content: 8],[desktop] Unhandled message,updateViewport
[5/6/2025, 9:35:48 PM]:[WARN] - [From web content: 8],[desktop] Unhandled message,updateViewport
[5/6/2025, 9:36:10 PM]:[WARN] - [From web content: 8],[desktop] Unhandled message,updateViewport
[5/6/2025, 9:36:15 PM]:[WARN] - [From web content: 8],[desktop] Unhandled message,updateViewport
[5/6/2025, 9:36:24 PM]:[WARN] - [From web content: 8],[desktop] Unhandled message,updateViewport
[5/6/2025, 9:37:17 PM]:[WARN] - [From web content: 8],[desktop] Unhandled message,updateViewport
[5/6/2025, 9:37:20 PM]:[WARN] - [From web content: 8],[desktop] Unhandled message,updateViewport
[5/6/2025, 9:37:30 PM]:[WARN] - [From web content: 8],[desktop] Unhandled message,updateViewport
[5/6/2025, 9:38:22 PM]:[WARN] - [From web content: 8],[desktop] Unhandled message,updateViewport
[5/6/2025, 9:38:23 PM]:[WARN] - [From web content: 8],[desktop] Unhandled message,updateViewport
[5/6/2025, 9:38:28 PM]:[WARN] - [From web content: 8],[desktop] Unhandled message,updateViewport
[5/6/2025, 9:39:04 PM]:[WARN] - [From web content: 2],[desktop] Unhandled message,setWorkspaceProperties
[5/6/2025, 9:40:05 PM]:[WARN] - [From web content: 8],[desktop] Unhandled message,updateViewport
[5/6/2025, 9:40:07 PM]:[WARN] - [From web content: 8],[desktop] Unhandled message,updateViewport
[5/6/2025, 9:40:38 PM]:[WARN] - [From web content: 8],[desktop] Unhandled message,updateViewport
[5/6/2025, 9:59:59 PM]:[WARN] - [From web content: 8],[desktop] Unhandled message,updateViewport
[5/6/2025, 10:00:03 PM]:[WARN] - [From web content: 8],[desktop] Unhandled message,setTabPreviewData
[5/6/2025, 10:00:17 PM]:[WARN] - [From web content: 8],[desktop] Unhandled message,updateViewport
[5/6/2025, 10:00:22 PM]:[WARN] - [From web content: 8],[desktop] Unhandled message,updateViewport
[5/6/2025, 10:00:36 PM]:[WARN] - [From web content: 8],[desktop] Unhandled message,updateViewport
[5/6/2025, 10:01:04 PM]:[WARN] - [From web content: 2],[desktop] Unhandled message,setWorkspaceProperties
[5/6/2025, 10:03:25 PM]:[WARN] - [From web content: 2],[desktop] Unhandled message,setWorkspaceProperties
[5/6/2025, 10:05:21 PM]:[WARN] - [From web content: 8],[desktop] Unhandled message,updateViewport
[5/6/2025, 10:06:15 PM]:[WARN] - [From web content: 8],[desktop] Unhandled message,updateViewport
[5/6/2025, 10:06:20 PM]:[WARN] - [From web content: 8],[desktop] Unhandled message,updateViewport
[5/6/2025, 10:08:04 PM]:[WARN] - [From web content: 8],[desktop] Unhandled message,updateViewport
[5/6/2025, 10:08:21 PM]:[WARN] - [From web content: 8],[desktop] Unhandled message,updateViewport
[5/6/2025, 10:08:23 PM]:[WARN] - [From web content: 8],[desktop] Unhandled message,updateViewport
[5/6/2025, 10:08:50 PM]:[WARN] - [From web content: 8],[desktop] Unhandled message,updateViewport
[5/6/2025, 10:08:53 PM]:[WARN] - [From web content: 8],[desktop] Unhandled message,updateViewport
[5/6/2025, 10:10:55 PM]:[WARN] - [From web content: 8],[desktop] Unhandled message,updateViewport
[5/6/2025, 10:10:56 PM]:[WARN] - [From web content: 8],[desktop] Unhandled message,updateViewport
[5/6/2025, 10:11:19 PM]:[WARN] - [From web content: 8],[desktop] Unhandled message,updateViewport
[5/6/2025, 10:12:09 PM]:[WARN] - [From web content: 8],[desktop] Unhandled message,updateViewport
[5/6/2025, 10:12:27 PM]:[WARN] - [From web content: 8],[desktop] Unhandled message,setTabPreviewData
[5/6/2025, 10:12:27 PM]:[WARN] - [From web content: 8],[desktop] Unhandled message,setTabPreviewData
[5/6/2025, 10:12:41 PM]:[WARN] - [From web content: 8],[desktop] Unhandled message,updateViewport
[5/6/2025, 10:19:58 PM]:[WARN] - [From web content: 8],[desktop] Unhandled message,updateViewport
[5/6/2025, 10:20:00 PM]:[WARN] - [From web content: 8],[desktop] Unhandled message,updateViewport
[5/6/2025, 10:20:08 PM]:[WARN] - [From web content: 8],[desktop] Unhandled message,updateViewport
[5/6/2025, 10:20:12 PM]:[WARN] - [From web content: 8],[desktop] Unhandled message,updateViewport
[5/6/2025, 10:20:27 PM]:[WARN] - [From web content: 8],[desktop] Unhandled message,setTabPreviewData
[5/6/2025, 10:20:28 PM]:[WARN] - [From web content: 8],[desktop] Unhandled message,setTabPreviewData
[5/6/2025, 10:20:29 PM]:[WARN] - [From web content: 8],[desktop] Unhandled message,updateViewport
[5/6/2025, 10:20:31 PM]:[WARN] - [From web content: 8],[desktop] Unhandled message,updateViewport
[5/7/2025, 6:33:14 AM]:[WARN] - [From web content: 8],[desktop] Unhandled message,updateViewport
[5/7/2025, 6:33:18 AM]:[WARN] - [From web content: 8],[desktop] Unhandled message,setTabPreviewData
[5/7/2025, 6:33:18 AM]:[WARN] - [From web content: 8],[desktop] Unhandled message,setTabPreviewData
[5/7/2025, 6:33:33 AM]:[WARN] - [From web content: 8],[desktop] Unhandled message,updateViewport
[5/7/2025, 6:33:35 AM]:[WARN] - [From web content: 8],[desktop] Unhandled message,updateViewport
[5/7/2025, 6:34:02 AM]:[WARN] - [From web content: 8],[desktop] Unhandled message,updateViewport
[5/7/2025, 6:34:04 AM]:[WARN] - [From web content: 8],[desktop] Unhandled message,updateViewport
[5/7/2025, 6:34:10 AM]:[WARN] - [From web content: 8],[desktop] Unhandled message,updateViewport
[5/7/2025, 6:35:29 AM]:[WARN] - [From web content: 8],[desktop] Unhandled message,updateViewport
[5/7/2025, 6:35:31 AM]:[WARN] - [From web content: 8],[desktop] Unhandled message,updateViewport
[5/7/2025, 6:35:43 AM]:[WARN] - [From web content: 8],[desktop] Unhandled message,updateViewport
[5/7/2025, 6:35:44 AM]:[WARN] - [From web content: 8],[desktop] Unhandled message,updateViewport
[5/7/2025, 6:35:54 AM]:[WARN] - [From web content: 8],[desktop] Unhandled message,updateViewport
[5/7/2025, 6:35:56 AM]:[WARN] - [From web content: 8],[desktop] Unhandled message,updateViewport
[5/7/2025, 6:36:36 AM]:[WARN] - [From web content: 8],[desktop] Unhandled message,updateViewport
[5/7/2025, 6:36:57 AM]:[WARN] - [From web content: 8],[desktop] Unhandled message,updateViewport
[5/7/2025, 6:37:08 AM]:[WARN] - [From web content: 8],[desktop] Unhandled message,updateViewport
[5/7/2025, 6:37:13 AM]:[WARN] - [From web content: 8],[desktop] Unhandled message,updateViewport
[5/7/2025, 6:37:15 AM]:[WARN] - [From web content: 8],[desktop] Unhandled message,updateViewport
[5/7/2025, 6:37:16 AM]:[WARN] - [From web content: 8],[desktop] Unhandled message,updateViewport
[5/7/2025, 6:37:21 AM]:[WARN] - [From web content: 8],[desktop] Unhandled message,updateViewport
[5/7/2025, 6:37:26 AM]:[WARN] - [From web content: 8],[desktop] Unhandled message,updateViewport
[5/7/2025, 6:38:38 AM]:[WARN] - [From web content: 8],[desktop] Unhandled message,updateViewport
[5/7/2025, 6:38:48 AM]:[WARN] - [From web content: 8],[desktop] Unhandled message,updateViewport
[5/7/2025, 6:40:42 AM]:[WARN] - [From web content: 8],[desktop] Unhandled message,setTabPreviewData
[5/7/2025, 6:40:42 AM]:[WARN] - [From web content: 8],[desktop] Unhandled message,setTabPreviewData
[5/7/2025, 7:05:50 AM]:[WARN] - [From web content: 8],[desktop] Unhandled message,updateViewport
[5/7/2025, 7:05:54 AM]:[WARN] - [From web content: 8],[desktop] Unhandled message,updateViewport
[5/7/2025, 7:11:34 AM]:[WARN] - [From web content: 8],[desktop] Unhandled message,updateViewport
[5/7/2025, 7:11:36 AM]:[WARN] - [From web content: 8],[desktop] Unhandled message,updateViewport
[5/7/2025, 7:11:49 AM]:[WARN] - [From web content: 8],[desktop] Unhandled message,updateViewport
[5/7/2025, 7:11:50 AM]:[WARN] - [From web content: 8],[desktop] Unhandled message,updateViewport
[5/7/2025, 7:12:02 AM]:[WARN] - [From web content: 8],[desktop] Unhandled message,updateViewport
[5/7/2025, 7:12:03 AM]:[WARN] - [From web content: 8],[desktop] Unhandled message,updateViewport
[5/7/2025, 7:12:24 AM]:[WARN] - [From web content: 8],[desktop] Unhandled message,updateViewport
[5/7/2025, 7:13:32 AM]:[WARN] - [From web content: 8],[desktop] Unhandled message,updateViewport
[5/7/2025, 7:13:34 AM]:[WARN] - [From web content: 8],[desktop] Unhandled message,updateViewport
[5/7/2025, 7:13:49 AM]:[WARN] - [From web content: 8],[desktop] Unhandled message,setTabPreviewData
[5/7/2025, 7:13:49 AM]:[WARN] - [From web content: 8],[desktop] Unhandled message,setTabPreviewData
[5/7/2025, 7:13:59 AM]:[WARN] - [From web content: 8],[desktop] Unhandled message,updateViewport
[5/7/2025, 7:14:00 AM]:[WARN] - [From web content: 8],[desktop] Unhandled message,updateViewport
[5/7/2025, 7:14:11 AM]:[WARN] - [From web content: 8],[desktop] Unhandled message,updateViewport
[5/7/2025, 7:14:24 AM]:[WARN] - [From web content: 8],[desktop] Unhandled message,updateViewport
[5/7/2025, 7:14:36 AM]:[WARN] - [From web content: 8],[desktop] Unhandled message,updateViewport
[5/7/2025, 7:15:12 AM]:[WARN] - [From web content: 8],[desktop] Unhandled message,updateViewport
[5/7/2025, 7:20:41 AM]:[WARN] - [From web content: 8],[desktop] Unhandled message,updateViewport
[5/7/2025, 7:20:48 AM]:[WARN] - [From web content: 8],[desktop] Unhandled message,updateViewport
[5/7/2025, 7:20:50 AM]:[WARN] - [From web content: 8],[desktop] Unhandled message,updateViewport
[5/7/2025, 7:21:02 AM]:[WARN] - [From web content: 8],[desktop] Unhandled message,updateViewport
[5/7/2025, 7:21:13 AM]:[WARN] - [From web content: 8],[desktop] Unhandled message,updateViewport
[5/7/2025, 7:21:24 AM]:[WARN] - [From web content: 8],[desktop] Unhandled message,setTabPreviewData
[5/7/2025, 7:21:24 AM]:[WARN] - [From web content: 8],[desktop] Unhandled message,setTabPreviewData
[5/7/2025, 7:21:39 AM]:[WARN] - [From web content: 8],[desktop] Unhandled message,updateViewport
[5/7/2025, 1:59:09 PM]:[WARN] - [From web content: 8],[desktop] Unhandled message,setTabPreviewData
[5/7/2025, 1:59:09 PM]:[WARN] - [From web content: 8],[desktop] Unhandled message,setTabPreviewData
[5/7/2025, 1:59:09 PM]:[WARN] - [From web content: 8],[desktop] Unhandled message,updateViewport
[5/7/2025, 1:59:24 PM]:[WARN] - [From web content: 8],[desktop] Unhandled message,updateViewport
[5/7/2025, 1:59:53 PM]:[WARN] - [From web content: 8],[desktop] Unhandled message,updateViewport
[5/7/2025, 1:59:58 PM]:[WARN] - [From web content: 8],[desktop] Unhandled message,updateViewport
[5/7/2025, 2:06:31 PM]:[WARN] - [From web content: 8],[desktop] Unhandled message,setTabPreviewData
[5/7/2025, 2:06:31 PM]:[WARN] - [From web content: 8],[desktop] Unhandled message,setTabPreviewData
[5/7/2025, 2:32:00 PM]:[WARN] - [From web content: 8],[desktop] Unhandled message,setTabPreviewData
[5/7/2025, 2:32:01 PM]:[WARN] - [From web content: 8],[desktop] Unhandled message,setTabPreviewData
[5/7/2025, 2:40:27 PM]:[WARN] - [From web content: 8],[desktop] Unhandled message,setTabPreviewData
[5/7/2025, 2:40:27 PM]:[WARN] - [From web content: 8],[desktop] Unhandled message,setTabPreviewData
[5/7/2025, 2:48:31 PM]:[WARN] - [From web content: 8],[desktop] Unhandled message,setTabPreviewData
[5/7/2025, 2:48:31 PM]:[WARN] - [From web content: 8],[desktop] Unhandled message,setTabPreviewData
[5/7/2025, 2:57:46 PM]:[WARN] - [From web content: 8],[desktop] Unhandled message,setTabPreviewData
[5/7/2025, 2:57:46 PM]:[WARN] - [From web content: 8],[desktop] Unhandled message,setTabPreviewData
[5/7/2025, 3:04:52 PM]:[WARN] - [From web content: 8],[desktop] Unhandled message,setTabPreviewData
[5/7/2025, 3:04:52 PM]:[WARN] - [From web content: 8],[desktop] Unhandled message,setTabPreviewData
[5/7/2025, 3:12:24 PM]:[WARN] - [From web content: 8],[desktop] Unhandled message,setTabPreviewData
[5/7/2025, 3:12:24 PM]:[WARN] - [From web content: 8],[desktop] Unhandled message,setTabPreviewData
[5/7/2025, 3:19:39 PM]:[WARN] - [From web content: 8],[desktop] Unhandled message,setTabPreviewData
[5/7/2025, 3:19:40 PM]:[WARN] - [From web content: 8],[desktop] Unhandled message,setTabPreviewData
[5/7/2025, 3:30:45 PM]:[WARN] - [From web content: 8],[desktop] Unhandled message,setTabPreviewData
[5/7/2025, 3:30:45 PM]:[WARN] - [From web content: 8],[desktop] Unhandled message,setTabPreviewData
[5/7/2025, 3:48:25 PM]:[WARN] - [From web content: 8],[desktop] Unhandled message,setTabPreviewData
[5/7/2025, 3:48:26 PM]:[WARN] - [From web content: 8],[desktop] Unhandled message,setTabPreviewData
[5/7/2025, 3:57:34 PM]:[WARN] - [From web content: 8],[desktop] Unhandled message,setTabPreviewData
[5/7/2025, 3:57:34 PM]:[WARN] - [From web content: 8],[desktop] Unhandled message,setTabPreviewData
[5/7/2025, 4:10:17 PM]:[WARN] - [From web content: 8],[desktop] Unhandled message,setTabPreviewData
[5/7/2025, 4:10:17 PM]:[WARN] - [From web content: 8],[desktop] Unhandled message,setTabPreviewData
[5/7/2025, 4:32:34 PM]:[WARN] - [From web content: 8],[desktop] Unhandled message,setTabPreviewData
[5/7/2025, 4:32:34 PM]:[WARN] - [From web content: 8],[desktop] Unhandled message,setTabPreviewData
[5/7/2025, 4:44:23 PM]:[WARN] - [From web content: 8],[desktop] Unhandled message,setTabPreviewData
[5/7/2025, 4:46:43 PM]:[WARN] - [From web content: 8],[desktop] Unhandled message,setTabPreviewData
[5/7/2025, 4:46:43 PM]:[WARN] - [From web content: 8],[desktop] Unhandled message,setTabPreviewData
[5/7/2025, 5:07:17 PM]:[WARN] - [From web content: 8],[desktop] Unhandled message,setTabPreviewData
[5/7/2025, 5:07:17 PM]:[WARN] - [From web content: 8],[desktop] Unhandled message,setTabPreviewData
[5/7/2025, 6:36:59 PM]:[WARN] - [From web content: 8],[desktop] Unhandled message,updateViewport
