2025-04-27 19:40:24.020 [info] [main] Log level: Info
2025-04-27 19:40:24.020 [info] [main] Validating found git in: "git"
2025-04-27 19:40:24.609 [info] [main] Using git "2.49.0" from "git"
2025-04-27 19:40:24.609 [info] [Model][doInitialScan] Initial repository scan started
2025-04-27 19:40:24.803 [info] > git rev-parse --show-toplevel [178ms]
2025-04-27 19:40:24.803 [info] fatal: not a git repository (or any of the parent directories): .git
2025-04-27 19:40:24.915 [info] > git rev-parse --show-toplevel [1ms]
2025-04-27 19:40:24.915 [info] fatal: not a git repository (or any of the parent directories): .git
2025-04-27 19:40:24.920 [info] > git rev-parse --show-toplevel [1ms]
2025-04-27 19:40:24.920 [info] fatal: not a git repository (or any of the parent directories): .git
2025-04-27 19:40:25.017 [info] > git rev-parse --show-toplevel [93ms]
2025-04-27 19:40:25.022 [info] > git rev-parse --git-dir --git-common-dir [1ms]
2025-04-27 19:40:25.033 [info] [Model][openRepository] Opened repository: /home/max/.dotfiles
2025-04-27 19:40:25.047 [info] > git rev-parse --show-toplevel [3ms]
2025-04-27 19:40:25.047 [info] fatal: not a git repository (or any of the parent directories): .git
2025-04-27 19:40:25.060 [info] > git config --get commit.template [20ms]
2025-04-27 19:40:25.061 [info] > git rev-parse --show-toplevel [9ms]
2025-04-27 19:40:25.061 [info] fatal: not a git repository (or any of the parent directories): .git
2025-04-27 19:40:25.322 [info] > git rev-parse --show-toplevel [22ms]
2025-04-27 19:40:25.322 [info] fatal: not a git repository (or any of the parent directories): .git
2025-04-27 19:40:25.329 [info] > git rev-parse --show-toplevel [2ms]
2025-04-27 19:40:25.329 [info] fatal: not a git repository (or any of the parent directories): .git
2025-04-27 19:40:25.334 [info] > git rev-parse --show-toplevel [1ms]
2025-04-27 19:40:25.334 [info] fatal: not a git repository (or any of the parent directories): .git
2025-04-27 19:40:25.340 [info] > git rev-parse --show-toplevel [1ms]
2025-04-27 19:40:25.340 [info] fatal: not a git repository (or any of the parent directories): .git
2025-04-27 19:40:25.346 [info] > git rev-parse --show-toplevel [1ms]
2025-04-27 19:40:25.346 [info] fatal: not a git repository (or any of the parent directories): .git
2025-04-27 19:40:25.352 [info] > git rev-parse --show-toplevel [2ms]
2025-04-27 19:40:25.352 [info] fatal: not a git repository (or any of the parent directories): .git
2025-04-27 19:40:25.361 [info] > git rev-parse --show-toplevel [5ms]
2025-04-27 19:40:25.361 [info] fatal: not a git repository (or any of the parent directories): .git
2025-04-27 19:40:25.412 [info] > git rev-parse --show-toplevel [46ms]
2025-04-27 19:40:25.419 [info] > git rev-parse --git-dir --git-common-dir [1ms]
2025-04-27 19:40:25.425 [info] [Model][openRepository] Opened repository: /home/max/yay
2025-04-27 19:40:25.426 [info] [Model][doInitialScan] Initial repository scan completed - repositories (2), closed repositories (0), parent repositories (0), unsafe repositories (0)
2025-04-27 19:40:25.434 [info] > git config --get commit.template [2ms]
2025-04-27 19:40:25.484 [info] > git for-each-ref --format=%(refname)%00%(upstream:short)%00%(objectname)%00%(upstream:track)%00%(upstream:remotename)%00%(upstream:remoteref) refs/heads/main refs/remotes/main [427ms]
2025-04-27 19:40:25.528 [info] > git for-each-ref --sort -committerdate --format %(refname)%00%(objectname)%00%(*objectname) [31ms]
2025-04-27 19:40:25.580 [info] > git for-each-ref --format=%(refname)%00%(upstream:short)%00%(objectname)%00%(upstream:track)%00%(upstream:remotename)%00%(upstream:remoteref) refs/heads/master refs/remotes/master [140ms]
2025-04-27 19:40:25.593 [warning] [Git][revParse] Unable to read file: ENOENT: no such file or directory, open '/home/max/yay/.git/refs/remotes/origin/master'
2025-04-27 19:40:25.597 [info] > git rev-parse refs/remotes/origin/master [4ms]
2025-04-27 19:40:25.630 [info] > git check-ignore -v -z --stdin [58ms]
2025-04-27 19:40:25.686 [info] > git for-each-ref --sort -committerdate --format %(refname)%00%(objectname)%00%(*objectname) [59ms]
2025-04-27 19:40:25.795 [info] > git status -z -uall [184ms]
2025-04-27 19:40:25.826 [info] > git for-each-ref --format=%(refname)%00%(upstream:short)%00%(objectname)%00%(upstream:track)%00%(upstream:remotename)%00%(upstream:remoteref) refs/heads/master refs/remotes/master [7ms]
2025-04-27 19:40:25.831 [info] > git config --get commit.template [6ms]
2025-04-27 19:40:25.832 [info] > git config --get --local branch.master.vscode-merge-base [2ms]
2025-04-27 19:40:25.841 [info] > git for-each-ref --format=%(refname)%00%(upstream:short)%00%(objectname)%00%(upstream:track)%00%(upstream:remotename)%00%(upstream:remoteref) refs/heads/origin/master refs/remotes/origin/master [5ms]
2025-04-27 19:40:25.847 [info] > git for-each-ref --format=%(refname)%00%(upstream:short)%00%(objectname)%00%(upstream:track)%00%(upstream:remotename)%00%(upstream:remoteref) refs/heads/master refs/remotes/master [7ms]
2025-04-27 19:40:25.852 [warning] [Git][revParse] Unable to read file: ENOENT: no such file or directory, open '/home/max/yay/.git/refs/remotes/origin/master'
2025-04-27 19:40:25.853 [info] > git rev-parse refs/remotes/origin/master [2ms]
2025-04-27 19:40:25.861 [info] > git status -z -uall [5ms]
2025-04-27 19:40:25.862 [info] > git for-each-ref --sort -committerdate --format %(refname)%00%(objectname)%00%(*objectname) [1ms]
2025-04-27 19:40:25.876 [info] > git merge-base refs/heads/master refs/remotes/origin/master [7ms]
2025-04-27 19:40:25.881 [info] > git merge-base refs/heads/master refs/remotes/origin/master [35ms]
2025-04-27 19:40:25.886 [info] > git diff --name-status -z --diff-filter=ADMR 179b744dec6648ff7c7b051c692ba20c906f348e...refs/remotes/origin/master [5ms]
2025-04-27 19:40:25.887 [info] > git diff --name-status -z --diff-filter=ADMR 179b744dec6648ff7c7b051c692ba20c906f348e...refs/remotes/origin/master [1ms]
2025-04-27 19:40:26.085 [info] > git status -z -uall [594ms]
2025-04-27 19:40:26.122 [info] > git for-each-ref --format=%(refname)%00%(upstream:short)%00%(objectname)%00%(upstream:track)%00%(upstream:remotename)%00%(upstream:remoteref) refs/heads/main refs/remotes/main [20ms]
2025-04-27 19:40:26.128 [info] > git config --get commit.template [7ms]
2025-04-27 19:40:26.133 [info] > git config --get --local branch.main.vscode-merge-base [5ms]
2025-04-27 19:40:26.327 [info] > git for-each-ref --format=%(refname)%00%(upstream:short)%00%(objectname)%00%(upstream:track)%00%(upstream:remotename)%00%(upstream:remoteref) refs/heads/main refs/remotes/main [182ms]
2025-04-27 19:40:26.327 [info] > git for-each-ref --format=%(refname)%00%(upstream:short)%00%(objectname)%00%(upstream:track)%00%(upstream:remotename)%00%(upstream:remoteref) refs/heads/origin/main refs/remotes/origin/main [187ms]
2025-04-27 19:40:26.354 [info] > git merge-base refs/heads/main refs/remotes/origin/main [22ms]
2025-04-27 19:40:26.363 [info] > git diff --name-status -z --diff-filter=ADMR a6f395c3e8f3e17039217cb160a72dfcc9bb5ab1...refs/remotes/origin/main [3ms]
2025-04-27 19:40:26.374 [info] > git for-each-ref --sort -committerdate --format %(refname)%00%(objectname)%00%(*objectname) [2ms]
2025-04-27 19:40:26.385 [info] > git status -z -uall [18ms]
2025-04-27 19:40:39.301 [info] > git config --get commit.template [11ms]
2025-04-27 19:40:39.302 [info] > git for-each-ref --format=%(refname)%00%(upstream:short)%00%(objectname)%00%(upstream:track)%00%(upstream:remotename)%00%(upstream:remoteref) refs/heads/main refs/remotes/main [2ms]
2025-04-27 19:40:39.316 [info] > git for-each-ref --sort -committerdate --format %(refname)%00%(objectname)%00%(*objectname) [1ms]
2025-04-27 19:40:39.329 [info] > git status -z -uall [20ms]
2025-04-27 19:41:17.219 [info] > git config --get commit.template [8ms]
2025-04-27 19:41:17.221 [info] > git for-each-ref --format=%(refname)%00%(upstream:short)%00%(objectname)%00%(upstream:track)%00%(upstream:remotename)%00%(upstream:remoteref) refs/heads/main refs/remotes/main [3ms]
2025-04-27 19:41:17.236 [info] > git for-each-ref --sort -committerdate --format %(refname)%00%(objectname)%00%(*objectname) [2ms]
2025-04-27 19:41:17.251 [info] > git status -z -uall [22ms]
2025-04-27 19:42:03.359 [info] > git config --get commit.template [7ms]
2025-04-27 19:42:03.361 [info] > git for-each-ref --format=%(refname)%00%(upstream:short)%00%(objectname)%00%(upstream:track)%00%(upstream:remotename)%00%(upstream:remoteref) refs/heads/main refs/remotes/main [2ms]
2025-04-27 19:42:03.380 [info] > git for-each-ref --sort -committerdate --format %(refname)%00%(objectname)%00%(*objectname) [3ms]
2025-04-27 19:42:03.400 [info] > git status -z -uall [31ms]
2025-04-27 19:42:37.821 [info] > git config --get commit.template [6ms]
2025-04-27 19:42:37.822 [info] > git for-each-ref --format=%(refname)%00%(upstream:short)%00%(objectname)%00%(upstream:track)%00%(upstream:remotename)%00%(upstream:remoteref) refs/heads/main refs/remotes/main [2ms]
2025-04-27 19:42:37.836 [info] > git for-each-ref --sort -committerdate --format %(refname)%00%(objectname)%00%(*objectname) [1ms]
2025-04-27 19:42:37.850 [info] > git status -z -uall [22ms]
2025-04-27 19:47:37.824 [info] > git config --get commit.template [6ms]
2025-04-27 19:47:37.824 [info] > git for-each-ref --format=%(refname)%00%(upstream:short)%00%(objectname)%00%(upstream:track)%00%(upstream:remotename)%00%(upstream:remoteref) refs/heads/main refs/remotes/main [1ms]
2025-04-27 19:47:37.840 [info] > git for-each-ref --sort -committerdate --format %(refname)%00%(objectname)%00%(*objectname) [3ms]
2025-04-27 19:47:37.852 [info] > git status -z -uall [22ms]
2025-04-27 19:52:37.973 [info] > git config --get commit.template [18ms]
2025-04-27 19:52:37.977 [info] > git for-each-ref --format=%(refname)%00%(upstream:short)%00%(objectname)%00%(upstream:track)%00%(upstream:remotename)%00%(upstream:remoteref) refs/heads/main refs/remotes/main [6ms]
2025-04-27 19:52:38.015 [info] > git for-each-ref --sort -committerdate --format %(refname)%00%(objectname)%00%(*objectname) [5ms]
2025-04-27 19:52:38.035 [info] > git status -z -uall [41ms]
2025-04-27 19:57:37.914 [info] > git config --get commit.template [7ms]
2025-04-27 19:57:37.916 [info] > git for-each-ref --format=%(refname)%00%(upstream:short)%00%(objectname)%00%(upstream:track)%00%(upstream:remotename)%00%(upstream:remoteref) refs/heads/main refs/remotes/main [2ms]
2025-04-27 19:57:37.931 [info] > git for-each-ref --sort -committerdate --format %(refname)%00%(objectname)%00%(*objectname) [2ms]
2025-04-27 19:57:37.944 [info] > git status -z -uall [21ms]
2025-04-27 19:58:53.947 [info] > git config --get commit.template [7ms]
2025-04-27 19:58:53.949 [info] > git for-each-ref --format=%(refname)%00%(upstream:short)%00%(objectname)%00%(upstream:track)%00%(upstream:remotename)%00%(upstream:remoteref) refs/heads/main refs/remotes/main [3ms]
2025-04-27 19:58:53.966 [info] > git for-each-ref --sort -committerdate --format %(refname)%00%(objectname)%00%(*objectname) [2ms]
2025-04-27 19:58:53.984 [info] > git status -z -uall [28ms]
2025-04-27 19:58:59.006 [info] > git config --get commit.template [7ms]
2025-04-27 19:58:59.007 [info] > git for-each-ref --format=%(refname)%00%(upstream:short)%00%(objectname)%00%(upstream:track)%00%(upstream:remotename)%00%(upstream:remoteref) refs/heads/main refs/remotes/main [2ms]
2025-04-27 19:58:59.025 [info] > git for-each-ref --sort -committerdate --format %(refname)%00%(objectname)%00%(*objectname) [1ms]
2025-04-27 19:58:59.037 [info] > git status -z -uall [20ms]
2025-04-27 19:59:17.398 [info] > git config --get commit.template [15ms]
2025-04-27 19:59:17.402 [info] > git for-each-ref --format=%(refname)%00%(upstream:short)%00%(objectname)%00%(upstream:track)%00%(upstream:remotename)%00%(upstream:remoteref) refs/heads/main refs/remotes/main [4ms]
2025-04-27 19:59:17.431 [info] > git for-each-ref --sort -committerdate --format %(refname)%00%(objectname)%00%(*objectname) [3ms]
2025-04-27 19:59:17.447 [info] > git status -z -uall [32ms]
2025-04-27 19:59:41.407 [info] > git config --get commit.template [8ms]
2025-04-27 19:59:41.408 [info] > git for-each-ref --format=%(refname)%00%(upstream:short)%00%(objectname)%00%(upstream:track)%00%(upstream:remotename)%00%(upstream:remoteref) refs/heads/main refs/remotes/main [2ms]
2025-04-27 19:59:41.421 [info] > git for-each-ref --sort -committerdate --format %(refname)%00%(objectname)%00%(*objectname) [1ms]
2025-04-27 19:59:41.436 [info] > git status -z -uall [22ms]
2025-04-27 19:59:46.486 [info] > git config --get commit.template [5ms]
2025-04-27 19:59:46.487 [info] > git for-each-ref --format=%(refname)%00%(upstream:short)%00%(objectname)%00%(upstream:track)%00%(upstream:remotename)%00%(upstream:remoteref) refs/heads/main refs/remotes/main [1ms]
2025-04-27 19:59:46.499 [info] > git for-each-ref --sort -committerdate --format %(refname)%00%(objectname)%00%(*objectname) [2ms]
2025-04-27 19:59:46.511 [info] > git status -z -uall [19ms]
2025-04-27 20:00:44.387 [info] > git config --get commit.template [20ms]
2025-04-27 20:00:44.393 [info] > git for-each-ref --format=%(refname)%00%(upstream:short)%00%(objectname)%00%(upstream:track)%00%(upstream:remotename)%00%(upstream:remoteref) refs/heads/main refs/remotes/main [7ms]
2025-04-27 20:00:44.427 [info] > git for-each-ref --sort -committerdate --format %(refname)%00%(objectname)%00%(*objectname) [2ms]
2025-04-27 20:00:44.445 [info] > git status -z -uall [34ms]
2025-04-27 20:00:49.485 [info] > git config --get commit.template [18ms]
2025-04-27 20:00:49.489 [info] > git for-each-ref --format=%(refname)%00%(upstream:short)%00%(objectname)%00%(upstream:track)%00%(upstream:remotename)%00%(upstream:remoteref) refs/heads/main refs/remotes/main [6ms]
2025-04-27 20:00:49.522 [info] > git for-each-ref --sort -committerdate --format %(refname)%00%(objectname)%00%(*objectname) [3ms]
2025-04-27 20:00:49.538 [info] > git status -z -uall [32ms]
2025-04-27 20:00:54.560 [info] > git config --get commit.template [8ms]
2025-04-27 20:00:54.561 [info] > git for-each-ref --format=%(refname)%00%(upstream:short)%00%(objectname)%00%(upstream:track)%00%(upstream:remotename)%00%(upstream:remoteref) refs/heads/main refs/remotes/main [2ms]
2025-04-27 20:00:54.579 [info] > git for-each-ref --sort -committerdate --format %(refname)%00%(objectname)%00%(*objectname) [3ms]
2025-04-27 20:00:54.598 [info] > git status -z -uall [29ms]
2025-04-27 20:01:07.285 [info] > git config --get commit.template [7ms]
2025-04-27 20:01:07.286 [info] > git for-each-ref --format=%(refname)%00%(upstream:short)%00%(objectname)%00%(upstream:track)%00%(upstream:remotename)%00%(upstream:remoteref) refs/heads/main refs/remotes/main [2ms]
2025-04-27 20:01:07.304 [info] > git for-each-ref --sort -committerdate --format %(refname)%00%(objectname)%00%(*objectname) [3ms]
2025-04-27 20:01:07.321 [info] > git status -z -uall [27ms]
2025-04-27 20:01:17.249 [info] > git config --get commit.template [7ms]
2025-04-27 20:01:17.250 [info] > git for-each-ref --format=%(refname)%00%(upstream:short)%00%(objectname)%00%(upstream:track)%00%(upstream:remotename)%00%(upstream:remoteref) refs/heads/main refs/remotes/main [2ms]
2025-04-27 20:01:17.266 [info] > git for-each-ref --sort -committerdate --format %(refname)%00%(objectname)%00%(*objectname) [1ms]
2025-04-27 20:01:17.278 [info] > git status -z -uall [20ms]
2025-04-27 20:01:32.666 [info] > git config --get commit.template [18ms]
2025-04-27 20:01:32.669 [info] > git for-each-ref --format=%(refname)%00%(upstream:short)%00%(objectname)%00%(upstream:track)%00%(upstream:remotename)%00%(upstream:remoteref) refs/heads/main refs/remotes/main [4ms]
2025-04-27 20:01:32.685 [info] > git for-each-ref --sort -committerdate --format %(refname)%00%(objectname)%00%(*objectname) [3ms]
2025-04-27 20:01:32.698 [info] > git status -z -uall [22ms]
2025-04-27 20:01:37.742 [info] > git config --get commit.template [19ms]
2025-04-27 20:01:37.746 [info] > git for-each-ref --format=%(refname)%00%(upstream:short)%00%(objectname)%00%(upstream:track)%00%(upstream:remotename)%00%(upstream:remoteref) refs/heads/main refs/remotes/main [6ms]
2025-04-27 20:01:37.779 [info] > git for-each-ref --sort -committerdate --format %(refname)%00%(objectname)%00%(*objectname) [3ms]
2025-04-27 20:01:37.795 [info] > git status -z -uall [32ms]
2025-04-27 20:01:42.130 [info] > git rev-parse --show-toplevel [1ms]
2025-04-27 20:01:42.130 [info] fatal: not a git repository (or any of the parent directories): .git
2025-04-27 20:01:43.723 [info] > git config --get commit.template [19ms]
2025-04-27 20:01:43.725 [info] > git for-each-ref --format=%(refname)%00%(upstream:short)%00%(objectname)%00%(upstream:track)%00%(upstream:remotename)%00%(upstream:remoteref) refs/heads/main refs/remotes/main [4ms]
2025-04-27 20:01:43.744 [info] > git for-each-ref --sort -committerdate --format %(refname)%00%(objectname)%00%(*objectname) [2ms]
2025-04-27 20:01:43.761 [info] > git status -z -uall [26ms]
2025-04-27 20:01:45.622 [info] > git rev-parse --show-toplevel [2ms]
2025-04-27 20:01:45.622 [info] fatal: not a git repository (or any of the parent directories): .git
2025-04-27 20:01:48.786 [info] > git config --get commit.template [8ms]
2025-04-27 20:01:48.787 [info] > git for-each-ref --format=%(refname)%00%(upstream:short)%00%(objectname)%00%(upstream:track)%00%(upstream:remotename)%00%(upstream:remoteref) refs/heads/main refs/remotes/main [2ms]
2025-04-27 20:01:48.804 [info] > git for-each-ref --sort -committerdate --format %(refname)%00%(objectname)%00%(*objectname) [2ms]
2025-04-27 20:01:48.821 [info] > git status -z -uall [26ms]
2025-04-27 20:01:53.850 [info] > git config --get commit.template [12ms]
2025-04-27 20:01:53.853 [info] > git for-each-ref --format=%(refname)%00%(upstream:short)%00%(objectname)%00%(upstream:track)%00%(upstream:remotename)%00%(upstream:remoteref) refs/heads/main refs/remotes/main [4ms]
2025-04-27 20:01:53.878 [info] > git for-each-ref --sort -committerdate --format %(refname)%00%(objectname)%00%(*objectname) [2ms]
2025-04-27 20:01:53.895 [info] > git status -z -uall [28ms]
2025-04-27 20:02:17.282 [info] > git config --get commit.template [8ms]
2025-04-27 20:02:17.283 [info] > git for-each-ref --format=%(refname)%00%(upstream:short)%00%(objectname)%00%(upstream:track)%00%(upstream:remotename)%00%(upstream:remoteref) refs/heads/main refs/remotes/main [2ms]
2025-04-27 20:02:17.299 [info] > git for-each-ref --sort -committerdate --format %(refname)%00%(objectname)%00%(*objectname) [2ms]
2025-04-27 20:02:17.311 [info] > git status -z -uall [20ms]
2025-04-27 20:02:37.988 [info] > git config --get commit.template [6ms]
2025-04-27 20:02:37.990 [info] > git for-each-ref --format=%(refname)%00%(upstream:short)%00%(objectname)%00%(upstream:track)%00%(upstream:remotename)%00%(upstream:remoteref) refs/heads/main refs/remotes/main [2ms]
2025-04-27 20:02:38.004 [info] > git for-each-ref --sort -committerdate --format %(refname)%00%(objectname)%00%(*objectname) [1ms]
2025-04-27 20:02:38.015 [info] > git status -z -uall [19ms]
2025-04-27 20:05:36.144 [info] > git rev-parse --show-toplevel [5ms]
2025-04-27 20:05:36.166 [info] > git rev-parse --git-dir --git-common-dir [4ms]
2025-04-27 20:05:36.179 [info] [Model][openRepository] Opened repository: /home/max/.cache/yay/evhz-git
2025-04-27 20:05:36.189 [info] > git config --get commit.template [2ms]
2025-04-27 20:05:36.195 [warning] [Git][getHEAD] Failed to parse HEAD file: Repository is using reftable format.
2025-04-27 20:05:36.238 [info] > git symbolic-ref --short HEAD [42ms]
2025-04-27 20:05:36.238 [info] fatal: No such ref: HEAD
2025-04-27 20:05:36.257 [info] > git rev-parse HEAD [5ms]
2025-04-27 20:05:36.257 [info] fatal: ambiguous argument 'HEAD': unknown revision or path not in the working tree.
Use '--' to separate paths from revisions, like this:
'git <command> [<revision>...] -- [<file>...]'
2025-04-27 20:05:36.292 [info] > git status -z -uall [19ms]
2025-04-27 20:05:36.295 [info] > git for-each-ref --sort -committerdate --format %(refname)%00%(objectname)%00%(*objectname) [6ms]
2025-04-27 20:05:36.319 [info] > git symbolic-ref --short HEAD [9ms]
2025-04-27 20:05:36.319 [info] fatal: No such ref: HEAD
2025-04-27 20:05:36.325 [info] > git config --get commit.template [8ms]
2025-04-27 20:05:36.326 [info] > git rev-parse HEAD [2ms]
2025-04-27 20:05:36.326 [info] fatal: ambiguous argument 'HEAD': unknown revision or path not in the working tree.
Use '--' to separate paths from revisions, like this:
'git <command> [<revision>...] -- [<file>...]'
2025-04-27 20:05:36.339 [info] > git status -z -uall [8ms]
2025-04-27 20:05:36.340 [info] > git for-each-ref --sort -committerdate --format %(refname)%00%(objectname)%00%(*objectname) [3ms]
2025-04-27 20:05:36.731 [info] > git check-ignore -v -z --stdin [5ms]
2025-04-27 20:05:37.763 [info] > git config --get commit.template [7ms]
2025-04-27 20:05:37.764 [info] > git for-each-ref --format=%(refname)%00%(upstream:short)%00%(objectname)%00%(upstream:track)%00%(upstream:remotename)%00%(upstream:remoteref) refs/heads/main refs/remotes/main [2ms]
2025-04-27 20:05:37.782 [info] > git for-each-ref --sort -committerdate --format %(refname)%00%(objectname)%00%(*objectname) [3ms]
2025-04-27 20:05:37.800 [info] > git status -z -uall [28ms]
2025-04-27 20:05:38.009 [info] > git symbolic-ref --short HEAD [7ms]
2025-04-27 20:05:38.014 [info] > git config --get commit.template [5ms]
2025-04-27 20:05:38.015 [info] > git for-each-ref --format=%(refname)%00%(upstream:short)%00%(objectname)%00%(upstream:track)%00%(upstream:remotename)%00%(upstream:remoteref) refs/heads/master refs/remotes/master [2ms]
2025-04-27 20:05:38.020 [warning] [Git][revParse] Unable to read file: ENOENT: no such file or directory, open '/home/max/.cache/yay/evhz-git/.git/refs/remotes/origin/master'
2025-04-27 20:05:38.021 [info] > git rev-parse refs/remotes/origin/master [1ms]
2025-04-27 20:05:38.032 [info] > git status -z -uall [6ms]
2025-04-27 20:05:38.033 [info] > git for-each-ref --sort -committerdate --format %(refname)%00%(objectname)%00%(*objectname) [1ms]
2025-04-27 20:05:38.044 [info] > git for-each-ref --format=%(refname)%00%(upstream:short)%00%(objectname)%00%(upstream:track)%00%(upstream:remotename)%00%(upstream:remoteref) refs/heads/master refs/remotes/master [2ms]
2025-04-27 20:05:38.050 [info] > git config --get --local branch.master.vscode-merge-base [1ms]
2025-04-27 20:05:38.051 [warning] [Git][config] git config failed: Failed to execute git
2025-04-27 20:05:38.059 [info] > git reflog master --grep-reflog=branch: Created from *. [3ms]
2025-04-27 20:05:38.065 [info] > git symbolic-ref --short refs/remotes/origin/HEAD [1ms]
2025-04-27 20:05:38.072 [info] > git for-each-ref --format=%(refname)%00%(upstream:short)%00%(objectname)%00%(upstream:track)%00%(upstream:remotename)%00%(upstream:remoteref) refs/heads/origin/master refs/remotes/origin/master [1ms]
2025-04-27 20:05:38.078 [info] > git config --add --local branch.master.vscode-merge-base origin/master [1ms]
2025-04-27 20:05:38.089 [info] > git symbolic-ref --short HEAD [6ms]
2025-04-27 20:05:38.095 [info] > git config --get commit.template [7ms]
2025-04-27 20:05:38.095 [info] > git for-each-ref --format=%(refname)%00%(upstream:short)%00%(objectname)%00%(upstream:track)%00%(upstream:remotename)%00%(upstream:remoteref) refs/heads/master refs/remotes/master [1ms]
2025-04-27 20:05:38.100 [warning] [Git][revParse] Unable to read file: ENOENT: no such file or directory, open '/home/max/.cache/yay/evhz-git/.git/refs/remotes/origin/master'
2025-04-27 20:05:38.102 [info] > git rev-parse refs/remotes/origin/master [2ms]
2025-04-27 20:05:38.113 [info] > git status -z -uall [6ms]
2025-04-27 20:05:38.114 [info] > git for-each-ref --sort -committerdate --format %(refname)%00%(objectname)%00%(*objectname) [1ms]
2025-04-27 20:05:38.127 [info] > git for-each-ref --format=%(refname)%00%(upstream:short)%00%(objectname)%00%(upstream:track)%00%(upstream:remotename)%00%(upstream:remoteref) refs/heads/master refs/remotes/master [6ms]
2025-04-27 20:05:38.134 [info] > git merge-base refs/heads/master refs/remotes/origin/master [8ms]
2025-04-27 20:05:38.140 [info] > git config --get --local branch.master.vscode-merge-base [7ms]
2025-04-27 20:05:38.146 [info] > git diff --name-status -z --diff-filter=ADMR 53a759914e398af4ef2ea3eac7ed87c8692bd9ab...refs/remotes/origin/master [6ms]
2025-04-27 20:05:38.147 [info] > git for-each-ref --format=%(refname)%00%(upstream:short)%00%(objectname)%00%(upstream:track)%00%(upstream:remotename)%00%(upstream:remoteref) refs/heads/origin/master refs/remotes/origin/master [1ms]
2025-04-27 20:05:43.060 [info] > git symbolic-ref --short HEAD [7ms]
2025-04-27 20:05:43.067 [info] > git config --get commit.template [8ms]
2025-04-27 20:05:43.069 [info] > git for-each-ref --format=%(refname)%00%(upstream:short)%00%(objectname)%00%(upstream:track)%00%(upstream:remotename)%00%(upstream:remoteref) refs/heads/master refs/remotes/master [3ms]
2025-04-27 20:05:43.076 [warning] [Git][revParse] Unable to read file: ENOENT: no such file or directory, open '/home/max/.cache/yay/evhz-git/.git/refs/remotes/origin/master'
2025-04-27 20:05:43.078 [info] > git rev-parse refs/remotes/origin/master [2ms]
2025-04-27 20:05:43.091 [info] > git status -z -uall [7ms]
2025-04-27 20:05:43.092 [info] > git for-each-ref --sort -committerdate --format %(refname)%00%(objectname)%00%(*objectname) [2ms]
2025-04-27 20:05:48.111 [info] > git symbolic-ref --short HEAD [7ms]
2025-04-27 20:05:48.119 [info] > git config --get commit.template [9ms]
2025-04-27 20:05:48.120 [info] > git for-each-ref --format=%(refname)%00%(upstream:short)%00%(objectname)%00%(upstream:track)%00%(upstream:remotename)%00%(upstream:remoteref) refs/heads/master refs/remotes/master [2ms]
2025-04-27 20:05:48.127 [warning] [Git][revParse] Unable to read file: ENOENT: no such file or directory, open '/home/max/.cache/yay/evhz-git/.git/refs/remotes/origin/master'
2025-04-27 20:05:48.129 [info] > git rev-parse refs/remotes/origin/master [2ms]
2025-04-27 20:05:48.146 [info] > git status -z -uall [10ms]
2025-04-27 20:05:48.147 [info] > git for-each-ref --sort -committerdate --format %(refname)%00%(objectname)%00%(*objectname) [3ms]
2025-04-27 20:05:53.167 [info] > git symbolic-ref --short HEAD [8ms]
2025-04-27 20:05:53.174 [info] > git config --get commit.template [8ms]
2025-04-27 20:05:53.176 [info] > git for-each-ref --format=%(refname)%00%(upstream:short)%00%(objectname)%00%(upstream:track)%00%(upstream:remotename)%00%(upstream:remoteref) refs/heads/master refs/remotes/master [3ms]
2025-04-27 20:05:53.183 [warning] [Git][revParse] Unable to read file: ENOENT: no such file or directory, open '/home/max/.cache/yay/evhz-git/.git/refs/remotes/origin/master'
2025-04-27 20:05:53.185 [info] > git rev-parse refs/remotes/origin/master [2ms]
2025-04-27 20:05:53.200 [info] > git status -z -uall [8ms]
2025-04-27 20:05:53.202 [info] > git for-each-ref --sort -committerdate --format %(refname)%00%(objectname)%00%(*objectname) [3ms]
2025-04-27 20:06:17.289 [info] > git config --get commit.template [7ms]
2025-04-27 20:06:17.291 [info] > git for-each-ref --format=%(refname)%00%(upstream:short)%00%(objectname)%00%(upstream:track)%00%(upstream:remotename)%00%(upstream:remoteref) refs/heads/main refs/remotes/main [3ms]
2025-04-27 20:06:17.306 [info] > git for-each-ref --sort -committerdate --format %(refname)%00%(objectname)%00%(*objectname) [2ms]
2025-04-27 20:06:17.318 [info] > git status -z -uall [20ms]
2025-04-27 20:06:49.548 [info] > git config --get commit.template [18ms]
2025-04-27 20:06:49.551 [info] > git for-each-ref --format=%(refname)%00%(upstream:short)%00%(objectname)%00%(upstream:track)%00%(upstream:remotename)%00%(upstream:remoteref) refs/heads/main refs/remotes/main [5ms]
2025-04-27 20:06:49.584 [info] > git for-each-ref --sort -committerdate --format %(refname)%00%(objectname)%00%(*objectname) [3ms]
2025-04-27 20:06:49.600 [info] > git status -z -uall [32ms]
2025-04-27 20:07:38.123 [info] > git config --get commit.template [8ms]
2025-04-27 20:07:38.124 [info] > git for-each-ref --format=%(refname)%00%(upstream:short)%00%(objectname)%00%(upstream:track)%00%(upstream:remotename)%00%(upstream:remoteref) refs/heads/main refs/remotes/main [2ms]
2025-04-27 20:07:38.143 [info] > git for-each-ref --sort -committerdate --format %(refname)%00%(objectname)%00%(*objectname) [2ms]
2025-04-27 20:07:38.156 [info] > git status -z -uall [23ms]
2025-04-27 20:12:38.219 [info] > git config --get commit.template [7ms]
2025-04-27 20:12:38.221 [info] > git for-each-ref --format=%(refname)%00%(upstream:short)%00%(objectname)%00%(upstream:track)%00%(upstream:remotename)%00%(upstream:remoteref) refs/heads/main refs/remotes/main [2ms]
2025-04-27 20:12:38.238 [info] > git for-each-ref --sort -committerdate --format %(refname)%00%(objectname)%00%(*objectname) [2ms]
2025-04-27 20:12:38.256 [info] > git status -z -uall [28ms]
2025-04-27 20:14:54.570 [info] > git config --get commit.template [8ms]
2025-04-27 20:14:54.571 [info] > git for-each-ref --format=%(refname)%00%(upstream:short)%00%(objectname)%00%(upstream:track)%00%(upstream:remotename)%00%(upstream:remoteref) refs/heads/main refs/remotes/main [2ms]
2025-04-27 20:14:54.587 [info] > git for-each-ref --sort -committerdate --format %(refname)%00%(objectname)%00%(*objectname) [3ms]
2025-04-27 20:14:54.603 [info] > git status -z -uall [25ms]
2025-04-27 20:15:33.665 [info] > git ls-files --stage -- packages/pacman.txt [3ms]
2025-04-27 20:15:33.734 [info] > git show --textconv :packages/pacman.txt [82ms]
2025-04-27 20:15:33.734 [info] > git cat-file -s 65154aa0e66f90e1921dabd9cdfb8273de5d382b [62ms]
2025-04-27 20:15:34.147 [info] > git check-ignore -v -z --stdin [7ms]
2025-04-27 20:15:35.113 [info] > git config --get commit.template [19ms]
2025-04-27 20:15:35.116 [info] > git for-each-ref --format=%(refname)%00%(upstream:short)%00%(objectname)%00%(upstream:track)%00%(upstream:remotename)%00%(upstream:remoteref) refs/heads/main refs/remotes/main [5ms]
2025-04-27 20:15:35.149 [info] > git for-each-ref --sort -committerdate --format %(refname)%00%(objectname)%00%(*objectname) [3ms]
2025-04-27 20:15:35.164 [info] > git status -z -uall [32ms]
2025-04-27 20:15:35.545 [info] > git blame --root --incremental a6f395c3e8f3e17039217cb160a72dfcc9bb5ab1 -- packages/pacman.txt [93ms]
2025-04-27 20:15:40.671 [info] > git config --get commit.template [17ms]
2025-04-27 20:15:40.674 [info] > git for-each-ref --format=%(refname)%00%(upstream:short)%00%(objectname)%00%(upstream:track)%00%(upstream:remotename)%00%(upstream:remoteref) refs/heads/main refs/remotes/main [5ms]
2025-04-27 20:15:40.704 [info] > git for-each-ref --sort -committerdate --format %(refname)%00%(objectname)%00%(*objectname) [1ms]
2025-04-27 20:15:40.717 [info] > git status -z -uall [28ms]
2025-04-27 20:15:45.748 [info] > git config --get commit.template [7ms]
2025-04-27 20:15:45.749 [info] > git for-each-ref --format=%(refname)%00%(upstream:short)%00%(objectname)%00%(upstream:track)%00%(upstream:remotename)%00%(upstream:remoteref) refs/heads/main refs/remotes/main [2ms]
2025-04-27 20:15:45.763 [info] > git for-each-ref --sort -committerdate --format %(refname)%00%(objectname)%00%(*objectname) [2ms]
2025-04-27 20:15:45.777 [info] > git status -z -uall [22ms]
2025-04-27 20:15:54.658 [info] > git config --get commit.template [17ms]
2025-04-27 20:15:54.661 [info] > git for-each-ref --format=%(refname)%00%(upstream:short)%00%(objectname)%00%(upstream:track)%00%(upstream:remotename)%00%(upstream:remoteref) refs/heads/main refs/remotes/main [5ms]
2025-04-27 20:15:54.697 [info] > git for-each-ref --sort -committerdate --format %(refname)%00%(objectname)%00%(*objectname) [4ms]
2025-04-27 20:15:54.713 [info] > git status -z -uall [35ms]
2025-04-27 20:16:17.344 [info] > git config --get commit.template [8ms]
2025-04-27 20:16:17.345 [info] > git for-each-ref --format=%(refname)%00%(upstream:short)%00%(objectname)%00%(upstream:track)%00%(upstream:remotename)%00%(upstream:remoteref) refs/heads/main refs/remotes/main [2ms]
2025-04-27 20:16:17.369 [info] > git for-each-ref --sort -committerdate --format %(refname)%00%(objectname)%00%(*objectname) [2ms]
2025-04-27 20:16:17.381 [info] > git status -z -uall [25ms]
2025-04-27 20:17:38.359 [info] > git config --get commit.template [18ms]
2025-04-27 20:17:38.363 [info] > git for-each-ref --format=%(refname)%00%(upstream:short)%00%(objectname)%00%(upstream:track)%00%(upstream:remotename)%00%(upstream:remoteref) refs/heads/main refs/remotes/main [5ms]
2025-04-27 20:17:38.396 [info] > git for-each-ref --sort -committerdate --format %(refname)%00%(objectname)%00%(*objectname) [3ms]
2025-04-27 20:17:38.413 [info] > git status -z -uall [33ms]
2025-04-27 20:19:49.560 [info] > git config --get commit.template [20ms]
2025-04-27 20:19:49.563 [info] > git for-each-ref --format=%(refname)%00%(upstream:short)%00%(objectname)%00%(upstream:track)%00%(upstream:remotename)%00%(upstream:remoteref) refs/heads/main refs/remotes/main [5ms]
2025-04-27 20:19:49.599 [info] > git for-each-ref --sort -committerdate --format %(refname)%00%(objectname)%00%(*objectname) [3ms]
2025-04-27 20:19:49.616 [info] > git status -z -uall [36ms]
2025-04-27 20:20:09.692 [info] > git config --get commit.template [6ms]
2025-04-27 20:20:09.693 [info] > git for-each-ref --format=%(refname)%00%(upstream:short)%00%(objectname)%00%(upstream:track)%00%(upstream:remotename)%00%(upstream:remoteref) refs/heads/main refs/remotes/main [1ms]
2025-04-27 20:20:09.707 [info] > git for-each-ref --sort -committerdate --format %(refname)%00%(objectname)%00%(*objectname) [2ms]
2025-04-27 20:20:09.721 [info] > git status -z -uall [22ms]
2025-04-27 20:20:17.425 [info] > git config --get commit.template [8ms]
2025-04-27 20:20:17.427 [info] > git for-each-ref --format=%(refname)%00%(upstream:short)%00%(objectname)%00%(upstream:track)%00%(upstream:remotename)%00%(upstream:remoteref) refs/heads/main refs/remotes/main [3ms]
2025-04-27 20:20:17.447 [info] > git for-each-ref --sort -committerdate --format %(refname)%00%(objectname)%00%(*objectname) [2ms]
2025-04-27 20:20:17.460 [info] > git status -z -uall [24ms]
2025-04-27 20:20:43.096 [info] > git config --get commit.template [7ms]
2025-04-27 20:20:43.097 [info] > git for-each-ref --format=%(refname)%00%(upstream:short)%00%(objectname)%00%(upstream:track)%00%(upstream:remotename)%00%(upstream:remoteref) refs/heads/main refs/remotes/main [2ms]
2025-04-27 20:20:43.111 [info] > git for-each-ref --sort -committerdate --format %(refname)%00%(objectname)%00%(*objectname) [2ms]
2025-04-27 20:20:43.125 [info] > git status -z -uall [21ms]
2025-04-27 20:22:38.484 [info] > git config --get commit.template [8ms]
2025-04-27 20:22:38.485 [info] > git for-each-ref --format=%(refname)%00%(upstream:short)%00%(objectname)%00%(upstream:track)%00%(upstream:remotename)%00%(upstream:remoteref) refs/heads/main refs/remotes/main [2ms]
2025-04-27 20:22:38.498 [info] > git for-each-ref --sort -committerdate --format %(refname)%00%(objectname)%00%(*objectname) [2ms]
2025-04-27 20:22:38.512 [info] > git status -z -uall [21ms]
2025-04-27 20:23:10.973 [info] > git rev-parse --show-toplevel [1ms]
2025-04-27 20:23:10.973 [info] fatal: not a git repository (or any of the parent directories): .git
2025-04-27 20:23:12.141 [info] > git config --get commit.template [17ms]
2025-04-27 20:23:12.144 [info] > git for-each-ref --format=%(refname)%00%(upstream:short)%00%(objectname)%00%(upstream:track)%00%(upstream:remotename)%00%(upstream:remoteref) refs/heads/main refs/remotes/main [5ms]
2025-04-27 20:23:12.179 [info] > git for-each-ref --sort -committerdate --format %(refname)%00%(objectname)%00%(*objectname) [5ms]
2025-04-27 20:23:12.195 [info] > git status -z -uall [35ms]
2025-04-27 20:23:16.015 [info] > git rev-parse --show-toplevel [1ms]
2025-04-27 20:23:16.015 [info] fatal: not a git repository (or any of the parent directories): .git
2025-04-27 20:23:17.234 [info] > git config --get commit.template [18ms]
2025-04-27 20:23:17.238 [info] > git for-each-ref --format=%(refname)%00%(upstream:short)%00%(objectname)%00%(upstream:track)%00%(upstream:remotename)%00%(upstream:remoteref) refs/heads/main refs/remotes/main [6ms]
2025-04-27 20:23:17.272 [info] > git for-each-ref --sort -committerdate --format %(refname)%00%(objectname)%00%(*objectname) [3ms]
2025-04-27 20:23:17.288 [info] > git status -z -uall [33ms]
2025-04-27 20:23:22.317 [info] > git config --get commit.template [6ms]
2025-04-27 20:23:22.319 [info] > git for-each-ref --format=%(refname)%00%(upstream:short)%00%(objectname)%00%(upstream:track)%00%(upstream:remotename)%00%(upstream:remoteref) refs/heads/main refs/remotes/main [2ms]
2025-04-27 20:23:22.333 [info] > git for-each-ref --sort -committerdate --format %(refname)%00%(objectname)%00%(*objectname) [2ms]
2025-04-27 20:23:22.346 [info] > git status -z -uall [20ms]
2025-04-27 20:24:17.380 [info] > git config --get commit.template [8ms]
2025-04-27 20:24:17.382 [info] > git for-each-ref --format=%(refname)%00%(upstream:short)%00%(objectname)%00%(upstream:track)%00%(upstream:remotename)%00%(upstream:remoteref) refs/heads/main refs/remotes/main [3ms]
2025-04-27 20:24:17.395 [info] > git for-each-ref --sort -committerdate --format %(refname)%00%(objectname)%00%(*objectname) [2ms]
2025-04-27 20:24:17.407 [info] > git status -z -uall [20ms]
2025-04-27 20:27:38.581 [info] > git config --get commit.template [7ms]
2025-04-27 20:27:38.583 [info] > git for-each-ref --format=%(refname)%00%(upstream:short)%00%(objectname)%00%(upstream:track)%00%(upstream:remotename)%00%(upstream:remoteref) refs/heads/main refs/remotes/main [3ms]
2025-04-27 20:27:38.596 [info] > git for-each-ref --sort -committerdate --format %(refname)%00%(objectname)%00%(*objectname) [2ms]
2025-04-27 20:27:38.607 [info] > git status -z -uall [18ms]
2025-04-27 20:32:38.709 [info] > git config --get commit.template [7ms]
2025-04-27 20:32:38.711 [info] > git for-each-ref --format=%(refname)%00%(upstream:short)%00%(objectname)%00%(upstream:track)%00%(upstream:remotename)%00%(upstream:remoteref) refs/heads/main refs/remotes/main [3ms]
2025-04-27 20:32:38.724 [info] > git for-each-ref --sort -committerdate --format %(refname)%00%(objectname)%00%(*objectname) [2ms]
2025-04-27 20:32:38.736 [info] > git status -z -uall [19ms]
2025-04-27 20:37:31.290 [info] > git config --get commit.template [7ms]
2025-04-27 20:37:31.291 [info] > git for-each-ref --format=%(refname)%00%(upstream:short)%00%(objectname)%00%(upstream:track)%00%(upstream:remotename)%00%(upstream:remoteref) refs/heads/main refs/remotes/main [2ms]
2025-04-27 20:37:31.304 [info] > git for-each-ref --sort -committerdate --format %(refname)%00%(objectname)%00%(*objectname) [2ms]
2025-04-27 20:37:31.319 [info] > git status -z -uall [22ms]
2025-04-27 20:37:36.363 [info] > git config --get commit.template [18ms]
2025-04-27 20:37:36.367 [info] > git for-each-ref --format=%(refname)%00%(upstream:short)%00%(objectname)%00%(upstream:track)%00%(upstream:remotename)%00%(upstream:remoteref) refs/heads/main refs/remotes/main [6ms]
2025-04-27 20:37:36.394 [info] > git for-each-ref --sort -committerdate --format %(refname)%00%(objectname)%00%(*objectname) [3ms]
2025-04-27 20:37:36.409 [info] > git status -z -uall [28ms]
2025-04-27 20:37:41.437 [info] > git config --get commit.template [7ms]
2025-04-27 20:37:41.438 [info] > git for-each-ref --format=%(refname)%00%(upstream:short)%00%(objectname)%00%(upstream:track)%00%(upstream:remotename)%00%(upstream:remoteref) refs/heads/main refs/remotes/main [2ms]
2025-04-27 20:37:41.451 [info] > git for-each-ref --sort -committerdate --format %(refname)%00%(objectname)%00%(*objectname) [2ms]
2025-04-27 20:37:41.466 [info] > git status -z -uall [21ms]
2025-04-27 20:37:48.204 [info] > git config --get commit.template [19ms]
2025-04-27 20:37:48.208 [info] > git for-each-ref --format=%(refname)%00%(upstream:short)%00%(objectname)%00%(upstream:track)%00%(upstream:remotename)%00%(upstream:remoteref) refs/heads/main refs/remotes/main [6ms]
2025-04-27 20:37:48.233 [info] > git for-each-ref --sort -committerdate --format %(refname)%00%(objectname)%00%(*objectname) [2ms]
2025-04-27 20:37:48.249 [info] > git status -z -uall [26ms]
2025-04-27 20:37:53.272 [info] > git config --get commit.template [8ms]
2025-04-27 20:37:53.273 [info] > git for-each-ref --format=%(refname)%00%(upstream:short)%00%(objectname)%00%(upstream:track)%00%(upstream:remotename)%00%(upstream:remoteref) refs/heads/main refs/remotes/main [2ms]
2025-04-27 20:37:53.289 [info] > git for-each-ref --sort -committerdate --format %(refname)%00%(objectname)%00%(*objectname) [2ms]
2025-04-27 20:37:53.301 [info] > git status -z -uall [20ms]
2025-04-27 20:38:18.897 [info] > git config --get commit.template [7ms]
2025-04-27 20:38:18.899 [info] > git for-each-ref --format=%(refname)%00%(upstream:short)%00%(objectname)%00%(upstream:track)%00%(upstream:remotename)%00%(upstream:remoteref) refs/heads/main refs/remotes/main [3ms]
2025-04-27 20:38:18.912 [info] > git for-each-ref --sort -committerdate --format %(refname)%00%(objectname)%00%(*objectname) [1ms]
2025-04-27 20:38:18.927 [info] > git status -z -uall [22ms]
2025-04-27 20:39:44.131 [info] > git config --get commit.template [19ms]
2025-04-27 20:39:44.134 [info] > git for-each-ref --format=%(refname)%00%(upstream:short)%00%(objectname)%00%(upstream:track)%00%(upstream:remotename)%00%(upstream:remoteref) refs/heads/main refs/remotes/main [5ms]
2025-04-27 20:39:44.166 [info] > git for-each-ref --sort -committerdate --format %(refname)%00%(objectname)%00%(*objectname) [2ms]
2025-04-27 20:39:44.182 [info] > git status -z -uall [31ms]
2025-04-27 20:39:49.227 [info] > git config --get commit.template [20ms]
2025-04-27 20:39:49.232 [info] > git for-each-ref --format=%(refname)%00%(upstream:short)%00%(objectname)%00%(upstream:track)%00%(upstream:remotename)%00%(upstream:remoteref) refs/heads/main refs/remotes/main [7ms]
2025-04-27 20:39:49.260 [info] > git for-each-ref --sort -committerdate --format %(refname)%00%(objectname)%00%(*objectname) [3ms]
2025-04-27 20:39:49.275 [info] > git status -z -uall [28ms]
2025-04-27 20:39:54.317 [info] > git config --get commit.template [17ms]
2025-04-27 20:39:54.321 [info] > git for-each-ref --format=%(refname)%00%(upstream:short)%00%(objectname)%00%(upstream:track)%00%(upstream:remotename)%00%(upstream:remoteref) refs/heads/main refs/remotes/main [5ms]
2025-04-27 20:39:54.355 [info] > git for-each-ref --sort -committerdate --format %(refname)%00%(objectname)%00%(*objectname) [4ms]
2025-04-27 20:39:54.372 [info] > git status -z -uall [35ms]
2025-04-27 20:40:18.890 [info] > git config --get commit.template [6ms]
2025-04-27 20:40:18.891 [info] > git for-each-ref --format=%(refname)%00%(upstream:short)%00%(objectname)%00%(upstream:track)%00%(upstream:remotename)%00%(upstream:remoteref) refs/heads/main refs/remotes/main [1ms]
2025-04-27 20:40:18.905 [info] > git for-each-ref --sort -committerdate --format %(refname)%00%(objectname)%00%(*objectname) [2ms]
2025-04-27 20:40:18.919 [info] > git status -z -uall [22ms]
2025-04-27 20:42:39.058 [info] > git config --get commit.template [11ms]
2025-04-27 20:42:39.061 [info] > git for-each-ref --format=%(refname)%00%(upstream:short)%00%(objectname)%00%(upstream:track)%00%(upstream:remotename)%00%(upstream:remoteref) refs/heads/main refs/remotes/main [4ms]
2025-04-27 20:42:39.086 [info] > git for-each-ref --sort -committerdate --format %(refname)%00%(objectname)%00%(*objectname) [3ms]
2025-04-27 20:42:39.111 [info] > git status -z -uall [39ms]
2025-04-27 20:44:52.286 [info] > git config --get commit.template [8ms]
2025-04-27 20:44:52.286 [info] > git for-each-ref --format=%(refname)%00%(upstream:short)%00%(objectname)%00%(upstream:track)%00%(upstream:remotename)%00%(upstream:remoteref) refs/heads/main refs/remotes/main [1ms]
2025-04-27 20:44:52.301 [info] > git for-each-ref --sort -committerdate --format %(refname)%00%(objectname)%00%(*objectname) [2ms]
2025-04-27 20:44:52.312 [info] > git status -z -uall [19ms]
2025-04-27 20:47:39.167 [info] > git config --get commit.template [7ms]
2025-04-27 20:47:39.169 [info] > git for-each-ref --format=%(refname)%00%(upstream:short)%00%(objectname)%00%(upstream:track)%00%(upstream:remotename)%00%(upstream:remoteref) refs/heads/main refs/remotes/main [2ms]
2025-04-27 20:47:39.189 [info] > git for-each-ref --sort -committerdate --format %(refname)%00%(objectname)%00%(*objectname) [2ms]
2025-04-27 20:47:39.204 [info] > git status -z -uall [26ms]
2025-04-27 20:52:39.368 [info] > git config --get commit.template [13ms]
2025-04-27 20:52:39.370 [info] > git for-each-ref --format=%(refname)%00%(upstream:short)%00%(objectname)%00%(upstream:track)%00%(upstream:remotename)%00%(upstream:remoteref) refs/heads/main refs/remotes/main [4ms]
2025-04-27 20:52:39.397 [info] > git for-each-ref --sort -committerdate --format %(refname)%00%(objectname)%00%(*objectname) [4ms]
2025-04-27 20:52:39.417 [info] > git status -z -uall [36ms]
2025-04-27 20:57:39.499 [info] > git config --get commit.template [8ms]
2025-04-27 20:57:39.501 [info] > git for-each-ref --format=%(refname)%00%(upstream:short)%00%(objectname)%00%(upstream:track)%00%(upstream:remotename)%00%(upstream:remoteref) refs/heads/main refs/remotes/main [3ms]
2025-04-27 20:57:39.524 [info] > git for-each-ref --sort -committerdate --format %(refname)%00%(objectname)%00%(*objectname) [4ms]
2025-04-27 20:57:39.544 [info] > git status -z -uall [32ms]
2025-04-27 21:02:39.591 [info] > git config --get commit.template [7ms]
2025-04-27 21:02:39.592 [info] > git for-each-ref --format=%(refname)%00%(upstream:short)%00%(objectname)%00%(upstream:track)%00%(upstream:remotename)%00%(upstream:remoteref) refs/heads/main refs/remotes/main [2ms]
2025-04-27 21:02:39.610 [info] > git for-each-ref --sort -committerdate --format %(refname)%00%(objectname)%00%(*objectname) [3ms]
2025-04-27 21:02:39.623 [info] > git status -z -uall [23ms]
2025-04-27 21:07:39.730 [info] > git config --get commit.template [5ms]
2025-04-27 21:07:39.731 [info] > git for-each-ref --format=%(refname)%00%(upstream:short)%00%(objectname)%00%(upstream:track)%00%(upstream:remotename)%00%(upstream:remoteref) refs/heads/main refs/remotes/main [1ms]
2025-04-27 21:07:39.742 [info] > git for-each-ref --sort -committerdate --format %(refname)%00%(objectname)%00%(*objectname) [1ms]
2025-04-27 21:07:39.753 [info] > git status -z -uall [17ms]
