2025-05-01 13:12:15 Loading main app package /usr/lib/obsidian/obsidian.asar
2025-05-01 13:12:24 Checking for update using Github
2025-05-01 13:12:28 Success.
2025-05-01 13:12:28 Latest version is 1.8.10
2025-05-01 13:12:28 App is up to date.
2025-05-01 13:12:29 Loading main app package /usr/lib/obsidian/obsidian.asar
2025-05-01 13:12:29 Checking for update using Github
2025-05-01 13:14:10 Loading main app package /usr/lib/obsidian/obsidian.asar
2025-05-01 13:14:10 Checking for update using Github
2025-05-01 13:14:10 Success.
2025-05-01 13:14:10 Latest version is 1.8.10
2025-05-01 13:14:10 App is up to date.
2025-05-01 14:14:10 Checking for update using Github
2025-05-01 14:14:10 Success.
2025-05-01 14:14:10 Latest version is 1.8.10
2025-05-01 14:14:10 App is up to date.
2025-05-01 22:30:52 Loading main app package /usr/lib/obsidian/obsidian.asar
2025-05-01 22:30:59 Checking for update using Github
2025-05-01 22:31:01 Success.
2025-05-01 22:31:01 Latest version is 1.8.10
2025-05-01 22:31:01 App is up to date.
2025-05-02 16:18:27 Loading main app package /usr/lib/obsidian/obsidian.asar
2025-05-02 16:18:36 Loading main app package /usr/lib/obsidian/obsidian.asar
2025-05-02 16:18:39 Checking for update using Github
2025-05-02 16:18:40 Checking for update using Github
2025-05-02 16:18:42 Success.
2025-05-02 16:18:42 Latest version is 1.8.10
2025-05-02 16:18:42 App is up to date.
2025-05-02 17:18:27 Checking for update using Github
2025-05-02 17:18:27 Success.
2025-05-02 17:18:27 Latest version is 1.8.10
2025-05-02 17:18:27 App is up to date.
2025-05-02 18:54:33 Checking for update using Github
2025-05-02 18:54:33 Success.
2025-05-02 18:54:33 Latest version is 1.8.10
2025-05-02 18:54:33 App is up to date.
2025-05-04 18:04:35 Loading main app package /usr/lib/obsidian/obsidian.asar
2025-05-04 18:04:48 Checking for update using Github
2025-05-04 18:04:54 Success.
2025-05-04 18:04:54 Latest version is 1.8.10
2025-05-04 18:04:54 App is up to date.
2025-05-04 19:04:35 Checking for update using Github
2025-05-04 19:04:35 Success.
2025-05-04 19:04:35 Latest version is 1.8.10
2025-05-04 19:04:35 App is up to date.
2025-05-05 00:04:24 Checking for update using Github
2025-05-05 00:04:25 Success.
2025-05-05 00:04:25 Latest version is 1.8.10
2025-05-05 00:04:25 App is up to date.
2025-05-05 23:59:43 Loading main app package /usr/lib/obsidian/obsidian.asar
2025-05-05 23:59:54 Checking for update using Github
2025-05-05 23:59:58 Success.
2025-05-05 23:59:58 Latest version is 1.8.10
2025-05-05 23:59:58 App is up to date.
2025-05-06 00:59:43 Checking for update using Github
2025-05-06 00:59:43 Success.
2025-05-06 00:59:43 Latest version is 1.8.10
2025-05-06 00:59:43 App is up to date.
2025-05-06 22:47:30 Checking for update using Github
2025-05-06 22:47:30 Success.
2025-05-06 22:47:30 Latest version is 1.8.10
2025-05-06 22:47:30 App is up to date.
2025-05-07 00:14:53 Checking for update using Github
2025-05-07 00:14:53 Success.
2025-05-07 00:14:53 Latest version is 1.8.10
2025-05-07 00:14:53 App is up to date.
2025-05-07 01:14:53 Checking for update using Github
2025-05-07 01:14:53 Success.
2025-05-07 01:14:53 Latest version is 1.8.10
2025-05-07 01:14:53 App is up to date.
2025-05-07 10:43:11 Checking for update using Github
2025-05-07 10:43:11 Success.
2025-05-07 10:43:11 Latest version is 1.8.10
2025-05-07 10:43:11 App is up to date.
2025-05-07 18:20:00 Checking for update using Github
2025-05-07 18:20:00 Success.
2025-05-07 18:20:00 Latest version is 1.8.10
2025-05-07 18:20:00 App is up to date.
2025-05-07 19:20:00 Checking for update using Github
2025-05-07 19:20:00 Success.
2025-05-07 19:20:00 Latest version is 1.8.10
2025-05-07 19:20:00 App is up to date.
2025-05-07 20:20:00 Checking for update using Github
2025-05-07 20:20:00 Success.
2025-05-07 20:20:00 Latest version is 1.8.10
2025-05-07 20:20:00 App is up to date.
2025-05-07 21:28:13 Checking for update using Github
2025-05-07 21:28:14 Success.
2025-05-07 21:28:14 Latest version is 1.8.10
2025-05-07 21:28:14 App is up to date.
2025-05-07 22:28:13 Checking for update using Github
2025-05-07 22:28:14 Success.
2025-05-07 22:28:14 Latest version is 1.8.10
2025-05-07 22:28:14 App is up to date.
