2025-05-04 21:19:40.393 [info] Extension host with pid 1486 started
2025-05-04 21:19:40.393 [info] Skipping acquiring lock for /home/max/.config/Code - OSS/User/workspaceStorage/de045d141a8b035fd6afde5a0c3a97e9.
2025-05-04 21:19:40.602 [info] ExtensionService#_doActivateExtension vscode.emmet, startup: false, activationEvent: 'onLanguage'
2025-05-04 21:19:41.169 [info] ExtensionService#_doActivateExtension vscode.git-base, startup: true, activationEvent: '*', root cause: vscode.git
2025-05-04 21:19:41.328 [info] ExtensionService#_doActivateExtension vscode.git, startup: true, activationEvent: '*'
2025-05-04 21:19:41.678 [info] ExtensionService#_doActivateExtension vscode.github, startup: true, activationEvent: '*'
2025-05-04 21:19:42.236 [info] Eager extensions activated
2025-05-04 21:19:42.287 [info] ExtensionService#_doActivateExtension vscode.debug-auto-launch, startup: false, activationEvent: 'onStartupFinished'
2025-05-04 21:19:42.418 [info] ExtensionService#_doActivateExtension vscode.merge-conflict, startup: false, activationEvent: 'onStartupFinished'
2025-05-04 21:19:44.323 [warning] [Decorations] CAPPING events from decorations provider vscode.git 1193
2025-05-04 21:19:44.379 [info] ExtensionService#_doActivateExtension vscode.github-authentication, startup: false, activationEvent: 'onAuthenticationRequest:github'
2025-05-04 21:19:44.727 [warning] [Decorations] CAPPING events from decorations provider vscode.git 1194
2025-05-04 21:19:49.432 [warning] [Decorations] CAPPING events from decorations provider vscode.git 1195
2025-05-04 21:19:54.617 [warning] [Decorations] CAPPING events from decorations provider vscode.git 1195
2025-05-04 21:19:59.789 [warning] [Decorations] CAPPING events from decorations provider vscode.git 1195
2025-05-04 21:20:04.966 [warning] [Decorations] CAPPING events from decorations provider vscode.git 1195
2025-05-04 21:20:10.158 [warning] [Decorations] CAPPING events from decorations provider vscode.git 1195
2025-05-04 21:20:15.340 [warning] [Decorations] CAPPING events from decorations provider vscode.git 1193
2025-05-04 21:20:20.501 [warning] [Decorations] CAPPING events from decorations provider vscode.git 1193
2025-05-04 21:20:25.745 [warning] [Decorations] CAPPING events from decorations provider vscode.git 1193
2025-05-04 21:20:30.937 [warning] [Decorations] CAPPING events from decorations provider vscode.git 1193
2025-05-04 21:20:36.090 [warning] [Decorations] CAPPING events from decorations provider vscode.git 1193
2025-05-04 21:20:41.277 [warning] [Decorations] CAPPING events from decorations provider vscode.git 1193
2025-05-04 21:20:46.452 [warning] [Decorations] CAPPING events from decorations provider vscode.git 1193
2025-05-04 21:20:51.642 [warning] [Decorations] CAPPING events from decorations provider vscode.git 1193
2025-05-04 21:20:56.827 [warning] [Decorations] CAPPING events from decorations provider vscode.git 1193
2025-05-04 21:21:01.990 [warning] [Decorations] CAPPING events from decorations provider vscode.git 1193
2025-05-04 21:21:07.158 [warning] [Decorations] CAPPING events from decorations provider vscode.git 1193
2025-05-04 21:21:12.335 [warning] [Decorations] CAPPING events from decorations provider vscode.git 1193
2025-05-04 21:21:17.506 [warning] [Decorations] CAPPING events from decorations provider vscode.git 1193
2025-05-04 21:21:22.676 [warning] [Decorations] CAPPING events from decorations provider vscode.git 1193
2025-05-04 21:21:27.856 [warning] [Decorations] CAPPING events from decorations provider vscode.git 1193
2025-05-04 21:22:00.055 [warning] [Decorations] CAPPING events from decorations provider vscode.git 1193
2025-05-04 21:22:06.310 [warning] [Decorations] CAPPING events from decorations provider vscode.git 1193
