2025-04-26 14:43:33.107 [info] [main] Log level: Info
2025-04-26 14:43:33.107 [info] [main] Validating found git in: "git"
2025-04-26 14:43:33.239 [info] [main] Using git "2.49.0" from "git"
2025-04-26 14:43:33.239 [info] [Model][doInitialScan] Initial repository scan started
2025-04-26 14:43:33.526 [info] > git rev-parse --show-toplevel [278ms]
2025-04-26 14:43:33.528 [info] [Model][doInitialScan] Initial repository scan completed - repositories (0), closed repositories (0), parent repositories (1), unsafe repositories (0)
2025-04-26 14:43:51.937 [info] > git rev-parse --show-toplevel [2ms]
2025-04-26 14:43:51.947 [info] > git rev-parse --git-dir --git-common-dir [2ms]
2025-04-26 14:43:51.966 [info] [Model][openRepository] Opened repository: /home/max/.dotfiles
2025-04-26 14:43:52.021 [info] > git config --get commit.template [44ms]
2025-04-26 14:43:52.529 [info] > git ls-files --stage -- packages/pacman.txt [238ms]
2025-04-26 14:43:52.639 [info] > git check-ignore -v -z --stdin [133ms]
2025-04-26 14:43:52.656 [info] > git cat-file -s 65154aa0e66f90e1921dabd9cdfb8273de5d382b [110ms]
2025-04-26 14:43:52.670 [info] > git for-each-ref --format=%(refname)%00%(upstream:short)%00%(objectname)%00%(upstream:track)%00%(upstream:remotename)%00%(upstream:remoteref) refs/heads/main refs/remotes/main [684ms]
2025-04-26 14:43:52.704 [info] > git show --textconv :packages/pacman.txt [422ms]
2025-04-26 14:43:52.727 [info] > git for-each-ref --sort -committerdate --format %(refname)%00%(objectname)%00%(*objectname) [26ms]
2025-04-26 14:43:52.798 [info] > git status -z -uall [112ms]
2025-04-26 14:43:52.866 [info] > git for-each-ref --format=%(refname)%00%(upstream:short)%00%(objectname)%00%(upstream:track)%00%(upstream:remotename)%00%(upstream:remoteref) refs/heads/main refs/remotes/main [13ms]
2025-04-26 14:43:52.881 [info] > git config --get --local branch.main.vscode-merge-base [10ms]
2025-04-26 14:43:52.886 [info] > git config --get commit.template [26ms]
2025-04-26 14:43:53.109 [info] > git blame --root --incremental a6f395c3e8f3e17039217cb160a72dfcc9bb5ab1 -- packages/pacman.txt [229ms]
2025-04-26 14:43:53.119 [info] > git for-each-ref --format=%(refname)%00%(upstream:short)%00%(objectname)%00%(upstream:track)%00%(upstream:remotename)%00%(upstream:remoteref) refs/heads/origin/main refs/remotes/origin/main [233ms]
2025-04-26 14:43:53.163 [info] > git merge-base refs/heads/main refs/remotes/origin/main [38ms]
2025-04-26 14:43:53.169 [info] > git for-each-ref --format=%(refname)%00%(upstream:short)%00%(objectname)%00%(upstream:track)%00%(upstream:remotename)%00%(upstream:remoteref) refs/heads/main refs/remotes/main [60ms]
2025-04-26 14:43:53.172 [info] > git diff --name-status -z --diff-filter=ADMR a6f395c3e8f3e17039217cb160a72dfcc9bb5ab1...refs/remotes/origin/main [3ms]
2025-04-26 14:43:53.188 [info] > git for-each-ref --sort -committerdate --format %(refname)%00%(objectname)%00%(*objectname) [3ms]
2025-04-26 14:43:53.192 [info] > git status -z -uall [14ms]
2025-04-26 14:43:54.371 [info] > git config --get commit.template [20ms]
2025-04-26 14:43:54.376 [info] > git for-each-ref --format=%(refname)%00%(upstream:short)%00%(objectname)%00%(upstream:track)%00%(upstream:remotename)%00%(upstream:remoteref) refs/heads/main refs/remotes/main [7ms]
2025-04-26 14:43:54.398 [info] > git for-each-ref --sort -committerdate --format %(refname)%00%(objectname)%00%(*objectname) [2ms]
2025-04-26 14:43:54.405 [info] > git status -z -uall [17ms]
2025-04-26 14:44:09.436 [info] > git config --get commit.template [8ms]
2025-04-26 14:44:09.437 [info] > git for-each-ref --format=%(refname)%00%(upstream:short)%00%(objectname)%00%(upstream:track)%00%(upstream:remotename)%00%(upstream:remoteref) refs/heads/main refs/remotes/main [2ms]
2025-04-26 14:44:09.452 [info] > git for-each-ref --sort -committerdate --format %(refname)%00%(objectname)%00%(*objectname) [2ms]
2025-04-26 14:44:09.458 [info] > git status -z -uall [14ms]
2025-04-26 14:44:14.328 [info] [main] Log level: Info
2025-04-26 14:44:14.328 [info] [main] Validating found git in: "git"
2025-04-26 14:44:14.328 [info] [main] Using git "2.49.0" from "git"
2025-04-26 14:44:14.328 [info] [Model][doInitialScan] Initial repository scan started
2025-04-26 14:44:14.328 [info] > git rev-parse --show-toplevel [14ms]
2025-04-26 14:44:14.328 [info] > git rev-parse --git-dir --git-common-dir [33ms]
2025-04-26 14:44:14.346 [info] [Model][openRepository] Opened repository: /home/max/.dotfiles
2025-04-26 14:44:14.377 [info] > git rev-parse --show-toplevel [7ms]
2025-04-26 14:44:14.378 [info] > git config --get commit.template [13ms]
2025-04-26 14:44:14.400 [info] > git rev-parse --show-toplevel [13ms]
2025-04-26 14:44:14.407 [info] > git for-each-ref --format=%(refname)%00%(upstream:short)%00%(objectname)%00%(upstream:track)%00%(upstream:remotename)%00%(upstream:remoteref) refs/heads/main refs/remotes/main [8ms]
2025-04-26 14:44:14.408 [info] > git rev-parse --show-toplevel [2ms]
2025-04-26 14:44:14.431 [info] > git rev-parse --show-toplevel [16ms]
2025-04-26 14:44:14.438 [info] > git status -z -uall [17ms]
2025-04-26 14:44:14.438 [info] > git for-each-ref --sort -committerdate --format %(refname)%00%(objectname)%00%(*objectname) [9ms]
2025-04-26 14:44:14.442 [info] > git rev-parse --show-toplevel [4ms]
2025-04-26 14:44:14.442 [info] [Model][doInitialScan] Initial repository scan completed - repositories (1), closed repositories (0), parent repositories (0), unsafe repositories (0)
2025-04-26 14:44:14.492 [info] > git for-each-ref --format=%(refname)%00%(upstream:short)%00%(objectname)%00%(upstream:track)%00%(upstream:remotename)%00%(upstream:remoteref) refs/heads/main refs/remotes/main [8ms]
2025-04-26 14:44:14.502 [info] > git config --get --local branch.main.vscode-merge-base [3ms]
2025-04-26 14:44:14.508 [info] > git config --get commit.template [16ms]
2025-04-26 14:44:14.510 [info] > git for-each-ref --format=%(refname)%00%(upstream:short)%00%(objectname)%00%(upstream:track)%00%(upstream:remotename)%00%(upstream:remoteref) refs/heads/origin/main refs/remotes/origin/main [3ms]
2025-04-26 14:44:14.553 [info] > git merge-base refs/heads/main refs/remotes/origin/main [36ms]
2025-04-26 14:44:14.572 [info] > git diff --name-status -z --diff-filter=ADMR a6f395c3e8f3e17039217cb160a72dfcc9bb5ab1...refs/remotes/origin/main [14ms]
2025-04-26 14:44:14.572 [info] > git for-each-ref --format=%(refname)%00%(upstream:short)%00%(objectname)%00%(upstream:track)%00%(upstream:remotename)%00%(upstream:remoteref) refs/heads/main refs/remotes/main [19ms]
2025-04-26 14:44:14.588 [info] > git for-each-ref --sort -committerdate --format %(refname)%00%(objectname)%00%(*objectname) [2ms]
2025-04-26 14:44:14.592 [info] > git status -z -uall [12ms]
2025-04-26 14:44:14.878 [info] > git check-ignore -v -z --stdin [8ms]
2025-04-26 14:44:14.948 [info] > git ls-files --stage -- .config/bspwm/bspwmrc [3ms]
2025-04-26 14:44:14.994 [info] > git show --textconv :.config/bspwm/bspwmrc [57ms]
2025-04-26 14:44:14.994 [info] > git cat-file -s 5b32c9895f3bc996d8853606826e70eb9532cd24 [39ms]
2025-04-26 14:44:15.242 [info] > git blame --root --incremental a6f395c3e8f3e17039217cb160a72dfcc9bb5ab1 -- .config/bspwm/bspwmrc [214ms]
2025-04-26 14:44:16.793 [info] > git config --get commit.template [7ms]
2025-04-26 14:44:16.795 [info] > git for-each-ref --format=%(refname)%00%(upstream:short)%00%(objectname)%00%(upstream:track)%00%(upstream:remotename)%00%(upstream:remoteref) refs/heads/main refs/remotes/main [2ms]
2025-04-26 14:44:16.811 [info] > git for-each-ref --sort -committerdate --format %(refname)%00%(objectname)%00%(*objectname) [2ms]
2025-04-26 14:44:16.818 [info] > git status -z -uall [16ms]
2025-04-26 14:44:35.258 [info] > git config --get commit.template [8ms]
2025-04-26 14:44:35.259 [info] > git for-each-ref --format=%(refname)%00%(upstream:short)%00%(objectname)%00%(upstream:track)%00%(upstream:remotename)%00%(upstream:remoteref) refs/heads/main refs/remotes/main [2ms]
2025-04-26 14:44:35.276 [info] > git for-each-ref --sort -committerdate --format %(refname)%00%(objectname)%00%(*objectname) [2ms]
2025-04-26 14:44:35.281 [info] > git status -z -uall [13ms]
2025-04-26 14:45:14.087 [info] > git config --get commit.template [8ms]
2025-04-26 14:45:14.088 [info] > git for-each-ref --format=%(refname)%00%(upstream:short)%00%(objectname)%00%(upstream:track)%00%(upstream:remotename)%00%(upstream:remoteref) refs/heads/main refs/remotes/main [2ms]
2025-04-26 14:45:14.104 [info] > git for-each-ref --sort -committerdate --format %(refname)%00%(objectname)%00%(*objectname) [1ms]
2025-04-26 14:45:14.110 [info] > git status -z -uall [13ms]
2025-04-26 14:46:00.266 [info] > git check-ignore -v -z --stdin [2ms]
2025-04-26 14:46:01.784 [info] > git config --get commit.template [16ms]
2025-04-26 14:46:01.786 [info] > git for-each-ref --format=%(refname)%00%(upstream:short)%00%(objectname)%00%(upstream:track)%00%(upstream:remotename)%00%(upstream:remoteref) refs/heads/main refs/remotes/main [4ms]
2025-04-26 14:46:01.807 [info] > git for-each-ref --sort -committerdate --format %(refname)%00%(objectname)%00%(*objectname) [2ms]
2025-04-26 14:46:01.815 [info] > git status -z -uall [19ms]
2025-04-26 14:46:06.840 [info] > git config --get commit.template [9ms]
2025-04-26 14:46:06.842 [info] > git for-each-ref --format=%(refname)%00%(upstream:short)%00%(objectname)%00%(upstream:track)%00%(upstream:remotename)%00%(upstream:remoteref) refs/heads/main refs/remotes/main [2ms]
2025-04-26 14:46:06.857 [info] > git for-each-ref --sort -committerdate --format %(refname)%00%(objectname)%00%(*objectname) [2ms]
2025-04-26 14:46:06.862 [info] > git status -z -uall [15ms]
2025-04-26 14:46:15.441 [info] > git show --textconv :.config/kitty/colors [19ms]
2025-04-26 14:46:15.452 [info] > git ls-files --stage -- .config/kitty/colors [13ms]
2025-04-26 14:46:15.458 [info] > git hash-object -t tree /dev/null [7ms]
2025-04-26 14:46:15.459 [warning] [GitFileSystemProvider][readFile] File not found - git:/home/max/.dotfiles/.config/kitty/colors.git?%7B%22path%22%3A%22%2Fhome%2Fmax%2F.dotfiles%2F.config%2Fkitty%2Fcolors%22%2C%22ref%22%3A%22%22%7D
2025-04-26 14:46:15.461 [info] > git hash-object -t tree /dev/null [3ms]
2025-04-26 14:46:15.461 [warning] [GitFileSystemProvider][stat] File not found - git:/home/max/.dotfiles/.config/kitty/colors.git?%7B%22path%22%3A%22%2Fhome%2Fmax%2F.dotfiles%2F.config%2Fkitty%2Fcolors%22%2C%22ref%22%3A%22%22%7D
2025-04-26 14:46:15.700 [info] > git check-ignore -v -z --stdin [5ms]
2025-04-26 14:46:16.215 [info] > git config --get commit.template [18ms]
2025-04-26 14:46:16.219 [info] > git for-each-ref --format=%(refname)%00%(upstream:short)%00%(objectname)%00%(upstream:track)%00%(upstream:remotename)%00%(upstream:remoteref) refs/heads/main refs/remotes/main [6ms]
2025-04-26 14:46:16.254 [info] > git for-each-ref --sort -committerdate --format %(refname)%00%(objectname)%00%(*objectname) [3ms]
2025-04-26 14:46:16.264 [info] > git status -z -uall [28ms]
2025-04-26 14:46:33.585 [info] > git config --get commit.template [8ms]
2025-04-26 14:46:33.586 [info] > git for-each-ref --format=%(refname)%00%(upstream:short)%00%(objectname)%00%(upstream:track)%00%(upstream:remotename)%00%(upstream:remoteref) refs/heads/main refs/remotes/main [3ms]
2025-04-26 14:46:33.606 [info] > git for-each-ref --sort -committerdate --format %(refname)%00%(objectname)%00%(*objectname) [3ms]
2025-04-26 14:46:33.612 [info] > git status -z -uall [17ms]
2025-04-26 14:46:38.633 [info] > git config --get commit.template [7ms]
2025-04-26 14:46:38.635 [info] > git for-each-ref --format=%(refname)%00%(upstream:short)%00%(objectname)%00%(upstream:track)%00%(upstream:remotename)%00%(upstream:remoteref) refs/heads/main refs/remotes/main [3ms]
2025-04-26 14:46:38.652 [info] > git for-each-ref --sort -committerdate --format %(refname)%00%(objectname)%00%(*objectname) [2ms]
2025-04-26 14:46:38.661 [info] > git status -z -uall [19ms]
2025-04-26 14:46:43.683 [info] > git config --get commit.template [2ms]
2025-04-26 14:46:43.691 [info] > git for-each-ref --format=%(refname)%00%(upstream:short)%00%(objectname)%00%(upstream:track)%00%(upstream:remotename)%00%(upstream:remoteref) refs/heads/main refs/remotes/main [2ms]
2025-04-26 14:46:43.710 [info] > git for-each-ref --sort -committerdate --format %(refname)%00%(objectname)%00%(*objectname) [2ms]
2025-04-26 14:46:43.717 [info] > git status -z -uall [17ms]
2025-04-26 14:46:53.275 [info] > git config --get commit.template [2ms]
2025-04-26 14:46:53.284 [info] > git for-each-ref --format=%(refname)%00%(upstream:short)%00%(objectname)%00%(upstream:track)%00%(upstream:remotename)%00%(upstream:remoteref) refs/heads/main refs/remotes/main [3ms]
2025-04-26 14:46:53.304 [info] > git for-each-ref --sort -committerdate --format %(refname)%00%(objectname)%00%(*objectname) [2ms]
2025-04-26 14:46:53.316 [info] > git status -z -uall [24ms]
2025-04-26 14:46:56.185 [info] > git show --textconv :.config/bspwm/bspwmrc [17ms]
2025-04-26 14:46:56.187 [info] > git ls-files --stage -- .config/bspwm/bspwmrc [3ms]
2025-04-26 14:46:56.197 [info] > git cat-file -s 5b32c9895f3bc996d8853606826e70eb9532cd24 [2ms]
2025-04-26 14:46:58.344 [info] > git config --get commit.template [11ms]
2025-04-26 14:46:58.346 [info] > git for-each-ref --format=%(refname)%00%(upstream:short)%00%(objectname)%00%(upstream:track)%00%(upstream:remotename)%00%(upstream:remoteref) refs/heads/main refs/remotes/main [3ms]
2025-04-26 14:46:58.364 [info] > git for-each-ref --sort -committerdate --format %(refname)%00%(objectname)%00%(*objectname) [2ms]
2025-04-26 14:46:58.375 [info] > git status -z -uall [21ms]
2025-04-26 14:47:00.581 [info] > git ls-files --stage -- .config/kitty/kitty.conf [2ms]
2025-04-26 14:47:00.652 [info] > git cat-file -s 3e661935437d9b29eaec986548666446944d7776 [65ms]
2025-04-26 14:47:00.652 [info] > git show --textconv :.config/kitty/kitty.conf [80ms]
2025-04-26 14:47:01.027 [info] > git blame --root --incremental a6f395c3e8f3e17039217cb160a72dfcc9bb5ab1 -- .config/kitty/kitty.conf [4ms]
2025-04-26 14:47:03.401 [info] > git config --get commit.template [6ms]
2025-04-26 14:47:03.403 [info] > git for-each-ref --format=%(refname)%00%(upstream:short)%00%(objectname)%00%(upstream:track)%00%(upstream:remotename)%00%(upstream:remoteref) refs/heads/main refs/remotes/main [2ms]
2025-04-26 14:47:03.416 [info] > git for-each-ref --sort -committerdate --format %(refname)%00%(objectname)%00%(*objectname) [2ms]
2025-04-26 14:47:03.422 [info] > git status -z -uall [14ms]
2025-04-26 14:47:08.838 [info] > git config --get commit.template [6ms]
2025-04-26 14:47:08.840 [info] > git for-each-ref --format=%(refname)%00%(upstream:short)%00%(objectname)%00%(upstream:track)%00%(upstream:remotename)%00%(upstream:remoteref) refs/heads/main refs/remotes/main [2ms]
2025-04-26 14:47:08.853 [info] > git for-each-ref --sort -committerdate --format %(refname)%00%(objectname)%00%(*objectname) [1ms]
2025-04-26 14:47:08.859 [info] > git status -z -uall [13ms]
2025-04-26 14:47:14.029 [info] > git config --get commit.template [17ms]
2025-04-26 14:47:14.032 [info] > git for-each-ref --format=%(refname)%00%(upstream:short)%00%(objectname)%00%(upstream:track)%00%(upstream:remotename)%00%(upstream:remoteref) refs/heads/main refs/remotes/main [5ms]
2025-04-26 14:47:14.065 [info] > git for-each-ref --sort -committerdate --format %(refname)%00%(objectname)%00%(*objectname) [2ms]
2025-04-26 14:47:14.074 [info] > git status -z -uall [26ms]
2025-04-26 14:48:21.052 [info] > git config --get commit.template [7ms]
2025-04-26 14:48:21.054 [info] > git for-each-ref --format=%(refname)%00%(upstream:short)%00%(objectname)%00%(upstream:track)%00%(upstream:remotename)%00%(upstream:remoteref) refs/heads/main refs/remotes/main [3ms]
2025-04-26 14:48:21.068 [info] > git for-each-ref --sort -committerdate --format %(refname)%00%(objectname)%00%(*objectname) [1ms]
2025-04-26 14:48:21.076 [info] > git status -z -uall [15ms]
2025-04-26 14:48:44.837 [info] > git config --get commit.template [7ms]
2025-04-26 14:48:44.838 [info] > git for-each-ref --format=%(refname)%00%(upstream:short)%00%(objectname)%00%(upstream:track)%00%(upstream:remotename)%00%(upstream:remoteref) refs/heads/main refs/remotes/main [2ms]
2025-04-26 14:48:44.853 [info] > git for-each-ref --sort -committerdate --format %(refname)%00%(objectname)%00%(*objectname) [2ms]
2025-04-26 14:48:44.864 [info] > git status -z -uall [19ms]
2025-04-26 14:49:14.061 [info] > git config --get commit.template [16ms]
2025-04-26 14:49:14.064 [info] > git for-each-ref --format=%(refname)%00%(upstream:short)%00%(objectname)%00%(upstream:track)%00%(upstream:remotename)%00%(upstream:remoteref) refs/heads/main refs/remotes/main [5ms]
2025-04-26 14:49:14.096 [info] > git for-each-ref --sort -committerdate --format %(refname)%00%(objectname)%00%(*objectname) [4ms]
2025-04-26 14:49:14.110 [info] > git status -z -uall [32ms]
2025-04-26 14:49:26.948 [info] > git show --textconv :.config/bspwm/bspwmrc [19ms]
2025-04-26 14:49:26.950 [info] > git ls-files --stage -- .config/bspwm/bspwmrc [3ms]
2025-04-26 14:49:26.961 [info] > git cat-file -s 5b32c9895f3bc996d8853606826e70eb9532cd24 [3ms]
2025-04-26 14:49:28.646 [info] > git config --get commit.template [7ms]
2025-04-26 14:49:28.648 [info] > git for-each-ref --format=%(refname)%00%(upstream:short)%00%(objectname)%00%(upstream:track)%00%(upstream:remotename)%00%(upstream:remoteref) refs/heads/main refs/remotes/main [3ms]
2025-04-26 14:49:28.662 [info] > git for-each-ref --sort -committerdate --format %(refname)%00%(objectname)%00%(*objectname) [1ms]
2025-04-26 14:49:28.671 [info] > git status -z -uall [16ms]
2025-04-26 14:50:14.026 [info] > git config --get commit.template [7ms]
2025-04-26 14:50:14.028 [info] > git for-each-ref --format=%(refname)%00%(upstream:short)%00%(objectname)%00%(upstream:track)%00%(upstream:remotename)%00%(upstream:remoteref) refs/heads/main refs/remotes/main [3ms]
2025-04-26 14:50:14.047 [info] > git for-each-ref --sort -committerdate --format %(refname)%00%(objectname)%00%(*objectname) [2ms]
2025-04-26 14:50:14.055 [info] > git status -z -uall [19ms]
2025-04-26 14:50:39.246 [info] > git config --get commit.template [7ms]
2025-04-26 14:50:39.247 [info] > git for-each-ref --format=%(refname)%00%(upstream:short)%00%(objectname)%00%(upstream:track)%00%(upstream:remotename)%00%(upstream:remoteref) refs/heads/main refs/remotes/main [2ms]
2025-04-26 14:50:39.262 [info] > git for-each-ref --sort -committerdate --format %(refname)%00%(objectname)%00%(*objectname) [2ms]
2025-04-26 14:50:39.271 [info] > git status -z -uall [16ms]
2025-04-26 14:50:42.087 [info] > git show --textconv :.config/bspwm/bspwmrc [17ms]
2025-04-26 14:50:42.089 [info] > git ls-files --stage -- .config/bspwm/bspwmrc [3ms]
2025-04-26 14:50:42.100 [info] > git cat-file -s 5b32c9895f3bc996d8853606826e70eb9532cd24 [4ms]
2025-04-26 14:50:44.311 [info] > git config --get commit.template [16ms]
2025-04-26 14:50:44.313 [info] > git for-each-ref --format=%(refname)%00%(upstream:short)%00%(objectname)%00%(upstream:track)%00%(upstream:remotename)%00%(upstream:remoteref) refs/heads/main refs/remotes/main [3ms]
2025-04-26 14:50:44.333 [info] > git for-each-ref --sort -committerdate --format %(refname)%00%(objectname)%00%(*objectname) [2ms]
2025-04-26 14:50:44.344 [info] > git status -z -uall [20ms]
2025-04-26 14:50:45.524 [info] > git ls-files --stage -- .config/sxhkd/sxhkdrc [4ms]
2025-04-26 14:50:45.603 [info] > git show --textconv :.config/sxhkd/sxhkdrc [99ms]
2025-04-26 14:50:45.604 [info] > git cat-file -s 92d4547ccfb3aaf97fe1a8bd09f08be3eb077dee [68ms]
2025-04-26 14:50:45.808 [info] > git blame --root --incremental a6f395c3e8f3e17039217cb160a72dfcc9bb5ab1 -- .config/sxhkd/sxhkdrc [175ms]
2025-04-26 14:50:47.189 [info] > git ls-files --stage -- README.md [2ms]
2025-04-26 14:50:47.284 [info] > git show --textconv :README.md [105ms]
2025-04-26 14:50:47.284 [info] > git cat-file -s 7746a144fa9c04c46166d4fca080684ec0609edd [90ms]
2025-04-26 14:50:47.461 [info] > git blame --root --incremental a6f395c3e8f3e17039217cb160a72dfcc9bb5ab1 -- README.md [127ms]
2025-04-26 14:50:49.384 [info] > git config --get commit.template [18ms]
2025-04-26 14:50:49.388 [info] > git for-each-ref --format=%(refname)%00%(upstream:short)%00%(objectname)%00%(upstream:track)%00%(upstream:remotename)%00%(upstream:remoteref) refs/heads/main refs/remotes/main [6ms]
2025-04-26 14:50:49.423 [info] > git for-each-ref --sort -committerdate --format %(refname)%00%(objectname)%00%(*objectname) [4ms]
2025-04-26 14:50:49.434 [info] > git status -z -uall [30ms]
2025-04-26 14:51:14.259 [info] > git config --get commit.template [7ms]
2025-04-26 14:51:14.260 [info] > git for-each-ref --format=%(refname)%00%(upstream:short)%00%(objectname)%00%(upstream:track)%00%(upstream:remotename)%00%(upstream:remoteref) refs/heads/main refs/remotes/main [2ms]
2025-04-26 14:51:14.276 [info] > git for-each-ref --sort -committerdate --format %(refname)%00%(objectname)%00%(*objectname) [2ms]
2025-04-26 14:51:14.284 [info] > git status -z -uall [16ms]
2025-04-26 14:51:25.468 [info] > git show --textconv :.config/kitty/kitty.conf [13ms]
2025-04-26 14:51:25.470 [info] > git ls-files --stage -- .config/kitty/kitty.conf [3ms]
2025-04-26 14:51:25.485 [info] > git cat-file -s 3e661935437d9b29eaec986548666446944d7776 [3ms]
2025-04-26 14:51:26.767 [info] > git config --get commit.template [17ms]
2025-04-26 14:51:26.772 [info] > git for-each-ref --format=%(refname)%00%(upstream:short)%00%(objectname)%00%(upstream:track)%00%(upstream:remotename)%00%(upstream:remoteref) refs/heads/main refs/remotes/main [7ms]
2025-04-26 14:51:26.806 [info] > git for-each-ref --sort -committerdate --format %(refname)%00%(objectname)%00%(*objectname) [3ms]
2025-04-26 14:51:26.817 [info] > git status -z -uall [29ms]
2025-04-26 14:51:34.632 [info] > git config --get commit.template [7ms]
2025-04-26 14:51:34.634 [info] > git for-each-ref --format=%(refname)%00%(upstream:short)%00%(objectname)%00%(upstream:track)%00%(upstream:remotename)%00%(upstream:remoteref) refs/heads/main refs/remotes/main [2ms]
2025-04-26 14:51:34.654 [info] > git for-each-ref --sort -committerdate --format %(refname)%00%(objectname)%00%(*objectname) [2ms]
2025-04-26 14:51:34.662 [info] > git status -z -uall [19ms]
2025-04-26 14:51:39.702 [info] > git config --get commit.template [19ms]
2025-04-26 14:51:39.706 [info] > git for-each-ref --format=%(refname)%00%(upstream:short)%00%(objectname)%00%(upstream:track)%00%(upstream:remotename)%00%(upstream:remoteref) refs/heads/main refs/remotes/main [6ms]
2025-04-26 14:51:39.737 [info] > git for-each-ref --sort -committerdate --format %(refname)%00%(objectname)%00%(*objectname) [3ms]
2025-04-26 14:51:39.748 [info] > git status -z -uall [26ms]
2025-04-26 14:51:47.500 [info] > git config --get commit.template [5ms]
2025-04-26 14:51:47.501 [info] > git for-each-ref --format=%(refname)%00%(upstream:short)%00%(objectname)%00%(upstream:track)%00%(upstream:remotename)%00%(upstream:remoteref) refs/heads/main refs/remotes/main [1ms]
2025-04-26 14:51:47.512 [info] > git for-each-ref --sort -committerdate --format %(refname)%00%(objectname)%00%(*objectname) [1ms]
2025-04-26 14:51:47.520 [info] > git status -z -uall [15ms]
2025-04-26 14:51:52.542 [info] > git config --get commit.template [6ms]
2025-04-26 14:51:52.543 [info] > git for-each-ref --format=%(refname)%00%(upstream:short)%00%(objectname)%00%(upstream:track)%00%(upstream:remotename)%00%(upstream:remoteref) refs/heads/main refs/remotes/main [2ms]
2025-04-26 14:51:52.559 [info] > git for-each-ref --sort -committerdate --format %(refname)%00%(objectname)%00%(*objectname) [2ms]
2025-04-26 14:51:52.571 [info] > git status -z -uall [21ms]
2025-04-26 14:52:12.835 [info] > git config --get commit.template [18ms]
2025-04-26 14:52:12.840 [info] > git for-each-ref --format=%(refname)%00%(upstream:short)%00%(objectname)%00%(upstream:track)%00%(upstream:remotename)%00%(upstream:remoteref) refs/heads/main refs/remotes/main [7ms]
2025-04-26 14:52:12.877 [info] > git for-each-ref --sort -committerdate --format %(refname)%00%(objectname)%00%(*objectname) [5ms]
2025-04-26 14:52:12.892 [info] > git status -z -uall [36ms]
2025-04-26 14:52:17.915 [info] > git config --get commit.template [8ms]
2025-04-26 14:52:17.917 [info] > git for-each-ref --format=%(refname)%00%(upstream:short)%00%(objectname)%00%(upstream:track)%00%(upstream:remotename)%00%(upstream:remoteref) refs/heads/main refs/remotes/main [2ms]
2025-04-26 14:52:17.931 [info] > git for-each-ref --sort -committerdate --format %(refname)%00%(objectname)%00%(*objectname) [1ms]
2025-04-26 14:52:17.939 [info] > git status -z -uall [15ms]
2025-04-26 14:52:27.060 [info] > git config --get commit.template [7ms]
2025-04-26 14:52:27.062 [info] > git for-each-ref --format=%(refname)%00%(upstream:short)%00%(objectname)%00%(upstream:track)%00%(upstream:remotename)%00%(upstream:remoteref) refs/heads/main refs/remotes/main [3ms]
2025-04-26 14:52:27.079 [info] > git for-each-ref --sort -committerdate --format %(refname)%00%(objectname)%00%(*objectname) [2ms]
2025-04-26 14:52:27.087 [info] > git status -z -uall [16ms]
2025-04-26 14:52:53.223 [info] [main] Log level: Info
2025-04-26 14:52:53.223 [info] [main] Validating found git in: "git"
2025-04-26 14:52:53.223 [info] [main] Using git "2.49.0" from "git"
2025-04-26 14:52:53.223 [info] [Model][doInitialScan] Initial repository scan started
2025-04-26 14:52:53.223 [info] [Model][doInitialScan] Initial repository scan completed - repositories (0), closed repositories (0), parent repositories (0), unsafe repositories (0)
2025-04-26 14:53:09.504 [info] [main] Log level: Info
2025-04-26 14:53:09.504 [info] [main] Validating found git in: "git"
2025-04-26 14:53:09.504 [info] [main] Using git "2.49.0" from "git"
2025-04-26 14:53:09.504 [info] [Model][doInitialScan] Initial repository scan started
2025-04-26 14:53:09.504 [info] > git rev-parse --show-toplevel [9ms]
2025-04-26 14:53:09.504 [info] fatal: not a git repository (or any of the parent directories): .git
2025-04-26 14:53:09.524 [info] > git rev-parse --show-toplevel [1ms]
2025-04-26 14:53:09.524 [info] fatal: not a git repository (or any of the parent directories): .git
2025-04-26 14:53:09.530 [info] > git rev-parse --show-toplevel [1ms]
2025-04-26 14:53:09.530 [info] fatal: not a git repository (or any of the parent directories): .git
2025-04-26 14:53:09.537 [info] > git rev-parse --show-toplevel [1ms]
2025-04-26 14:53:09.543 [info] > git rev-parse --git-dir --git-common-dir [2ms]
2025-04-26 14:53:09.555 [info] [Model][openRepository] Opened repository: /home/max/.dotfiles
2025-04-26 14:53:09.572 [info] > git rev-parse --show-toplevel [4ms]
2025-04-26 14:53:09.572 [info] fatal: not a git repository (or any of the parent directories): .git
2025-04-26 14:53:09.572 [info] > git config --get commit.template [9ms]
2025-04-26 14:53:09.585 [info] > git rev-parse --show-toplevel [7ms]
2025-04-26 14:53:09.585 [info] fatal: not a git repository (or any of the parent directories): .git
2025-04-26 14:53:09.619 [info] > git for-each-ref --format=%(refname)%00%(upstream:short)%00%(objectname)%00%(upstream:track)%00%(upstream:remotename)%00%(upstream:remoteref) refs/heads/main refs/remotes/main [35ms]
2025-04-26 14:53:09.634 [info] > git rev-parse --show-toplevel [19ms]
2025-04-26 14:53:09.634 [info] fatal: not a git repository (or any of the parent directories): .git
2025-04-26 14:53:09.654 [info] > git rev-parse --show-toplevel [14ms]
2025-04-26 14:53:09.654 [info] fatal: not a git repository (or any of the parent directories): .git
2025-04-26 14:53:09.661 [info] > git status -z -uall [15ms]
2025-04-26 14:53:09.661 [info] > git for-each-ref --sort -committerdate --format %(refname)%00%(objectname)%00%(*objectname) [8ms]
2025-04-26 14:53:09.665 [info] > git rev-parse --show-toplevel [5ms]
2025-04-26 14:53:09.665 [info] fatal: not a git repository (or any of the parent directories): .git
2025-04-26 14:53:09.714 [info] > git for-each-ref --format=%(refname)%00%(upstream:short)%00%(objectname)%00%(upstream:track)%00%(upstream:remotename)%00%(upstream:remoteref) refs/heads/main refs/remotes/main [19ms]
2025-04-26 14:53:09.723 [info] > git config --get --local branch.main.vscode-merge-base [4ms]
2025-04-26 14:53:09.728 [info] > git config --get commit.template [20ms]
2025-04-26 14:53:09.728 [info] > git rev-parse --show-toplevel [25ms]
2025-04-26 14:53:09.728 [info] fatal: not a git repository (or any of the parent directories): .git
2025-04-26 14:53:09.763 [info] > git rev-parse --show-toplevel [30ms]
2025-04-26 14:53:09.763 [info] fatal: not a git repository (or any of the parent directories): .git
2025-04-26 14:53:09.763 [info] > git for-each-ref --format=%(refname)%00%(upstream:short)%00%(objectname)%00%(upstream:track)%00%(upstream:remotename)%00%(upstream:remoteref) refs/heads/origin/main refs/remotes/origin/main [35ms]
2025-04-26 14:53:09.789 [info] > git merge-base refs/heads/main refs/remotes/origin/main [20ms]
2025-04-26 14:53:09.794 [info] > git for-each-ref --format=%(refname)%00%(upstream:short)%00%(objectname)%00%(upstream:track)%00%(upstream:remotename)%00%(upstream:remoteref) refs/heads/main refs/remotes/main [32ms]
2025-04-26 14:53:09.796 [info] > git rev-parse --show-toplevel [8ms]
2025-04-26 14:53:09.796 [info] fatal: not a git repository (or any of the parent directories): .git
2025-04-26 14:53:09.802 [info] > git diff --name-status -z --diff-filter=ADMR a6f395c3e8f3e17039217cb160a72dfcc9bb5ab1...refs/remotes/origin/main [8ms]
2025-04-26 14:53:09.804 [info] > git rev-parse --show-toplevel [2ms]
2025-04-26 14:53:09.804 [info] fatal: not a git repository (or any of the parent directories): .git
2025-04-26 14:53:09.819 [info] > git for-each-ref --sort -committerdate --format %(refname)%00%(objectname)%00%(*objectname) [6ms]
2025-04-26 14:53:09.822 [info] > git status -z -uall [13ms]
2025-04-26 14:53:09.886 [info] > git rev-parse --show-toplevel [68ms]
2025-04-26 14:53:09.895 [info] > git rev-parse --git-dir --git-common-dir [2ms]
2025-04-26 14:53:09.902 [info] [Model][openRepository] Opened repository: /home/max/yay
2025-04-26 14:53:09.904 [info] [Model][doInitialScan] Initial repository scan completed - repositories (2), closed repositories (0), parent repositories (0), unsafe repositories (0)
2025-04-26 14:53:09.934 [info] > git config --get commit.template [15ms]
2025-04-26 14:53:10.019 [info] > git for-each-ref --format=%(refname)%00%(upstream:short)%00%(objectname)%00%(upstream:track)%00%(upstream:remotename)%00%(upstream:remoteref) refs/heads/master refs/remotes/master [86ms]
2025-04-26 14:53:10.025 [warning] [Git][revParse] Unable to read file: ENOENT: no such file or directory, open '/home/max/yay/.git/refs/remotes/origin/master'
2025-04-26 14:53:10.026 [info] > git rev-parse refs/remotes/origin/master [1ms]
2025-04-26 14:53:10.039 [info] > git for-each-ref --sort -committerdate --format %(refname)%00%(objectname)%00%(*objectname) [2ms]
2025-04-26 14:53:10.065 [info] > git status -z -uall [34ms]
2025-04-26 14:53:10.106 [info] > git for-each-ref --format=%(refname)%00%(upstream:short)%00%(objectname)%00%(upstream:track)%00%(upstream:remotename)%00%(upstream:remoteref) refs/heads/master refs/remotes/master [16ms]
2025-04-26 14:53:10.114 [info] > git config --get --local branch.master.vscode-merge-base [2ms]
2025-04-26 14:53:10.120 [info] > git config --get commit.template [17ms]
2025-04-26 14:53:10.122 [info] > git for-each-ref --format=%(refname)%00%(upstream:short)%00%(objectname)%00%(upstream:track)%00%(upstream:remotename)%00%(upstream:remoteref) refs/heads/origin/master refs/remotes/origin/master [2ms]
2025-04-26 14:53:10.133 [info] > git merge-base refs/heads/master refs/remotes/origin/master [6ms]
2025-04-26 14:53:10.138 [info] > git for-each-ref --format=%(refname)%00%(upstream:short)%00%(objectname)%00%(upstream:track)%00%(upstream:remotename)%00%(upstream:remoteref) refs/heads/master refs/remotes/master [6ms]
2025-04-26 14:53:10.143 [warning] [Git][revParse] Unable to read file: ENOENT: no such file or directory, open '/home/max/yay/.git/refs/remotes/origin/master'
2025-04-26 14:53:10.143 [info] > git diff --name-status -z --diff-filter=ADMR 179b744dec6648ff7c7b051c692ba20c906f348e...refs/remotes/origin/master [5ms]
2025-04-26 14:53:10.144 [info] > git rev-parse refs/remotes/origin/master [2ms]
2025-04-26 14:53:10.153 [info] > git status -z -uall [5ms]
2025-04-26 14:53:10.154 [info] > git for-each-ref --sort -committerdate --format %(refname)%00%(objectname)%00%(*objectname) [2ms]
2025-04-26 14:53:10.497 [info] > git check-ignore -v -z --stdin [21ms]
2025-04-26 14:53:10.500 [info] > git check-ignore -v -z --stdin [6ms]
2025-04-26 14:53:12.625 [info] > git config --get commit.template [5ms]
2025-04-26 14:53:12.626 [info] > git for-each-ref --format=%(refname)%00%(upstream:short)%00%(objectname)%00%(upstream:track)%00%(upstream:remotename)%00%(upstream:remoteref) refs/heads/main refs/remotes/main [2ms]
2025-04-26 14:53:12.640 [info] > git for-each-ref --sort -committerdate --format %(refname)%00%(objectname)%00%(*objectname) [2ms]
2025-04-26 14:53:12.650 [info] > git status -z -uall [17ms]
2025-04-26 14:53:17.673 [info] > git config --get commit.template [7ms]
2025-04-26 14:53:17.674 [info] > git for-each-ref --format=%(refname)%00%(upstream:short)%00%(objectname)%00%(upstream:track)%00%(upstream:remotename)%00%(upstream:remoteref) refs/heads/main refs/remotes/main [2ms]
2025-04-26 14:53:17.689 [info] > git for-each-ref --sort -committerdate --format %(refname)%00%(objectname)%00%(*objectname) [1ms]
2025-04-26 14:53:17.698 [info] > git status -z -uall [16ms]
2025-04-26 14:53:22.737 [info] > git config --get commit.template [15ms]
2025-04-26 14:53:22.740 [info] > git for-each-ref --format=%(refname)%00%(upstream:short)%00%(objectname)%00%(upstream:track)%00%(upstream:remotename)%00%(upstream:remoteref) refs/heads/main refs/remotes/main [5ms]
2025-04-26 14:53:22.770 [info] > git for-each-ref --sort -committerdate --format %(refname)%00%(objectname)%00%(*objectname) [4ms]
2025-04-26 14:53:22.780 [info] > git status -z -uall [26ms]
2025-04-26 14:53:27.803 [info] > git config --get commit.template [7ms]
2025-04-26 14:53:27.804 [info] > git for-each-ref --format=%(refname)%00%(upstream:short)%00%(objectname)%00%(upstream:track)%00%(upstream:remotename)%00%(upstream:remoteref) refs/heads/main refs/remotes/main [2ms]
2025-04-26 14:53:27.821 [info] > git for-each-ref --sort -committerdate --format %(refname)%00%(objectname)%00%(*objectname) [2ms]
2025-04-26 14:53:27.829 [info] > git status -z -uall [16ms]
2025-04-26 14:53:32.853 [info] > git config --get commit.template [7ms]
2025-04-26 14:53:32.854 [info] > git for-each-ref --format=%(refname)%00%(upstream:short)%00%(objectname)%00%(upstream:track)%00%(upstream:remotename)%00%(upstream:remoteref) refs/heads/main refs/remotes/main [2ms]
2025-04-26 14:53:32.872 [info] > git for-each-ref --sort -committerdate --format %(refname)%00%(objectname)%00%(*objectname) [2ms]
2025-04-26 14:53:32.880 [info] > git status -z -uall [18ms]
2025-04-26 14:54:06.057 [info] > git config --get commit.template [7ms]
2025-04-26 14:54:06.058 [info] > git for-each-ref --format=%(refname)%00%(upstream:short)%00%(objectname)%00%(upstream:track)%00%(upstream:remotename)%00%(upstream:remoteref) refs/heads/main refs/remotes/main [2ms]
2025-04-26 14:54:06.072 [info] > git for-each-ref --sort -committerdate --format %(refname)%00%(objectname)%00%(*objectname) [2ms]
2025-04-26 14:54:06.079 [info] > git status -z -uall [14ms]
2025-04-26 14:54:24.912 [info] > git config --get commit.template [19ms]
2025-04-26 14:54:24.916 [info] > git for-each-ref --format=%(refname)%00%(upstream:short)%00%(objectname)%00%(upstream:track)%00%(upstream:remotename)%00%(upstream:remoteref) refs/heads/main refs/remotes/main [5ms]
2025-04-26 14:54:24.949 [info] > git for-each-ref --sort -committerdate --format %(refname)%00%(objectname)%00%(*objectname) [2ms]
2025-04-26 14:54:24.961 [info] > git status -z -uall [27ms]
2025-04-26 14:54:29.981 [info] > git config --get commit.template [7ms]
2025-04-26 14:54:29.983 [info] > git for-each-ref --format=%(refname)%00%(upstream:short)%00%(objectname)%00%(upstream:track)%00%(upstream:remotename)%00%(upstream:remoteref) refs/heads/main refs/remotes/main [3ms]
2025-04-26 14:54:29.997 [info] > git for-each-ref --sort -committerdate --format %(refname)%00%(objectname)%00%(*objectname) [1ms]
2025-04-26 14:54:30.010 [info] > git status -z -uall [20ms]
2025-04-26 14:54:43.537 [info] > git config --get commit.template [6ms]
2025-04-26 14:54:43.538 [info] > git for-each-ref --format=%(refname)%00%(upstream:short)%00%(objectname)%00%(upstream:track)%00%(upstream:remotename)%00%(upstream:remoteref) refs/heads/main refs/remotes/main [2ms]
2025-04-26 14:54:43.552 [info] > git for-each-ref --sort -committerdate --format %(refname)%00%(objectname)%00%(*objectname) [1ms]
2025-04-26 14:54:43.566 [info] > git status -z -uall [21ms]
2025-04-26 14:54:48.878 [info] > git for-each-ref --format=%(refname)%00%(upstream:short)%00%(objectname)%00%(upstream:track)%00%(upstream:remotename)%00%(upstream:remoteref) refs/heads/main refs/remotes/main [99ms]
2025-04-26 14:54:48.879 [info] > git config --get commit.template [115ms]
2025-04-26 14:54:48.894 [info] > git for-each-ref --sort -committerdate --format %(refname)%00%(objectname)%00%(*objectname) [1ms]
2025-04-26 14:54:48.906 [info] > git status -z -uall [19ms]
2025-04-26 14:54:53.953 [info] > git config --get commit.template [22ms]
2025-04-26 14:54:53.956 [info] > git for-each-ref --format=%(refname)%00%(upstream:short)%00%(objectname)%00%(upstream:track)%00%(upstream:remotename)%00%(upstream:remoteref) refs/heads/main refs/remotes/main [5ms]
2025-04-26 14:54:53.989 [info] > git for-each-ref --sort -committerdate --format %(refname)%00%(objectname)%00%(*objectname) [3ms]
2025-04-26 14:54:54.005 [info] > git status -z -uall [33ms]
2025-04-26 14:54:59.024 [info] > git config --get commit.template [6ms]
2025-04-26 14:54:59.026 [info] > git for-each-ref --format=%(refname)%00%(upstream:short)%00%(objectname)%00%(upstream:track)%00%(upstream:remotename)%00%(upstream:remoteref) refs/heads/main refs/remotes/main [2ms]
2025-04-26 14:54:59.038 [info] > git for-each-ref --sort -committerdate --format %(refname)%00%(objectname)%00%(*objectname) [1ms]
2025-04-26 14:54:59.051 [info] > git status -z -uall [20ms]
2025-04-26 14:55:04.073 [info] > git config --get commit.template [7ms]
2025-04-26 14:55:04.074 [info] > git for-each-ref --format=%(refname)%00%(upstream:short)%00%(objectname)%00%(upstream:track)%00%(upstream:remotename)%00%(upstream:remoteref) refs/heads/main refs/remotes/main [2ms]
2025-04-26 14:55:04.092 [info] > git for-each-ref --sort -committerdate --format %(refname)%00%(objectname)%00%(*objectname) [3ms]
2025-04-26 14:55:04.110 [info] > git status -z -uall [28ms]
2025-04-26 14:55:09.133 [info] > git config --get commit.template [7ms]
2025-04-26 14:55:09.134 [info] > git for-each-ref --format=%(refname)%00%(upstream:short)%00%(objectname)%00%(upstream:track)%00%(upstream:remotename)%00%(upstream:remoteref) refs/heads/main refs/remotes/main [2ms]
2025-04-26 14:55:09.151 [info] > git for-each-ref --sort -committerdate --format %(refname)%00%(objectname)%00%(*objectname) [2ms]
2025-04-26 14:55:09.162 [info] > git status -z -uall [19ms]
2025-04-26 14:55:20.149 [info] > git config --get commit.template [9ms]
2025-04-26 14:55:20.151 [info] > git for-each-ref --format=%(refname)%00%(upstream:short)%00%(objectname)%00%(upstream:track)%00%(upstream:remotename)%00%(upstream:remoteref) refs/heads/main refs/remotes/main [2ms]
2025-04-26 14:55:20.168 [info] > git for-each-ref --sort -committerdate --format %(refname)%00%(objectname)%00%(*objectname) [2ms]
2025-04-26 14:55:20.183 [info] > git status -z -uall [25ms]
2025-04-26 14:55:25.204 [info] > git config --get commit.template [7ms]
2025-04-26 14:55:25.205 [info] > git for-each-ref --format=%(refname)%00%(upstream:short)%00%(objectname)%00%(upstream:track)%00%(upstream:remotename)%00%(upstream:remoteref) refs/heads/main refs/remotes/main [2ms]
2025-04-26 14:55:25.222 [info] > git for-each-ref --sort -committerdate --format %(refname)%00%(objectname)%00%(*objectname) [2ms]
2025-04-26 14:55:25.238 [info] > git status -z -uall [26ms]
2025-04-26 14:55:30.261 [info] > git config --get commit.template [8ms]
2025-04-26 14:55:30.263 [info] > git for-each-ref --format=%(refname)%00%(upstream:short)%00%(objectname)%00%(upstream:track)%00%(upstream:remotename)%00%(upstream:remoteref) refs/heads/main refs/remotes/main [3ms]
2025-04-26 14:55:30.281 [info] > git for-each-ref --sort -committerdate --format %(refname)%00%(objectname)%00%(*objectname) [2ms]
2025-04-26 14:55:30.300 [info] > git status -z -uall [29ms]
2025-04-26 14:55:52.765 [info] > git config --get commit.template [7ms]
2025-04-26 14:55:52.767 [info] > git for-each-ref --format=%(refname)%00%(upstream:short)%00%(objectname)%00%(upstream:track)%00%(upstream:remotename)%00%(upstream:remoteref) refs/heads/main refs/remotes/main [2ms]
2025-04-26 14:55:52.783 [info] > git for-each-ref --sort -committerdate --format %(refname)%00%(objectname)%00%(*objectname) [1ms]
2025-04-26 14:55:52.796 [info] > git status -z -uall [23ms]
2025-04-26 14:56:05.943 [info] > git config --get commit.template [8ms]
2025-04-26 14:56:05.945 [info] > git for-each-ref --format=%(refname)%00%(upstream:short)%00%(objectname)%00%(upstream:track)%00%(upstream:remotename)%00%(upstream:remoteref) refs/heads/main refs/remotes/main [3ms]
2025-04-26 14:56:05.962 [info] > git for-each-ref --sort -committerdate --format %(refname)%00%(objectname)%00%(*objectname) [2ms]
2025-04-26 14:56:05.974 [info] > git status -z -uall [20ms]
2025-04-26 14:57:39.968 [info] > git config --get commit.template [17ms]
2025-04-26 14:57:39.970 [info] > git for-each-ref --format=%(refname)%00%(upstream:short)%00%(objectname)%00%(upstream:track)%00%(upstream:remotename)%00%(upstream:remoteref) refs/heads/main refs/remotes/main [3ms]
2025-04-26 14:57:39.990 [info] > git for-each-ref --sort -committerdate --format %(refname)%00%(objectname)%00%(*objectname) [1ms]
2025-04-26 14:57:40.002 [info] > git status -z -uall [21ms]
2025-04-26 14:57:45.047 [info] > git config --get commit.template [20ms]
2025-04-26 14:57:45.051 [info] > git for-each-ref --format=%(refname)%00%(upstream:short)%00%(objectname)%00%(upstream:track)%00%(upstream:remotename)%00%(upstream:remoteref) refs/heads/main refs/remotes/main [6ms]
2025-04-26 14:57:45.085 [info] > git for-each-ref --sort -committerdate --format %(refname)%00%(objectname)%00%(*objectname) [2ms]
2025-04-26 14:57:45.103 [info] > git status -z -uall [34ms]
2025-04-26 14:57:50.123 [info] > git config --get commit.template [7ms]
2025-04-26 14:57:50.124 [info] > git for-each-ref --format=%(refname)%00%(upstream:short)%00%(objectname)%00%(upstream:track)%00%(upstream:remotename)%00%(upstream:remoteref) refs/heads/main refs/remotes/main [2ms]
2025-04-26 14:57:50.139 [info] > git for-each-ref --sort -committerdate --format %(refname)%00%(objectname)%00%(*objectname) [2ms]
2025-04-26 14:57:50.152 [info] > git status -z -uall [21ms]
2025-04-26 14:57:55.171 [info] > git config --get commit.template [7ms]
2025-04-26 14:57:55.172 [info] > git for-each-ref --format=%(refname)%00%(upstream:short)%00%(objectname)%00%(upstream:track)%00%(upstream:remotename)%00%(upstream:remoteref) refs/heads/main refs/remotes/main [2ms]
2025-04-26 14:57:55.187 [info] > git for-each-ref --sort -committerdate --format %(refname)%00%(objectname)%00%(*objectname) [1ms]
2025-04-26 14:57:55.199 [info] > git status -z -uall [19ms]
2025-04-26 14:58:13.938 [info] > git rev-parse --show-toplevel [1ms]
2025-04-26 14:58:13.945 [info] > git rev-parse --path-format=relative --show-toplevel [2ms]
2025-04-26 14:58:13.951 [info] > git rev-parse --git-dir --git-common-dir [1ms]
2025-04-26 14:58:13.951 [info] fatal: not a git repository (or any of the parent directories): .git
2025-04-26 14:58:15.440 [info] > git config --get commit.template [7ms]
2025-04-26 14:58:15.442 [info] > git for-each-ref --format=%(refname)%00%(upstream:short)%00%(objectname)%00%(upstream:track)%00%(upstream:remotename)%00%(upstream:remoteref) refs/heads/main refs/remotes/main [3ms]
2025-04-26 14:58:15.458 [info] > git for-each-ref --sort -committerdate --format %(refname)%00%(objectname)%00%(*objectname) [2ms]
2025-04-26 14:58:15.471 [info] > git status -z -uall [21ms]
2025-04-26 14:58:21.029 [info] > git config --get commit.template [6ms]
2025-04-26 14:58:21.031 [info] > git for-each-ref --format=%(refname)%00%(upstream:short)%00%(objectname)%00%(upstream:track)%00%(upstream:remotename)%00%(upstream:remoteref) refs/heads/main refs/remotes/main [2ms]
2025-04-26 14:58:21.044 [info] > git for-each-ref --sort -committerdate --format %(refname)%00%(objectname)%00%(*objectname) [2ms]
2025-04-26 14:58:21.058 [info] > git status -z -uall [22ms]
2025-04-26 14:58:27.657 [info] > git config --get commit.template [6ms]
2025-04-26 14:58:27.658 [info] > git for-each-ref --format=%(refname)%00%(upstream:short)%00%(objectname)%00%(upstream:track)%00%(upstream:remotename)%00%(upstream:remoteref) refs/heads/main refs/remotes/main [1ms]
2025-04-26 14:58:27.672 [info] > git for-each-ref --sort -committerdate --format %(refname)%00%(objectname)%00%(*objectname) [2ms]
2025-04-26 14:58:27.686 [info] > git status -z -uall [22ms]
2025-04-26 14:58:32.710 [info] > git config --get commit.template [10ms]
2025-04-26 14:58:32.712 [info] > git for-each-ref --format=%(refname)%00%(upstream:short)%00%(objectname)%00%(upstream:track)%00%(upstream:remotename)%00%(upstream:remoteref) refs/heads/main refs/remotes/main [3ms]
2025-04-26 14:58:32.735 [info] > git for-each-ref --sort -committerdate --format %(refname)%00%(objectname)%00%(*objectname) [3ms]
2025-04-26 14:58:32.756 [info] > git status -z -uall [35ms]
2025-04-26 14:58:37.801 [info] > git config --get commit.template [19ms]
2025-04-26 14:58:37.804 [info] > git for-each-ref --format=%(refname)%00%(upstream:short)%00%(objectname)%00%(upstream:track)%00%(upstream:remotename)%00%(upstream:remoteref) refs/heads/main refs/remotes/main [6ms]
2025-04-26 14:58:37.840 [info] > git for-each-ref --sort -committerdate --format %(refname)%00%(objectname)%00%(*objectname) [4ms]
2025-04-26 14:58:37.856 [info] > git status -z -uall [35ms]
2025-04-26 14:59:05.959 [info] > git config --get commit.template [7ms]
2025-04-26 14:59:05.961 [info] > git for-each-ref --format=%(refname)%00%(upstream:short)%00%(objectname)%00%(upstream:track)%00%(upstream:remotename)%00%(upstream:remoteref) refs/heads/main refs/remotes/main [2ms]
2025-04-26 14:59:05.979 [info] > git for-each-ref --sort -committerdate --format %(refname)%00%(objectname)%00%(*objectname) [3ms]
2025-04-26 14:59:05.996 [info] > git status -z -uall [27ms]
2025-04-26 14:59:36.752 [info] > git config --get commit.template [23ms]
2025-04-26 14:59:36.756 [info] > git for-each-ref --format=%(refname)%00%(upstream:short)%00%(objectname)%00%(upstream:track)%00%(upstream:remotename)%00%(upstream:remoteref) refs/heads/main refs/remotes/main [5ms]
2025-04-26 14:59:36.779 [info] > git for-each-ref --sort -committerdate --format %(refname)%00%(objectname)%00%(*objectname) [2ms]
2025-04-26 14:59:36.794 [info] > git status -z -uall [24ms]
2025-04-26 15:01:25.511 [info] > git config --get commit.template [7ms]
2025-04-26 15:01:25.513 [info] > git for-each-ref --format=%(refname)%00%(upstream:short)%00%(objectname)%00%(upstream:track)%00%(upstream:remotename)%00%(upstream:remoteref) refs/heads/main refs/remotes/main [3ms]
2025-04-26 15:01:25.528 [info] > git for-each-ref --sort -committerdate --format %(refname)%00%(objectname)%00%(*objectname) [1ms]
2025-04-26 15:01:25.539 [info] > git status -z -uall [18ms]
2025-04-26 15:01:33.404 [info] > git config --get commit.template [7ms]
2025-04-26 15:01:33.406 [info] > git for-each-ref --format=%(refname)%00%(upstream:short)%00%(objectname)%00%(upstream:track)%00%(upstream:remotename)%00%(upstream:remoteref) refs/heads/main refs/remotes/main [3ms]
2025-04-26 15:01:33.424 [info] > git for-each-ref --sort -committerdate --format %(refname)%00%(objectname)%00%(*objectname) [3ms]
2025-04-26 15:01:33.442 [info] > git status -z -uall [28ms]
2025-04-26 15:01:38.472 [info] > git for-each-ref --format=%(refname)%00%(upstream:short)%00%(objectname)%00%(upstream:track)%00%(upstream:remotename)%00%(upstream:remoteref) refs/heads/main refs/remotes/main [6ms]
2025-04-26 15:01:38.472 [info] > git config --get commit.template [16ms]
2025-04-26 15:01:38.491 [info] > git for-each-ref --sort -committerdate --format %(refname)%00%(objectname)%00%(*objectname) [2ms]
2025-04-26 15:01:38.509 [info] > git status -z -uall [28ms]
2025-04-26 15:01:43.556 [info] > git config --get commit.template [19ms]
2025-04-26 15:01:43.562 [info] > git for-each-ref --format=%(refname)%00%(upstream:short)%00%(objectname)%00%(upstream:track)%00%(upstream:remotename)%00%(upstream:remoteref) refs/heads/main refs/remotes/main [8ms]
2025-04-26 15:01:43.587 [info] > git for-each-ref --sort -committerdate --format %(refname)%00%(objectname)%00%(*objectname) [2ms]
2025-04-26 15:01:43.600 [info] > git status -z -uall [25ms]
2025-04-26 15:01:56.736 [info] > git config --get commit.template [7ms]
2025-04-26 15:01:56.738 [info] > git for-each-ref --format=%(refname)%00%(upstream:short)%00%(objectname)%00%(upstream:track)%00%(upstream:remotename)%00%(upstream:remoteref) refs/heads/main refs/remotes/main [3ms]
2025-04-26 15:01:56.751 [info] > git for-each-ref --sort -committerdate --format %(refname)%00%(objectname)%00%(*objectname) [1ms]
2025-04-26 15:01:56.765 [info] > git status -z -uall [21ms]
2025-04-26 15:02:02.927 [info] > git config --get commit.template [8ms]
2025-04-26 15:02:02.929 [info] > git for-each-ref --format=%(refname)%00%(upstream:short)%00%(objectname)%00%(upstream:track)%00%(upstream:remotename)%00%(upstream:remoteref) refs/heads/main refs/remotes/main [3ms]
2025-04-26 15:02:02.949 [info] > git for-each-ref --sort -committerdate --format %(refname)%00%(objectname)%00%(*objectname) [2ms]
2025-04-26 15:02:02.962 [info] > git status -z -uall [24ms]
2025-04-26 15:02:07.982 [info] > git config --get commit.template [7ms]
2025-04-26 15:02:07.983 [info] > git for-each-ref --format=%(refname)%00%(upstream:short)%00%(objectname)%00%(upstream:track)%00%(upstream:remotename)%00%(upstream:remoteref) refs/heads/main refs/remotes/main [2ms]
2025-04-26 15:02:07.998 [info] > git for-each-ref --sort -committerdate --format %(refname)%00%(objectname)%00%(*objectname) [2ms]
2025-04-26 15:02:08.009 [info] > git status -z -uall [19ms]
2025-04-26 15:02:18.688 [info] > git config --get commit.template [8ms]
2025-04-26 15:02:18.689 [info] > git for-each-ref --format=%(refname)%00%(upstream:short)%00%(objectname)%00%(upstream:track)%00%(upstream:remotename)%00%(upstream:remoteref) refs/heads/main refs/remotes/main [2ms]
2025-04-26 15:02:18.705 [info] > git for-each-ref --sort -committerdate --format %(refname)%00%(objectname)%00%(*objectname) [2ms]
2025-04-26 15:02:18.724 [info] > git status -z -uall [28ms]
2025-04-26 15:02:25.245 [info] > git config --get commit.template [9ms]
2025-04-26 15:02:25.246 [info] > git for-each-ref --format=%(refname)%00%(upstream:short)%00%(objectname)%00%(upstream:track)%00%(upstream:remotename)%00%(upstream:remoteref) refs/heads/main refs/remotes/main [3ms]
2025-04-26 15:02:25.264 [info] > git for-each-ref --sort -committerdate --format %(refname)%00%(objectname)%00%(*objectname) [3ms]
2025-04-26 15:02:25.277 [info] > git status -z -uall [24ms]
2025-04-26 15:02:30.296 [info] > git config --get commit.template [9ms]
2025-04-26 15:02:30.297 [info] > git for-each-ref --format=%(refname)%00%(upstream:short)%00%(objectname)%00%(upstream:track)%00%(upstream:remotename)%00%(upstream:remoteref) refs/heads/main refs/remotes/main [2ms]
2025-04-26 15:02:30.313 [info] > git for-each-ref --sort -committerdate --format %(refname)%00%(objectname)%00%(*objectname) [2ms]
2025-04-26 15:02:30.327 [info] > git status -z -uall [24ms]
2025-04-26 15:02:38.765 [info] > git rev-parse --show-toplevel [2ms]
2025-04-26 15:02:38.772 [info] > git rev-parse --path-format=relative --show-toplevel [2ms]
2025-04-26 15:02:38.781 [info] > git rev-parse --git-dir --git-common-dir [1ms]
2025-04-26 15:02:38.781 [info] fatal: not a git repository (or any of the parent directories): .git
2025-04-26 15:02:38.816 [info] > git config --get commit.template [8ms]
2025-04-26 15:02:38.817 [info] > git for-each-ref --format=%(refname)%00%(upstream:short)%00%(objectname)%00%(upstream:track)%00%(upstream:remotename)%00%(upstream:remoteref) refs/heads/main refs/remotes/main [2ms]
2025-04-26 15:02:38.834 [info] > git for-each-ref --sort -committerdate --format %(refname)%00%(objectname)%00%(*objectname) [2ms]
2025-04-26 15:02:38.847 [info] > git status -z -uall [23ms]
2025-04-26 15:02:43.869 [info] > git config --get commit.template [6ms]
2025-04-26 15:02:43.870 [info] > git for-each-ref --format=%(refname)%00%(upstream:short)%00%(objectname)%00%(upstream:track)%00%(upstream:remotename)%00%(upstream:remoteref) refs/heads/main refs/remotes/main [1ms]
2025-04-26 15:02:43.885 [info] > git for-each-ref --sort -committerdate --format %(refname)%00%(objectname)%00%(*objectname) [2ms]
2025-04-26 15:02:43.899 [info] > git status -z -uall [21ms]
2025-04-26 15:02:51.524 [info] > git config --get commit.template [1ms]
2025-04-26 15:02:51.543 [info] > git for-each-ref --format=%(refname)%00%(upstream:short)%00%(objectname)%00%(upstream:track)%00%(upstream:remotename)%00%(upstream:remoteref) refs/heads/main refs/remotes/main [6ms]
2025-04-26 15:02:51.578 [info] > git for-each-ref --sort -committerdate --format %(refname)%00%(objectname)%00%(*objectname) [3ms]
2025-04-26 15:02:51.594 [info] > git status -z -uall [39ms]
2025-04-26 15:02:56.622 [info] > git config --get commit.template [6ms]
2025-04-26 15:02:56.623 [info] > git for-each-ref --format=%(refname)%00%(upstream:short)%00%(objectname)%00%(upstream:track)%00%(upstream:remotename)%00%(upstream:remoteref) refs/heads/main refs/remotes/main [2ms]
2025-04-26 15:02:56.637 [info] > git for-each-ref --sort -committerdate --format %(refname)%00%(objectname)%00%(*objectname) [2ms]
2025-04-26 15:02:56.652 [info] > git status -z -uall [22ms]
2025-04-26 15:03:06.034 [info] > git config --get commit.template [7ms]
2025-04-26 15:03:06.035 [info] > git for-each-ref --format=%(refname)%00%(upstream:short)%00%(objectname)%00%(upstream:track)%00%(upstream:remotename)%00%(upstream:remoteref) refs/heads/main refs/remotes/main [2ms]
2025-04-26 15:03:06.049 [info] > git for-each-ref --sort -committerdate --format %(refname)%00%(objectname)%00%(*objectname) [1ms]
2025-04-26 15:03:06.060 [info] > git status -z -uall [18ms]
2025-04-26 15:03:21.187 [info] > git config --get commit.template [7ms]
2025-04-26 15:03:21.188 [info] > git for-each-ref --format=%(refname)%00%(upstream:short)%00%(objectname)%00%(upstream:track)%00%(upstream:remotename)%00%(upstream:remoteref) refs/heads/main refs/remotes/main [1ms]
2025-04-26 15:03:21.204 [info] > git for-each-ref --sort -committerdate --format %(refname)%00%(objectname)%00%(*objectname) [2ms]
2025-04-26 15:03:21.219 [info] > git status -z -uall [24ms]
2025-04-26 15:03:29.359 [info] > git config --get commit.template [7ms]
2025-04-26 15:03:29.360 [info] > git for-each-ref --format=%(refname)%00%(upstream:short)%00%(objectname)%00%(upstream:track)%00%(upstream:remotename)%00%(upstream:remoteref) refs/heads/main refs/remotes/main [2ms]
2025-04-26 15:03:29.376 [info] > git for-each-ref --sort -committerdate --format %(refname)%00%(objectname)%00%(*objectname) [2ms]
2025-04-26 15:03:29.390 [info] > git status -z -uall [23ms]
2025-04-26 15:03:34.412 [info] > git config --get commit.template [8ms]
2025-04-26 15:03:34.413 [info] > git for-each-ref --format=%(refname)%00%(upstream:short)%00%(objectname)%00%(upstream:track)%00%(upstream:remotename)%00%(upstream:remoteref) refs/heads/main refs/remotes/main [2ms]
2025-04-26 15:03:34.427 [info] > git for-each-ref --sort -committerdate --format %(refname)%00%(objectname)%00%(*objectname) [2ms]
2025-04-26 15:03:34.439 [info] > git status -z -uall [19ms]
2025-04-26 15:04:12.899 [info] > git config --get commit.template [22ms]
2025-04-26 15:04:12.903 [info] > git for-each-ref --format=%(refname)%00%(upstream:short)%00%(objectname)%00%(upstream:track)%00%(upstream:remotename)%00%(upstream:remoteref) refs/heads/main refs/remotes/main [7ms]
2025-04-26 15:04:12.936 [info] > git for-each-ref --sort -committerdate --format %(refname)%00%(objectname)%00%(*objectname) [2ms]
2025-04-26 15:04:12.951 [info] > git status -z -uall [30ms]
2025-04-26 15:04:29.592 [info] > git rev-parse --show-toplevel [2ms]
2025-04-26 15:04:29.600 [info] > git rev-parse --path-format=relative --show-toplevel [1ms]
2025-04-26 15:04:29.606 [info] > git rev-parse --git-dir --git-common-dir [1ms]
2025-04-26 15:04:29.606 [info] fatal: not a git repository (or any of the parent directories): .git
2025-04-26 15:04:29.638 [info] > git config --get commit.template [6ms]
2025-04-26 15:04:29.639 [info] > git for-each-ref --format=%(refname)%00%(upstream:short)%00%(objectname)%00%(upstream:track)%00%(upstream:remotename)%00%(upstream:remoteref) refs/heads/main refs/remotes/main [2ms]
2025-04-26 15:04:29.654 [info] > git for-each-ref --sort -committerdate --format %(refname)%00%(objectname)%00%(*objectname) [1ms]
2025-04-26 15:04:29.670 [info] > git status -z -uall [23ms]
2025-04-26 15:04:44.553 [info] > git config --get commit.template [14ms]
2025-04-26 15:04:44.554 [info] > git for-each-ref --format=%(refname)%00%(upstream:short)%00%(objectname)%00%(upstream:track)%00%(upstream:remotename)%00%(upstream:remoteref) refs/heads/main refs/remotes/main [2ms]
2025-04-26 15:04:44.576 [info] > git for-each-ref --sort -committerdate --format %(refname)%00%(objectname)%00%(*objectname) [4ms]
2025-04-26 15:04:44.593 [info] > git status -z -uall [30ms]
2025-04-26 15:04:49.624 [info] > git config --get commit.template [6ms]
2025-04-26 15:04:49.625 [info] > git for-each-ref --format=%(refname)%00%(upstream:short)%00%(objectname)%00%(upstream:track)%00%(upstream:remotename)%00%(upstream:remoteref) refs/heads/main refs/remotes/main [2ms]
2025-04-26 15:04:49.638 [info] > git for-each-ref --sort -committerdate --format %(refname)%00%(objectname)%00%(*objectname) [2ms]
2025-04-26 15:04:49.649 [info] > git status -z -uall [18ms]
2025-04-26 15:05:05.973 [info] > git config --get commit.template [8ms]
2025-04-26 15:05:05.974 [info] > git for-each-ref --format=%(refname)%00%(upstream:short)%00%(objectname)%00%(upstream:track)%00%(upstream:remotename)%00%(upstream:remoteref) refs/heads/main refs/remotes/main [2ms]
2025-04-26 15:05:05.991 [info] > git for-each-ref --sort -committerdate --format %(refname)%00%(objectname)%00%(*objectname) [2ms]
2025-04-26 15:05:06.002 [info] > git status -z -uall [19ms]
2025-04-26 15:06:20.019 [info] > git config --get commit.template [8ms]
2025-04-26 15:06:20.020 [info] > git for-each-ref --format=%(refname)%00%(upstream:short)%00%(objectname)%00%(upstream:track)%00%(upstream:remotename)%00%(upstream:remoteref) refs/heads/main refs/remotes/main [2ms]
2025-04-26 15:06:20.034 [info] > git for-each-ref --sort -committerdate --format %(refname)%00%(objectname)%00%(*objectname) [1ms]
2025-04-26 15:06:20.048 [info] > git status -z -uall [22ms]
2025-04-26 15:07:05.996 [info] > git config --get commit.template [10ms]
2025-04-26 15:07:05.999 [info] > git for-each-ref --format=%(refname)%00%(upstream:short)%00%(objectname)%00%(upstream:track)%00%(upstream:remotename)%00%(upstream:remoteref) refs/heads/main refs/remotes/main [3ms]
2025-04-26 15:07:06.019 [info] > git for-each-ref --sort -committerdate --format %(refname)%00%(objectname)%00%(*objectname) [2ms]
2025-04-26 15:07:06.034 [info] > git status -z -uall [26ms]
2025-04-26 15:07:09.471 [info] > git rev-parse --show-toplevel [1ms]
2025-04-26 15:07:09.479 [info] > git rev-parse --path-format=relative --show-toplevel [1ms]
2025-04-26 15:07:09.486 [info] > git rev-parse --git-dir --git-common-dir [1ms]
2025-04-26 15:07:09.486 [info] fatal: not a git repository (or any of the parent directories): .git
2025-04-26 15:07:11.050 [info] > git config --get commit.template [2ms]
2025-04-26 15:07:11.061 [info] > git for-each-ref --format=%(refname)%00%(upstream:short)%00%(objectname)%00%(upstream:track)%00%(upstream:remotename)%00%(upstream:remoteref) refs/heads/main refs/remotes/main [2ms]
2025-04-26 15:07:11.079 [info] > git for-each-ref --sort -committerdate --format %(refname)%00%(objectname)%00%(*objectname) [2ms]
2025-04-26 15:07:11.095 [info] > git status -z -uall [27ms]
2025-04-26 15:07:19.306 [info] > git config --get commit.template [1ms]
2025-04-26 15:07:19.315 [info] > git for-each-ref --format=%(refname)%00%(upstream:short)%00%(objectname)%00%(upstream:track)%00%(upstream:remotename)%00%(upstream:remoteref) refs/heads/main refs/remotes/main [2ms]
2025-04-26 15:07:19.329 [info] > git for-each-ref --sort -committerdate --format %(refname)%00%(objectname)%00%(*objectname) [2ms]
2025-04-26 15:07:19.343 [info] > git status -z -uall [21ms]
2025-04-26 15:07:24.388 [info] > git config --get commit.template [21ms]
2025-04-26 15:07:24.392 [info] > git for-each-ref --format=%(refname)%00%(upstream:short)%00%(objectname)%00%(upstream:track)%00%(upstream:remotename)%00%(upstream:remoteref) refs/heads/main refs/remotes/main [7ms]
2025-04-26 15:07:24.411 [info] > git for-each-ref --sort -committerdate --format %(refname)%00%(objectname)%00%(*objectname) [2ms]
2025-04-26 15:07:24.426 [info] > git status -z -uall [24ms]
2025-04-26 15:07:31.523 [info] > git config --get commit.template [8ms]
2025-04-26 15:07:31.525 [info] > git for-each-ref --format=%(refname)%00%(upstream:short)%00%(objectname)%00%(upstream:track)%00%(upstream:remotename)%00%(upstream:remoteref) refs/heads/main refs/remotes/main [3ms]
2025-04-26 15:07:31.539 [info] > git for-each-ref --sort -committerdate --format %(refname)%00%(objectname)%00%(*objectname) [2ms]
2025-04-26 15:07:31.553 [info] > git status -z -uall [22ms]
2025-04-26 15:07:36.576 [info] > git config --get commit.template [7ms]
2025-04-26 15:07:36.578 [info] > git for-each-ref --format=%(refname)%00%(upstream:short)%00%(objectname)%00%(upstream:track)%00%(upstream:remotename)%00%(upstream:remoteref) refs/heads/main refs/remotes/main [2ms]
2025-04-26 15:07:36.599 [info] > git for-each-ref --sort -committerdate --format %(refname)%00%(objectname)%00%(*objectname) [2ms]
2025-04-26 15:07:36.612 [info] > git status -z -uall [24ms]
2025-04-26 15:07:38.491 [info] > git rev-parse --show-toplevel [2ms]
2025-04-26 15:07:38.497 [info] > git rev-parse --path-format=relative --show-toplevel [1ms]
2025-04-26 15:07:38.504 [info] > git rev-parse --git-dir --git-common-dir [1ms]
2025-04-26 15:07:38.504 [info] fatal: not a git repository (or any of the parent directories): .git
2025-04-26 15:07:41.633 [info] > git config --get commit.template [6ms]
2025-04-26 15:07:41.635 [info] > git for-each-ref --format=%(refname)%00%(upstream:short)%00%(objectname)%00%(upstream:track)%00%(upstream:remotename)%00%(upstream:remoteref) refs/heads/main refs/remotes/main [2ms]
2025-04-26 15:07:41.651 [info] > git for-each-ref --sort -committerdate --format %(refname)%00%(objectname)%00%(*objectname) [2ms]
2025-04-26 15:07:41.669 [info] > git status -z -uall [26ms]
2025-04-26 15:07:46.691 [info] > git config --get commit.template [7ms]
2025-04-26 15:07:46.693 [info] > git for-each-ref --format=%(refname)%00%(upstream:short)%00%(objectname)%00%(upstream:track)%00%(upstream:remotename)%00%(upstream:remoteref) refs/heads/main refs/remotes/main [2ms]
2025-04-26 15:07:46.710 [info] > git for-each-ref --sort -committerdate --format %(refname)%00%(objectname)%00%(*objectname) [2ms]
2025-04-26 15:07:46.723 [info] > git status -z -uall [21ms]
2025-04-26 15:07:51.748 [info] > git config --get commit.template [7ms]
2025-04-26 15:07:51.750 [info] > git for-each-ref --format=%(refname)%00%(upstream:short)%00%(objectname)%00%(upstream:track)%00%(upstream:remotename)%00%(upstream:remoteref) refs/heads/main refs/remotes/main [2ms]
2025-04-26 15:07:51.764 [info] > git for-each-ref --sort -committerdate --format %(refname)%00%(objectname)%00%(*objectname) [2ms]
2025-04-26 15:07:51.775 [info] > git status -z -uall [19ms]
2025-04-26 15:08:06.009 [info] > git config --get commit.template [7ms]
2025-04-26 15:08:06.011 [info] > git for-each-ref --format=%(refname)%00%(upstream:short)%00%(objectname)%00%(upstream:track)%00%(upstream:remotename)%00%(upstream:remoteref) refs/heads/main refs/remotes/main [2ms]
2025-04-26 15:08:06.025 [info] > git for-each-ref --sort -committerdate --format %(refname)%00%(objectname)%00%(*objectname) [2ms]
2025-04-26 15:08:06.036 [info] > git status -z -uall [19ms]
2025-04-26 15:08:19.544 [info] > git config --get commit.template [7ms]
2025-04-26 15:08:19.545 [info] > git for-each-ref --format=%(refname)%00%(upstream:short)%00%(objectname)%00%(upstream:track)%00%(upstream:remotename)%00%(upstream:remoteref) refs/heads/main refs/remotes/main [2ms]
2025-04-26 15:08:19.558 [info] > git for-each-ref --sort -committerdate --format %(refname)%00%(objectname)%00%(*objectname) [1ms]
2025-04-26 15:08:19.572 [info] > git status -z -uall [21ms]
2025-04-26 15:08:24.594 [info] > git config --get commit.template [8ms]
2025-04-26 15:08:24.595 [info] > git for-each-ref --format=%(refname)%00%(upstream:short)%00%(objectname)%00%(upstream:track)%00%(upstream:remotename)%00%(upstream:remoteref) refs/heads/main refs/remotes/main [2ms]
2025-04-26 15:08:24.614 [info] > git for-each-ref --sort -committerdate --format %(refname)%00%(objectname)%00%(*objectname) [3ms]
2025-04-26 15:08:24.628 [info] > git status -z -uall [24ms]
2025-04-26 15:08:29.673 [info] > git config --get commit.template [18ms]
2025-04-26 15:08:29.677 [info] > git for-each-ref --format=%(refname)%00%(upstream:short)%00%(objectname)%00%(upstream:track)%00%(upstream:remotename)%00%(upstream:remoteref) refs/heads/main refs/remotes/main [6ms]
2025-04-26 15:08:29.710 [info] > git for-each-ref --sort -committerdate --format %(refname)%00%(objectname)%00%(*objectname) [3ms]
2025-04-26 15:08:29.725 [info] > git status -z -uall [31ms]
2025-04-26 15:09:06.012 [info] > git config --get commit.template [7ms]
2025-04-26 15:09:06.014 [info] > git for-each-ref --format=%(refname)%00%(upstream:short)%00%(objectname)%00%(upstream:track)%00%(upstream:remotename)%00%(upstream:remoteref) refs/heads/main refs/remotes/main [3ms]
2025-04-26 15:09:06.029 [info] > git for-each-ref --sort -committerdate --format %(refname)%00%(objectname)%00%(*objectname) [2ms]
2025-04-26 15:09:06.041 [info] > git status -z -uall [19ms]
2025-04-26 15:12:22.436 [info] > git config --get commit.template [8ms]
2025-04-26 15:12:22.437 [info] > git for-each-ref --format=%(refname)%00%(upstream:short)%00%(objectname)%00%(upstream:track)%00%(upstream:remotename)%00%(upstream:remoteref) refs/heads/main refs/remotes/main [2ms]
2025-04-26 15:12:22.450 [info] > git for-each-ref --sort -committerdate --format %(refname)%00%(objectname)%00%(*objectname) [1ms]
2025-04-26 15:12:22.462 [info] > git status -z -uall [19ms]
2025-04-26 15:13:21.506 [info] > git config --get commit.template [8ms]
2025-04-26 15:13:21.507 [info] > git for-each-ref --format=%(refname)%00%(upstream:short)%00%(objectname)%00%(upstream:track)%00%(upstream:remotename)%00%(upstream:remoteref) refs/heads/main refs/remotes/main [2ms]
2025-04-26 15:13:21.524 [info] > git for-each-ref --sort -committerdate --format %(refname)%00%(objectname)%00%(*objectname) [2ms]
2025-04-26 15:13:21.535 [info] > git status -z -uall [19ms]
2025-04-26 15:18:21.669 [info] > git config --get commit.template [8ms]
2025-04-26 15:18:21.670 [info] > git for-each-ref --format=%(refname)%00%(upstream:short)%00%(objectname)%00%(upstream:track)%00%(upstream:remotename)%00%(upstream:remoteref) refs/heads/main refs/remotes/main [2ms]
2025-04-26 15:18:21.683 [info] > git for-each-ref --sort -committerdate --format %(refname)%00%(objectname)%00%(*objectname) [2ms]
2025-04-26 15:18:21.696 [info] > git status -z -uall [20ms]
2025-04-26 15:23:21.825 [info] > git config --get commit.template [1ms]
2025-04-26 15:23:21.835 [info] > git for-each-ref --format=%(refname)%00%(upstream:short)%00%(objectname)%00%(upstream:track)%00%(upstream:remotename)%00%(upstream:remoteref) refs/heads/main refs/remotes/main [2ms]
2025-04-26 15:23:21.849 [info] > git for-each-ref --sort -committerdate --format %(refname)%00%(objectname)%00%(*objectname) [2ms]
2025-04-26 15:23:21.863 [info] > git status -z -uall [21ms]
2025-04-26 15:28:21.970 [info] > git config --get commit.template [2ms]
2025-04-26 15:28:21.978 [info] > git for-each-ref --format=%(refname)%00%(upstream:short)%00%(objectname)%00%(upstream:track)%00%(upstream:remotename)%00%(upstream:remoteref) refs/heads/main refs/remotes/main [2ms]
2025-04-26 15:28:21.993 [info] > git for-each-ref --sort -committerdate --format %(refname)%00%(objectname)%00%(*objectname) [2ms]
2025-04-26 15:28:22.004 [info] > git status -z -uall [18ms]
2025-04-26 15:32:26.742 [info] > git rev-parse --show-toplevel [2ms]
2025-04-26 15:32:26.748 [info] > git rev-parse --path-format=relative --show-toplevel [1ms]
2025-04-26 15:32:26.754 [info] > git rev-parse --git-dir --git-common-dir [1ms]
2025-04-26 15:32:26.754 [info] fatal: not a git repository (or any of the parent directories): .git
2025-04-26 15:32:28.300 [info] > git config --get commit.template [16ms]
2025-04-26 15:32:28.304 [info] > git for-each-ref --format=%(refname)%00%(upstream:short)%00%(objectname)%00%(upstream:track)%00%(upstream:remotename)%00%(upstream:remoteref) refs/heads/main refs/remotes/main [5ms]
2025-04-26 15:32:28.335 [info] > git for-each-ref --sort -committerdate --format %(refname)%00%(objectname)%00%(*objectname) [3ms]
2025-04-26 15:32:28.352 [info] > git status -z -uall [33ms]
2025-04-26 15:32:37.734 [info] > git config --get commit.template [6ms]
2025-04-26 15:32:37.735 [info] > git for-each-ref --format=%(refname)%00%(upstream:short)%00%(objectname)%00%(upstream:track)%00%(upstream:remotename)%00%(upstream:remoteref) refs/heads/main refs/remotes/main [1ms]
2025-04-26 15:32:37.751 [info] > git for-each-ref --sort -committerdate --format %(refname)%00%(objectname)%00%(*objectname) [3ms]
2025-04-26 15:32:37.765 [info] > git status -z -uall [23ms]
2025-04-26 15:32:44.464 [info] > git config --get commit.template [9ms]
2025-04-26 15:32:44.466 [info] > git for-each-ref --format=%(refname)%00%(upstream:short)%00%(objectname)%00%(upstream:track)%00%(upstream:remotename)%00%(upstream:remoteref) refs/heads/main refs/remotes/main [3ms]
2025-04-26 15:32:44.479 [info] > git for-each-ref --sort -committerdate --format %(refname)%00%(objectname)%00%(*objectname) [3ms]
2025-04-26 15:32:44.498 [info] > git status -z -uall [27ms]
2025-04-26 15:32:47.776 [info] > git rev-parse --show-toplevel [1ms]
2025-04-26 15:32:47.776 [info] fatal: not a git repository (or any of the parent directories): .git
2025-04-26 15:32:49.518 [info] > git config --get commit.template [7ms]
2025-04-26 15:32:49.520 [info] > git for-each-ref --format=%(refname)%00%(upstream:short)%00%(objectname)%00%(upstream:track)%00%(upstream:remotename)%00%(upstream:remoteref) refs/heads/main refs/remotes/main [2ms]
2025-04-26 15:32:49.536 [info] > git for-each-ref --sort -committerdate --format %(refname)%00%(objectname)%00%(*objectname) [2ms]
2025-04-26 15:32:49.555 [info] > git status -z -uall [28ms]
2025-04-26 15:32:49.602 [info] > git check-ignore -v -z --stdin [2ms]
2025-04-26 15:32:53.391 [info] > git rev-parse --show-toplevel [2ms]
2025-04-26 15:32:53.391 [info] fatal: not a git repository (or any of the parent directories): .git
2025-04-26 15:32:54.596 [info] > git config --get commit.template [19ms]
2025-04-26 15:32:54.599 [info] > git for-each-ref --format=%(refname)%00%(upstream:short)%00%(objectname)%00%(upstream:track)%00%(upstream:remotename)%00%(upstream:remoteref) refs/heads/main refs/remotes/main [4ms]
2025-04-26 15:32:54.619 [info] > git for-each-ref --sort -committerdate --format %(refname)%00%(objectname)%00%(*objectname) [3ms]
2025-04-26 15:32:54.632 [info] > git status -z -uall [24ms]
2025-04-26 15:32:59.673 [info] > git config --get commit.template [18ms]
2025-04-26 15:32:59.676 [info] > git for-each-ref --format=%(refname)%00%(upstream:short)%00%(objectname)%00%(upstream:track)%00%(upstream:remotename)%00%(upstream:remoteref) refs/heads/main refs/remotes/main [5ms]
2025-04-26 15:32:59.712 [info] > git for-each-ref --sort -committerdate --format %(refname)%00%(objectname)%00%(*objectname) [4ms]
2025-04-26 15:32:59.731 [info] > git status -z -uall [37ms]
2025-04-26 15:33:06.101 [info] > git config --get commit.template [7ms]
2025-04-26 15:33:06.102 [info] > git for-each-ref --format=%(refname)%00%(upstream:short)%00%(objectname)%00%(upstream:track)%00%(upstream:remotename)%00%(upstream:remoteref) refs/heads/main refs/remotes/main [2ms]
2025-04-26 15:33:06.119 [info] > git for-each-ref --sort -committerdate --format %(refname)%00%(objectname)%00%(*objectname) [2ms]
2025-04-26 15:33:06.130 [info] > git status -z -uall [19ms]
2025-04-26 15:33:11.168 [info] > git config --get commit.template [17ms]
2025-04-26 15:33:11.172 [info] > git for-each-ref --format=%(refname)%00%(upstream:short)%00%(objectname)%00%(upstream:track)%00%(upstream:remotename)%00%(upstream:remoteref) refs/heads/main refs/remotes/main [5ms]
2025-04-26 15:33:11.207 [info] > git for-each-ref --sort -committerdate --format %(refname)%00%(objectname)%00%(*objectname) [4ms]
2025-04-26 15:33:11.226 [info] > git status -z -uall [38ms]
2025-04-26 15:33:16.251 [info] > git config --get commit.template [6ms]
2025-04-26 15:33:16.253 [info] > git for-each-ref --format=%(refname)%00%(upstream:short)%00%(objectname)%00%(upstream:track)%00%(upstream:remotename)%00%(upstream:remoteref) refs/heads/main refs/remotes/main [2ms]
2025-04-26 15:33:16.265 [info] > git for-each-ref --sort -committerdate --format %(refname)%00%(objectname)%00%(*objectname) [1ms]
2025-04-26 15:33:16.280 [info] > git status -z -uall [22ms]
2025-04-26 15:33:17.157 [info] > git rev-parse --show-toplevel [2ms]
2025-04-26 15:33:17.165 [info] > git rev-parse --path-format=relative --show-toplevel [2ms]
2025-04-26 15:33:17.171 [info] > git rev-parse --git-dir --git-common-dir [1ms]
2025-04-26 15:33:17.171 [info] fatal: not a git repository (or any of the parent directories): .git
2025-04-26 15:33:21.301 [info] > git config --get commit.template [8ms]
2025-04-26 15:33:21.302 [info] > git for-each-ref --format=%(refname)%00%(upstream:short)%00%(objectname)%00%(upstream:track)%00%(upstream:remotename)%00%(upstream:remoteref) refs/heads/main refs/remotes/main [2ms]
2025-04-26 15:33:21.318 [info] > git for-each-ref --sort -committerdate --format %(refname)%00%(objectname)%00%(*objectname) [2ms]
2025-04-26 15:33:21.331 [info] > git status -z -uall [21ms]
2025-04-26 15:33:26.354 [info] > git config --get commit.template [7ms]
2025-04-26 15:33:26.356 [info] > git for-each-ref --format=%(refname)%00%(upstream:short)%00%(objectname)%00%(upstream:track)%00%(upstream:remotename)%00%(upstream:remoteref) refs/heads/main refs/remotes/main [3ms]
2025-04-26 15:33:26.369 [info] > git for-each-ref --sort -committerdate --format %(refname)%00%(objectname)%00%(*objectname) [2ms]
2025-04-26 15:33:26.384 [info] > git status -z -uall [23ms]
2025-04-26 15:34:06.327 [info] > git config --get commit.template [7ms]
2025-04-26 15:34:06.329 [info] > git for-each-ref --format=%(refname)%00%(upstream:short)%00%(objectname)%00%(upstream:track)%00%(upstream:remotename)%00%(upstream:remoteref) refs/heads/main refs/remotes/main [3ms]
2025-04-26 15:34:06.345 [info] > git for-each-ref --sort -committerdate --format %(refname)%00%(objectname)%00%(*objectname) [2ms]
2025-04-26 15:34:06.357 [info] > git status -z -uall [20ms]
2025-04-26 15:35:03.196 [info] > git config --get commit.template [6ms]
2025-04-26 15:35:03.198 [info] > git for-each-ref --format=%(refname)%00%(upstream:short)%00%(objectname)%00%(upstream:track)%00%(upstream:remotename)%00%(upstream:remoteref) refs/heads/main refs/remotes/main [2ms]
2025-04-26 15:35:03.211 [info] > git for-each-ref --sort -committerdate --format %(refname)%00%(objectname)%00%(*objectname) [2ms]
2025-04-26 15:35:03.226 [info] > git status -z -uall [23ms]
2025-04-26 15:35:08.243 [info] > git config --get commit.template [5ms]
2025-04-26 15:35:08.245 [info] > git for-each-ref --format=%(refname)%00%(upstream:short)%00%(objectname)%00%(upstream:track)%00%(upstream:remotename)%00%(upstream:remoteref) refs/heads/main refs/remotes/main [2ms]
2025-04-26 15:35:08.257 [info] > git for-each-ref --sort -committerdate --format %(refname)%00%(objectname)%00%(*objectname) [2ms]
2025-04-26 15:35:08.269 [info] > git status -z -uall [19ms]
2025-04-26 15:35:19.365 [info] > git rev-parse --show-toplevel [2ms]
2025-04-26 15:35:19.375 [info] > git rev-parse --path-format=relative --show-toplevel [3ms]
2025-04-26 15:35:19.382 [info] > git rev-parse --git-dir --git-common-dir [1ms]
2025-04-26 15:35:19.382 [info] fatal: not a git repository (or any of the parent directories): .git
2025-04-26 15:35:20.814 [info] > git config --get commit.template [1ms]
2025-04-26 15:35:20.821 [info] > git for-each-ref --format=%(refname)%00%(upstream:short)%00%(objectname)%00%(upstream:track)%00%(upstream:remotename)%00%(upstream:remoteref) refs/heads/main refs/remotes/main [2ms]
2025-04-26 15:35:20.834 [info] > git for-each-ref --sort -committerdate --format %(refname)%00%(objectname)%00%(*objectname) [1ms]
2025-04-26 15:35:20.849 [info] > git status -z -uall [22ms]
2025-04-26 15:35:22.633 [info] > git rev-parse --show-toplevel [2ms]
2025-04-26 15:35:22.640 [info] > git rev-parse --path-format=relative --show-toplevel [2ms]
2025-04-26 15:35:22.646 [info] > git rev-parse --git-dir --git-common-dir [1ms]
2025-04-26 15:35:22.647 [info] fatal: not a git repository (or any of the parent directories): .git
2025-04-26 15:35:25.870 [info] > git config --get commit.template [8ms]
2025-04-26 15:35:25.871 [info] > git for-each-ref --format=%(refname)%00%(upstream:short)%00%(objectname)%00%(upstream:track)%00%(upstream:remotename)%00%(upstream:remoteref) refs/heads/main refs/remotes/main [2ms]
2025-04-26 15:35:25.886 [info] > git for-each-ref --sort -committerdate --format %(refname)%00%(objectname)%00%(*objectname) [2ms]
2025-04-26 15:35:25.900 [info] > git status -z -uall [23ms]
2025-04-26 15:35:30.921 [info] > git config --get commit.template [6ms]
2025-04-26 15:35:30.922 [info] > git for-each-ref --format=%(refname)%00%(upstream:short)%00%(objectname)%00%(upstream:track)%00%(upstream:remotename)%00%(upstream:remoteref) refs/heads/main refs/remotes/main [2ms]
2025-04-26 15:35:30.936 [info] > git for-each-ref --sort -committerdate --format %(refname)%00%(objectname)%00%(*objectname) [2ms]
2025-04-26 15:35:30.952 [info] > git status -z -uall [24ms]
2025-04-26 15:35:40.898 [info] > git rev-parse --show-toplevel [1ms]
2025-04-26 15:35:40.905 [info] > git rev-parse --path-format=relative --show-toplevel [1ms]
2025-04-26 15:35:40.912 [info] > git rev-parse --git-dir --git-common-dir [1ms]
2025-04-26 15:35:40.912 [info] fatal: not a git repository (or any of the parent directories): .git
2025-04-26 15:35:42.449 [info] > git config --get commit.template [6ms]
2025-04-26 15:35:42.450 [info] > git for-each-ref --format=%(refname)%00%(upstream:short)%00%(objectname)%00%(upstream:track)%00%(upstream:remotename)%00%(upstream:remoteref) refs/heads/main refs/remotes/main [2ms]
2025-04-26 15:35:42.464 [info] > git for-each-ref --sort -committerdate --format %(refname)%00%(objectname)%00%(*objectname) [2ms]
2025-04-26 15:35:42.481 [info] > git status -z -uall [25ms]
