2025-05-04 14:05:13.782 [info] Extension host with pid 1860 started
2025-05-04 14:05:13.784 [info] ExtensionService#_doActivateExtension vscode.git-base, startup: true, activationEvent: '*', root cause: vscode.git
2025-05-04 14:05:13.836 [info] ExtensionService#_doActivateExtension vscode.git, startup: true, activationEvent: '*'
2025-05-04 14:05:14.144 [info] ExtensionService#_doActivateExtension vscode.github, startup: true, activationEvent: '*'
2025-05-04 14:05:15.195 [info] Eager extensions activated
2025-05-04 14:05:15.244 [info] ExtensionService#_doActivateExtension vscode.debug-auto-launch, startup: false, activationEvent: 'onStartupFinished'
2025-05-04 14:05:15.351 [info] ExtensionService#_doActivateExtension vscode.merge-conflict, startup: false, activationEvent: 'onStartupFinished'
2025-05-04 19:35:44.039 [info] Extension host terminating: renderer closed the MessagePort
2025-05-04 19:35:44.065 [info] Extension host with pid 1860 exiting with code 0
2025-05-04 19:35:47.426 [info] Extension host with pid 8003 started
2025-05-04 19:35:47.426 [info] Skipping acquiring lock for /home/max/.config/Code - OSS/User/workspaceStorage/de045d141a8b035fd6afde5a0c3a97e9.
2025-05-04 19:35:47.746 [info] ExtensionService#_doActivateExtension vscode.emmet, startup: false, activationEvent: 'onLanguage'
2025-05-04 19:35:48.582 [info] ExtensionService#_doActivateExtension vscode.git-base, startup: true, activationEvent: '*', root cause: vscode.git
2025-05-04 19:35:48.795 [info] ExtensionService#_doActivateExtension vscode.git, startup: true, activationEvent: '*'
2025-05-04 19:35:48.976 [info] ExtensionService#_doActivateExtension vscode.github, startup: true, activationEvent: '*'
2025-05-04 19:35:49.174 [info] Eager extensions activated
2025-05-04 19:35:49.261 [info] ExtensionService#_doActivateExtension vscode.debug-auto-launch, startup: false, activationEvent: 'onStartupFinished'
2025-05-04 19:35:49.268 [info] ExtensionService#_doActivateExtension vscode.merge-conflict, startup: false, activationEvent: 'onStartupFinished'
2025-05-04 19:35:52.405 [warning] [Decorations] CAPPING events from decorations provider vscode.git 1161
2025-05-04 19:35:52.879 [info] ExtensionService#_doActivateExtension vscode.github-authentication, startup: false, activationEvent: 'onAuthenticationRequest:github'
2025-05-04 19:35:53.105 [warning] [Decorations] CAPPING events from decorations provider vscode.git 1162
2025-05-04 19:35:57.755 [warning] [Decorations] CAPPING events from decorations provider vscode.git 1163
2025-05-04 19:36:03.025 [warning] [Decorations] CAPPING events from decorations provider vscode.git 1163
2025-05-04 19:36:08.136 [warning] [Decorations] CAPPING events from decorations provider vscode.git 1163
2025-05-04 19:36:13.313 [warning] [Decorations] CAPPING events from decorations provider vscode.git 1163
2025-05-04 19:36:18.452 [warning] [Decorations] CAPPING events from decorations provider vscode.git 1163
2025-05-04 19:36:23.615 [warning] [Decorations] CAPPING events from decorations provider vscode.git 1163
2025-05-04 19:36:28.809 [warning] [Decorations] CAPPING events from decorations provider vscode.git 1163
2025-05-04 19:36:33.989 [warning] [Decorations] CAPPING events from decorations provider vscode.git 1163
2025-05-04 19:36:39.259 [warning] [Decorations] CAPPING events from decorations provider vscode.git 1163
2025-05-04 19:36:44.493 [warning] [Decorations] CAPPING events from decorations provider vscode.git 1163
2025-05-04 19:36:49.688 [warning] [Decorations] CAPPING events from decorations provider vscode.git 1163
2025-05-04 19:36:54.885 [warning] [Decorations] CAPPING events from decorations provider vscode.git 1163
2025-05-04 19:37:00.071 [warning] [Decorations] CAPPING events from decorations provider vscode.git 1163
2025-05-04 19:37:05.226 [warning] [Decorations] CAPPING events from decorations provider vscode.git 1163
2025-05-04 19:37:10.397 [warning] [Decorations] CAPPING events from decorations provider vscode.git 1163
2025-05-04 19:37:15.579 [warning] [Decorations] CAPPING events from decorations provider vscode.git 1163
2025-05-04 19:37:20.789 [warning] [Decorations] CAPPING events from decorations provider vscode.git 1163
2025-05-04 19:37:25.951 [warning] [Decorations] CAPPING events from decorations provider vscode.git 1163
2025-05-04 19:37:31.155 [warning] [Decorations] CAPPING events from decorations provider vscode.git 1163
2025-05-04 19:37:36.329 [warning] [Decorations] CAPPING events from decorations provider vscode.git 1163
2025-05-04 19:37:41.523 [warning] [Decorations] CAPPING events from decorations provider vscode.git 1163
2025-05-04 19:37:46.725 [warning] [Decorations] CAPPING events from decorations provider vscode.git 1163
2025-05-04 19:37:51.884 [warning] [Decorations] CAPPING events from decorations provider vscode.git 1163
2025-05-04 19:37:57.066 [warning] [Decorations] CAPPING events from decorations provider vscode.git 1163
2025-05-04 19:38:02.222 [warning] [Decorations] CAPPING events from decorations provider vscode.git 1163
2025-05-04 19:38:07.443 [warning] [Decorations] CAPPING events from decorations provider vscode.git 1163
2025-05-04 19:38:12.647 [warning] [Decorations] CAPPING events from decorations provider vscode.git 1163
2025-05-04 19:38:17.865 [warning] [Decorations] CAPPING events from decorations provider vscode.git 1163
2025-05-04 19:38:23.046 [warning] [Decorations] CAPPING events from decorations provider vscode.git 1163
2025-05-04 19:38:28.218 [warning] [Decorations] CAPPING events from decorations provider vscode.git 1163
2025-05-04 19:38:33.391 [warning] [Decorations] CAPPING events from decorations provider vscode.git 1163
2025-05-04 19:38:38.563 [warning] [Decorations] CAPPING events from decorations provider vscode.git 1163
2025-05-04 19:38:43.728 [warning] [Decorations] CAPPING events from decorations provider vscode.git 1163
2025-05-04 19:38:48.885 [warning] [Decorations] CAPPING events from decorations provider vscode.git 1163
2025-05-04 19:38:54.069 [warning] [Decorations] CAPPING events from decorations provider vscode.git 1163
2025-05-04 19:38:59.269 [warning] [Decorations] CAPPING events from decorations provider vscode.git 1163
2025-05-04 19:39:04.448 [warning] [Decorations] CAPPING events from decorations provider vscode.git 1163
2025-05-04 19:41:44.602 [warning] [Decorations] CAPPING events from decorations provider vscode.git 1163
2025-05-04 19:41:49.792 [warning] [Decorations] CAPPING events from decorations provider vscode.git 1163
2025-05-04 19:41:54.964 [warning] [Decorations] CAPPING events from decorations provider vscode.git 1163
2025-05-04 19:42:00.144 [warning] [Decorations] CAPPING events from decorations provider vscode.git 1163
2025-05-04 19:42:05.328 [warning] [Decorations] CAPPING events from decorations provider vscode.git 1163
2025-05-04 19:42:10.504 [warning] [Decorations] CAPPING events from decorations provider vscode.git 1163
2025-05-04 19:42:15.688 [warning] [Decorations] CAPPING events from decorations provider vscode.git 1163
2025-05-04 19:42:20.863 [warning] [Decorations] CAPPING events from decorations provider vscode.git 1163
2025-05-04 19:42:26.047 [warning] [Decorations] CAPPING events from decorations provider vscode.git 1163
2025-05-04 19:42:31.219 [warning] [Decorations] CAPPING events from decorations provider vscode.git 1163
2025-05-04 19:42:36.398 [warning] [Decorations] CAPPING events from decorations provider vscode.git 1163
2025-05-04 19:42:41.563 [warning] [Decorations] CAPPING events from decorations provider vscode.git 1163
2025-05-04 19:42:46.734 [warning] [Decorations] CAPPING events from decorations provider vscode.git 1163
2025-05-04 19:42:51.911 [warning] [Decorations] CAPPING events from decorations provider vscode.git 1163
2025-05-04 19:42:57.097 [warning] [Decorations] CAPPING events from decorations provider vscode.git 1163
2025-05-04 19:43:02.278 [warning] [Decorations] CAPPING events from decorations provider vscode.git 1163
2025-05-04 19:43:07.465 [warning] [Decorations] CAPPING events from decorations provider vscode.git 1163
2025-05-04 19:43:12.658 [warning] [Decorations] CAPPING events from decorations provider vscode.git 1163
2025-05-04 19:43:17.829 [warning] [Decorations] CAPPING events from decorations provider vscode.git 1163
2025-05-04 19:43:23.002 [warning] [Decorations] CAPPING events from decorations provider vscode.git 1163
2025-05-04 19:43:28.202 [warning] [Decorations] CAPPING events from decorations provider vscode.git 1163
2025-05-04 19:43:33.382 [warning] [Decorations] CAPPING events from decorations provider vscode.git 1163
2025-05-04 19:43:38.564 [warning] [Decorations] CAPPING events from decorations provider vscode.git 1163
2025-05-04 19:43:43.727 [warning] [Decorations] CAPPING events from decorations provider vscode.git 1163
2025-05-04 19:43:48.880 [warning] [Decorations] CAPPING events from decorations provider vscode.git 1163
2025-05-04 19:43:54.058 [warning] [Decorations] CAPPING events from decorations provider vscode.git 1163
2025-05-04 19:43:59.211 [warning] [Decorations] CAPPING events from decorations provider vscode.git 1163
2025-05-04 19:44:04.370 [warning] [Decorations] CAPPING events from decorations provider vscode.git 1163
2025-05-04 19:44:09.556 [warning] [Decorations] CAPPING events from decorations provider vscode.git 1163
2025-05-04 19:44:14.738 [warning] [Decorations] CAPPING events from decorations provider vscode.git 1163
2025-05-04 19:44:19.865 [warning] [Decorations] CAPPING events from decorations provider vscode.git 1164
2025-05-04 19:44:25.045 [warning] [Decorations] CAPPING events from decorations provider vscode.git 1164
2025-05-04 19:44:30.225 [warning] [Decorations] CAPPING events from decorations provider vscode.git 1164
2025-05-04 19:44:35.393 [warning] [Decorations] CAPPING events from decorations provider vscode.git 1164
2025-05-04 19:44:40.564 [warning] [Decorations] CAPPING events from decorations provider vscode.git 1164
2025-05-04 19:44:45.753 [warning] [Decorations] CAPPING events from decorations provider vscode.git 1164
2025-05-04 19:44:50.931 [warning] [Decorations] CAPPING events from decorations provider vscode.git 1164
2025-05-04 19:44:56.104 [warning] [Decorations] CAPPING events from decorations provider vscode.git 1164
2025-05-04 19:45:01.282 [warning] [Decorations] CAPPING events from decorations provider vscode.git 1164
2025-05-04 19:45:06.395 [warning] [Decorations] CAPPING events from decorations provider vscode.git 1164
2025-05-04 19:45:11.575 [warning] [Decorations] CAPPING events from decorations provider vscode.git 1164
2025-05-04 19:45:16.752 [warning] [Decorations] CAPPING events from decorations provider vscode.git 1163
2025-05-04 19:45:21.926 [warning] [Decorations] CAPPING events from decorations provider vscode.git 1163
2025-05-04 19:45:27.104 [warning] [Decorations] CAPPING events from decorations provider vscode.git 1163
2025-05-04 19:45:32.277 [warning] [Decorations] CAPPING events from decorations provider vscode.git 1164
2025-05-04 19:45:37.450 [warning] [Decorations] CAPPING events from decorations provider vscode.git 1164
2025-05-04 19:45:42.626 [warning] [Decorations] CAPPING events from decorations provider vscode.git 1164
2025-05-04 19:45:47.811 [warning] [Decorations] CAPPING events from decorations provider vscode.git 1164
2025-05-04 19:45:52.971 [warning] [Decorations] CAPPING events from decorations provider vscode.git 1164
2025-05-04 19:45:58.180 [warning] [Decorations] CAPPING events from decorations provider vscode.git 1164
2025-05-04 19:46:03.282 [warning] [Decorations] CAPPING events from decorations provider vscode.git 1164
2025-05-04 19:46:08.459 [warning] [Decorations] CAPPING events from decorations provider vscode.git 1164
2025-05-04 19:46:13.648 [warning] [Decorations] CAPPING events from decorations provider vscode.git 1164
2025-05-04 19:46:18.881 [warning] [Decorations] CAPPING events from decorations provider vscode.git 1164
2025-05-04 19:46:24.065 [warning] [Decorations] CAPPING events from decorations provider vscode.git 1165
2025-05-04 19:46:29.242 [warning] [Decorations] CAPPING events from decorations provider vscode.git 1165
2025-05-04 19:46:34.420 [warning] [Decorations] CAPPING events from decorations provider vscode.git 1165
2025-05-04 19:46:39.594 [warning] [Decorations] CAPPING events from decorations provider vscode.git 1165
2025-05-04 19:46:44.772 [warning] [Decorations] CAPPING events from decorations provider vscode.git 1167
2025-05-04 19:46:49.964 [warning] [Decorations] CAPPING events from decorations provider vscode.git 1166
2025-05-04 19:46:55.116 [warning] [Decorations] CAPPING events from decorations provider vscode.git 1166
2025-05-04 19:47:00.315 [warning] [Decorations] CAPPING events from decorations provider vscode.git 1166
2025-05-04 19:47:05.456 [warning] [Decorations] CAPPING events from decorations provider vscode.git 1166
2025-05-04 19:47:10.645 [warning] [Decorations] CAPPING events from decorations provider vscode.git 1167
2025-05-04 19:47:15.833 [warning] [Decorations] CAPPING events from decorations provider vscode.git 1167
2025-05-04 19:47:21.005 [warning] [Decorations] CAPPING events from decorations provider vscode.git 1167
2025-05-04 19:47:26.164 [warning] [Decorations] CAPPING events from decorations provider vscode.git 1167
2025-05-04 19:47:31.368 [warning] [Decorations] CAPPING events from decorations provider vscode.git 1167
2025-05-04 19:47:36.452 [warning] [Decorations] CAPPING events from decorations provider vscode.git 1167
2025-05-04 19:47:41.606 [warning] [Decorations] CAPPING events from decorations provider vscode.git 1167
2025-05-04 19:47:46.761 [warning] [Decorations] CAPPING events from decorations provider vscode.git 1167
2025-05-04 19:47:51.870 [warning] [Decorations] CAPPING events from decorations provider vscode.git 1167
2025-05-04 19:47:57.027 [warning] [Decorations] CAPPING events from decorations provider vscode.git 1167
2025-05-04 19:48:02.168 [warning] [Decorations] CAPPING events from decorations provider vscode.git 1167
2025-05-04 19:48:07.322 [warning] [Decorations] CAPPING events from decorations provider vscode.git 1167
2025-05-04 19:48:12.439 [warning] [Decorations] CAPPING events from decorations provider vscode.git 1167
2025-05-04 19:48:17.592 [warning] [Decorations] CAPPING events from decorations provider vscode.git 1167
2025-05-04 19:48:22.733 [warning] [Decorations] CAPPING events from decorations provider vscode.git 1167
2025-05-04 19:48:27.885 [warning] [Decorations] CAPPING events from decorations provider vscode.git 1167
2025-05-04 19:48:33.054 [warning] [Decorations] CAPPING events from decorations provider vscode.git 1167
2025-05-04 19:48:38.264 [warning] [Decorations] CAPPING events from decorations provider vscode.git 1167
2025-05-04 19:48:43.415 [warning] [Decorations] CAPPING events from decorations provider vscode.git 1167
2025-05-04 19:48:48.592 [warning] [Decorations] CAPPING events from decorations provider vscode.git 1167
2025-05-04 19:48:53.754 [warning] [Decorations] CAPPING events from decorations provider vscode.git 1167
2025-05-04 19:48:58.910 [warning] [Decorations] CAPPING events from decorations provider vscode.git 1167
2025-05-04 19:49:04.071 [warning] [Decorations] CAPPING events from decorations provider vscode.git 1167
2025-05-04 19:49:09.266 [warning] [Decorations] CAPPING events from decorations provider vscode.git 1167
2025-05-04 19:49:14.357 [warning] [Decorations] CAPPING events from decorations provider vscode.git 1167
2025-05-04 19:49:19.565 [warning] [Decorations] CAPPING events from decorations provider vscode.git 1167
2025-05-04 19:49:24.792 [warning] [Decorations] CAPPING events from decorations provider vscode.git 1167
2025-05-04 19:49:30.017 [warning] [Decorations] CAPPING events from decorations provider vscode.git 1167
2025-05-04 19:49:35.118 [warning] [Decorations] CAPPING events from decorations provider vscode.git 1167
2025-05-04 19:49:40.272 [warning] [Decorations] CAPPING events from decorations provider vscode.git 1167
2025-05-04 19:49:45.430 [warning] [Decorations] CAPPING events from decorations provider vscode.git 1167
2025-05-04 19:49:50.624 [warning] [Decorations] CAPPING events from decorations provider vscode.git 1167
2025-05-04 19:49:55.779 [warning] [Decorations] CAPPING events from decorations provider vscode.git 1167
2025-05-04 19:50:00.968 [warning] [Decorations] CAPPING events from decorations provider vscode.git 1167
2025-05-04 19:50:06.148 [warning] [Decorations] CAPPING events from decorations provider vscode.git 1167
2025-05-04 19:50:11.315 [warning] [Decorations] CAPPING events from decorations provider vscode.git 1167
2025-05-04 19:50:16.488 [warning] [Decorations] CAPPING events from decorations provider vscode.git 1167
2025-05-04 19:50:21.713 [warning] [Decorations] CAPPING events from decorations provider vscode.git 1167
2025-05-04 19:50:26.899 [warning] [Decorations] CAPPING events from decorations provider vscode.git 1167
2025-05-04 19:50:32.104 [warning] [Decorations] CAPPING events from decorations provider vscode.git 1167
2025-05-04 19:50:37.263 [warning] [Decorations] CAPPING events from decorations provider vscode.git 1167
2025-05-04 19:50:42.476 [warning] [Decorations] CAPPING events from decorations provider vscode.git 1167
2025-05-04 19:50:47.654 [warning] [Decorations] CAPPING events from decorations provider vscode.git 1167
2025-05-04 19:50:52.847 [warning] [Decorations] CAPPING events from decorations provider vscode.git 1167
2025-05-04 19:50:58.024 [warning] [Decorations] CAPPING events from decorations provider vscode.git 1167
2025-05-04 19:51:03.210 [warning] [Decorations] CAPPING events from decorations provider vscode.git 1167
2025-05-04 19:51:08.398 [warning] [Decorations] CAPPING events from decorations provider vscode.git 1167
2025-05-04 19:51:13.577 [warning] [Decorations] CAPPING events from decorations provider vscode.git 1167
2025-05-04 19:51:18.805 [warning] [Decorations] CAPPING events from decorations provider vscode.git 1167
2025-05-04 19:51:23.985 [warning] [Decorations] CAPPING events from decorations provider vscode.git 1167
2025-05-04 19:51:29.164 [warning] [Decorations] CAPPING events from decorations provider vscode.git 1167
2025-05-04 19:51:34.341 [warning] [Decorations] CAPPING events from decorations provider vscode.git 1167
2025-05-04 19:51:39.524 [warning] [Decorations] CAPPING events from decorations provider vscode.git 1167
2025-05-04 19:51:44.711 [warning] [Decorations] CAPPING events from decorations provider vscode.git 1168
2025-05-04 19:51:49.902 [warning] [Decorations] CAPPING events from decorations provider vscode.git 1168
2025-05-04 19:51:55.079 [warning] [Decorations] CAPPING events from decorations provider vscode.git 1168
2025-05-04 19:52:00.279 [warning] [Decorations] CAPPING events from decorations provider vscode.git 1168
2025-05-04 19:52:05.502 [warning] [Decorations] CAPPING events from decorations provider vscode.git 1168
2025-05-04 19:52:10.683 [warning] [Decorations] CAPPING events from decorations provider vscode.git 1168
2025-05-04 19:52:15.934 [warning] [Decorations] CAPPING events from decorations provider vscode.git 1168
2025-05-04 19:52:21.111 [warning] [Decorations] CAPPING events from decorations provider vscode.git 1168
2025-05-04 19:52:26.278 [warning] [Decorations] CAPPING events from decorations provider vscode.git 1168
2025-05-04 19:52:31.446 [warning] [Decorations] CAPPING events from decorations provider vscode.git 1168
2025-05-04 19:52:36.600 [warning] [Decorations] CAPPING events from decorations provider vscode.git 1168
2025-05-04 19:52:41.769 [warning] [Decorations] CAPPING events from decorations provider vscode.git 1168
2025-05-04 19:52:46.935 [warning] [Decorations] CAPPING events from decorations provider vscode.git 1168
2025-05-04 19:52:52.107 [warning] [Decorations] CAPPING events from decorations provider vscode.git 1168
2025-05-04 19:52:57.263 [warning] [Decorations] CAPPING events from decorations provider vscode.git 1168
2025-05-04 19:53:02.426 [warning] [Decorations] CAPPING events from decorations provider vscode.git 1168
2025-05-04 19:53:07.526 [warning] [Decorations] CAPPING events from decorations provider vscode.git 1168
2025-05-04 19:53:12.686 [warning] [Decorations] CAPPING events from decorations provider vscode.git 1168
2025-05-04 19:53:17.850 [warning] [Decorations] CAPPING events from decorations provider vscode.git 1168
2025-05-04 19:53:23.024 [warning] [Decorations] CAPPING events from decorations provider vscode.git 1168
2025-05-04 19:53:28.181 [warning] [Decorations] CAPPING events from decorations provider vscode.git 1168
2025-05-04 19:53:33.350 [warning] [Decorations] CAPPING events from decorations provider vscode.git 1168
2025-05-04 19:53:38.581 [warning] [Decorations] CAPPING events from decorations provider vscode.git 1168
2025-05-04 19:53:43.756 [warning] [Decorations] CAPPING events from decorations provider vscode.git 1168
2025-05-04 19:53:48.873 [warning] [Decorations] CAPPING events from decorations provider vscode.git 1168
2025-05-04 19:53:54.049 [warning] [Decorations] CAPPING events from decorations provider vscode.git 1168
2025-05-04 19:53:59.281 [warning] [Decorations] CAPPING events from decorations provider vscode.git 1168
2025-05-04 19:54:04.479 [warning] [Decorations] CAPPING events from decorations provider vscode.git 1168
2025-05-04 19:54:09.646 [warning] [Decorations] CAPPING events from decorations provider vscode.git 1168
2025-05-04 19:54:14.785 [warning] [Decorations] CAPPING events from decorations provider vscode.git 1168
2025-05-04 19:54:20.004 [warning] [Decorations] CAPPING events from decorations provider vscode.git 1168
2025-05-04 19:54:25.177 [warning] [Decorations] CAPPING events from decorations provider vscode.git 1168
2025-05-04 19:54:30.353 [warning] [Decorations] CAPPING events from decorations provider vscode.git 1168
2025-05-04 19:54:35.523 [warning] [Decorations] CAPPING events from decorations provider vscode.git 1168
2025-05-04 19:54:40.694 [warning] [Decorations] CAPPING events from decorations provider vscode.git 1168
2025-05-04 19:54:45.867 [warning] [Decorations] CAPPING events from decorations provider vscode.git 1168
2025-05-04 19:54:51.053 [warning] [Decorations] CAPPING events from decorations provider vscode.git 1168
2025-05-04 19:54:56.248 [warning] [Decorations] CAPPING events from decorations provider vscode.git 1168
2025-05-04 19:55:01.437 [warning] [Decorations] CAPPING events from decorations provider vscode.git 1168
2025-05-04 19:55:06.639 [warning] [Decorations] CAPPING events from decorations provider vscode.git 1168
2025-05-04 19:55:11.801 [warning] [Decorations] CAPPING events from decorations provider vscode.git 1168
2025-05-04 19:55:16.995 [warning] [Decorations] CAPPING events from decorations provider vscode.git 1168
2025-05-04 19:55:22.155 [warning] [Decorations] CAPPING events from decorations provider vscode.git 1168
2025-05-04 19:55:27.339 [warning] [Decorations] CAPPING events from decorations provider vscode.git 1168
2025-05-04 19:55:32.544 [warning] [Decorations] CAPPING events from decorations provider vscode.git 1168
2025-05-04 19:55:37.705 [warning] [Decorations] CAPPING events from decorations provider vscode.git 1168
2025-05-04 19:55:42.946 [warning] [Decorations] CAPPING events from decorations provider vscode.git 1168
2025-05-04 19:55:48.119 [warning] [Decorations] CAPPING events from decorations provider vscode.git 1168
2025-05-04 19:55:53.283 [warning] [Decorations] CAPPING events from decorations provider vscode.git 1168
2025-05-04 19:55:58.440 [warning] [Decorations] CAPPING events from decorations provider vscode.git 1168
2025-05-04 19:56:03.598 [warning] [Decorations] CAPPING events from decorations provider vscode.git 1168
2025-05-04 19:56:08.750 [warning] [Decorations] CAPPING events from decorations provider vscode.git 1168
2025-05-04 19:56:13.915 [warning] [Decorations] CAPPING events from decorations provider vscode.git 1168
2025-05-04 19:56:19.070 [warning] [Decorations] CAPPING events from decorations provider vscode.git 1168
2025-05-04 19:56:24.224 [warning] [Decorations] CAPPING events from decorations provider vscode.git 1168
2025-05-04 19:56:29.433 [warning] [Decorations] CAPPING events from decorations provider vscode.git 1168
2025-05-04 19:56:34.593 [warning] [Decorations] CAPPING events from decorations provider vscode.git 1168
2025-05-04 19:56:39.755 [warning] [Decorations] CAPPING events from decorations provider vscode.git 1168
2025-05-04 19:56:44.931 [warning] [Decorations] CAPPING events from decorations provider vscode.git 1168
2025-05-04 19:56:50.084 [warning] [Decorations] CAPPING events from decorations provider vscode.git 1168
2025-05-04 19:56:55.248 [warning] [Decorations] CAPPING events from decorations provider vscode.git 1168
2025-05-04 19:57:00.418 [warning] [Decorations] CAPPING events from decorations provider vscode.git 1168
2025-05-04 19:57:05.569 [warning] [Decorations] CAPPING events from decorations provider vscode.git 1168
2025-05-04 19:57:10.733 [warning] [Decorations] CAPPING events from decorations provider vscode.git 1168
2025-05-04 19:57:15.891 [warning] [Decorations] CAPPING events from decorations provider vscode.git 1168
2025-05-04 19:57:21.044 [warning] [Decorations] CAPPING events from decorations provider vscode.git 1168
2025-05-04 19:57:26.201 [warning] [Decorations] CAPPING events from decorations provider vscode.git 1168
2025-05-04 19:57:31.363 [warning] [Decorations] CAPPING events from decorations provider vscode.git 1168
2025-05-04 19:57:36.550 [warning] [Decorations] CAPPING events from decorations provider vscode.git 1168
2025-05-04 19:57:41.705 [warning] [Decorations] CAPPING events from decorations provider vscode.git 1168
2025-05-04 19:57:46.861 [warning] [Decorations] CAPPING events from decorations provider vscode.git 1168
2025-05-04 19:57:52.018 [warning] [Decorations] CAPPING events from decorations provider vscode.git 1168
2025-05-04 19:57:57.176 [warning] [Decorations] CAPPING events from decorations provider vscode.git 1168
2025-05-04 19:58:02.340 [warning] [Decorations] CAPPING events from decorations provider vscode.git 1168
2025-05-04 19:58:07.499 [warning] [Decorations] CAPPING events from decorations provider vscode.git 1168
2025-05-04 19:58:12.682 [warning] [Decorations] CAPPING events from decorations provider vscode.git 1168
2025-05-04 19:58:17.865 [warning] [Decorations] CAPPING events from decorations provider vscode.git 1168
2025-05-04 19:58:23.086 [warning] [Decorations] CAPPING events from decorations provider vscode.git 1168
2025-05-04 19:58:28.303 [warning] [Decorations] CAPPING events from decorations provider vscode.git 1168
2025-05-04 19:58:33.485 [warning] [Decorations] CAPPING events from decorations provider vscode.git 1168
2025-05-04 19:58:38.644 [warning] [Decorations] CAPPING events from decorations provider vscode.git 1168
2025-05-04 19:58:43.812 [warning] [Decorations] CAPPING events from decorations provider vscode.git 1168
2025-05-04 19:58:48.966 [warning] [Decorations] CAPPING events from decorations provider vscode.git 1168
2025-05-04 19:58:54.117 [warning] [Decorations] CAPPING events from decorations provider vscode.git 1168
2025-05-04 19:58:59.285 [warning] [Decorations] CAPPING events from decorations provider vscode.git 1168
2025-05-04 19:59:04.473 [warning] [Decorations] CAPPING events from decorations provider vscode.git 1168
2025-05-04 19:59:09.723 [warning] [Decorations] CAPPING events from decorations provider vscode.git 1168
2025-05-04 19:59:14.818 [warning] [Decorations] CAPPING events from decorations provider vscode.git 1168
2025-05-04 19:59:20.009 [warning] [Decorations] CAPPING events from decorations provider vscode.git 1168
2025-05-04 19:59:25.186 [warning] [Decorations] CAPPING events from decorations provider vscode.git 1168
2025-05-04 19:59:30.360 [warning] [Decorations] CAPPING events from decorations provider vscode.git 1168
2025-05-04 19:59:35.529 [warning] [Decorations] CAPPING events from decorations provider vscode.git 1168
2025-05-04 19:59:40.707 [warning] [Decorations] CAPPING events from decorations provider vscode.git 1168
2025-05-04 19:59:45.864 [warning] [Decorations] CAPPING events from decorations provider vscode.git 1168
2025-05-04 19:59:51.018 [warning] [Decorations] CAPPING events from decorations provider vscode.git 1168
2025-05-04 19:59:56.170 [warning] [Decorations] CAPPING events from decorations provider vscode.git 1168
2025-05-04 20:00:01.329 [warning] [Decorations] CAPPING events from decorations provider vscode.git 1168
2025-05-04 20:00:06.541 [warning] [Decorations] CAPPING events from decorations provider vscode.git 1168
2025-05-04 20:00:11.701 [warning] [Decorations] CAPPING events from decorations provider vscode.git 1168
2025-05-04 20:00:16.852 [warning] [Decorations] CAPPING events from decorations provider vscode.git 1168
2025-05-04 20:00:22.033 [warning] [Decorations] CAPPING events from decorations provider vscode.git 1168
2025-05-04 20:00:27.214 [warning] [Decorations] CAPPING events from decorations provider vscode.git 1168
2025-05-04 20:00:32.398 [warning] [Decorations] CAPPING events from decorations provider vscode.git 1168
2025-05-04 20:00:37.586 [warning] [Decorations] CAPPING events from decorations provider vscode.git 1168
2025-05-04 20:00:42.776 [warning] [Decorations] CAPPING events from decorations provider vscode.git 1169
2025-05-04 20:00:47.966 [warning] [Decorations] CAPPING events from decorations provider vscode.git 1169
2025-05-04 20:00:53.148 [warning] [Decorations] CAPPING events from decorations provider vscode.git 1169
2025-05-04 20:00:58.320 [warning] [Decorations] CAPPING events from decorations provider vscode.git 1169
2025-05-04 20:01:03.513 [warning] [Decorations] CAPPING events from decorations provider vscode.git 1169
2025-05-04 20:01:08.684 [warning] [Decorations] CAPPING events from decorations provider vscode.git 1169
2025-05-04 20:01:13.863 [warning] [Decorations] CAPPING events from decorations provider vscode.git 1169
2025-05-04 20:01:19.043 [warning] [Decorations] CAPPING events from decorations provider vscode.git 1169
2025-05-04 20:01:24.280 [warning] [Decorations] CAPPING events from decorations provider vscode.git 1169
2025-05-04 20:01:29.486 [warning] [Decorations] CAPPING events from decorations provider vscode.git 1169
2025-05-04 20:01:34.663 [warning] [Decorations] CAPPING events from decorations provider vscode.git 1169
2025-05-04 20:01:39.843 [warning] [Decorations] CAPPING events from decorations provider vscode.git 1169
2025-05-04 20:01:45.028 [warning] [Decorations] CAPPING events from decorations provider vscode.git 1169
2025-05-04 20:01:50.198 [warning] [Decorations] CAPPING events from decorations provider vscode.git 1169
2025-05-04 20:01:55.377 [warning] [Decorations] CAPPING events from decorations provider vscode.git 1169
2025-05-04 20:02:00.734 [warning] [Decorations] CAPPING events from decorations provider vscode.git 1169
2025-05-04 20:02:05.911 [warning] [Decorations] CAPPING events from decorations provider vscode.git 1169
2025-05-04 20:02:11.119 [warning] [Decorations] CAPPING events from decorations provider vscode.git 1169
2025-05-04 20:02:16.297 [warning] [Decorations] CAPPING events from decorations provider vscode.git 1169
2025-05-04 20:02:21.468 [warning] [Decorations] CAPPING events from decorations provider vscode.git 1169
2025-05-04 20:02:26.644 [warning] [Decorations] CAPPING events from decorations provider vscode.git 1169
2025-05-04 20:02:27.730 [info] ExtensionService#_doActivateExtension vscode.extension-editing, startup: false, activationEvent: 'onLanguage:markdown'
2025-05-04 20:02:27.767 [info] ExtensionService#_doActivateExtension vscode.markdown-language-features, startup: false, activationEvent: 'onLanguage:markdown'
2025-05-04 20:02:29.762 [info] ExtensionService#_doActivateExtension vscode.markdown-math, startup: false, activationEvent: 'api', root cause: vscode.markdown-language-features
2025-05-04 20:02:31.834 [warning] [Decorations] CAPPING events from decorations provider vscode.git 1170
2025-05-04 20:02:36.976 [warning] [Decorations] CAPPING events from decorations provider vscode.git 1170
2025-05-04 20:02:42.135 [warning] [Decorations] CAPPING events from decorations provider vscode.git 1170
2025-05-04 20:02:47.299 [warning] [Decorations] CAPPING events from decorations provider vscode.git 1170
2025-05-04 20:02:52.464 [warning] [Decorations] CAPPING events from decorations provider vscode.git 1170
2025-05-04 20:02:57.615 [warning] [Decorations] CAPPING events from decorations provider vscode.git 1170
2025-05-04 20:03:02.770 [warning] [Decorations] CAPPING events from decorations provider vscode.git 1170
2025-05-04 20:03:07.943 [warning] [Decorations] CAPPING events from decorations provider vscode.git 1170
2025-05-04 20:03:13.106 [warning] [Decorations] CAPPING events from decorations provider vscode.git 1170
2025-05-04 20:03:18.259 [warning] [Decorations] CAPPING events from decorations provider vscode.git 1170
2025-05-04 20:03:23.415 [warning] [Decorations] CAPPING events from decorations provider vscode.git 1170
2025-05-04 20:03:28.576 [warning] [Decorations] CAPPING events from decorations provider vscode.git 1170
2025-05-04 20:03:33.738 [warning] [Decorations] CAPPING events from decorations provider vscode.git 1170
2025-05-04 20:03:38.906 [warning] [Decorations] CAPPING events from decorations provider vscode.git 1170
2025-05-04 20:03:44.162 [warning] [Decorations] CAPPING events from decorations provider vscode.git 1170
2025-05-04 20:03:49.316 [warning] [Decorations] CAPPING events from decorations provider vscode.git 1170
2025-05-04 20:03:54.501 [warning] [Decorations] CAPPING events from decorations provider vscode.git 1170
2025-05-04 20:03:59.693 [warning] [Decorations] CAPPING events from decorations provider vscode.git 1170
2025-05-04 20:04:04.877 [warning] [Decorations] CAPPING events from decorations provider vscode.git 1171
2025-05-04 20:04:09.951 [warning] [Decorations] CAPPING events from decorations provider vscode.git 1171
2025-05-04 20:04:15.133 [warning] [Decorations] CAPPING events from decorations provider vscode.git 1171
2025-05-04 20:04:20.306 [warning] [Decorations] CAPPING events from decorations provider vscode.git 1171
2025-05-04 20:04:25.515 [warning] [Decorations] CAPPING events from decorations provider vscode.git 1171
2025-05-04 20:04:30.690 [warning] [Decorations] CAPPING events from decorations provider vscode.git 1171
2025-05-04 20:04:35.881 [warning] [Decorations] CAPPING events from decorations provider vscode.git 1171
2025-05-04 20:04:41.035 [warning] [Decorations] CAPPING events from decorations provider vscode.git 1171
2025-05-04 20:04:46.188 [warning] [Decorations] CAPPING events from decorations provider vscode.git 1171
2025-05-04 20:04:51.345 [warning] [Decorations] CAPPING events from decorations provider vscode.git 1171
2025-05-04 20:04:56.500 [warning] [Decorations] CAPPING events from decorations provider vscode.git 1171
2025-05-04 20:05:01.658 [warning] [Decorations] CAPPING events from decorations provider vscode.git 1171
2025-05-04 20:05:06.854 [warning] [Decorations] CAPPING events from decorations provider vscode.git 1171
2025-05-04 20:05:12.005 [warning] [Decorations] CAPPING events from decorations provider vscode.git 1171
2025-05-04 20:05:17.165 [warning] [Decorations] CAPPING events from decorations provider vscode.git 1171
2025-05-04 20:05:22.326 [warning] [Decorations] CAPPING events from decorations provider vscode.git 1171
2025-05-04 20:05:27.489 [warning] [Decorations] CAPPING events from decorations provider vscode.git 1171
2025-05-04 20:05:32.650 [warning] [Decorations] CAPPING events from decorations provider vscode.git 1171
2025-05-04 20:05:37.836 [warning] [Decorations] CAPPING events from decorations provider vscode.git 1171
2025-05-04 20:05:43.018 [warning] [Decorations] CAPPING events from decorations provider vscode.git 1172
2025-05-04 20:05:48.116 [warning] [Decorations] CAPPING events from decorations provider vscode.git 1172
2025-05-04 20:05:53.297 [warning] [Decorations] CAPPING events from decorations provider vscode.git 1172
2025-05-04 20:05:58.469 [warning] [Decorations] CAPPING events from decorations provider vscode.git 1172
2025-05-04 20:06:03.667 [warning] [Decorations] CAPPING events from decorations provider vscode.git 1172
2025-05-04 20:06:08.868 [warning] [Decorations] CAPPING events from decorations provider vscode.git 1172
2025-05-04 20:06:14.025 [warning] [Decorations] CAPPING events from decorations provider vscode.git 1172
2025-05-04 20:06:19.182 [warning] [Decorations] CAPPING events from decorations provider vscode.git 1172
2025-05-04 20:06:24.348 [warning] [Decorations] CAPPING events from decorations provider vscode.git 1172
2025-05-04 20:06:29.589 [warning] [Decorations] CAPPING events from decorations provider vscode.git 1172
2025-05-04 20:06:34.902 [warning] [Decorations] CAPPING events from decorations provider vscode.git 1172
2025-05-04 20:06:40.074 [warning] [Decorations] CAPPING events from decorations provider vscode.git 1172
2025-05-04 20:06:45.245 [warning] [Decorations] CAPPING events from decorations provider vscode.git 1172
2025-05-04 20:06:50.417 [warning] [Decorations] CAPPING events from decorations provider vscode.git 1172
2025-05-04 20:06:55.591 [warning] [Decorations] CAPPING events from decorations provider vscode.git 1172
2025-05-04 20:07:00.762 [warning] [Decorations] CAPPING events from decorations provider vscode.git 1172
2025-05-04 20:07:05.932 [warning] [Decorations] CAPPING events from decorations provider vscode.git 1172
2025-05-04 20:07:11.096 [warning] [Decorations] CAPPING events from decorations provider vscode.git 1172
2025-05-04 20:07:16.264 [warning] [Decorations] CAPPING events from decorations provider vscode.git 1172
2025-05-04 20:07:21.432 [warning] [Decorations] CAPPING events from decorations provider vscode.git 1172
2025-05-04 20:07:26.597 [warning] [Decorations] CAPPING events from decorations provider vscode.git 1172
2025-05-04 20:07:31.775 [warning] [Decorations] CAPPING events from decorations provider vscode.git 1172
2025-05-04 20:07:36.943 [warning] [Decorations] CAPPING events from decorations provider vscode.git 1172
2025-05-04 20:07:42.118 [warning] [Decorations] CAPPING events from decorations provider vscode.git 1172
2025-05-04 20:07:47.282 [warning] [Decorations] CAPPING events from decorations provider vscode.git 1172
2025-05-04 20:07:52.447 [warning] [Decorations] CAPPING events from decorations provider vscode.git 1172
2025-05-04 20:07:57.605 [warning] [Decorations] CAPPING events from decorations provider vscode.git 1172
2025-05-04 20:08:02.768 [warning] [Decorations] CAPPING events from decorations provider vscode.git 1172
2025-05-04 20:08:07.978 [warning] [Decorations] CAPPING events from decorations provider vscode.git 1172
2025-05-04 20:08:13.145 [warning] [Decorations] CAPPING events from decorations provider vscode.git 1172
2025-05-04 20:08:18.227 [warning] [Decorations] CAPPING events from decorations provider vscode.git 1172
2025-05-04 20:08:23.381 [warning] [Decorations] CAPPING events from decorations provider vscode.git 1172
2025-05-04 20:08:28.551 [warning] [Decorations] CAPPING events from decorations provider vscode.git 1172
2025-05-04 20:08:33.719 [warning] [Decorations] CAPPING events from decorations provider vscode.git 1172
2025-05-04 20:08:38.883 [warning] [Decorations] CAPPING events from decorations provider vscode.git 1172
2025-05-04 20:08:44.042 [warning] [Decorations] CAPPING events from decorations provider vscode.git 1172
2025-05-04 20:08:49.208 [warning] [Decorations] CAPPING events from decorations provider vscode.git 1172
2025-05-04 20:08:54.378 [warning] [Decorations] CAPPING events from decorations provider vscode.git 1172
2025-05-04 20:08:59.558 [warning] [Decorations] CAPPING events from decorations provider vscode.git 1172
2025-05-04 20:09:04.718 [warning] [Decorations] CAPPING events from decorations provider vscode.git 1172
2025-05-04 20:09:09.895 [warning] [Decorations] CAPPING events from decorations provider vscode.git 1172
2025-05-04 20:09:15.070 [warning] [Decorations] CAPPING events from decorations provider vscode.git 1173
2025-05-04 20:09:20.255 [warning] [Decorations] CAPPING events from decorations provider vscode.git 1173
2025-05-04 20:09:25.426 [warning] [Decorations] CAPPING events from decorations provider vscode.git 1173
2025-05-04 20:09:30.593 [warning] [Decorations] CAPPING events from decorations provider vscode.git 1173
2025-05-04 20:09:35.751 [warning] [Decorations] CAPPING events from decorations provider vscode.git 1173
2025-05-04 20:09:40.910 [warning] [Decorations] CAPPING events from decorations provider vscode.git 1173
2025-05-04 20:09:46.058 [warning] [Decorations] CAPPING events from decorations provider vscode.git 1173
2025-05-04 20:09:51.226 [warning] [Decorations] CAPPING events from decorations provider vscode.git 1173
2025-05-04 20:09:56.383 [warning] [Decorations] CAPPING events from decorations provider vscode.git 1173
2025-05-04 20:10:01.541 [warning] [Decorations] CAPPING events from decorations provider vscode.git 1173
2025-05-04 20:10:06.728 [warning] [Decorations] CAPPING events from decorations provider vscode.git 1173
2025-05-04 20:10:11.880 [warning] [Decorations] CAPPING events from decorations provider vscode.git 1173
2025-05-04 20:10:17.041 [warning] [Decorations] CAPPING events from decorations provider vscode.git 1173
2025-05-04 20:10:22.264 [warning] [Decorations] CAPPING events from decorations provider vscode.git 1173
2025-05-04 20:10:27.445 [warning] [Decorations] CAPPING events from decorations provider vscode.git 1173
2025-05-04 20:10:32.596 [warning] [Decorations] CAPPING events from decorations provider vscode.git 1174
2025-05-04 20:10:37.770 [warning] [Decorations] CAPPING events from decorations provider vscode.git 1174
2025-05-04 20:10:42.953 [warning] [Decorations] CAPPING events from decorations provider vscode.git 1175
2025-05-04 20:10:48.122 [warning] [Decorations] CAPPING events from decorations provider vscode.git 1175
2025-05-04 20:10:53.303 [warning] [Decorations] CAPPING events from decorations provider vscode.git 1175
2025-05-04 20:10:58.479 [warning] [Decorations] CAPPING events from decorations provider vscode.git 1175
2025-05-04 20:11:03.638 [warning] [Decorations] CAPPING events from decorations provider vscode.git 1175
2025-05-04 20:11:08.867 [warning] [Decorations] CAPPING events from decorations provider vscode.git 1175
2025-05-04 20:11:14.066 [warning] [Decorations] CAPPING events from decorations provider vscode.git 1175
2025-05-04 20:11:19.275 [warning] [Decorations] CAPPING events from decorations provider vscode.git 1175
2025-05-04 20:11:24.465 [warning] [Decorations] CAPPING events from decorations provider vscode.git 1175
2025-05-04 20:11:29.664 [warning] [Decorations] CAPPING events from decorations provider vscode.git 1175
2025-05-04 20:11:34.848 [warning] [Decorations] CAPPING events from decorations provider vscode.git 1175
2025-05-04 20:11:40.047 [warning] [Decorations] CAPPING events from decorations provider vscode.git 1175
2025-05-04 20:11:45.234 [warning] [Decorations] CAPPING events from decorations provider vscode.git 1175
2025-05-04 20:11:50.438 [warning] [Decorations] CAPPING events from decorations provider vscode.git 1175
2025-05-04 20:11:55.685 [warning] [Decorations] CAPPING events from decorations provider vscode.git 1175
2025-05-04 20:12:00.870 [warning] [Decorations] CAPPING events from decorations provider vscode.git 1175
2025-05-04 20:12:05.937 [warning] [Decorations] CAPPING events from decorations provider vscode.git 1175
2025-05-04 20:12:11.221 [warning] [Decorations] CAPPING events from decorations provider vscode.git 1175
2025-05-04 20:12:16.460 [warning] [Decorations] CAPPING events from decorations provider vscode.git 1175
2025-05-04 20:12:21.671 [warning] [Decorations] CAPPING events from decorations provider vscode.git 1175
2025-05-04 20:12:26.861 [warning] [Decorations] CAPPING events from decorations provider vscode.git 1175
2025-05-04 20:12:32.069 [warning] [Decorations] CAPPING events from decorations provider vscode.git 1175
2025-05-04 20:12:37.256 [warning] [Decorations] CAPPING events from decorations provider vscode.git 1175
2025-05-04 20:12:42.455 [warning] [Decorations] CAPPING events from decorations provider vscode.git 1175
2025-05-04 20:12:47.640 [warning] [Decorations] CAPPING events from decorations provider vscode.git 1175
2025-05-04 20:12:52.833 [warning] [Decorations] CAPPING events from decorations provider vscode.git 1175
2025-05-04 20:12:58.019 [warning] [Decorations] CAPPING events from decorations provider vscode.git 1175
2025-05-04 20:13:03.201 [warning] [Decorations] CAPPING events from decorations provider vscode.git 1175
2025-05-04 20:13:08.385 [warning] [Decorations] CAPPING events from decorations provider vscode.git 1175
2025-05-04 20:13:13.553 [warning] [Decorations] CAPPING events from decorations provider vscode.git 1175
2025-05-04 20:13:18.716 [warning] [Decorations] CAPPING events from decorations provider vscode.git 1175
2025-05-04 20:13:23.889 [warning] [Decorations] CAPPING events from decorations provider vscode.git 1175
2025-05-04 20:13:29.052 [warning] [Decorations] CAPPING events from decorations provider vscode.git 1175
2025-05-04 20:13:34.215 [warning] [Decorations] CAPPING events from decorations provider vscode.git 1175
2025-05-04 20:13:39.387 [warning] [Decorations] CAPPING events from decorations provider vscode.git 1175
2025-05-04 20:13:44.538 [warning] [Decorations] CAPPING events from decorations provider vscode.git 1175
2025-05-04 20:13:49.707 [warning] [Decorations] CAPPING events from decorations provider vscode.git 1175
2025-05-04 20:13:54.867 [warning] [Decorations] CAPPING events from decorations provider vscode.git 1175
2025-05-04 20:14:00.026 [warning] [Decorations] CAPPING events from decorations provider vscode.git 1175
2025-05-04 20:14:05.190 [warning] [Decorations] CAPPING events from decorations provider vscode.git 1175
2025-05-04 20:14:10.350 [warning] [Decorations] CAPPING events from decorations provider vscode.git 1175
2025-05-04 20:14:15.512 [warning] [Decorations] CAPPING events from decorations provider vscode.git 1175
2025-05-04 20:14:20.676 [warning] [Decorations] CAPPING events from decorations provider vscode.git 1175
2025-05-04 20:14:25.841 [warning] [Decorations] CAPPING events from decorations provider vscode.git 1175
2025-05-04 20:14:31.003 [warning] [Decorations] CAPPING events from decorations provider vscode.git 1175
2025-05-04 20:14:36.179 [warning] [Decorations] CAPPING events from decorations provider vscode.git 1175
2025-05-04 20:14:41.362 [warning] [Decorations] CAPPING events from decorations provider vscode.git 1175
2025-05-04 20:14:46.541 [warning] [Decorations] CAPPING events from decorations provider vscode.git 1175
2025-05-04 20:14:51.713 [warning] [Decorations] CAPPING events from decorations provider vscode.git 1175
2025-05-04 20:14:56.890 [warning] [Decorations] CAPPING events from decorations provider vscode.git 1175
2025-05-04 20:15:02.057 [warning] [Decorations] CAPPING events from decorations provider vscode.git 1175
2025-05-04 20:15:07.223 [warning] [Decorations] CAPPING events from decorations provider vscode.git 1175
2025-05-04 20:15:12.401 [warning] [Decorations] CAPPING events from decorations provider vscode.git 1175
2025-05-04 20:15:17.560 [warning] [Decorations] CAPPING events from decorations provider vscode.git 1175
2025-05-04 20:15:22.736 [warning] [Decorations] CAPPING events from decorations provider vscode.git 1175
2025-05-04 20:15:27.895 [warning] [Decorations] CAPPING events from decorations provider vscode.git 1175
2025-05-04 20:15:33.068 [warning] [Decorations] CAPPING events from decorations provider vscode.git 1175
2025-05-04 20:15:38.247 [warning] [Decorations] CAPPING events from decorations provider vscode.git 1175
2025-05-04 20:15:43.423 [warning] [Decorations] CAPPING events from decorations provider vscode.git 1175
2025-05-04 20:15:48.596 [warning] [Decorations] CAPPING events from decorations provider vscode.git 1175
2025-05-04 20:15:53.768 [warning] [Decorations] CAPPING events from decorations provider vscode.git 1175
2025-05-04 20:15:58.943 [warning] [Decorations] CAPPING events from decorations provider vscode.git 1175
2025-05-04 20:16:04.136 [warning] [Decorations] CAPPING events from decorations provider vscode.git 1175
2025-05-04 20:16:09.328 [warning] [Decorations] CAPPING events from decorations provider vscode.git 1175
2025-05-04 20:16:14.519 [warning] [Decorations] CAPPING events from decorations provider vscode.git 1175
2025-05-04 20:16:19.695 [warning] [Decorations] CAPPING events from decorations provider vscode.git 1175
2025-05-04 20:16:24.868 [warning] [Decorations] CAPPING events from decorations provider vscode.git 1175
2025-05-04 20:16:30.044 [warning] [Decorations] CAPPING events from decorations provider vscode.git 1175
2025-05-04 20:16:35.215 [warning] [Decorations] CAPPING events from decorations provider vscode.git 1175
2025-05-04 20:16:40.396 [warning] [Decorations] CAPPING events from decorations provider vscode.git 1175
2025-05-04 20:16:45.568 [warning] [Decorations] CAPPING events from decorations provider vscode.git 1175
2025-05-04 20:16:50.723 [warning] [Decorations] CAPPING events from decorations provider vscode.git 1175
2025-05-04 20:16:55.889 [warning] [Decorations] CAPPING events from decorations provider vscode.git 1175
2025-05-04 20:17:01.062 [warning] [Decorations] CAPPING events from decorations provider vscode.git 1175
2025-05-04 20:17:06.226 [warning] [Decorations] CAPPING events from decorations provider vscode.git 1175
2025-05-04 20:17:11.403 [warning] [Decorations] CAPPING events from decorations provider vscode.git 1175
2025-05-04 20:17:16.568 [warning] [Decorations] CAPPING events from decorations provider vscode.git 1175
2025-05-04 20:17:21.730 [warning] [Decorations] CAPPING events from decorations provider vscode.git 1175
2025-05-04 20:17:26.906 [warning] [Decorations] CAPPING events from decorations provider vscode.git 1175
2025-05-04 20:17:32.073 [warning] [Decorations] CAPPING events from decorations provider vscode.git 1175
2025-05-04 20:17:37.240 [warning] [Decorations] CAPPING events from decorations provider vscode.git 1175
2025-05-04 20:17:42.408 [warning] [Decorations] CAPPING events from decorations provider vscode.git 1175
2025-05-04 20:17:47.566 [warning] [Decorations] CAPPING events from decorations provider vscode.git 1175
2025-05-04 20:17:52.732 [warning] [Decorations] CAPPING events from decorations provider vscode.git 1175
2025-05-04 20:17:57.900 [warning] [Decorations] CAPPING events from decorations provider vscode.git 1175
2025-05-04 20:18:03.060 [warning] [Decorations] CAPPING events from decorations provider vscode.git 1175
2025-05-04 20:18:08.222 [warning] [Decorations] CAPPING events from decorations provider vscode.git 1175
2025-05-04 20:18:13.395 [warning] [Decorations] CAPPING events from decorations provider vscode.git 1175
2025-05-04 20:18:18.563 [warning] [Decorations] CAPPING events from decorations provider vscode.git 1175
2025-05-04 20:18:23.713 [warning] [Decorations] CAPPING events from decorations provider vscode.git 1175
2025-05-04 20:18:28.897 [warning] [Decorations] CAPPING events from decorations provider vscode.git 1175
2025-05-04 20:18:34.060 [warning] [Decorations] CAPPING events from decorations provider vscode.git 1175
2025-05-04 20:18:39.225 [warning] [Decorations] CAPPING events from decorations provider vscode.git 1175
2025-05-04 20:18:44.390 [warning] [Decorations] CAPPING events from decorations provider vscode.git 1175
2025-05-04 20:18:49.559 [warning] [Decorations] CAPPING events from decorations provider vscode.git 1175
2025-05-04 20:18:54.726 [warning] [Decorations] CAPPING events from decorations provider vscode.git 1175
2025-05-04 20:18:59.890 [warning] [Decorations] CAPPING events from decorations provider vscode.git 1175
2025-05-04 20:19:05.066 [warning] [Decorations] CAPPING events from decorations provider vscode.git 1175
2025-05-04 20:19:10.258 [warning] [Decorations] CAPPING events from decorations provider vscode.git 1175
2025-05-04 20:19:15.426 [warning] [Decorations] CAPPING events from decorations provider vscode.git 1175
2025-05-04 20:19:20.593 [warning] [Decorations] CAPPING events from decorations provider vscode.git 1175
2025-05-04 20:19:25.758 [warning] [Decorations] CAPPING events from decorations provider vscode.git 1175
2025-05-04 20:19:30.937 [warning] [Decorations] CAPPING events from decorations provider vscode.git 1175
2025-05-04 20:19:36.126 [warning] [Decorations] CAPPING events from decorations provider vscode.git 1175
2025-05-04 20:19:41.294 [warning] [Decorations] CAPPING events from decorations provider vscode.git 1175
2025-05-04 20:19:46.494 [warning] [Decorations] CAPPING events from decorations provider vscode.git 1175
2025-05-04 20:19:51.675 [warning] [Decorations] CAPPING events from decorations provider vscode.git 1175
2025-05-04 20:19:56.763 [warning] [Decorations] CAPPING events from decorations provider vscode.git 1175
2025-05-04 20:20:01.940 [warning] [Decorations] CAPPING events from decorations provider vscode.git 1175
2025-05-04 20:20:07.119 [warning] [Decorations] CAPPING events from decorations provider vscode.git 1175
2025-05-04 20:20:12.300 [warning] [Decorations] CAPPING events from decorations provider vscode.git 1175
2025-05-04 20:20:17.566 [warning] [Decorations] CAPPING events from decorations provider vscode.git 1175
2025-05-04 20:20:22.865 [warning] [Decorations] CAPPING events from decorations provider vscode.git 1175
2025-05-04 20:20:28.040 [warning] [Decorations] CAPPING events from decorations provider vscode.git 1175
2025-05-04 20:20:33.217 [warning] [Decorations] CAPPING events from decorations provider vscode.git 1175
2025-05-04 20:20:38.386 [warning] [Decorations] CAPPING events from decorations provider vscode.git 1175
2025-05-04 20:20:43.549 [warning] [Decorations] CAPPING events from decorations provider vscode.git 1175
2025-05-04 20:20:48.735 [warning] [Decorations] CAPPING events from decorations provider vscode.git 1175
2025-05-04 20:20:53.908 [warning] [Decorations] CAPPING events from decorations provider vscode.git 1175
2025-05-04 20:20:59.101 [warning] [Decorations] CAPPING events from decorations provider vscode.git 1175
2025-05-04 20:21:04.356 [warning] [Decorations] CAPPING events from decorations provider vscode.git 1175
2025-05-04 20:21:09.469 [warning] [Decorations] CAPPING events from decorations provider vscode.git 1175
2025-05-04 20:21:14.632 [warning] [Decorations] CAPPING events from decorations provider vscode.git 1175
2025-05-04 20:21:19.804 [warning] [Decorations] CAPPING events from decorations provider vscode.git 1175
2025-05-04 20:21:25.000 [warning] [Decorations] CAPPING events from decorations provider vscode.git 1175
2025-05-04 20:21:30.170 [warning] [Decorations] CAPPING events from decorations provider vscode.git 1175
2025-05-04 20:21:35.349 [warning] [Decorations] CAPPING events from decorations provider vscode.git 1175
2025-05-04 20:21:40.516 [warning] [Decorations] CAPPING events from decorations provider vscode.git 1175
2025-05-04 20:21:45.686 [warning] [Decorations] CAPPING events from decorations provider vscode.git 1175
2025-05-04 20:21:50.868 [warning] [Decorations] CAPPING events from decorations provider vscode.git 1175
2025-05-04 20:21:56.080 [warning] [Decorations] CAPPING events from decorations provider vscode.git 1175
2025-05-04 20:22:01.256 [warning] [Decorations] CAPPING events from decorations provider vscode.git 1175
2025-05-04 20:22:06.512 [warning] [Decorations] CAPPING events from decorations provider vscode.git 1175
2025-05-04 20:22:11.733 [warning] [Decorations] CAPPING events from decorations provider vscode.git 1175
2025-05-04 20:22:16.918 [warning] [Decorations] CAPPING events from decorations provider vscode.git 1175
2025-05-04 20:22:22.097 [warning] [Decorations] CAPPING events from decorations provider vscode.git 1175
2025-05-04 20:22:27.277 [warning] [Decorations] CAPPING events from decorations provider vscode.git 1175
2025-05-04 20:22:32.515 [warning] [Decorations] CAPPING events from decorations provider vscode.git 1175
2025-05-04 20:22:37.715 [warning] [Decorations] CAPPING events from decorations provider vscode.git 1175
2025-05-04 20:22:42.900 [warning] [Decorations] CAPPING events from decorations provider vscode.git 1176
2025-05-04 20:22:48.088 [warning] [Decorations] CAPPING events from decorations provider vscode.git 1177
2025-05-04 20:22:49.580 [info] ExtensionService#_doActivateExtension vscode.npm, startup: false, activationEvent: 'onTerminalQuickFixRequest:ms-vscode.npm-command'
2025-05-04 20:22:53.280 [warning] [Decorations] CAPPING events from decorations provider vscode.git 1176
2025-05-04 20:22:58.400 [warning] [Decorations] CAPPING events from decorations provider vscode.git 1176
2025-05-04 20:23:03.478 [warning] [Decorations] CAPPING events from decorations provider vscode.git 1176
2025-05-04 20:23:08.562 [warning] [Decorations] CAPPING events from decorations provider vscode.git 1176
2025-05-04 21:15:20.769 [warning] [Decorations] CAPPING events from decorations provider vscode.git 1176
2025-05-04 21:15:25.834 [warning] [Decorations] CAPPING events from decorations provider vscode.git 1176
2025-05-04 21:15:30.897 [warning] [Decorations] CAPPING events from decorations provider vscode.git 1176
2025-05-04 21:15:35.988 [warning] [Decorations] CAPPING events from decorations provider vscode.git 1176
2025-05-04 21:15:41.065 [warning] [Decorations] CAPPING events from decorations provider vscode.git 1176
2025-05-04 21:15:46.147 [warning] [Decorations] CAPPING events from decorations provider vscode.git 1176
2025-05-04 21:15:51.217 [warning] [Decorations] CAPPING events from decorations provider vscode.git 1176
2025-05-04 21:15:56.298 [warning] [Decorations] CAPPING events from decorations provider vscode.git 1176
2025-05-04 21:16:01.362 [warning] [Decorations] CAPPING events from decorations provider vscode.git 1176
2025-05-04 21:16:06.500 [warning] [Decorations] CAPPING events from decorations provider vscode.git 1176
2025-05-04 21:16:11.656 [warning] [Decorations] CAPPING events from decorations provider vscode.git 1176
2025-05-04 21:16:16.729 [warning] [Decorations] CAPPING events from decorations provider vscode.git 1176
2025-05-04 21:16:21.797 [warning] [Decorations] CAPPING events from decorations provider vscode.git 1176
2025-05-04 21:16:26.868 [warning] [Decorations] CAPPING events from decorations provider vscode.git 1176
2025-05-04 21:16:31.954 [warning] [Decorations] CAPPING events from decorations provider vscode.git 1176
2025-05-04 21:16:37.023 [warning] [Decorations] CAPPING events from decorations provider vscode.git 1176
2025-05-04 21:16:42.091 [warning] [Decorations] CAPPING events from decorations provider vscode.git 1176
2025-05-04 21:16:47.173 [warning] [Decorations] CAPPING events from decorations provider vscode.git 1176
2025-05-04 21:16:52.240 [warning] [Decorations] CAPPING events from decorations provider vscode.git 1176
2025-05-04 21:16:57.312 [warning] [Decorations] CAPPING events from decorations provider vscode.git 1176
2025-05-04 21:17:02.380 [warning] [Decorations] CAPPING events from decorations provider vscode.git 1176
2025-05-04 21:17:07.465 [warning] [Decorations] CAPPING events from decorations provider vscode.git 1176
