2025-04-26 08:49:54.753 [info] [main] Log level: Info
2025-04-26 08:49:54.753 [info] [main] Validating found git in: "git"
2025-04-26 08:49:54.753 [info] [main] Using git "2.49.0" from "git"
2025-04-26 08:49:54.753 [info] [Model][doInitialScan] Initial repository scan started
2025-04-26 08:49:54.753 [info] [Model][doInitialScan] Initial repository scan completed - repositories (0), closed repositories (0), parent repositories (0), unsafe repositories (0)
2025-04-26 08:51:18.491 [info] [main] Log level: Info
2025-04-26 08:51:18.491 [info] [main] Validating found git in: "git"
2025-04-26 08:51:18.491 [info] [main] Using git "2.49.0" from "git"
2025-04-26 08:51:18.491 [info] [Model][doInitialScan] Initial repository scan started
2025-04-26 08:51:18.651 [info] > git rev-parse --show-toplevel [169ms]
2025-04-26 08:51:18.673 [info] > git rev-parse --git-dir --git-common-dir [5ms]
2025-04-26 08:51:18.700 [info] [Model][openRepository] Opened repository: /home/max/.dotfiles
2025-04-26 08:51:18.714 [info] > git rev-parse --show-toplevel [2ms]
2025-04-26 08:51:18.758 [info] > git rev-parse --show-toplevel [37ms]
2025-04-26 08:51:18.776 [info] > git for-each-ref --format=%(refname)%00%(upstream:short)%00%(objectname)%00%(upstream:track)%00%(upstream:remotename)%00%(upstream:remoteref) refs/heads/main refs/remotes/main [50ms]
2025-04-26 08:51:18.777 [info] > git config --get commit.template [69ms]
2025-04-26 08:51:18.779 [info] > git rev-parse --show-toplevel [5ms]
2025-04-26 08:51:18.779 [info] [Model][doInitialScan] Initial repository scan completed - repositories (1), closed repositories (0), parent repositories (0), unsafe repositories (0)
2025-04-26 08:51:18.796 [info] > git status -z -uall [9ms]
2025-04-26 08:51:18.827 [info] > git for-each-ref --sort -committerdate --format %(refname)%00%(objectname)%00%(*objectname) [33ms]
2025-04-26 08:51:18.862 [info] > git for-each-ref --format=%(refname)%00%(upstream:short)%00%(objectname)%00%(upstream:track)%00%(upstream:remotename)%00%(upstream:remoteref) refs/heads/main refs/remotes/main [8ms]
2025-04-26 08:51:18.872 [info] > git config --get --local branch.main.vscode-merge-base [4ms]
2025-04-26 08:51:18.878 [info] > git config --get commit.template [16ms]
2025-04-26 08:51:18.907 [info] > git for-each-ref --format=%(refname)%00%(upstream:short)%00%(objectname)%00%(upstream:track)%00%(upstream:remotename)%00%(upstream:remoteref) refs/heads/origin/main refs/remotes/origin/main [30ms]
2025-04-26 08:51:18.915 [info] > git for-each-ref --format=%(refname)%00%(upstream:short)%00%(objectname)%00%(upstream:track)%00%(upstream:remotename)%00%(upstream:remoteref) refs/heads/main refs/remotes/main [8ms]
2025-04-26 08:51:18.928 [info] > git status -z -uall [6ms]
2025-04-26 08:51:18.942 [info] > git for-each-ref --sort -committerdate --format %(refname)%00%(objectname)%00%(*objectname) [16ms]
2025-04-26 08:51:18.953 [info] > git merge-base refs/heads/main refs/remotes/origin/main [2ms]
2025-04-26 08:51:18.957 [info] > git merge-base refs/heads/main refs/remotes/origin/main [45ms]
2025-04-26 08:51:18.965 [info] > git diff --name-status -z --diff-filter=ADMR 550da9bd4aa66a62b743c8e922a2e22d63d4c045...refs/remotes/origin/main [3ms]
2025-04-26 08:51:18.965 [info] > git diff --name-status -z --diff-filter=ADMR 550da9bd4aa66a62b743c8e922a2e22d63d4c045...refs/remotes/origin/main [8ms]
2025-04-26 08:51:19.251 [info] > git check-ignore -v -z --stdin [5ms]
2025-04-26 08:51:20.926 [info] > git config --get commit.template [19ms]
2025-04-26 08:51:20.930 [info] > git for-each-ref --format=%(refname)%00%(upstream:short)%00%(objectname)%00%(upstream:track)%00%(upstream:remotename)%00%(upstream:remoteref) refs/heads/main refs/remotes/main [6ms]
2025-04-26 08:51:20.958 [info] > git status -z -uall [14ms]
2025-04-26 08:51:20.961 [info] > git for-each-ref --sort -committerdate --format %(refname)%00%(objectname)%00%(*objectname) [5ms]
2025-04-26 08:51:23.280 [info] > git check-ignore -v -z --stdin [6ms]
2025-04-26 08:51:25.768 [info] > git check-ignore -v -z --stdin [2ms]
2025-04-26 08:51:26.015 [info] > git config --get commit.template [23ms]
2025-04-26 08:51:26.019 [info] > git for-each-ref --format=%(refname)%00%(upstream:short)%00%(objectname)%00%(upstream:track)%00%(upstream:remotename)%00%(upstream:remoteref) refs/heads/main refs/remotes/main [8ms]
2025-04-26 08:51:26.040 [info] > git status -z -uall [8ms]
2025-04-26 08:51:26.042 [info] > git for-each-ref --sort -committerdate --format %(refname)%00%(objectname)%00%(*objectname) [2ms]
2025-04-26 08:51:31.088 [info] > git config --get commit.template [18ms]
2025-04-26 08:51:31.093 [info] > git for-each-ref --format=%(refname)%00%(upstream:short)%00%(objectname)%00%(upstream:track)%00%(upstream:remotename)%00%(upstream:remoteref) refs/heads/main refs/remotes/main [7ms]
2025-04-26 08:51:31.126 [info] > git status -z -uall [18ms]
2025-04-26 08:51:31.130 [info] > git for-each-ref --sort -committerdate --format %(refname)%00%(objectname)%00%(*objectname) [6ms]
2025-04-26 08:51:36.450 [info] > git config --get commit.template [17ms]
2025-04-26 08:51:36.452 [info] > git for-each-ref --format=%(refname)%00%(upstream:short)%00%(objectname)%00%(upstream:track)%00%(upstream:remotename)%00%(upstream:remoteref) refs/heads/main refs/remotes/main [3ms]
2025-04-26 08:51:36.466 [info] > git status -z -uall [8ms]
2025-04-26 08:51:36.468 [info] > git for-each-ref --sort -committerdate --format %(refname)%00%(objectname)%00%(*objectname) [3ms]
2025-04-26 08:51:37.301 [info] > git ls-files --stage -- README.md [1ms]
2025-04-26 08:51:37.384 [info] > git cat-file -s 401094dbfb3b6fc4d823dc41a00fab8b0774c976 [78ms]
2025-04-26 08:51:37.415 [info] > git show --textconv :README.md [123ms]
2025-04-26 08:51:39.407 [info] > git blame --root --incremental 550da9bd4aa66a62b743c8e922a2e22d63d4c045 -- README.md [178ms]
2025-04-26 08:51:41.485 [info] > git config --get commit.template [6ms]
2025-04-26 08:51:41.486 [info] > git for-each-ref --format=%(refname)%00%(upstream:short)%00%(objectname)%00%(upstream:track)%00%(upstream:remotename)%00%(upstream:remoteref) refs/heads/main refs/remotes/main [2ms]
2025-04-26 08:51:41.496 [info] > git status -z -uall [5ms]
2025-04-26 08:51:41.498 [info] > git for-each-ref --sort -committerdate --format %(refname)%00%(objectname)%00%(*objectname) [2ms]
2025-04-26 08:51:46.539 [info] > git config --get commit.template [18ms]
2025-04-26 08:51:46.542 [info] > git for-each-ref --format=%(refname)%00%(upstream:short)%00%(objectname)%00%(upstream:track)%00%(upstream:remotename)%00%(upstream:remoteref) refs/heads/main refs/remotes/main [5ms]
2025-04-26 08:51:46.572 [info] > git status -z -uall [14ms]
2025-04-26 08:51:46.574 [info] > git for-each-ref --sort -committerdate --format %(refname)%00%(objectname)%00%(*objectname) [3ms]
2025-04-26 08:51:51.602 [info] > git config --get commit.template [8ms]
2025-04-26 08:51:51.604 [info] > git for-each-ref --format=%(refname)%00%(upstream:short)%00%(objectname)%00%(upstream:track)%00%(upstream:remotename)%00%(upstream:remoteref) refs/heads/main refs/remotes/main [3ms]
2025-04-26 08:51:51.617 [info] > git status -z -uall [7ms]
2025-04-26 08:51:51.618 [info] > git for-each-ref --sort -committerdate --format %(refname)%00%(objectname)%00%(*objectname) [2ms]
2025-04-26 08:51:56.665 [info] > git config --get commit.template [23ms]
2025-04-26 08:51:56.668 [info] > git for-each-ref --format=%(refname)%00%(upstream:short)%00%(objectname)%00%(upstream:track)%00%(upstream:remotename)%00%(upstream:remoteref) refs/heads/main refs/remotes/main [5ms]
2025-04-26 08:51:56.683 [info] > git status -z -uall [7ms]
2025-04-26 08:51:56.684 [info] > git for-each-ref --sort -committerdate --format %(refname)%00%(objectname)%00%(*objectname) [2ms]
2025-04-26 08:52:01.706 [info] > git config --get commit.template [7ms]
2025-04-26 08:52:01.709 [info] > git for-each-ref --format=%(refname)%00%(upstream:short)%00%(objectname)%00%(upstream:track)%00%(upstream:remotename)%00%(upstream:remoteref) refs/heads/main refs/remotes/main [3ms]
2025-04-26 08:52:01.723 [info] > git status -z -uall [8ms]
2025-04-26 08:52:01.724 [info] > git for-each-ref --sort -committerdate --format %(refname)%00%(objectname)%00%(*objectname) [2ms]
2025-04-26 08:52:06.746 [info] > git config --get commit.template [7ms]
2025-04-26 08:52:06.748 [info] > git for-each-ref --format=%(refname)%00%(upstream:short)%00%(objectname)%00%(upstream:track)%00%(upstream:remotename)%00%(upstream:remoteref) refs/heads/main refs/remotes/main [3ms]
2025-04-26 08:52:06.762 [info] > git status -z -uall [7ms]
2025-04-26 08:52:06.763 [info] > git for-each-ref --sort -committerdate --format %(refname)%00%(objectname)%00%(*objectname) [1ms]
2025-04-26 08:52:11.796 [info] > git config --get commit.template [10ms]
2025-04-26 08:52:11.797 [info] > git for-each-ref --format=%(refname)%00%(upstream:short)%00%(objectname)%00%(upstream:track)%00%(upstream:remotename)%00%(upstream:remoteref) refs/heads/main refs/remotes/main [2ms]
2025-04-26 08:52:11.811 [info] > git status -z -uall [8ms]
2025-04-26 08:52:11.813 [info] > git for-each-ref --sort -committerdate --format %(refname)%00%(objectname)%00%(*objectname) [3ms]
2025-04-26 08:52:17.235 [info] > git config --get commit.template [18ms]
2025-04-26 08:52:17.239 [info] > git for-each-ref --format=%(refname)%00%(upstream:short)%00%(objectname)%00%(upstream:track)%00%(upstream:remotename)%00%(upstream:remoteref) refs/heads/main refs/remotes/main [5ms]
2025-04-26 08:52:17.271 [info] > git status -z -uall [15ms]
2025-04-26 08:52:17.273 [info] > git for-each-ref --sort -committerdate --format %(refname)%00%(objectname)%00%(*objectname) [4ms]
2025-04-26 08:53:05.464 [info] > git config --get commit.template [19ms]
2025-04-26 08:53:05.468 [info] > git for-each-ref --format=%(refname)%00%(upstream:short)%00%(objectname)%00%(upstream:track)%00%(upstream:remotename)%00%(upstream:remoteref) refs/heads/main refs/remotes/main [6ms]
2025-04-26 08:53:05.494 [info] > git status -z -uall [13ms]
2025-04-26 08:53:05.497 [info] > git for-each-ref --sort -committerdate --format %(refname)%00%(objectname)%00%(*objectname) [3ms]
2025-04-26 08:53:17.080 [info] > git config --get commit.template [7ms]
2025-04-26 08:53:17.082 [info] > git for-each-ref --format=%(refname)%00%(upstream:short)%00%(objectname)%00%(upstream:track)%00%(upstream:remotename)%00%(upstream:remoteref) refs/heads/main refs/remotes/main [2ms]
2025-04-26 08:53:17.097 [info] > git status -z -uall [6ms]
2025-04-26 08:53:17.099 [info] > git for-each-ref --sort -committerdate --format %(refname)%00%(objectname)%00%(*objectname) [2ms]
2025-04-26 08:53:25.197 [info] > git config --get commit.template [17ms]
2025-04-26 08:53:25.200 [info] > git for-each-ref --format=%(refname)%00%(upstream:short)%00%(objectname)%00%(upstream:track)%00%(upstream:remotename)%00%(upstream:remoteref) refs/heads/main refs/remotes/main [5ms]
2025-04-26 08:53:25.231 [info] > git status -z -uall [15ms]
2025-04-26 08:53:25.235 [info] > git for-each-ref --sort -committerdate --format %(refname)%00%(objectname)%00%(*objectname) [5ms]
2025-04-26 08:53:30.277 [info] > git config --get commit.template [18ms]
2025-04-26 08:53:30.281 [info] > git for-each-ref --format=%(refname)%00%(upstream:short)%00%(objectname)%00%(upstream:track)%00%(upstream:remotename)%00%(upstream:remoteref) refs/heads/main refs/remotes/main [6ms]
2025-04-26 08:53:30.311 [info] > git status -z -uall [11ms]
2025-04-26 08:53:30.315 [info] > git for-each-ref --sort -committerdate --format %(refname)%00%(objectname)%00%(*objectname) [5ms]
2025-04-26 08:53:35.850 [info] > git config --get commit.template [7ms]
2025-04-26 08:53:35.851 [info] > git for-each-ref --format=%(refname)%00%(upstream:short)%00%(objectname)%00%(upstream:track)%00%(upstream:remotename)%00%(upstream:remoteref) refs/heads/main refs/remotes/main [2ms]
2025-04-26 08:53:35.864 [info] > git status -z -uall [7ms]
2025-04-26 08:53:35.865 [info] > git for-each-ref --sort -committerdate --format %(refname)%00%(objectname)%00%(*objectname) [2ms]
2025-04-26 08:53:40.887 [info] > git config --get commit.template [8ms]
2025-04-26 08:53:40.889 [info] > git for-each-ref --format=%(refname)%00%(upstream:short)%00%(objectname)%00%(upstream:track)%00%(upstream:remotename)%00%(upstream:remoteref) refs/heads/main refs/remotes/main [3ms]
2025-04-26 08:53:40.908 [info] > git status -z -uall [10ms]
2025-04-26 08:53:40.910 [info] > git for-each-ref --sort -committerdate --format %(refname)%00%(objectname)%00%(*objectname) [3ms]
2025-04-26 08:54:17.035 [info] > git config --get commit.template [8ms]
2025-04-26 08:54:17.036 [info] > git for-each-ref --format=%(refname)%00%(upstream:short)%00%(objectname)%00%(upstream:track)%00%(upstream:remotename)%00%(upstream:remoteref) refs/heads/main refs/remotes/main [2ms]
2025-04-26 08:54:17.049 [info] > git status -z -uall [7ms]
2025-04-26 08:54:17.050 [info] > git for-each-ref --sort -committerdate --format %(refname)%00%(objectname)%00%(*objectname) [2ms]
2025-04-26 08:54:52.338 [info] > git config --get commit.template [8ms]
2025-04-26 08:54:52.339 [info] > git for-each-ref --format=%(refname)%00%(upstream:short)%00%(objectname)%00%(upstream:track)%00%(upstream:remotename)%00%(upstream:remoteref) refs/heads/main refs/remotes/main [2ms]
2025-04-26 08:54:52.358 [info] > git status -z -uall [10ms]
2025-04-26 08:54:52.360 [info] > git for-each-ref --sort -committerdate --format %(refname)%00%(objectname)%00%(*objectname) [3ms]
2025-04-26 08:55:01.737 [info] > git config --get commit.template [7ms]
2025-04-26 08:55:01.738 [info] > git for-each-ref --format=%(refname)%00%(upstream:short)%00%(objectname)%00%(upstream:track)%00%(upstream:remotename)%00%(upstream:remoteref) refs/heads/main refs/remotes/main [2ms]
2025-04-26 08:55:01.752 [info] > git status -z -uall [7ms]
2025-04-26 08:55:01.753 [info] > git for-each-ref --sort -committerdate --format %(refname)%00%(objectname)%00%(*objectname) [2ms]
2025-04-26 08:55:17.351 [info] > git config --get commit.template [6ms]
2025-04-26 08:55:17.352 [info] > git for-each-ref --format=%(refname)%00%(upstream:short)%00%(objectname)%00%(upstream:track)%00%(upstream:remotename)%00%(upstream:remoteref) refs/heads/main refs/remotes/main [2ms]
2025-04-26 08:55:17.366 [info] > git status -z -uall [6ms]
2025-04-26 08:55:17.367 [info] > git for-each-ref --sort -committerdate --format %(refname)%00%(objectname)%00%(*objectname) [1ms]
2025-04-26 08:55:31.935 [info] > git config --get commit.template [4ms]
2025-04-26 08:55:31.955 [info] > git for-each-ref --format=%(refname)%00%(upstream:short)%00%(objectname)%00%(upstream:track)%00%(upstream:remotename)%00%(upstream:remoteref) refs/heads/main refs/remotes/main [6ms]
2025-04-26 08:55:31.971 [info] > git status -z -uall [6ms]
2025-04-26 08:55:31.972 [info] > git for-each-ref --sort -committerdate --format %(refname)%00%(objectname)%00%(*objectname) [1ms]
2025-04-26 08:56:17.152 [info] > git config --get commit.template [18ms]
2025-04-26 08:56:17.156 [info] > git for-each-ref --format=%(refname)%00%(upstream:short)%00%(objectname)%00%(upstream:track)%00%(upstream:remotename)%00%(upstream:remoteref) refs/heads/main refs/remotes/main [6ms]
2025-04-26 08:56:17.192 [info] > git status -z -uall [20ms]
2025-04-26 08:56:17.195 [info] > git for-each-ref --sort -committerdate --format %(refname)%00%(objectname)%00%(*objectname) [6ms]
2025-04-26 08:58:05.402 [info] > git config --get commit.template [7ms]
2025-04-26 08:58:05.403 [info] > git for-each-ref --format=%(refname)%00%(upstream:short)%00%(objectname)%00%(upstream:track)%00%(upstream:remotename)%00%(upstream:remoteref) refs/heads/main refs/remotes/main [2ms]
2025-04-26 08:58:05.416 [info] > git status -z -uall [7ms]
2025-04-26 08:58:05.417 [info] > git for-each-ref --sort -committerdate --format %(refname)%00%(objectname)%00%(*objectname) [2ms]
2025-04-26 08:59:52.500 [info] > git config --get commit.template [18ms]
2025-04-26 08:59:52.504 [info] > git for-each-ref --format=%(refname)%00%(upstream:short)%00%(objectname)%00%(upstream:track)%00%(upstream:remotename)%00%(upstream:remoteref) refs/heads/main refs/remotes/main [6ms]
2025-04-26 08:59:52.537 [info] > git status -z -uall [17ms]
2025-04-26 08:59:52.542 [info] > git for-each-ref --sort -committerdate --format %(refname)%00%(objectname)%00%(*objectname) [6ms]
2025-04-26 09:04:52.638 [info] > git config --get commit.template [8ms]
2025-04-26 09:04:52.640 [info] > git for-each-ref --format=%(refname)%00%(upstream:short)%00%(objectname)%00%(upstream:track)%00%(upstream:remotename)%00%(upstream:remoteref) refs/heads/main refs/remotes/main [3ms]
2025-04-26 09:04:52.659 [info] > git status -z -uall [10ms]
2025-04-26 09:04:52.661 [info] > git for-each-ref --sort -committerdate --format %(refname)%00%(objectname)%00%(*objectname) [4ms]
2025-04-26 09:09:52.805 [info] > git config --get commit.template [12ms]
2025-04-26 09:09:52.807 [info] > git for-each-ref --format=%(refname)%00%(upstream:short)%00%(objectname)%00%(upstream:track)%00%(upstream:remotename)%00%(upstream:remoteref) refs/heads/main refs/remotes/main [4ms]
2025-04-26 09:09:52.824 [info] > git status -z -uall [8ms]
2025-04-26 09:09:52.826 [info] > git for-each-ref --sort -committerdate --format %(refname)%00%(objectname)%00%(*objectname) [3ms]
2025-04-26 09:14:52.950 [info] > git config --get commit.template [7ms]
2025-04-26 09:14:52.951 [info] > git for-each-ref --format=%(refname)%00%(upstream:short)%00%(objectname)%00%(upstream:track)%00%(upstream:remotename)%00%(upstream:remoteref) refs/heads/main refs/remotes/main [2ms]
2025-04-26 09:14:52.964 [info] > git status -z -uall [7ms]
2025-04-26 09:14:52.965 [info] > git for-each-ref --sort -committerdate --format %(refname)%00%(objectname)%00%(*objectname) [2ms]
2025-04-26 09:19:53.085 [info] > git config --get commit.template [7ms]
2025-04-26 09:19:53.087 [info] > git for-each-ref --format=%(refname)%00%(upstream:short)%00%(objectname)%00%(upstream:track)%00%(upstream:remotename)%00%(upstream:remoteref) refs/heads/main refs/remotes/main [3ms]
2025-04-26 09:19:53.101 [info] > git status -z -uall [8ms]
2025-04-26 09:19:53.102 [info] > git for-each-ref --sort -committerdate --format %(refname)%00%(objectname)%00%(*objectname) [2ms]
2025-04-26 09:24:53.247 [info] > git config --get commit.template [7ms]
2025-04-26 09:24:53.249 [info] > git for-each-ref --format=%(refname)%00%(upstream:short)%00%(objectname)%00%(upstream:track)%00%(upstream:remotename)%00%(upstream:remoteref) refs/heads/main refs/remotes/main [3ms]
2025-04-26 09:24:53.263 [info] > git status -z -uall [6ms]
2025-04-26 09:24:53.265 [info] > git for-each-ref --sort -committerdate --format %(refname)%00%(objectname)%00%(*objectname) [1ms]
2025-04-26 09:29:53.428 [info] > git config --get commit.template [16ms]
2025-04-26 09:29:53.430 [info] > git for-each-ref --format=%(refname)%00%(upstream:short)%00%(objectname)%00%(upstream:track)%00%(upstream:remotename)%00%(upstream:remoteref) refs/heads/main refs/remotes/main [3ms]
2025-04-26 09:29:53.448 [info] > git status -z -uall [10ms]
2025-04-26 09:29:53.449 [info] > git for-each-ref --sort -committerdate --format %(refname)%00%(objectname)%00%(*objectname) [2ms]
2025-04-26 09:34:53.490 [info] > git config --get commit.template [7ms]
2025-04-26 09:34:53.491 [info] > git for-each-ref --format=%(refname)%00%(upstream:short)%00%(objectname)%00%(upstream:track)%00%(upstream:remotename)%00%(upstream:remoteref) refs/heads/main refs/remotes/main [2ms]
2025-04-26 09:34:53.505 [info] > git status -z -uall [7ms]
2025-04-26 09:34:53.507 [info] > git for-each-ref --sort -committerdate --format %(refname)%00%(objectname)%00%(*objectname) [2ms]
2025-04-26 09:35:32.255 [info] > git config --get commit.template [8ms]
2025-04-26 09:35:32.256 [info] > git for-each-ref --format=%(refname)%00%(upstream:short)%00%(objectname)%00%(upstream:track)%00%(upstream:remotename)%00%(upstream:remoteref) refs/heads/main refs/remotes/main [2ms]
2025-04-26 09:35:32.269 [info] > git status -z -uall [7ms]
2025-04-26 09:35:32.270 [info] > git for-each-ref --sort -committerdate --format %(refname)%00%(objectname)%00%(*objectname) [2ms]
2025-04-26 09:35:32.303 [info] > git check-ignore -v -z --stdin [1ms]
2025-04-26 09:35:37.294 [info] > git config --get commit.template [9ms]
2025-04-26 09:35:37.295 [info] > git for-each-ref --format=%(refname)%00%(upstream:short)%00%(objectname)%00%(upstream:track)%00%(upstream:remotename)%00%(upstream:remoteref) refs/heads/main refs/remotes/main [2ms]
2025-04-26 09:35:37.315 [info] > git status -z -uall [9ms]
2025-04-26 09:35:37.316 [info] > git for-each-ref --sort -committerdate --format %(refname)%00%(objectname)%00%(*objectname) [2ms]
2025-04-26 09:37:46.607 [info] > git config --get commit.template [10ms]
2025-04-26 09:37:46.609 [info] > git for-each-ref --format=%(refname)%00%(upstream:short)%00%(objectname)%00%(upstream:track)%00%(upstream:remotename)%00%(upstream:remoteref) refs/heads/main refs/remotes/main [5ms]
2025-04-26 09:37:46.627 [info] > git status -z -uall [10ms]
2025-04-26 09:37:46.629 [info] > git for-each-ref --sort -committerdate --format %(refname)%00%(objectname)%00%(*objectname) [3ms]
2025-04-26 09:37:54.884 [info] > git config --get commit.template [18ms]
2025-04-26 09:37:54.888 [info] > git for-each-ref --format=%(refname)%00%(upstream:short)%00%(objectname)%00%(upstream:track)%00%(upstream:remotename)%00%(upstream:remoteref) refs/heads/main refs/remotes/main [6ms]
2025-04-26 09:37:54.921 [info] > git status -z -uall [16ms]
2025-04-26 09:37:54.925 [info] > git for-each-ref --sort -committerdate --format %(refname)%00%(objectname)%00%(*objectname) [5ms]
2025-04-26 09:37:59.976 [info] > git config --get commit.template [22ms]
2025-04-26 09:37:59.980 [info] > git for-each-ref --format=%(refname)%00%(upstream:short)%00%(objectname)%00%(upstream:track)%00%(upstream:remotename)%00%(upstream:remoteref) refs/heads/main refs/remotes/main [6ms]
2025-04-26 09:37:59.996 [info] > git status -z -uall [6ms]
2025-04-26 09:37:59.999 [info] > git for-each-ref --sort -committerdate --format %(refname)%00%(objectname)%00%(*objectname) [2ms]
2025-04-26 09:38:05.025 [info] > git config --get commit.template [7ms]
2025-04-26 09:38:05.026 [info] > git for-each-ref --format=%(refname)%00%(upstream:short)%00%(objectname)%00%(upstream:track)%00%(upstream:remotename)%00%(upstream:remoteref) refs/heads/main refs/remotes/main [1ms]
2025-04-26 09:38:05.040 [info] > git status -z -uall [8ms]
2025-04-26 09:38:05.041 [info] > git for-each-ref --sort -committerdate --format %(refname)%00%(objectname)%00%(*objectname) [2ms]
2025-04-26 09:38:10.063 [info] > git config --get commit.template [7ms]
2025-04-26 09:38:10.065 [info] > git for-each-ref --format=%(refname)%00%(upstream:short)%00%(objectname)%00%(upstream:track)%00%(upstream:remotename)%00%(upstream:remoteref) refs/heads/main refs/remotes/main [2ms]
2025-04-26 09:38:10.080 [info] > git status -z -uall [8ms]
2025-04-26 09:38:10.081 [info] > git for-each-ref --sort -committerdate --format %(refname)%00%(objectname)%00%(*objectname) [2ms]
2025-04-26 09:38:17.181 [info] > git config --get commit.template [7ms]
2025-04-26 09:38:17.183 [info] > git for-each-ref --format=%(refname)%00%(upstream:short)%00%(objectname)%00%(upstream:track)%00%(upstream:remotename)%00%(upstream:remoteref) refs/heads/main refs/remotes/main [3ms]
2025-04-26 09:38:17.198 [info] > git status -z -uall [7ms]
2025-04-26 09:38:17.199 [info] > git for-each-ref --sort -committerdate --format %(refname)%00%(objectname)%00%(*objectname) [2ms]
2025-04-26 09:38:47.499 [info] > git check-ignore -v -z --stdin [3ms]
2025-04-26 09:38:48.251 [info] > git config --get commit.template [7ms]
2025-04-26 09:38:48.253 [info] > git for-each-ref --format=%(refname)%00%(upstream:short)%00%(objectname)%00%(upstream:track)%00%(upstream:remotename)%00%(upstream:remoteref) refs/heads/main refs/remotes/main [2ms]
2025-04-26 09:38:48.267 [info] > git status -z -uall [8ms]
2025-04-26 09:38:48.268 [info] > git for-each-ref --sort -committerdate --format %(refname)%00%(objectname)%00%(*objectname) [2ms]
2025-04-26 09:38:53.307 [info] > git config --get commit.template [16ms]
2025-04-26 09:38:53.310 [info] > git for-each-ref --format=%(refname)%00%(upstream:short)%00%(objectname)%00%(upstream:track)%00%(upstream:remotename)%00%(upstream:remoteref) refs/heads/main refs/remotes/main [5ms]
2025-04-26 09:38:53.330 [info] > git status -z -uall [9ms]
2025-04-26 09:38:53.332 [info] > git for-each-ref --sort -committerdate --format %(refname)%00%(objectname)%00%(*objectname) [4ms]
2025-04-26 09:38:54.843 [info] > git check-ignore -v -z --stdin [1ms]
2025-04-26 09:38:58.688 [info] > git config --get commit.template [23ms]
2025-04-26 09:38:58.689 [info] > git for-each-ref --format=%(refname)%00%(upstream:short)%00%(objectname)%00%(upstream:track)%00%(upstream:remotename)%00%(upstream:remoteref) refs/heads/main refs/remotes/main [5ms]
2025-04-26 09:38:58.709 [info] > git status -z -uall [8ms]
2025-04-26 09:38:58.710 [info] > git for-each-ref --sort -committerdate --format %(refname)%00%(objectname)%00%(*objectname) [2ms]
2025-04-26 09:39:01.180 [info] > git check-ignore -v -z --stdin [2ms]
2025-04-26 09:39:03.749 [info] > git config --get commit.template [17ms]
2025-04-26 09:39:03.753 [info] > git for-each-ref --format=%(refname)%00%(upstream:short)%00%(objectname)%00%(upstream:track)%00%(upstream:remotename)%00%(upstream:remoteref) refs/heads/main refs/remotes/main [5ms]
2025-04-26 09:39:03.777 [info] > git status -z -uall [10ms]
2025-04-26 09:39:03.779 [info] > git for-each-ref --sort -committerdate --format %(refname)%00%(objectname)%00%(*objectname) [3ms]
2025-04-26 09:39:05.037 [info] > git check-ignore -v -z --stdin [5ms]
2025-04-26 09:39:06.256 [info] > git ls-files --stage -- .config/sxhkd/sxhkdrc [2ms]
2025-04-26 09:39:06.355 [info] > git show --textconv :.config/sxhkd/sxhkdrc [106ms]
2025-04-26 09:39:06.355 [info] > git cat-file -s c5eb61c782e19e70c449d45887efac03aab45f31 [93ms]
2025-04-26 09:39:08.822 [info] > git config --get commit.template [18ms]
2025-04-26 09:39:08.825 [info] > git for-each-ref --format=%(refname)%00%(upstream:short)%00%(objectname)%00%(upstream:track)%00%(upstream:remotename)%00%(upstream:remoteref) refs/heads/main refs/remotes/main [5ms]
2025-04-26 09:39:08.853 [info] > git status -z -uall [11ms]
2025-04-26 09:39:08.855 [info] > git for-each-ref --sort -committerdate --format %(refname)%00%(objectname)%00%(*objectname) [2ms]
2025-04-26 09:39:13.879 [info] > git config --get commit.template [7ms]
2025-04-26 09:39:13.881 [info] > git for-each-ref --format=%(refname)%00%(upstream:short)%00%(objectname)%00%(upstream:track)%00%(upstream:remotename)%00%(upstream:remoteref) refs/heads/main refs/remotes/main [3ms]
2025-04-26 09:39:13.895 [info] > git status -z -uall [7ms]
2025-04-26 09:39:13.896 [info] > git for-each-ref --sort -committerdate --format %(refname)%00%(objectname)%00%(*objectname) [2ms]
2025-04-26 09:39:18.917 [info] > git config --get commit.template [8ms]
2025-04-26 09:39:18.918 [info] > git for-each-ref --format=%(refname)%00%(upstream:short)%00%(objectname)%00%(upstream:track)%00%(upstream:remotename)%00%(upstream:remoteref) refs/heads/main refs/remotes/main [3ms]
2025-04-26 09:39:18.933 [info] > git status -z -uall [7ms]
2025-04-26 09:39:18.934 [info] > git for-each-ref --sort -committerdate --format %(refname)%00%(objectname)%00%(*objectname) [2ms]
2025-04-26 09:39:27.914 [info] > git config --get commit.template [7ms]
2025-04-26 09:39:27.916 [info] > git for-each-ref --format=%(refname)%00%(upstream:short)%00%(objectname)%00%(upstream:track)%00%(upstream:remotename)%00%(upstream:remoteref) refs/heads/main refs/remotes/main [3ms]
2025-04-26 09:39:27.930 [info] > git status -z -uall [6ms]
2025-04-26 09:39:27.932 [info] > git for-each-ref --sort -committerdate --format %(refname)%00%(objectname)%00%(*objectname) [1ms]
2025-04-26 09:39:32.517 [info] > git blame --root --incremental 550da9bd4aa66a62b743c8e922a2e22d63d4c045 -- .config/sxhkd/sxhkdrc [238ms]
2025-04-26 09:39:40.107 [info] > git config --get commit.template [3ms]
2025-04-26 09:39:40.128 [info] > git for-each-ref --format=%(refname)%00%(upstream:short)%00%(objectname)%00%(upstream:track)%00%(upstream:remotename)%00%(upstream:remoteref) refs/heads/main refs/remotes/main [1ms]
2025-04-26 09:39:40.147 [info] > git status -z -uall [9ms]
2025-04-26 09:39:40.151 [info] > git for-each-ref --sort -committerdate --format %(refname)%00%(objectname)%00%(*objectname) [5ms]
2025-04-26 09:39:53.627 [info] > git config --get commit.template [8ms]
2025-04-26 09:39:53.629 [info] > git for-each-ref --format=%(refname)%00%(upstream:short)%00%(objectname)%00%(upstream:track)%00%(upstream:remotename)%00%(upstream:remoteref) refs/heads/main refs/remotes/main [2ms]
2025-04-26 09:39:53.642 [info] > git status -z -uall [7ms]
2025-04-26 09:39:53.644 [info] > git for-each-ref --sort -committerdate --format %(refname)%00%(objectname)%00%(*objectname) [2ms]
2025-04-26 09:40:12.428 [info] > git config --get commit.template [18ms]
2025-04-26 09:40:12.431 [info] > git for-each-ref --format=%(refname)%00%(upstream:short)%00%(objectname)%00%(upstream:track)%00%(upstream:remotename)%00%(upstream:remoteref) refs/heads/main refs/remotes/main [5ms]
2025-04-26 09:40:12.462 [info] > git status -z -uall [14ms]
2025-04-26 09:40:12.464 [info] > git for-each-ref --sort -committerdate --format %(refname)%00%(objectname)%00%(*objectname) [3ms]
2025-04-26 09:40:17.488 [info] > git config --get commit.template [6ms]
2025-04-26 09:40:17.490 [info] > git for-each-ref --format=%(refname)%00%(upstream:short)%00%(objectname)%00%(upstream:track)%00%(upstream:remotename)%00%(upstream:remoteref) refs/heads/main refs/remotes/main [3ms]
2025-04-26 09:40:17.503 [info] > git status -z -uall [7ms]
2025-04-26 09:40:17.504 [info] > git for-each-ref --sort -committerdate --format %(refname)%00%(objectname)%00%(*objectname) [2ms]
2025-04-26 09:40:22.531 [info] > git config --get commit.template [7ms]
2025-04-26 09:40:22.532 [info] > git for-each-ref --format=%(refname)%00%(upstream:short)%00%(objectname)%00%(upstream:track)%00%(upstream:remotename)%00%(upstream:remoteref) refs/heads/main refs/remotes/main [2ms]
2025-04-26 09:40:22.545 [info] > git status -z -uall [7ms]
2025-04-26 09:40:22.547 [info] > git for-each-ref --sort -committerdate --format %(refname)%00%(objectname)%00%(*objectname) [2ms]
2025-04-26 09:40:27.572 [info] > git config --get commit.template [7ms]
2025-04-26 09:40:27.573 [info] > git for-each-ref --format=%(refname)%00%(upstream:short)%00%(objectname)%00%(upstream:track)%00%(upstream:remotename)%00%(upstream:remoteref) refs/heads/main refs/remotes/main [2ms]
2025-04-26 09:40:27.588 [info] > git status -z -uall [8ms]
2025-04-26 09:40:27.589 [info] > git for-each-ref --sort -committerdate --format %(refname)%00%(objectname)%00%(*objectname) [2ms]
2025-04-26 09:41:17.009 [info] > git config --get commit.template [6ms]
2025-04-26 09:41:17.010 [info] > git for-each-ref --format=%(refname)%00%(upstream:short)%00%(objectname)%00%(upstream:track)%00%(upstream:remotename)%00%(upstream:remoteref) refs/heads/main refs/remotes/main [1ms]
2025-04-26 09:41:17.022 [info] > git status -z -uall [6ms]
2025-04-26 09:41:17.023 [info] > git for-each-ref --sort -committerdate --format %(refname)%00%(objectname)%00%(*objectname) [2ms]
2025-04-26 09:41:22.068 [info] > git config --get commit.template [18ms]
2025-04-26 09:41:22.073 [info] > git for-each-ref --format=%(refname)%00%(upstream:short)%00%(objectname)%00%(upstream:track)%00%(upstream:remotename)%00%(upstream:remoteref) refs/heads/main refs/remotes/main [6ms]
2025-04-26 09:41:22.106 [info] > git status -z -uall [16ms]
2025-04-26 09:41:22.110 [info] > git for-each-ref --sort -committerdate --format %(refname)%00%(objectname)%00%(*objectname) [6ms]
2025-04-26 09:41:34.049 [info] > git config --get commit.template [7ms]
2025-04-26 09:41:34.050 [info] > git for-each-ref --format=%(refname)%00%(upstream:short)%00%(objectname)%00%(upstream:track)%00%(upstream:remotename)%00%(upstream:remoteref) refs/heads/main refs/remotes/main [2ms]
2025-04-26 09:41:34.064 [info] > git status -z -uall [8ms]
2025-04-26 09:41:34.065 [info] > git for-each-ref --sort -committerdate --format %(refname)%00%(objectname)%00%(*objectname) [3ms]
2025-04-26 09:41:39.128 [info] > git config --get commit.template [7ms]
2025-04-26 09:41:39.130 [info] > git for-each-ref --format=%(refname)%00%(upstream:short)%00%(objectname)%00%(upstream:track)%00%(upstream:remotename)%00%(upstream:remoteref) refs/heads/main refs/remotes/main [3ms]
2025-04-26 09:41:39.145 [info] > git status -z -uall [7ms]
2025-04-26 09:41:39.146 [info] > git for-each-ref --sort -committerdate --format %(refname)%00%(objectname)%00%(*objectname) [2ms]
2025-04-26 09:41:47.702 [info] > git config --get commit.template [21ms]
2025-04-26 09:41:47.704 [info] > git for-each-ref --format=%(refname)%00%(upstream:short)%00%(objectname)%00%(upstream:track)%00%(upstream:remotename)%00%(upstream:remoteref) refs/heads/main refs/remotes/main [5ms]
2025-04-26 09:41:47.737 [info] > git status -z -uall [17ms]
2025-04-26 09:41:47.741 [info] > git for-each-ref --sort -committerdate --format %(refname)%00%(objectname)%00%(*objectname) [6ms]
2025-04-26 09:41:52.765 [info] > git config --get commit.template [6ms]
2025-04-26 09:41:52.766 [info] > git for-each-ref --format=%(refname)%00%(upstream:short)%00%(objectname)%00%(upstream:track)%00%(upstream:remotename)%00%(upstream:remoteref) refs/heads/main refs/remotes/main [2ms]
2025-04-26 09:41:52.778 [info] > git status -z -uall [6ms]
2025-04-26 09:41:52.779 [info] > git for-each-ref --sort -committerdate --format %(refname)%00%(objectname)%00%(*objectname) [1ms]
2025-04-26 09:41:58.412 [info] > git config --get commit.template [9ms]
2025-04-26 09:41:58.412 [info] > git for-each-ref --format=%(refname)%00%(upstream:short)%00%(objectname)%00%(upstream:track)%00%(upstream:remotename)%00%(upstream:remoteref) refs/heads/main refs/remotes/main [1ms]
2025-04-26 09:41:58.426 [info] > git status -z -uall [8ms]
2025-04-26 09:41:58.427 [info] > git for-each-ref --sort -committerdate --format %(refname)%00%(objectname)%00%(*objectname) [2ms]
2025-04-26 09:42:03.465 [info] > git config --get commit.template [17ms]
2025-04-26 09:42:03.469 [info] > git for-each-ref --format=%(refname)%00%(upstream:short)%00%(objectname)%00%(upstream:track)%00%(upstream:remotename)%00%(upstream:remoteref) refs/heads/main refs/remotes/main [6ms]
2025-04-26 09:42:03.504 [info] > git status -z -uall [18ms]
2025-04-26 09:42:03.506 [info] > git for-each-ref --sort -committerdate --format %(refname)%00%(objectname)%00%(*objectname) [6ms]
2025-04-26 09:42:08.540 [info] > git config --get commit.template [6ms]
2025-04-26 09:42:08.541 [info] > git for-each-ref --format=%(refname)%00%(upstream:short)%00%(objectname)%00%(upstream:track)%00%(upstream:remotename)%00%(upstream:remoteref) refs/heads/main refs/remotes/main [1ms]
2025-04-26 09:42:08.553 [info] > git status -z -uall [6ms]
2025-04-26 09:42:08.555 [info] > git for-each-ref --sort -committerdate --format %(refname)%00%(objectname)%00%(*objectname) [2ms]
2025-04-26 09:42:13.594 [info] > git config --get commit.template [19ms]
2025-04-26 09:42:13.599 [info] > git for-each-ref --format=%(refname)%00%(upstream:short)%00%(objectname)%00%(upstream:track)%00%(upstream:remotename)%00%(upstream:remoteref) refs/heads/main refs/remotes/main [5ms]
2025-04-26 09:42:13.631 [info] > git status -z -uall [17ms]
2025-04-26 09:42:13.636 [info] > git for-each-ref --sort -committerdate --format %(refname)%00%(objectname)%00%(*objectname) [6ms]
2025-04-26 09:42:20.881 [info] > git config --get commit.template [17ms]
2025-04-26 09:42:20.884 [info] > git for-each-ref --format=%(refname)%00%(upstream:short)%00%(objectname)%00%(upstream:track)%00%(upstream:remotename)%00%(upstream:remoteref) refs/heads/main refs/remotes/main [5ms]
2025-04-26 09:42:20.917 [info] > git status -z -uall [17ms]
2025-04-26 09:42:20.921 [info] > git for-each-ref --sort -committerdate --format %(refname)%00%(objectname)%00%(*objectname) [4ms]
2025-04-26 09:42:25.943 [info] > git config --get commit.template [7ms]
2025-04-26 09:42:25.944 [info] > git for-each-ref --format=%(refname)%00%(upstream:short)%00%(objectname)%00%(upstream:track)%00%(upstream:remotename)%00%(upstream:remoteref) refs/heads/main refs/remotes/main [2ms]
2025-04-26 09:42:25.959 [info] > git status -z -uall [8ms]
2025-04-26 09:42:25.960 [info] > git for-each-ref --sort -committerdate --format %(refname)%00%(objectname)%00%(*objectname) [2ms]
2025-04-26 09:42:56.941 [info] > git config --get commit.template [6ms]
2025-04-26 09:42:56.942 [info] > git for-each-ref --format=%(refname)%00%(upstream:short)%00%(objectname)%00%(upstream:track)%00%(upstream:remotename)%00%(upstream:remoteref) refs/heads/main refs/remotes/main [2ms]
2025-04-26 09:42:56.955 [info] > git status -z -uall [7ms]
2025-04-26 09:42:56.957 [info] > git for-each-ref --sort -committerdate --format %(refname)%00%(objectname)%00%(*objectname) [3ms]
2025-04-26 09:43:02.926 [info] > git config --get commit.template [7ms]
2025-04-26 09:43:02.927 [info] > git for-each-ref --format=%(refname)%00%(upstream:short)%00%(objectname)%00%(upstream:track)%00%(upstream:remotename)%00%(upstream:remoteref) refs/heads/main refs/remotes/main [2ms]
2025-04-26 09:43:02.939 [info] > git status -z -uall [6ms]
2025-04-26 09:43:02.941 [info] > git for-each-ref --sort -committerdate --format %(refname)%00%(objectname)%00%(*objectname) [2ms]
2025-04-26 09:43:09.367 [info] > git config --get commit.template [7ms]
2025-04-26 09:43:09.368 [info] > git for-each-ref --format=%(refname)%00%(upstream:short)%00%(objectname)%00%(upstream:track)%00%(upstream:remotename)%00%(upstream:remoteref) refs/heads/main refs/remotes/main [2ms]
2025-04-26 09:43:09.381 [info] > git status -z -uall [6ms]
2025-04-26 09:43:09.382 [info] > git for-each-ref --sort -committerdate --format %(refname)%00%(objectname)%00%(*objectname) [1ms]
2025-04-26 09:43:14.985 [info] > git config --get commit.template [6ms]
2025-04-26 09:43:14.986 [info] > git for-each-ref --format=%(refname)%00%(upstream:short)%00%(objectname)%00%(upstream:track)%00%(upstream:remotename)%00%(upstream:remoteref) refs/heads/main refs/remotes/main [2ms]
2025-04-26 09:43:14.998 [info] > git status -z -uall [6ms]
2025-04-26 09:43:15.000 [info] > git for-each-ref --sort -committerdate --format %(refname)%00%(objectname)%00%(*objectname) [3ms]
2025-04-26 09:43:20.019 [info] > git config --get commit.template [6ms]
2025-04-26 09:43:20.021 [info] > git for-each-ref --format=%(refname)%00%(upstream:short)%00%(objectname)%00%(upstream:track)%00%(upstream:remotename)%00%(upstream:remoteref) refs/heads/main refs/remotes/main [2ms]
2025-04-26 09:43:20.035 [info] > git status -z -uall [6ms]
2025-04-26 09:43:20.036 [info] > git for-each-ref --sort -committerdate --format %(refname)%00%(objectname)%00%(*objectname) [2ms]
2025-04-26 09:43:26.957 [info] > git config --get commit.template [7ms]
2025-04-26 09:43:26.958 [info] > git for-each-ref --format=%(refname)%00%(upstream:short)%00%(objectname)%00%(upstream:track)%00%(upstream:remotename)%00%(upstream:remoteref) refs/heads/main refs/remotes/main [2ms]
2025-04-26 09:43:26.972 [info] > git status -z -uall [7ms]
2025-04-26 09:43:26.974 [info] > git for-each-ref --sort -committerdate --format %(refname)%00%(objectname)%00%(*objectname) [3ms]
2025-04-26 09:43:36.008 [info] > git config --get commit.template [6ms]
2025-04-26 09:43:36.009 [info] > git for-each-ref --format=%(refname)%00%(upstream:short)%00%(objectname)%00%(upstream:track)%00%(upstream:remotename)%00%(upstream:remoteref) refs/heads/main refs/remotes/main [2ms]
2025-04-26 09:43:36.021 [info] > git status -z -uall [6ms]
2025-04-26 09:43:36.022 [info] > git for-each-ref --sort -committerdate --format %(refname)%00%(objectname)%00%(*objectname) [2ms]
2025-04-26 09:43:41.044 [info] > git config --get commit.template [7ms]
2025-04-26 09:43:41.046 [info] > git for-each-ref --format=%(refname)%00%(upstream:short)%00%(objectname)%00%(upstream:track)%00%(upstream:remotename)%00%(upstream:remoteref) refs/heads/main refs/remotes/main [2ms]
2025-04-26 09:43:41.061 [info] > git status -z -uall [8ms]
2025-04-26 09:43:41.062 [info] > git for-each-ref --sort -committerdate --format %(refname)%00%(objectname)%00%(*objectname) [2ms]
2025-04-26 09:43:46.100 [info] > git config --get commit.template [17ms]
2025-04-26 09:43:46.104 [info] > git for-each-ref --format=%(refname)%00%(upstream:short)%00%(objectname)%00%(upstream:track)%00%(upstream:remotename)%00%(upstream:remoteref) refs/heads/main refs/remotes/main [5ms]
2025-04-26 09:43:46.135 [info] > git status -z -uall [15ms]
2025-04-26 09:43:46.136 [info] > git for-each-ref --sort -committerdate --format %(refname)%00%(objectname)%00%(*objectname) [2ms]
2025-04-26 09:44:05.981 [info] > git config --get commit.template [8ms]
2025-04-26 09:44:05.982 [info] > git for-each-ref --format=%(refname)%00%(upstream:short)%00%(objectname)%00%(upstream:track)%00%(upstream:remotename)%00%(upstream:remoteref) refs/heads/main refs/remotes/main [2ms]
2025-04-26 09:44:05.997 [info] > git status -z -uall [6ms]
2025-04-26 09:44:05.999 [info] > git for-each-ref --sort -committerdate --format %(refname)%00%(objectname)%00%(*objectname) [2ms]
2025-04-26 09:44:11.012 [info] > git config --get commit.template [5ms]
2025-04-26 09:44:11.013 [info] > git for-each-ref --format=%(refname)%00%(upstream:short)%00%(objectname)%00%(upstream:track)%00%(upstream:remotename)%00%(upstream:remoteref) refs/heads/main refs/remotes/main [2ms]
2025-04-26 09:44:11.023 [info] > git status -z -uall [5ms]
2025-04-26 09:44:11.025 [info] > git for-each-ref --sort -committerdate --format %(refname)%00%(objectname)%00%(*objectname) [2ms]
