2025-04-28 19:51:43.512 [info] [main] Log level: Info
2025-04-28 19:51:43.512 [info] [main] Validating found git in: "git"
2025-04-28 19:51:43.661 [info] [main] Using git "2.49.0" from "git"
2025-04-28 19:51:43.661 [info] [Model][doInitialScan] Initial repository scan started
2025-04-28 19:51:43.785 [info] > git rev-parse --show-toplevel [113ms]
2025-04-28 19:51:43.785 [info] fatal: not a git repository (or any of the parent directories): .git
2025-04-28 19:51:44.200 [info] > git rev-parse --show-toplevel [130ms]
2025-04-28 19:51:44.219 [info] > git rev-parse --path-format=relative --show-toplevel [4ms]
2025-04-28 19:51:44.230 [info] > git rev-parse --git-dir --git-common-dir [2ms]
2025-04-28 19:51:44.230 [info] fatal: not a git repository (or any of the parent directories): .git
2025-04-28 19:51:44.237 [info] > git rev-parse --show-toplevel [1ms]
2025-04-28 19:51:44.237 [info] fatal: not a git repository (or any of the parent directories): .git
2025-04-28 19:51:44.244 [info] > git rev-parse --show-toplevel [1ms]
2025-04-28 19:51:44.244 [info] fatal: not a git repository (or any of the parent directories): .git
2025-04-28 19:51:44.250 [info] > git rev-parse --show-toplevel [1ms]
2025-04-28 19:51:44.256 [info] > git rev-parse --git-dir --git-common-dir [1ms]
2025-04-28 19:51:44.271 [info] [Model][openRepository] Opened repository: /home/max/.dotfiles
2025-04-28 19:51:44.293 [info] > git rev-parse --show-toplevel [9ms]
2025-04-28 19:51:44.293 [info] fatal: not a git repository (or any of the parent directories): .git
2025-04-28 19:51:44.310 [info] > git rev-parse --show-toplevel [9ms]
2025-04-28 19:51:44.310 [info] fatal: not a git repository (or any of the parent directories): .git
2025-04-28 19:51:44.311 [info] > git config --get commit.template [31ms]
2025-04-28 19:51:44.322 [info] > git rev-parse --show-toplevel [6ms]
2025-04-28 19:51:44.322 [info] fatal: not a git repository (or any of the parent directories): .git
2025-04-28 19:51:44.328 [info] > git rev-parse --show-toplevel [1ms]
2025-04-28 19:51:44.328 [info] fatal: not a git repository (or any of the parent directories): .git
2025-04-28 19:51:44.334 [info] > git rev-parse --show-toplevel [1ms]
2025-04-28 19:51:44.334 [info] fatal: not a git repository (or any of the parent directories): .git
2025-04-28 19:51:44.341 [info] > git rev-parse --show-toplevel [1ms]
2025-04-28 19:51:44.341 [info] fatal: not a git repository (or any of the parent directories): .git
2025-04-28 19:51:44.347 [info] > git rev-parse --show-toplevel [1ms]
2025-04-28 19:51:44.347 [info] fatal: not a git repository (or any of the parent directories): .git
2025-04-28 19:51:44.352 [info] > git rev-parse --show-toplevel [1ms]
2025-04-28 19:51:44.352 [info] fatal: not a git repository (or any of the parent directories): .git
2025-04-28 19:51:44.357 [info] > git rev-parse --show-toplevel [1ms]
2025-04-28 19:51:44.357 [info] fatal: not a git repository (or any of the parent directories): .git
2025-04-28 19:51:44.363 [info] > git rev-parse --show-toplevel [1ms]
2025-04-28 19:51:44.363 [info] fatal: not a git repository (or any of the parent directories): .git
2025-04-28 19:51:44.369 [info] > git rev-parse --show-toplevel [1ms]
2025-04-28 19:51:44.369 [info] fatal: not a git repository (or any of the parent directories): .git
2025-04-28 19:51:44.376 [info] > git rev-parse --show-toplevel [1ms]
2025-04-28 19:51:44.376 [info] fatal: not a git repository (or any of the parent directories): .git
2025-04-28 19:51:44.385 [info] > git rev-parse --show-toplevel [1ms]
2025-04-28 19:51:44.385 [info] fatal: not a git repository (or any of the parent directories): .git
2025-04-28 19:51:44.390 [info] > git rev-parse --show-toplevel [1ms]
2025-04-28 19:51:44.390 [info] fatal: not a git repository (or any of the parent directories): .git
2025-04-28 19:51:44.397 [info] > git rev-parse --show-toplevel [1ms]
2025-04-28 19:51:44.397 [info] fatal: not a git repository (or any of the parent directories): .git
2025-04-28 19:51:44.404 [info] > git rev-parse --show-toplevel [1ms]
2025-04-28 19:51:44.404 [info] fatal: not a git repository (or any of the parent directories): .git
2025-04-28 19:51:44.509 [info] > git rev-parse --show-toplevel [100ms]
2025-04-28 19:51:44.525 [info] > git rev-parse --git-dir --git-common-dir [4ms]
2025-04-28 19:51:44.544 [info] [Model][openRepository] Opened repository: /home/max/picom
2025-04-28 19:51:44.582 [info] > git config --get commit.template [21ms]
2025-04-28 19:51:44.668 [info] > git rev-parse --show-toplevel [92ms]
2025-04-28 19:51:44.678 [info] > git rev-parse --git-dir --git-common-dir [2ms]
2025-04-28 19:51:44.690 [info] [Model][openRepository] Opened repository: /home/max/yay
2025-04-28 19:51:44.692 [info] [Model][doInitialScan] Initial repository scan completed - repositories (3), closed repositories (0), parent repositories (0), unsafe repositories (0)
2025-04-28 19:51:44.705 [info] > git config --get commit.template [2ms]
2025-04-28 19:51:44.895 [info] > git for-each-ref --format=%(refname)%00%(upstream:short)%00%(objectname)%00%(upstream:track)%00%(upstream:remotename)%00%(upstream:remoteref) refs/heads/main refs/remotes/main [587ms]
2025-04-28 19:51:44.996 [info] > git for-each-ref --sort -committerdate --format %(refname)%00%(objectname)%00%(*objectname) [72ms]
2025-04-28 19:51:45.015 [info] > git for-each-ref --format=%(refname)%00%(upstream:short)%00%(objectname)%00%(upstream:track)%00%(upstream:remotename)%00%(upstream:remoteref) refs/heads/next refs/remotes/next [412ms]
2025-04-28 19:51:45.031 [warning] [Git][revParse] Unable to read file: ENOENT: no such file or directory, open '/home/max/picom/.git/refs/remotes/origin/next'
2025-04-28 19:51:45.036 [info] > git rev-parse refs/remotes/origin/next [6ms]
2025-04-28 19:51:45.206 [info] > git check-ignore -v -z --stdin [392ms]
2025-04-28 19:51:45.246 [info] > git for-each-ref --format=%(refname)%00%(upstream:short)%00%(objectname)%00%(upstream:track)%00%(upstream:remotename)%00%(upstream:remoteref) refs/heads/master refs/remotes/master [533ms]
2025-04-28 19:51:45.262 [warning] [Git][revParse] Unable to read file: ENOENT: no such file or directory, open '/home/max/yay/.git/refs/remotes/origin/master'
2025-04-28 19:51:45.267 [info] > git rev-parse refs/remotes/origin/master [6ms]
2025-04-28 19:51:45.351 [info] > git for-each-ref --sort -committerdate --format %(refname)%00%(objectname)%00%(*objectname) [64ms]
2025-04-28 19:51:45.748 [info] > git status -z -uall [469ms]
2025-04-28 19:51:45.789 [info] > git status -z -uall [880ms]
2025-04-28 19:51:45.789 [info] > git for-each-ref --format=%(refname)%00%(upstream:short)%00%(objectname)%00%(upstream:track)%00%(upstream:remotename)%00%(upstream:remoteref) refs/heads/master refs/remotes/master [11ms]
2025-04-28 19:51:45.814 [info] > git for-each-ref --format=%(refname)%00%(upstream:short)%00%(objectname)%00%(upstream:track)%00%(upstream:remotename)%00%(upstream:remoteref) refs/heads/main refs/remotes/main [9ms]
2025-04-28 19:51:45.819 [info] > git config --get --local branch.master.vscode-merge-base [26ms]
2025-04-28 19:51:45.823 [info] > git config --get commit.template [36ms]
2025-04-28 19:51:45.825 [info] > git for-each-ref --format=%(refname)%00%(upstream:short)%00%(objectname)%00%(upstream:track)%00%(upstream:remotename)%00%(upstream:remoteref) refs/heads/origin/master refs/remotes/origin/master [2ms]
2025-04-28 19:51:45.832 [info] > git config --get --local branch.main.vscode-merge-base [13ms]
2025-04-28 19:51:45.837 [info] > git config --get commit.template [23ms]
2025-04-28 19:51:45.845 [info] > git for-each-ref --format=%(refname)%00%(upstream:short)%00%(objectname)%00%(upstream:track)%00%(upstream:remotename)%00%(upstream:remoteref) refs/heads/origin/main refs/remotes/origin/main [9ms]
2025-04-28 19:51:45.855 [info] > git for-each-ref --format=%(refname)%00%(upstream:short)%00%(objectname)%00%(upstream:track)%00%(upstream:remotename)%00%(upstream:remoteref) refs/heads/master refs/remotes/master [11ms]
2025-04-28 19:51:46.046 [warning] [Git][revParse] Unable to read file: ENOENT: no such file or directory, open '/home/max/yay/.git/refs/remotes/origin/master'
2025-04-28 19:51:46.047 [info] > git for-each-ref --format=%(refname)%00%(upstream:short)%00%(objectname)%00%(upstream:track)%00%(upstream:remotename)%00%(upstream:remoteref) refs/heads/main refs/remotes/main [193ms]
2025-04-28 19:51:46.047 [info] > git merge-base refs/heads/main refs/remotes/origin/main [197ms]
2025-04-28 19:51:46.053 [info] > git merge-base refs/heads/master refs/remotes/origin/master [222ms]
2025-04-28 19:51:46.058 [info] > git for-each-ref --sort -committerdate --format %(refname)%00%(objectname)%00%(*objectname) [988ms]
2025-04-28 19:51:46.093 [info] > git diff --name-status -z --diff-filter=ADMR 179b744dec6648ff7c7b051c692ba20c906f348e...refs/remotes/origin/master [35ms]
2025-04-28 19:51:46.093 [info] > git diff --name-status -z --diff-filter=ADMR a6f395c3e8f3e17039217cb160a72dfcc9bb5ab1...refs/remotes/origin/main [40ms]
2025-04-28 19:51:46.094 [info] > git rev-parse refs/remotes/origin/master [48ms]
2025-04-28 19:51:46.107 [info] > git status -z -uall [7ms]
2025-04-28 19:51:46.110 [info] > git for-each-ref --sort -committerdate --format %(refname)%00%(objectname)%00%(*objectname) [4ms]
2025-04-28 19:51:46.127 [info] > git for-each-ref --sort -committerdate --format %(refname)%00%(objectname)%00%(*objectname) [2ms]
2025-04-28 19:51:46.138 [info] > git status -z -uall [18ms]
2025-04-28 19:51:46.981 [info] > git status -z -uall [1928ms]
2025-04-28 19:51:47.000 [info] > git for-each-ref --format=%(refname)%00%(upstream:short)%00%(objectname)%00%(upstream:track)%00%(upstream:remotename)%00%(upstream:remoteref) refs/heads/next refs/remotes/next [9ms]
2025-04-28 19:51:47.008 [info] > git config --get commit.template [10ms]
2025-04-28 19:51:47.009 [info] > git config --get --local branch.next.vscode-merge-base [3ms]
2025-04-28 19:51:47.021 [info] > git for-each-ref --format=%(refname)%00%(upstream:short)%00%(objectname)%00%(upstream:track)%00%(upstream:remotename)%00%(upstream:remoteref) refs/heads/origin/next refs/remotes/origin/next [6ms]
2025-04-28 19:51:47.028 [info] > git for-each-ref --format=%(refname)%00%(upstream:short)%00%(objectname)%00%(upstream:track)%00%(upstream:remotename)%00%(upstream:remoteref) refs/heads/next refs/remotes/next [8ms]
2025-04-28 19:51:47.034 [warning] [Git][revParse] Unable to read file: ENOENT: no such file or directory, open '/home/max/picom/.git/refs/remotes/origin/next'
2025-04-28 19:51:47.035 [info] > git merge-base refs/heads/next refs/remotes/origin/next [8ms]
2025-04-28 19:51:47.043 [info] > git rev-parse refs/remotes/origin/next [9ms]
2025-04-28 19:51:47.057 [info] > git diff --name-status -z --diff-filter=ADMR e9834631b85da58d1f9cb258a0e020eedda58100...refs/remotes/origin/next [14ms]
2025-04-28 19:51:47.059 [info] > git for-each-ref --sort -committerdate --format %(refname)%00%(objectname)%00%(*objectname) [3ms]
2025-04-28 19:51:47.068 [info] > git status -z -uall [19ms]
2025-04-28 19:52:03.191 [info] > git config --get commit.template [6ms]
2025-04-28 19:52:03.192 [info] > git for-each-ref --format=%(refname)%00%(upstream:short)%00%(objectname)%00%(upstream:track)%00%(upstream:remotename)%00%(upstream:remoteref) refs/heads/main refs/remotes/main [2ms]
2025-04-28 19:52:03.208 [info] > git for-each-ref --sort -committerdate --format %(refname)%00%(objectname)%00%(*objectname) [2ms]
2025-04-28 19:52:03.227 [info] > git status -z -uall [28ms]
2025-04-28 19:52:38.110 [info] > git config --get commit.template [6ms]
2025-04-28 19:52:38.111 [info] > git for-each-ref --format=%(refname)%00%(upstream:short)%00%(objectname)%00%(upstream:track)%00%(upstream:remotename)%00%(upstream:remoteref) refs/heads/main refs/remotes/main [2ms]
2025-04-28 19:52:38.123 [info] > git for-each-ref --sort -committerdate --format %(refname)%00%(objectname)%00%(*objectname) [1ms]
2025-04-28 19:52:38.137 [info] > git status -z -uall [21ms]
2025-04-28 19:56:28.430 [info] > git config --get commit.template [8ms]
2025-04-28 19:56:28.431 [info] > git for-each-ref --format=%(refname)%00%(upstream:short)%00%(objectname)%00%(upstream:track)%00%(upstream:remotename)%00%(upstream:remoteref) refs/heads/main refs/remotes/main [2ms]
2025-04-28 19:56:28.449 [info] > git for-each-ref --sort -committerdate --format %(refname)%00%(objectname)%00%(*objectname) [2ms]
2025-04-28 19:56:28.468 [info] > git status -z -uall [29ms]
2025-04-28 20:01:17.723 [info] > git config --get commit.template [6ms]
2025-04-28 20:01:17.724 [info] > git for-each-ref --format=%(refname)%00%(upstream:short)%00%(objectname)%00%(upstream:track)%00%(upstream:remotename)%00%(upstream:remoteref) refs/heads/main refs/remotes/main [1ms]
2025-04-28 20:01:17.738 [info] > git for-each-ref --sort -committerdate --format %(refname)%00%(objectname)%00%(*objectname) [2ms]
2025-04-28 20:01:17.753 [info] > git status -z -uall [23ms]
2025-04-28 20:01:22.779 [info] > git config --get commit.template [7ms]
2025-04-28 20:01:22.780 [info] > git for-each-ref --format=%(refname)%00%(upstream:short)%00%(objectname)%00%(upstream:track)%00%(upstream:remotename)%00%(upstream:remoteref) refs/heads/main refs/remotes/main [2ms]
2025-04-28 20:01:22.795 [info] > git for-each-ref --sort -committerdate --format %(refname)%00%(objectname)%00%(*objectname) [2ms]
2025-04-28 20:01:22.811 [info] > git status -z -uall [24ms]
2025-04-28 20:03:03.868 [info] > git config --get commit.template [8ms]
2025-04-28 20:03:03.869 [info] > git for-each-ref --format=%(refname)%00%(upstream:short)%00%(objectname)%00%(upstream:track)%00%(upstream:remotename)%00%(upstream:remoteref) refs/heads/main refs/remotes/main [2ms]
2025-04-28 20:03:03.882 [info] > git for-each-ref --sort -committerdate --format %(refname)%00%(objectname)%00%(*objectname) [1ms]
2025-04-28 20:03:03.894 [info] > git status -z -uall [18ms]
