2025-04-26 09:44:23.563 [info] [main] Log level: Info
2025-04-26 09:44:23.563 [info] [main] Validating found git in: "git"
2025-04-26 09:44:23.563 [info] [main] Using git "2.49.0" from "git"
2025-04-26 09:44:23.563 [info] [Model][doInitialScan] Initial repository scan started
2025-04-26 09:44:23.563 [info] > git rev-parse --show-toplevel [18ms]
2025-04-26 09:44:23.563 [info] > git rev-parse --git-dir --git-common-dir [8ms]
2025-04-26 09:44:23.563 [info] [Model][openRepository] Opened repository: /home/max/.dotfiles
2025-04-26 09:44:23.563 [info] > git rev-parse --show-toplevel [3ms]
2025-04-26 09:44:23.563 [info] > git config --get commit.template [8ms]
2025-04-26 09:44:23.574 [info] > git rev-parse --show-toplevel [7ms]
2025-04-26 09:44:23.579 [info] > git for-each-ref --format=%(refname)%00%(upstream:short)%00%(objectname)%00%(upstream:track)%00%(upstream:remotename)%00%(upstream:remoteref) refs/heads/main refs/remotes/main [7ms]
2025-04-26 09:44:23.580 [info] > git rev-parse --show-toplevel [2ms]
2025-04-26 09:44:23.597 [info] > git status -z -uall [7ms]
2025-04-26 09:44:23.598 [info] > git rev-parse --show-toplevel [14ms]
2025-04-26 09:44:23.603 [info] > git for-each-ref --sort -committerdate --format %(refname)%00%(objectname)%00%(*objectname) [8ms]
2025-04-26 09:44:23.640 [info] > git for-each-ref --format=%(refname)%00%(upstream:short)%00%(objectname)%00%(upstream:track)%00%(upstream:remotename)%00%(upstream:remoteref) refs/heads/main refs/remotes/main [9ms]
2025-04-26 09:44:23.646 [info] > git rev-parse --show-toplevel [44ms]
2025-04-26 09:44:23.647 [info] [Model][doInitialScan] Initial repository scan completed - repositories (1), closed repositories (0), parent repositories (0), unsafe repositories (0)
2025-04-26 09:44:23.678 [info] > git config --get --local branch.main.vscode-merge-base [32ms]
2025-04-26 09:44:23.684 [info] > git config --get commit.template [45ms]
2025-04-26 09:44:23.716 [info] > git for-each-ref --format=%(refname)%00%(upstream:short)%00%(objectname)%00%(upstream:track)%00%(upstream:remotename)%00%(upstream:remoteref) refs/heads/origin/main refs/remotes/origin/main [31ms]
2025-04-26 09:44:23.726 [info] > git merge-base refs/heads/main refs/remotes/origin/main [5ms]
2025-04-26 09:44:23.732 [info] > git for-each-ref --format=%(refname)%00%(upstream:short)%00%(objectname)%00%(upstream:track)%00%(upstream:remotename)%00%(upstream:remoteref) refs/heads/main refs/remotes/main [17ms]
2025-04-26 09:44:23.774 [info] > git diff --name-status -z --diff-filter=ADMR 550da9bd4aa66a62b743c8e922a2e22d63d4c045...refs/remotes/origin/main [43ms]
2025-04-26 09:44:23.789 [info] > git status -z -uall [8ms]
2025-04-26 09:44:23.791 [info] > git for-each-ref --sort -committerdate --format %(refname)%00%(objectname)%00%(*objectname) [4ms]
2025-04-26 09:44:23.890 [info] > git show --textconv :.config/sxhkd/sxhkdrc [7ms]
2025-04-26 09:44:23.891 [info] > git ls-files --stage -- .config/sxhkd/sxhkdrc [2ms]
2025-04-26 09:44:23.917 [info] > git cat-file -s c5eb61c782e19e70c449d45887efac03aab45f31 [21ms]
2025-04-26 09:44:23.944 [info] > git blame --root --incremental 550da9bd4aa66a62b743c8e922a2e22d63d4c045 -- .config/sxhkd/sxhkdrc [4ms]
2025-04-26 09:44:24.070 [info] > git check-ignore -v -z --stdin [2ms]
2025-04-26 09:44:26.842 [info] > git check-ignore -v -z --stdin [5ms]
2025-04-26 09:44:28.311 [info] > git config --get commit.template [11ms]
2025-04-26 09:44:28.313 [info] > git for-each-ref --format=%(refname)%00%(upstream:short)%00%(objectname)%00%(upstream:track)%00%(upstream:remotename)%00%(upstream:remoteref) refs/heads/main refs/remotes/main [3ms]
2025-04-26 09:44:28.329 [info] > git status -z -uall [10ms]
2025-04-26 09:44:28.331 [info] > git for-each-ref --sort -committerdate --format %(refname)%00%(objectname)%00%(*objectname) [3ms]
2025-04-26 09:44:33.353 [info] > git config --get commit.template [6ms]
2025-04-26 09:44:33.353 [info] > git for-each-ref --format=%(refname)%00%(upstream:short)%00%(objectname)%00%(upstream:track)%00%(upstream:remotename)%00%(upstream:remoteref) refs/heads/main refs/remotes/main [1ms]
2025-04-26 09:44:33.366 [info] > git status -z -uall [7ms]
2025-04-26 09:44:33.367 [info] > git for-each-ref --sort -committerdate --format %(refname)%00%(objectname)%00%(*objectname) [2ms]
2025-04-26 09:44:38.391 [info] > git config --get commit.template [7ms]
2025-04-26 09:44:38.393 [info] > git for-each-ref --format=%(refname)%00%(upstream:short)%00%(objectname)%00%(upstream:track)%00%(upstream:remotename)%00%(upstream:remoteref) refs/heads/main refs/remotes/main [3ms]
2025-04-26 09:44:38.409 [info] > git status -z -uall [7ms]
2025-04-26 09:44:38.410 [info] > git for-each-ref --sort -committerdate --format %(refname)%00%(objectname)%00%(*objectname) [2ms]
2025-04-26 09:44:43.432 [info] > git config --get commit.template [7ms]
2025-04-26 09:44:43.433 [info] > git for-each-ref --format=%(refname)%00%(upstream:short)%00%(objectname)%00%(upstream:track)%00%(upstream:remotename)%00%(upstream:remoteref) refs/heads/main refs/remotes/main [2ms]
2025-04-26 09:44:43.448 [info] > git status -z -uall [7ms]
2025-04-26 09:44:43.450 [info] > git for-each-ref --sort -committerdate --format %(refname)%00%(objectname)%00%(*objectname) [3ms]
2025-04-26 09:44:48.480 [info] > git config --get commit.template [9ms]
2025-04-26 09:44:48.481 [info] > git for-each-ref --format=%(refname)%00%(upstream:short)%00%(objectname)%00%(upstream:track)%00%(upstream:remotename)%00%(upstream:remoteref) refs/heads/main refs/remotes/main [2ms]
2025-04-26 09:44:48.496 [info] > git status -z -uall [7ms]
2025-04-26 09:44:48.497 [info] > git for-each-ref --sort -committerdate --format %(refname)%00%(objectname)%00%(*objectname) [2ms]
2025-04-26 09:44:53.516 [info] > git config --get commit.template [6ms]
2025-04-26 09:44:53.517 [info] > git for-each-ref --format=%(refname)%00%(upstream:short)%00%(objectname)%00%(upstream:track)%00%(upstream:remotename)%00%(upstream:remoteref) refs/heads/main refs/remotes/main [2ms]
2025-04-26 09:44:53.531 [info] > git status -z -uall [8ms]
2025-04-26 09:44:53.532 [info] > git for-each-ref --sort -committerdate --format %(refname)%00%(objectname)%00%(*objectname) [3ms]
2025-04-26 09:44:54.584 [info] > git check-ignore -v -z --stdin [1ms]
2025-04-26 09:44:58.576 [info] > git config --get commit.template [19ms]
2025-04-26 09:44:58.580 [info] > git for-each-ref --format=%(refname)%00%(upstream:short)%00%(objectname)%00%(upstream:track)%00%(upstream:remotename)%00%(upstream:remoteref) refs/heads/main refs/remotes/main [6ms]
2025-04-26 09:44:58.605 [info] > git status -z -uall [10ms]
2025-04-26 09:44:58.607 [info] > git for-each-ref --sort -committerdate --format %(refname)%00%(objectname)%00%(*objectname) [3ms]
2025-04-26 09:45:09.240 [info] > git config --get commit.template [7ms]
2025-04-26 09:45:09.242 [info] > git for-each-ref --format=%(refname)%00%(upstream:short)%00%(objectname)%00%(upstream:track)%00%(upstream:remotename)%00%(upstream:remoteref) refs/heads/main refs/remotes/main [2ms]
2025-04-26 09:45:09.256 [info] > git status -z -uall [8ms]
2025-04-26 09:45:09.258 [info] > git for-each-ref --sort -committerdate --format %(refname)%00%(objectname)%00%(*objectname) [3ms]
2025-04-26 09:45:14.286 [info] > git config --get commit.template [6ms]
2025-04-26 09:45:14.287 [info] > git for-each-ref --format=%(refname)%00%(upstream:short)%00%(objectname)%00%(upstream:track)%00%(upstream:remotename)%00%(upstream:remoteref) refs/heads/main refs/remotes/main [2ms]
2025-04-26 09:45:14.299 [info] > git status -z -uall [6ms]
2025-04-26 09:45:14.300 [info] > git for-each-ref --sort -committerdate --format %(refname)%00%(objectname)%00%(*objectname) [1ms]
2025-04-26 09:45:19.339 [info] > git config --get commit.template [9ms]
2025-04-26 09:45:19.340 [info] > git for-each-ref --format=%(refname)%00%(upstream:short)%00%(objectname)%00%(upstream:track)%00%(upstream:remotename)%00%(upstream:remoteref) refs/heads/main refs/remotes/main [2ms]
2025-04-26 09:45:19.358 [info] > git status -z -uall [10ms]
2025-04-26 09:45:19.359 [info] > git for-each-ref --sort -committerdate --format %(refname)%00%(objectname)%00%(*objectname) [2ms]
2025-04-26 09:45:23.625 [info] > git check-ignore -v -z --stdin [5ms]
2025-04-26 09:45:24.314 [info] > git ls-files --stage -- .config/bspwm/bspwmrc [4ms]
2025-04-26 09:45:24.388 [info] > git config --get commit.template [4ms]
2025-04-26 09:45:24.405 [info] > git show --textconv :.config/bspwm/bspwmrc [112ms]
2025-04-26 09:45:24.407 [info] > git cat-file -s 664bf14ed8a8865b051f16c37a9f1a9d863d2b30 [79ms]
2025-04-26 09:45:24.411 [info] > git for-each-ref --format=%(refname)%00%(upstream:short)%00%(objectname)%00%(upstream:track)%00%(upstream:remotename)%00%(upstream:remoteref) refs/heads/main refs/remotes/main [8ms]
2025-04-26 09:45:24.431 [info] > git status -z -uall [8ms]
2025-04-26 09:45:24.433 [info] > git for-each-ref --sort -committerdate --format %(refname)%00%(objectname)%00%(*objectname) [3ms]
2025-04-26 09:45:29.460 [info] > git config --get commit.template [7ms]
2025-04-26 09:45:29.462 [info] > git for-each-ref --format=%(refname)%00%(upstream:short)%00%(objectname)%00%(upstream:track)%00%(upstream:remotename)%00%(upstream:remoteref) refs/heads/main refs/remotes/main [3ms]
2025-04-26 09:45:29.476 [info] > git status -z -uall [6ms]
2025-04-26 09:45:29.477 [info] > git for-each-ref --sort -committerdate --format %(refname)%00%(objectname)%00%(*objectname) [2ms]
2025-04-26 09:46:23.311 [info] > git config --get commit.template [8ms]
2025-04-26 09:46:23.313 [info] > git for-each-ref --format=%(refname)%00%(upstream:short)%00%(objectname)%00%(upstream:track)%00%(upstream:remotename)%00%(upstream:remoteref) refs/heads/main refs/remotes/main [2ms]
2025-04-26 09:46:23.325 [info] > git status -z -uall [7ms]
2025-04-26 09:46:23.326 [info] > git for-each-ref --sort -committerdate --format %(refname)%00%(objectname)%00%(*objectname) [2ms]
2025-04-26 09:46:53.628 [info] > git blame --root --incremental 550da9bd4aa66a62b743c8e922a2e22d63d4c045 -- .config/bspwm/bspwmrc [81ms]
2025-04-26 09:46:56.748 [info] > git config --get commit.template [6ms]
2025-04-26 09:46:56.749 [info] > git for-each-ref --format=%(refname)%00%(upstream:short)%00%(objectname)%00%(upstream:track)%00%(upstream:remotename)%00%(upstream:remoteref) refs/heads/main refs/remotes/main [2ms]
2025-04-26 09:46:56.761 [info] > git status -z -uall [6ms]
2025-04-26 09:46:56.763 [info] > git for-each-ref --sort -committerdate --format %(refname)%00%(objectname)%00%(*objectname) [2ms]
2025-04-26 09:47:02.183 [info] > git config --get commit.template [7ms]
2025-04-26 09:47:02.185 [info] > git for-each-ref --format=%(refname)%00%(upstream:short)%00%(objectname)%00%(upstream:track)%00%(upstream:remotename)%00%(upstream:remoteref) refs/heads/main refs/remotes/main [3ms]
2025-04-26 09:47:02.204 [info] > git status -z -uall [10ms]
2025-04-26 09:47:02.207 [info] > git for-each-ref --sort -committerdate --format %(refname)%00%(objectname)%00%(*objectname) [4ms]
2025-04-26 09:47:07.250 [info] > git config --get commit.template [18ms]
2025-04-26 09:47:07.253 [info] > git for-each-ref --format=%(refname)%00%(upstream:short)%00%(objectname)%00%(upstream:track)%00%(upstream:remotename)%00%(upstream:remoteref) refs/heads/main refs/remotes/main [6ms]
2025-04-26 09:47:07.282 [info] > git status -z -uall [12ms]
2025-04-26 09:47:07.285 [info] > git for-each-ref --sort -committerdate --format %(refname)%00%(objectname)%00%(*objectname) [4ms]
2025-04-26 09:47:12.318 [info] > git config --get commit.template [14ms]
2025-04-26 09:47:12.321 [info] > git for-each-ref --format=%(refname)%00%(upstream:short)%00%(objectname)%00%(upstream:track)%00%(upstream:remotename)%00%(upstream:remoteref) refs/heads/main refs/remotes/main [4ms]
2025-04-26 09:47:12.344 [info] > git status -z -uall [10ms]
2025-04-26 09:47:12.346 [info] > git for-each-ref --sort -committerdate --format %(refname)%00%(objectname)%00%(*objectname) [2ms]
2025-04-26 09:47:17.404 [info] > git config --get commit.template [10ms]
2025-04-26 09:47:17.405 [info] > git for-each-ref --format=%(refname)%00%(upstream:short)%00%(objectname)%00%(upstream:track)%00%(upstream:remotename)%00%(upstream:remoteref) refs/heads/main refs/remotes/main [2ms]
2025-04-26 09:47:17.420 [info] > git status -z -uall [7ms]
2025-04-26 09:47:17.421 [info] > git for-each-ref --sort -committerdate --format %(refname)%00%(objectname)%00%(*objectname) [2ms]
2025-04-26 09:47:24.337 [info] > git config --get commit.template [7ms]
2025-04-26 09:47:24.338 [info] > git for-each-ref --format=%(refname)%00%(upstream:short)%00%(objectname)%00%(upstream:track)%00%(upstream:remotename)%00%(upstream:remoteref) refs/heads/main refs/remotes/main [2ms]
2025-04-26 09:47:24.353 [info] > git status -z -uall [8ms]
2025-04-26 09:47:24.354 [info] > git for-each-ref --sort -committerdate --format %(refname)%00%(objectname)%00%(*objectname) [2ms]
2025-04-26 09:47:29.386 [info] > git config --get commit.template [8ms]
2025-04-26 09:47:29.387 [info] > git for-each-ref --format=%(refname)%00%(upstream:short)%00%(objectname)%00%(upstream:track)%00%(upstream:remotename)%00%(upstream:remoteref) refs/heads/main refs/remotes/main [2ms]
2025-04-26 09:47:29.399 [info] > git status -z -uall [6ms]
2025-04-26 09:47:29.401 [info] > git for-each-ref --sort -committerdate --format %(refname)%00%(objectname)%00%(*objectname) [2ms]
2025-04-26 09:47:34.421 [info] > git config --get commit.template [2ms]
2025-04-26 09:47:34.429 [info] > git for-each-ref --format=%(refname)%00%(upstream:short)%00%(objectname)%00%(upstream:track)%00%(upstream:remotename)%00%(upstream:remoteref) refs/heads/main refs/remotes/main [2ms]
2025-04-26 09:47:34.442 [info] > git status -z -uall [7ms]
2025-04-26 09:47:34.444 [info] > git for-each-ref --sort -committerdate --format %(refname)%00%(objectname)%00%(*objectname) [2ms]
2025-04-26 09:47:39.487 [info] > git config --get commit.template [17ms]
2025-04-26 09:47:39.490 [info] > git for-each-ref --format=%(refname)%00%(upstream:short)%00%(objectname)%00%(upstream:track)%00%(upstream:remotename)%00%(upstream:remoteref) refs/heads/main refs/remotes/main [6ms]
2025-04-26 09:47:39.521 [info] > git status -z -uall [15ms]
2025-04-26 09:47:39.524 [info] > git for-each-ref --sort -committerdate --format %(refname)%00%(objectname)%00%(*objectname) [4ms]
2025-04-26 09:47:49.823 [info] > git show --textconv :.config/sxhkd/sxhkdrc [8ms]
2025-04-26 09:47:49.825 [info] > git ls-files --stage -- .config/sxhkd/sxhkdrc [3ms]
2025-04-26 09:47:49.835 [info] > git cat-file -s c5eb61c782e19e70c449d45887efac03aab45f31 [2ms]
2025-04-26 09:48:04.454 [info] > git config --get commit.template [6ms]
2025-04-26 09:48:04.455 [info] > git for-each-ref --format=%(refname)%00%(upstream:short)%00%(objectname)%00%(upstream:track)%00%(upstream:remotename)%00%(upstream:remoteref) refs/heads/main refs/remotes/main [2ms]
2025-04-26 09:48:04.465 [info] > git status -z -uall [5ms]
2025-04-26 09:48:04.466 [info] > git for-each-ref --sort -committerdate --format %(refname)%00%(objectname)%00%(*objectname) [1ms]
