2025-05-07 17:43:25.350 [info] Started local extension host with pid 79171.
2025-05-07 17:43:28.245 [info] [perf] Render performance baseline is 43ms
2025-05-07 17:43:29.256 [error] [File Watcher] Unexpected error: Permission denied (EUNKNOWN) (path: /)
2025-05-07 17:43:29.264 [error] [File Watcher (universal)] Permission denied
2025-05-07 17:49:06.127 [error] Cannot register two commands with the same id: _workbench.openUserSettingsEditor: Error: Cannot register two commands with the same id: _workbench.openUserSettingsEditor
    at A (vscode-file://vscode-app/usr/lib/code/out/vs/workbench/workbench.desktop.main.js:34:31760)
    at t (vscode-file://vscode-app/usr/lib/code/out/vs/workbench/workbench.desktop.main.js:1864:81497)
    at Hse.value (vscode-file://vscode-app/usr/lib/code/out/vs/workbench/workbench.desktop.main.js:1864:81817)
    at E.B (vscode-file://vscode-app/usr/lib/code/out/vs/workbench/workbench.desktop.main.js:29:2392)
    at E.C (vscode-file://vscode-app/usr/lib/code/out/vs/workbench/workbench.desktop.main.js:29:2462)
    at E.fire (vscode-file://vscode-app/usr/lib/code/out/vs/workbench/workbench.desktop.main.js:29:2680)
    at aqs.updateCurrentProfile (vscode-file://vscode-app/usr/lib/code/out/vs/workbench/workbench.desktop.main.js:3211:89449)
    at UGe.z (vscode-file://vscode-app/usr/lib/code/out/vs/workbench/workbench.desktop.main.js:1840:76868)
    at Hse.value (vscode-file://vscode-app/usr/lib/code/out/vs/workbench/workbench.desktop.main.js:1840:74572)
    at E.B (vscode-file://vscode-app/usr/lib/code/out/vs/workbench/workbench.desktop.main.js:29:2392)
2025-05-07 17:57:52.625 [error] Cannot register two commands with the same id: _workbench.openUserSettingsEditor: Error: Cannot register two commands with the same id: _workbench.openUserSettingsEditor
    at A (vscode-file://vscode-app/usr/lib/code/out/vs/workbench/workbench.desktop.main.js:34:31760)
    at t (vscode-file://vscode-app/usr/lib/code/out/vs/workbench/workbench.desktop.main.js:1864:81497)
    at Hse.value (vscode-file://vscode-app/usr/lib/code/out/vs/workbench/workbench.desktop.main.js:1864:81817)
    at E.B (vscode-file://vscode-app/usr/lib/code/out/vs/workbench/workbench.desktop.main.js:29:2392)
    at E.C (vscode-file://vscode-app/usr/lib/code/out/vs/workbench/workbench.desktop.main.js:29:2462)
    at E.fire (vscode-file://vscode-app/usr/lib/code/out/vs/workbench/workbench.desktop.main.js:29:2680)
    at aqs.updateCurrentProfile (vscode-file://vscode-app/usr/lib/code/out/vs/workbench/workbench.desktop.main.js:3211:89449)
    at UGe.z (vscode-file://vscode-app/usr/lib/code/out/vs/workbench/workbench.desktop.main.js:1840:76868)
    at Hse.value (vscode-file://vscode-app/usr/lib/code/out/vs/workbench/workbench.desktop.main.js:1840:74572)
    at E.B (vscode-file://vscode-app/usr/lib/code/out/vs/workbench/workbench.desktop.main.js:29:2392)
