2025-04-26 14:43:30.056 [info] Started local extension host with pid 1703.
2025-04-26 14:43:33.208 [info] [perf] Render performance baseline is 46ms
2025-04-26 14:44:12.025 [warning] [backup tracker] suspended, ignoring dirty change event file:///home/max/.dotfiles/packages/pacman.txt 
2025-04-26 14:44:12.947 [info] Started local extension host with pid 1804.
2025-04-26 14:44:15.645 [info] [perf] Render performance baseline is 44ms
2025-04-26 14:52:52.342 [info] Started local extension host with pid 2185.
2025-04-26 14:52:55.155 [info] [perf] Render performance baseline is 50ms
2025-04-26 14:53:04.593 [info] ChatSessionStore: Migrating 0 chat sessions from storage service to file system
2025-04-26 14:53:04.730 [info] Started local extension host with pid 2226.
2025-04-26 14:53:07.430 [info] [perf] Render performance baseline is 32ms
2025-04-26 15:02:34.619 [error] Error: The editor could not be opened because the file was not found.
    at o1e.gc (vscode-file://vscode-app/usr/lib/code/out/vs/workbench/workbench.desktop.main.js:2153:119976)
    at async o1e.setInput (vscode-file://vscode-app/usr/lib/code/out/vs/workbench/workbench.desktop.main.js:2153:119134)
    at async A8e.S (vscode-file://vscode-app/usr/lib/code/out/vs/workbench/workbench.desktop.main.js:694:21057)
    at async A8e.L (vscode-file://vscode-app/usr/lib/code/out/vs/workbench/workbench.desktop.main.js:694:19612)
    at async A8e.openEditor (vscode-file://vscode-app/usr/lib/code/out/vs/workbench/workbench.desktop.main.js:694:18694)
    at async vscode-file://vscode-app/usr/lib/code/out/vs/workbench/workbench.desktop.main.js:806:23343
    at async Hse.value (vscode-file://vscode-app/usr/lib/code/out/vs/workbench/workbench.desktop.main.js:822:37052)
2025-04-26 15:02:51.530 [error] EntryNotFound (FileSystemError): Error: ENOENT: no such file or directory, open '/home/max/.cache/fontconfig/fonts.conf'
    at q9.create (file:///usr/lib/code/out/main.js:35:29212)
    at Qi (file:///usr/lib/code/out/main.js:35:26506)
    at Oc.ib (file:///usr/lib/code/out/main.js:46:22449)
    at Oc.readFile (file:///usr/lib/code/out/main.js:46:17109)
    at async n4.j (file:///usr/lib/code/out/main.js:46:23869)
2025-04-26 15:04:14.463 [error] Error: The editor could not be opened because the file was not found.
    at o1e.gc (vscode-file://vscode-app/usr/lib/code/out/vs/workbench/workbench.desktop.main.js:2153:119976)
    at async o1e.setInput (vscode-file://vscode-app/usr/lib/code/out/vs/workbench/workbench.desktop.main.js:2153:119134)
    at async A8e.S (vscode-file://vscode-app/usr/lib/code/out/vs/workbench/workbench.desktop.main.js:694:21057)
    at async A8e.L (vscode-file://vscode-app/usr/lib/code/out/vs/workbench/workbench.desktop.main.js:694:19612)
    at async A8e.openEditor (vscode-file://vscode-app/usr/lib/code/out/vs/workbench/workbench.desktop.main.js:694:18694)
    at async vscode-file://vscode-app/usr/lib/code/out/vs/workbench/workbench.desktop.main.js:806:23343
    at async Hse.value (vscode-file://vscode-app/usr/lib/code/out/vs/workbench/workbench.desktop.main.js:822:37052)
2025-04-26 15:04:44.547 [error] EntryNotFound (FileSystemError): Error: ENOENT: no such file or directory, open '/home/max/.cache/fontconfig/fonts.conf'
    at q9.create (file:///usr/lib/code/out/main.js:35:29212)
    at Qi (file:///usr/lib/code/out/main.js:35:26506)
    at Oc.ib (file:///usr/lib/code/out/main.js:46:22449)
    at Oc.readFile (file:///usr/lib/code/out/main.js:46:17109)
    at async n4.j (file:///usr/lib/code/out/main.js:46:23869)
