2025-05-07 17:43:27.185 [info] [main] Log level: Info
2025-05-07 17:43:27.185 [info] [main] Validating found git in: "git"
2025-05-07 17:43:27.185 [info] [main] Using git "2.49.0" from "git"
2025-05-07 17:43:27.185 [info] [Model][doInitialScan] Initial repository scan started
2025-05-07 17:43:27.185 [info] > git rev-parse --show-toplevel [25ms]
2025-05-07 17:43:27.185 [info] fatal: not a git repository (or any of the parent directories): .git
2025-05-07 17:43:27.185 [info] > git rev-parse --show-toplevel [3ms]
2025-05-07 17:43:27.185 [info] fatal: not a git repository (or any of the parent directories): .git
2025-05-07 17:43:27.185 [warning] [Model][traverseWorkspaceFolder] Unable to read workspace folder '/lost+found': Error: EACCES: permission denied, scandir '/lost+found'
2025-05-07 17:43:27.187 [warning] [Model][traverseWorkspaceFolder] Unable to read workspace folder '/root': Error: EACCES: permission denied, scandir '/root'
2025-05-07 17:43:27.200 [info] > git rev-parse --show-toplevel [2ms]
2025-05-07 17:43:27.200 [info] fatal: not a git repository (or any parent up to mount point /)
Stopping at filesystem boundary (GIT_DISCOVERY_ACROSS_FILESYSTEM not set).
2025-05-07 17:43:27.213 [info] > git rev-parse --show-toplevel [4ms]
2025-05-07 17:43:27.213 [info] fatal: not a git repository (or any parent up to mount point /)
Stopping at filesystem boundary (GIT_DISCOVERY_ACROSS_FILESYSTEM not set).
2025-05-07 17:43:27.223 [info] > git rev-parse --show-toplevel [3ms]
2025-05-07 17:43:27.223 [info] fatal: not a git repository (or any of the parent directories): .git
2025-05-07 17:43:27.233 [info] > git rev-parse --show-toplevel [2ms]
2025-05-07 17:43:27.233 [info] fatal: not a git repository (or any of the parent directories): .git
2025-05-07 17:43:27.252 [info] > git rev-parse --show-toplevel [10ms]
2025-05-07 17:43:27.252 [info] fatal: not a git repository (or any of the parent directories): .git
2025-05-07 17:43:27.263 [info] > git rev-parse --show-toplevel [2ms]
2025-05-07 17:43:27.263 [info] fatal: not a git repository (or any of the parent directories): .git
2025-05-07 17:43:27.274 [info] > git rev-parse --show-toplevel [3ms]
2025-05-07 17:43:27.274 [info] fatal: not a git repository (or any parent up to mount point /)
Stopping at filesystem boundary (GIT_DISCOVERY_ACROSS_FILESYSTEM not set).
2025-05-07 17:43:27.284 [info] > git rev-parse --show-toplevel [2ms]
2025-05-07 17:43:27.284 [info] fatal: not a git repository (or any parent up to mount point /)
Stopping at filesystem boundary (GIT_DISCOVERY_ACROSS_FILESYSTEM not set).
2025-05-07 17:43:27.294 [info] > git rev-parse --show-toplevel [2ms]
2025-05-07 17:43:27.294 [info] fatal: not a git repository (or any of the parent directories): .git
2025-05-07 17:43:27.304 [info] > git rev-parse --show-toplevel [3ms]
2025-05-07 17:43:27.304 [info] fatal: not a git repository (or any parent up to mount point /)
Stopping at filesystem boundary (GIT_DISCOVERY_ACROSS_FILESYSTEM not set).
2025-05-07 17:43:27.314 [info] > git rev-parse --show-toplevel [3ms]
2025-05-07 17:43:27.314 [info] fatal: not a git repository (or any of the parent directories): .git
2025-05-07 17:43:27.325 [info] > git rev-parse --show-toplevel [3ms]
2025-05-07 17:43:27.325 [info] fatal: not a git repository (or any parent up to mount point /)
Stopping at filesystem boundary (GIT_DISCOVERY_ACROSS_FILESYSTEM not set).
2025-05-07 17:43:27.335 [info] > git rev-parse --show-toplevel [2ms]
2025-05-07 17:43:27.335 [info] fatal: not a git repository (or any of the parent directories): .git
2025-05-07 17:43:27.344 [info] > git rev-parse --show-toplevel [1ms]
2025-05-07 17:43:27.344 [info] fatal: not a git repository (or any of the parent directories): .git
2025-05-07 17:43:27.345 [info] [Model][doInitialScan] Initial repository scan completed - repositories (0), closed repositories (0), parent repositories (0), unsafe repositories (0)
2025-05-07 17:43:27.355 [info] > git rev-parse --show-toplevel [3ms]
2025-05-07 17:43:27.355 [info] fatal: not a git repository (or any of the parent directories): .git
2025-05-07 17:43:27.815 [info] > git rev-parse --show-toplevel [1ms]
2025-05-07 17:43:27.815 [info] fatal: not a git repository (or any of the parent directories): .git
2025-05-07 17:43:28.044 [info] > git rev-parse --show-toplevel [2ms]
2025-05-07 17:43:28.044 [info] fatal: not a git repository (or any of the parent directories): .git
2025-05-07 17:49:06.202 [info] > git rev-parse --show-toplevel [3ms]
2025-05-07 17:49:06.202 [info] fatal: not a git repository (or any of the parent directories): .git
2025-05-07 17:57:52.825 [info] > git rev-parse --show-toplevel [14ms]
2025-05-07 17:57:52.825 [info] fatal: not a git repository (or any of the parent directories): .git
