2025-04-26 08:49:54.239 [info] Extension host with pid 4004 started
2025-04-26 08:49:54.509 [info] ExtensionService#_doActivateExtension vscode.git-base, startup: true, activationEvent: '*', root cause: vscode.git
2025-04-26 08:49:54.580 [info] ExtensionService#_doActivateExtension vscode.git, startup: true, activationEvent: '*'
2025-04-26 08:49:54.637 [info] ExtensionService#_doActivateExtension vscode.github, startup: true, activationEvent: '*'
2025-04-26 08:49:54.708 [info] Eager extensions activated
2025-04-26 08:49:54.721 [info] ExtensionService#_doActivateExtension vscode.debug-auto-launch, startup: false, activationEvent: 'onStartupFinished'
2025-04-26 08:49:54.724 [info] ExtensionService#_doActivateExtension vscode.merge-conflict, startup: false, activationEvent: 'onStartupFinished'
2025-04-26 08:51:15.264 [info] Extension host terminating: renderer closed the MessagePort
2025-04-26 08:51:15.271 [info] Extension host with pid 4004 exiting with code 0
2025-04-26 08:51:16.550 [info] Extension host with pid 4143 started
2025-04-26 08:51:16.551 [info] Skipping acquiring lock for /home/max/.config/Code - OSS/User/workspaceStorage/fde37ccc891926f544c0d537b71aec9d.
2025-04-26 08:51:16.615 [info] ExtensionService#_doActivateExtension vscode.git-base, startup: true, activationEvent: '*'
2025-04-26 08:51:16.632 [info] ExtensionService#_doActivateExtension vscode.github, startup: true, activationEvent: '*'
2025-04-26 08:51:16.667 [info] Eager extensions activated
2025-04-26 08:51:16.669 [info] ExtensionService#_doActivateExtension vscode.debug-auto-launch, startup: false, activationEvent: 'onStartupFinished'
2025-04-26 08:51:16.672 [info] ExtensionService#_doActivateExtension vscode.merge-conflict, startup: false, activationEvent: 'onStartupFinished'
2025-04-26 08:51:18.372 [info] ExtensionService#_doActivateExtension vscode.git, startup: false, activationEvent: 'api', root cause: vscode.github
2025-04-26 08:51:18.728 [info] ExtensionService#_doActivateExtension vscode.emmet, startup: false, activationEvent: 'onLanguage'
2025-04-26 08:51:18.878 [info] ExtensionService#_doActivateExtension vscode.github-authentication, startup: false, activationEvent: 'onAuthenticationRequest:github'
2025-04-26 08:51:37.056 [info] ExtensionService#_doActivateExtension vscode.extension-editing, startup: false, activationEvent: 'onLanguage:markdown'
2025-04-26 08:51:37.071 [info] ExtensionService#_doActivateExtension vscode.markdown-language-features, startup: false, activationEvent: 'onLanguage:markdown'
2025-04-26 08:51:37.775 [info] ExtensionService#_doActivateExtension vscode.markdown-math, startup: false, activationEvent: 'api', root cause: vscode.markdown-language-features
